2020-05-30 23:28:51.807711: W tensorflow/stream_executor/platform/default/dso_loader.cc:55] Could not load dynamic library 'libnvinfer.so.6'; dlerror: libnvinfer.so.6: cannot open shared object file: No such file or directory
2020-05-30 23:28:51.807778: W tensorflow/stream_executor/platform/default/dso_loader.cc:55] Could not load dynamic library 'libnvinfer_plugin.so.6'; dlerror: libnvinfer_plugin.so.6: cannot open shared object file: No such file or directory
2020-05-30 23:28:51.807785: W tensorflow/compiler/tf2tensorrt/utils/py_utils.cc:30] Cannot dlopen some TensorRT libraries. If you would like to use Nvidia GPU with TensorRT, please make sure the missing libraries mentioned above are installed properly.
Number of candidates: 1726
Loaded model 23.263696432113647
Number of references: 1
Done preprocessing references 0.962160587310791
Time taken for candidate 5978 is 0.22350811958312988
Time taken for candidate 5979 is 0.8896059989929199
Time taken for candidate 5980 is 0.5240218639373779
Time taken for candidate 5981 is 0.3025984764099121
Time taken for candidate 5982 is 0.3748500347137451
Time taken for candidate 5983 is 0.29024362564086914
Time taken for candidate 5984 is 0.2705414295196533
Time taken for candidate 5985 is 0.5512666702270508
Time taken for candidate 5986 is 0.4440746307373047
Time taken for candidate 5987 is 0.6176581382751465
Time taken for candidate 5988 is 0.5990622043609619
Time taken for candidate 5989 is 0.4302976131439209
Time taken for candidate 5990 is 0.5337841510772705
Time taken for candidate 5991 is 0.3531532287597656
Time taken for candidate 5992 is 0.19086718559265137
Time taken for candidate 5993 is 0.5063498020172119
Time taken for candidate 5994 is 0.4264817237854004
Time taken for candidate 5995 is 0.603358268737793
Time taken for candidate 5996 is 0.37515830993652344
Time taken for candidate 5997 is 0.48580121994018555
Time taken for candidate 5998 is 0.17278385162353516
Time taken for candidate 5999 is 0.10131692886352539
Time taken for candidate 6000 is 0.5236268043518066
Time taken for candidate 6001 is 0.22534751892089844
Time taken for candidate 6002 is 0.441234827041626
Time taken for candidate 6003 is 0.6892104148864746
Time taken for candidate 6004 is 0.1081228256225586
Time taken for candidate 6005 is 0.8570621013641357
Time taken for candidate 6006 is 0.4165663719177246
Time taken for candidate 6007 is 0.5635137557983398
Time taken for candidate 6008 is 0.6658790111541748
Time taken for candidate 6010 is 0.36947011947631836
Time taken for candidate 6011 is 0.09638524055480957
Time taken for candidate 6012 is 0.36899733543395996
Time taken for candidate 6013 is 0.16912174224853516
Time taken for candidate 6014 is 0.5565845966339111
Time taken for candidate 6015 is 0.5131890773773193
Time taken for candidate 6016 is 0.7959790229797363
Time taken for candidate 6017 is 0.40035390853881836
Time taken for candidate 6018 is 0.3013339042663574
Time taken for candidate 6019 is 0.28873372077941895
Time taken for candidate 6020 is 0.47196412086486816
Time taken for candidate 6021 is 0.39852190017700195
Time taken for candidate 6022 is 0.487123966217041
Time taken for candidate 6023 is 0.5274553298950195
Time taken for candidate 6024 is 0.2880842685699463
Time taken for candidate 6025 is 0.17238688468933105
Time taken for candidate 6026 is 0.8551714420318604
Time taken for candidate 6027 is 0.7335915565490723
Time taken for candidate 6028 is 0.43857693672180176
Time taken for candidate 6029 is 0.49396729469299316
Time taken for candidate 6030 is 0.8060202598571777
Time taken for candidate 6031 is 0.6411430835723877
Time taken for candidate 6032 is 0.40531373023986816
Time taken for candidate 6033 is 0.6928582191467285
Time taken for candidate 6034 is 0.5491669178009033
Time taken for candidate 6035 is 0.38043689727783203
Time taken for candidate 6036 is 0.5774307250976562
Time taken for candidate 6037 is 0.3605952262878418
Time taken for candidate 6038 is 0.4928293228149414
Time taken for candidate 6039 is 0.5538408756256104
Time taken for candidate 6040 is 0.31682324409484863
Time taken for candidate 6041 is 0.22410058975219727
Time taken for candidate 6042 is 0.4467432498931885
Time taken for candidate 6043 is 0.34807538986206055
Time taken for candidate 6044 is 0.14326715469360352
Time taken for candidate 6045 is 0.4318225383758545
Time taken for candidate 6046 is 0.4453620910644531
Time taken for candidate 6047 is 0.4101696014404297
Time taken for candidate 6048 is 0.796989917755127
Time taken for candidate 6049 is 0.22752666473388672
Time taken for candidate 6050 is 1.3339941501617432
Time taken for candidate 6051 is 0.754194974899292
Time taken for candidate 6052 is 0.3058133125305176
Time taken for candidate 6053 is 0.2320234775543213
Time taken for candidate 6054 is 0.24526190757751465
Time taken for candidate 6055 is 0.5637650489807129
Time taken for candidate 6056 is 0.4977092742919922
Time taken for candidate 6057 is 0.5497570037841797
Time taken for candidate 6058 is 0.5785388946533203
Time taken for candidate 6059 is 0.1933450698852539
Time taken for candidate 6060 is 0.175872802734375
Time taken for candidate 6061 is 0.7117507457733154
Time taken for candidate 6062 is 0.3725450038909912
Time taken for candidate 6063 is 0.4835062026977539
Time taken for candidate 6064 is 0.3061957359313965
Time taken for candidate 6065 is 0.5070974826812744
Time taken for candidate 6066 is 0.29224562644958496
Time taken for candidate 6067 is 0.3420283794403076
Time taken for candidate 6068 is 0.3506624698638916
Time taken for candidate 6069 is 0.5234167575836182
Time taken for candidate 6070 is 0.3104557991027832
Time taken for candidate 6071 is 0.4878361225128174
Time taken for candidate 6072 is 0.4796295166015625
Time taken for candidate 6073 is 0.7804481983184814
Time taken for candidate 6074 is 0.40552210807800293
Time taken for candidate 6075 is 0.832829475402832
Time taken for candidate 6076 is 0.940361738204956
Time taken for candidate 6077 is 0.3600614070892334
Time taken for candidate 6078 is 0.345703125
Time taken for candidate 6079 is 0.4580495357513428
Time taken for candidate 6080 is 0.5117080211639404
Time taken for candidate 6081 is 0.2702677249908447
Time taken for candidate 6082 is 0.2878544330596924
Time taken for candidate 6083 is 0.14891648292541504
Time taken for candidate 6084 is 0.39922285079956055
Time taken for candidate 6085 is 0.6422336101531982
Time taken for candidate 6086 is 0.2513759136199951
Time taken for candidate 6087 is 0.4047818183898926
Time taken for candidate 6088 is 0.9555423259735107
Time taken for candidate 6089 is 0.5480823516845703
Time taken for candidate 6090 is 0.3199584484100342
Time taken for candidate 6091 is 0.5431625843048096
Time taken for candidate 6092 is 0.21619057655334473
Time taken for candidate 6093 is 0.2063448429107666
Time taken for candidate 6094 is 0.6115896701812744
Time taken for candidate 6095 is 0.8310105800628662
Time taken for candidate 6096 is 0.5117061138153076
Time taken for candidate 6097 is 0.10977768898010254
Time taken for candidate 6098 is 0.5313975811004639
Time taken for candidate 6099 is 0.20009374618530273
Time taken for candidate 6100 is 0.5721628665924072
Time taken for candidate 6101 is 0.5543732643127441
Time taken for candidate 6102 is 0.5257298946380615
Time taken for candidate 6103 is 0.6548807621002197
Time taken for candidate 6104 is 0.1542661190032959
Time taken for candidate 6105 is 1.1431376934051514
Time taken for candidate 6106 is 0.47937846183776855
Time taken for candidate 6107 is 0.5919239521026611
Time taken for candidate 6108 is 0.29146575927734375
Time taken for candidate 6109 is 0.34031081199645996
Time taken for candidate 6110 is 0.5463051795959473
Time taken for candidate 6111 is 0.42250585556030273
Time taken for candidate 6112 is 0.33550548553466797
Time taken for candidate 6113 is 0.579704999923706
Time taken for candidate 6114 is 0.20261693000793457
Time taken for candidate 6115 is 0.2147204875946045
Time taken for candidate 6116 is 0.5873110294342041
Time taken for candidate 6117 is 0.7133998870849609
Time taken for candidate 6118 is 0.4278881549835205
Time taken for candidate 6119 is 0.30938053131103516
Time taken for candidate 6120 is 0.5995690822601318
Time taken for candidate 6121 is 0.5710732936859131
Time taken for candidate 6122 is 0.3958597183227539
Time taken for candidate 6123 is 0.7586090564727783
Time taken for candidate 6124 is 0.5870757102966309
Time taken for candidate 6125 is 0.2856404781341553
Time taken for candidate 6126 is 0.3627605438232422
Time taken for candidate 6127 is 0.7545685768127441
Time taken for candidate 6128 is 0.4427976608276367
Time taken for candidate 6129 is 0.4633808135986328
Time taken for candidate 6130 is 0.33344316482543945
Time taken for candidate 6131 is 0.2943291664123535
Time taken for candidate 6132 is 0.6101319789886475
Time taken for candidate 6133 is 0.2220439910888672
Time taken for candidate 6134 is 0.7382583618164062
Time taken for candidate 6135 is 0.38060951232910156
Time taken for candidate 6136 is 0.34252500534057617
Time taken for candidate 6137 is 0.3963632583618164
Time taken for candidate 6138 is 0.46254420280456543
Time taken for candidate 6139 is 0.5013210773468018
Time taken for candidate 6140 is 0.5602569580078125
Time taken for candidate 6141 is 0.4201622009277344
Time taken for candidate 6142 is 0.47574377059936523
Time taken for candidate 6143 is 0.6486845016479492
Time taken for candidate 6144 is 0.6016280651092529
Time taken for candidate 6145 is 0.6040804386138916
Time taken for candidate 6146 is 0.671558141708374
Time taken for candidate 6147 is 0.31951141357421875
Time taken for candidate 6148 is 0.39943361282348633
Time taken for candidate 6149 is 0.5066969394683838
Time taken for candidate 6150 is 0.4427311420440674
Time taken for candidate 6151 is 0.45844268798828125
Time taken for candidate 6152 is 0.45247769355773926
Time taken for candidate 6153 is 0.40853190422058105
Time taken for candidate 6154 is 0.08220267295837402
Time taken for candidate 6155 is 0.4296576976776123
Time taken for candidate 6156 is 0.4143698215484619
Time taken for candidate 6157 is 0.7873361110687256
Time taken for candidate 6158 is 0.822406530380249
Time taken for candidate 6159 is 0.5135884284973145
Time taken for candidate 6160 is 0.4477989673614502
Time taken for candidate 6161 is 0.43479084968566895
Time taken for candidate 6162 is 0.9954030513763428
Time taken for candidate 6163 is 0.33489537239074707
Time taken for candidate 6164 is 0.43828582763671875
Time taken for candidate 6165 is 0.5619077682495117
Time taken for candidate 6166 is 0.14702081680297852
Time taken for candidate 6167 is 0.12808489799499512
Time taken for candidate 6168 is 0.3884401321411133
Time taken for candidate 6169 is 0.7551045417785645
Time taken for candidate 6170 is 0.6814529895782471
Time taken for candidate 6171 is 0.6116673946380615
Time taken for candidate 6172 is 0.461742639541626
Time taken for candidate 6173 is 0.2736678123474121
Time taken for candidate 6174 is 0.35685157775878906
Time taken for candidate 6175 is 0.26065802574157715
Time taken for candidate 6176 is 0.4281148910522461
Time taken for candidate 6177 is 0.5659689903259277
Time taken for candidate 6178 is 0.42363643646240234
Time taken for candidate 6179 is 0.14418840408325195
Time taken for candidate 6180 is 1.1238064765930176
Time taken for candidate 6181 is 0.4765350818634033
Time taken for candidate 6182 is 0.6932961940765381
Time taken for candidate 6183 is 0.640693187713623
Time taken for candidate 6184 is 0.35423755645751953
Time taken for candidate 6185 is 0.4804844856262207
Time taken for candidate 6186 is 0.34606122970581055
Time taken for candidate 6187 is 0.2144763469696045
Time taken for candidate 6188 is 0.13998842239379883
Time taken for candidate 6189 is 0.3466191291809082
Time taken for candidate 6190 is 0.9652931690216064
Time taken for candidate 6191 is 0.47400689125061035
Time taken for candidate 6192 is 0.5729687213897705
Time taken for candidate 6193 is 0.5247852802276611
Time taken for candidate 6194 is 0.9660372734069824
Time taken for candidate 6195 is 0.6288564205169678
Time taken for candidate 6196 is 0.2847940921783447
Time taken for candidate 6197 is 0.6365461349487305
Time taken for candidate 6198 is 0.7134153842926025
Time taken for candidate 6199 is 0.3882324695587158
Time taken for candidate 6200 is 0.8844048976898193
Time taken for candidate 6201 is 0.21224594116210938
Time taken for candidate 6202 is 0.15327882766723633
Time taken for candidate 6203 is 1.005225419998169
Time taken for candidate 6204 is 0.7349023818969727
Time taken for candidate 6205 is 0.1673574447631836
Time taken for candidate 6206 is 0.3510143756866455
Time taken for candidate 6207 is 0.14306235313415527
Time taken for candidate 6208 is 0.603783130645752
Time taken for candidate 6209 is 0.4265446662902832
Time taken for candidate 6210 is 0.43044376373291016
Time taken for candidate 6211 is 0.2974865436553955
Time taken for candidate 6212 is 0.45905590057373047
Time taken for candidate 6213 is 0.23370957374572754
Time taken for candidate 6214 is 0.3089463710784912
Time taken for candidate 6215 is 0.28152012825012207
Time taken for candidate 6216 is 0.5397043228149414
Time taken for candidate 6217 is 0.21615099906921387
Time taken for candidate 6218 is 0.5074279308319092
Time taken for candidate 6219 is 0.5197031497955322
Time taken for candidate 6220 is 0.8796567916870117
Time taken for candidate 6221 is 0.4110546112060547
Time taken for candidate 6222 is 0.4270918369293213
Time taken for candidate 6223 is 0.7237064838409424
Time taken for candidate 6224 is 0.1749589443206787
Time taken for candidate 6225 is 0.655320405960083
Time taken for candidate 6226 is 0.4307880401611328
Time taken for candidate 6227 is 0.24213647842407227
Time taken for candidate 6228 is 0.7593874931335449
Time taken for candidate 6229 is 0.10308313369750977
Time taken for candidate 6230 is 0.15410900115966797
Time taken for candidate 6231 is 0.4168384075164795
Time taken for candidate 6232 is 0.37357544898986816
Time taken for candidate 6233 is 0.0823678970336914
Time taken for candidate 6234 is 0.2611844539642334
Time taken for candidate 6235 is 0.150909423828125
Time taken for candidate 6236 is 0.5545387268066406
Time taken for candidate 6237 is 0.6311178207397461
Time taken for candidate 6238 is 0.2598578929901123
Time taken for candidate 6239 is 0.5617749691009521
Time taken for candidate 6240 is 0.6261255741119385
Time taken for candidate 6241 is 0.217179536819458
Time taken for candidate 6242 is 0.08162856101989746
Time taken for candidate 6243 is 0.627716064453125
Time taken for candidate 6244 is 0.4719364643096924
Time taken for candidate 6245 is 0.7928454875946045
Time taken for candidate 6246 is 0.5789010524749756
Time taken for candidate 6247 is 0.508528470993042
Time taken for candidate 6248 is 0.24226737022399902
Time taken for candidate 6249 is 0.9144148826599121
Time taken for candidate 6250 is 1.0761504173278809
Time taken for candidate 6251 is 0.19752097129821777
Time taken for candidate 6252 is 0.2851264476776123
Time taken for candidate 6253 is 0.5462572574615479
Time taken for candidate 6254 is 0.7306704521179199
Time taken for candidate 6255 is 0.1685795783996582
Time taken for candidate 6256 is 0.27289414405822754
Time taken for candidate 6257 is 0.14347457885742188
Time taken for candidate 6258 is 0.15126872062683105
Time taken for candidate 6259 is 0.39861059188842773
Time taken for candidate 6260 is 0.42774510383605957
Time taken for candidate 6261 is 0.32947731018066406
Time taken for candidate 6262 is 0.7642662525177002
Time taken for candidate 6263 is 0.7084400653839111
Time taken for candidate 6264 is 1.2411084175109863
Time taken for candidate 6265 is 0.43137478828430176
Time taken for candidate 6266 is 0.2663125991821289
Time taken for candidate 6267 is 0.9173240661621094
Time taken for candidate 6268 is 0.5965433120727539
Time taken for candidate 6269 is 0.20192742347717285
Time taken for candidate 6270 is 0.7538208961486816
Time taken for candidate 6271 is 0.3928093910217285
Time taken for candidate 6272 is 0.6120786666870117
Time taken for candidate 6273 is 0.393643856048584
Time taken for candidate 6274 is 0.46032142639160156
Time taken for candidate 6275 is 0.09982466697692871
Time taken for candidate 6276 is 0.6539328098297119
Time taken for candidate 6277 is 0.14713263511657715
Time taken for candidate 6278 is 0.29018354415893555
Time taken for candidate 6279 is 0.5558674335479736
Time taken for candidate 6280 is 0.3582897186279297
Time taken for candidate 6281 is 0.8163213729858398
Time taken for candidate 6282 is 0.9066686630249023
Time taken for candidate 6283 is 0.12825250625610352
Time taken for candidate 6284 is 0.6862316131591797
Time taken for candidate 6285 is 0.4641764163970947
Time taken for candidate 6286 is 0.6392440795898438
Time taken for candidate 6287 is 0.718325138092041
Time taken for candidate 6288 is 0.332277774810791
Time taken for candidate 6289 is 0.30740952491760254
Time taken for candidate 6290 is 0.2363584041595459
Time taken for candidate 6291 is 0.4321167469024658
Time taken for candidate 6292 is 0.7461917400360107
Time taken for candidate 6293 is 0.5304727554321289
Time taken for candidate 6294 is 0.7567353248596191
Time taken for candidate 6295 is 0.3310737609863281
Time taken for candidate 6296 is 0.21901202201843262
Time taken for candidate 6297 is 0.4125020503997803
Time taken for candidate 6298 is 0.28226304054260254
Time taken for candidate 6299 is 0.5494668483734131
Time taken for candidate 6300 is 0.5566887855529785
Time taken for candidate 6301 is 0.9193801879882812
Time taken for candidate 6302 is 0.3490316867828369
Time taken for candidate 6303 is 0.22583889961242676
Time taken for candidate 6304 is 0.3424057960510254
Time taken for candidate 6305 is 0.4125964641571045
Time taken for candidate 6306 is 0.18722939491271973
Time taken for candidate 6307 is 0.5227618217468262
Time taken for candidate 6308 is 0.7065343856811523
Time taken for candidate 6309 is 0.3350059986114502
Time taken for candidate 6310 is 0.4808170795440674
Time taken for candidate 6311 is 0.36620092391967773
Time taken for candidate 6312 is 0.5614125728607178
Time taken for candidate 6313 is 0.6630744934082031
Time taken for candidate 6314 is 0.2165672779083252
Time taken for candidate 6315 is 0.290863037109375
Time taken for candidate 6316 is 0.41588616371154785
Time taken for candidate 6317 is 0.8601932525634766
Time taken for candidate 6318 is 0.2872793674468994
Time taken for candidate 6319 is 0.6065890789031982
Time taken for candidate 6320 is 0.27172040939331055
Time taken for candidate 6321 is 0.3430173397064209
Time taken for candidate 6322 is 0.4241161346435547
Time taken for candidate 6323 is 0.3052558898925781
Time taken for candidate 6324 is 0.1970224380493164
Time taken for candidate 6325 is 0.31818199157714844
Time taken for candidate 6326 is 0.10763669013977051
Time taken for candidate 6327 is 0.5471608638763428
Time taken for candidate 6328 is 0.49242568016052246
Time taken for candidate 6329 is 0.38371944427490234
Time taken for candidate 6330 is 0.7015368938446045
Time taken for candidate 6331 is 0.5575282573699951
Time taken for candidate 6332 is 0.1452019214630127
Time taken for candidate 6333 is 0.562589168548584
Time taken for candidate 6334 is 0.44570016860961914
Time taken for candidate 6335 is 0.3070807456970215
Time taken for candidate 6336 is 0.679692268371582
Time taken for candidate 6337 is 0.3895285129547119
Time taken for candidate 6338 is 0.7438459396362305
Time taken for candidate 6339 is 0.35907959938049316
Time taken for candidate 6340 is 0.662355899810791
Time taken for candidate 6341 is 0.5255210399627686
Time taken for candidate 6342 is 0.2736237049102783
Time taken for candidate 6343 is 0.6412961483001709
Time taken for candidate 6344 is 0.4030883312225342
Time taken for candidate 6345 is 0.38212037086486816
Time taken for candidate 6346 is 0.41742944717407227
Time taken for candidate 6347 is 0.3204469680786133
Time taken for candidate 6348 is 0.30201244354248047
Time taken for candidate 6349 is 0.5813860893249512
Time taken for candidate 6350 is 0.6760609149932861
Time taken for candidate 6351 is 0.40149521827697754
Time taken for candidate 6352 is 0.6148362159729004
Time taken for candidate 6353 is 0.7062454223632812
Time taken for candidate 6354 is 0.23816752433776855
Time taken for candidate 6355 is 0.37133336067199707
Time taken for candidate 6356 is 0.2960371971130371
Time taken for candidate 6357 is 0.14630866050720215
Time taken for candidate 6358 is 0.28063130378723145
Time taken for candidate 6359 is 0.14830660820007324
Time taken for candidate 6360 is 0.4410676956176758
Time taken for candidate 6361 is 0.4884467124938965
Time taken for candidate 6362 is 0.3826870918273926
Time taken for candidate 6363 is 0.805084228515625
Time taken for candidate 6364 is 0.49643993377685547
Time taken for candidate 6365 is 0.29260683059692383
Time taken for candidate 6366 is 1.2491652965545654
Time taken for candidate 6367 is 0.31743383407592773
Time taken for candidate 6368 is 0.2949025630950928
Time taken for candidate 6369 is 0.33715367317199707
Time taken for candidate 6370 is 0.1495838165283203
Time taken for candidate 6371 is 0.8081848621368408
Time taken for candidate 6372 is 0.22974729537963867
Time taken for candidate 6373 is 0.3405323028564453
Time taken for candidate 6374 is 0.4855945110321045
Time taken for candidate 6375 is 0.3027377128601074
Time taken for candidate 6376 is 0.4969594478607178
Time taken for candidate 6377 is 0.7916271686553955
Time taken for candidate 6378 is 0.6913869380950928
Time taken for candidate 6379 is 0.5448987483978271
Time taken for candidate 6380 is 0.30286598205566406
Time taken for candidate 6381 is 0.8115885257720947
Time taken for candidate 6382 is 0.2667114734649658
Time taken for candidate 6383 is 0.4254910945892334
Time taken for candidate 6384 is 0.7219808101654053
Time taken for candidate 6385 is 0.5398340225219727
Time taken for candidate 6386 is 0.8244831562042236
Time taken for candidate 6387 is 0.577646017074585
Time taken for candidate 6388 is 0.6259312629699707
Time taken for candidate 6389 is 0.5092456340789795
Time taken for candidate 6390 is 0.4715001583099365
Time taken for candidate 6391 is 0.23339629173278809
Time taken for candidate 6392 is 0.649893045425415
Time taken for candidate 6393 is 0.28600645065307617
Time taken for candidate 6394 is 0.07897472381591797
Time taken for candidate 6395 is 0.3237497806549072
Time taken for candidate 6396 is 0.729945182800293
Time taken for candidate 6397 is 0.45258283615112305
Time taken for candidate 6398 is 0.49102139472961426
Time taken for candidate 6399 is 0.2832517623901367
Time taken for candidate 6400 is 0.3222942352294922
Time taken for candidate 6401 is 0.2860238552093506
Time taken for candidate 6402 is 0.4545116424560547
Time taken for candidate 6403 is 0.0883028507232666
Time taken for candidate 6404 is 0.38494110107421875
Time taken for candidate 6405 is 0.4290938377380371
Time taken for candidate 6406 is 0.6861565113067627
Time taken for candidate 6407 is 0.30512213706970215
Time taken for candidate 6408 is 0.9686524868011475
Time taken for candidate 6409 is 0.3568708896636963
Time taken for candidate 6410 is 0.7717916965484619
Time taken for candidate 6411 is 0.19886016845703125
Time taken for candidate 6412 is 0.5002923011779785
Time taken for candidate 6413 is 0.28803277015686035
Time taken for candidate 6414 is 0.4656200408935547
Time taken for candidate 6415 is 0.3907811641693115
Time taken for candidate 6416 is 0.20653629302978516
Time taken for candidate 6417 is 0.7269492149353027
Time taken for candidate 6418 is 0.6217255592346191
Time taken for candidate 6419 is 0.6949958801269531
Time taken for candidate 6420 is 0.27965688705444336
Time taken for candidate 6421 is 0.13703560829162598
Time taken for candidate 6422 is 0.08176660537719727
Time taken for candidate 6423 is 0.39542722702026367
Time taken for candidate 6424 is 0.5806891918182373
Time taken for candidate 6425 is 0.2932603359222412
Time taken for candidate 6426 is 0.4858102798461914
Time taken for candidate 6427 is 0.3588690757751465
Time taken for candidate 6428 is 0.19779133796691895
Time taken for candidate 6429 is 0.4733102321624756
Time taken for candidate 6430 is 0.29714012145996094
Time taken for candidate 6431 is 0.394533634185791
Time taken for candidate 6432 is 1.1608474254608154
Time taken for candidate 6433 is 0.557736873626709
Time taken for candidate 6434 is 0.3863492012023926
Time taken for candidate 6435 is 0.18520426750183105
Time taken for candidate 6436 is 0.3583240509033203
Time taken for candidate 6437 is 0.2298293113708496
Time taken for candidate 6438 is 0.2599647045135498
Time taken for candidate 6439 is 0.36304664611816406
Time taken for candidate 6440 is 0.34561848640441895
Time taken for candidate 6441 is 0.5792267322540283
Time taken for candidate 6442 is 0.27884960174560547
Time taken for candidate 6443 is 0.4733712673187256
Time taken for candidate 6444 is 0.6205346584320068
Time taken for candidate 6445 is 0.5380609035491943
Time taken for candidate 6446 is 0.6130590438842773
Time taken for candidate 6447 is 0.5202085971832275
Time taken for candidate 6448 is 0.427966833114624
Time taken for candidate 6449 is 0.07889175415039062
Time taken for candidate 6450 is 0.38088178634643555
Time taken for candidate 6451 is 0.2231006622314453
Time taken for candidate 6452 is 0.2819509506225586
Time taken for candidate 6453 is 0.3284180164337158
Time taken for candidate 6454 is 0.1499173641204834
Time taken for candidate 6455 is 0.7262201309204102
Time taken for candidate 6456 is 0.2092890739440918
Time taken for candidate 6457 is 0.4612748622894287
Time taken for candidate 6458 is 0.40141797065734863
Time taken for candidate 6459 is 0.2905707359313965
Time taken for candidate 6460 is 0.8664157390594482
Time taken for candidate 6461 is 0.34241676330566406
Time taken for candidate 6462 is 0.2910888195037842
Time taken for candidate 6463 is 0.5548241138458252
Time taken for candidate 6464 is 0.34288477897644043
Time taken for candidate 6465 is 0.3468766212463379
Time taken for candidate 6466 is 0.45790767669677734
Time taken for candidate 6467 is 0.3240339756011963
Time taken for candidate 6468 is 0.338451623916626
Time taken for candidate 6469 is 0.25824403762817383
Time taken for candidate 6470 is 0.37734556198120117
Time taken for candidate 6471 is 0.300351619720459
Time taken for candidate 6472 is 0.6982660293579102
Time taken for candidate 6473 is 0.23543858528137207
Time taken for candidate 6474 is 0.8621056079864502
Time taken for candidate 6475 is 0.3285191059112549
Time taken for candidate 6476 is 0.8715994358062744
Time taken for candidate 6477 is 0.3179779052734375
Time taken for candidate 6478 is 0.7881758213043213
Time taken for candidate 6479 is 0.10299301147460938
Time taken for candidate 6480 is 0.6839735507965088
Time taken for candidate 6481 is 0.20475316047668457
Time taken for candidate 6482 is 0.10821175575256348
Time taken for candidate 6483 is 0.9671380519866943
Time taken for candidate 6484 is 0.6698105335235596
Time taken for candidate 6485 is 0.9067203998565674
Time taken for candidate 6486 is 0.30591249465942383
Time taken for candidate 6487 is 0.512336015701294
Time taken for candidate 6488 is 0.25533270835876465
Time taken for candidate 6489 is 0.3397972583770752
Time taken for candidate 6490 is 0.2158067226409912
Time taken for candidate 6491 is 0.6022646427154541
Time taken for candidate 6492 is 0.41622138023376465
Time taken for candidate 6493 is 0.43926262855529785
Time taken for candidate 6494 is 0.2005312442779541
Time taken for candidate 6495 is 0.3753831386566162
Time taken for candidate 6496 is 0.3276865482330322
Time taken for candidate 6497 is 0.35620617866516113
Time taken for candidate 6498 is 0.3628056049346924
Time taken for candidate 6499 is 0.2283034324645996
Time taken for candidate 6500 is 0.30153560638427734
Time taken for candidate 6501 is 0.2823622226715088
Time taken for candidate 6502 is 0.5859134197235107
Time taken for candidate 6503 is 0.24406027793884277
Time taken for candidate 6504 is 0.4891951084136963
Time taken for candidate 6505 is 0.6205859184265137
Time taken for candidate 6506 is 0.2715725898742676
Time taken for candidate 6507 is 0.6351454257965088
Time taken for candidate 6508 is 0.39170193672180176
Time taken for candidate 6509 is 0.24776458740234375
Time taken for candidate 6510 is 0.29903602600097656
Time taken for candidate 6511 is 0.5497171878814697
Time taken for candidate 6512 is 1.0084521770477295
Time taken for candidate 6513 is 0.295565128326416
Time taken for candidate 6514 is 0.338728666305542
Time taken for candidate 6515 is 0.4645731449127197
Time taken for candidate 6516 is 0.7309942245483398
Time taken for candidate 6517 is 0.33713197708129883
Time taken for candidate 6518 is 0.27979421615600586
Time taken for candidate 6519 is 0.7905247211456299
Time taken for candidate 6520 is 0.567939043045044
Time taken for candidate 6521 is 0.35976576805114746
Time taken for candidate 6522 is 0.3271470069885254
Time taken for candidate 6523 is 0.4758296012878418
Time taken for candidate 6524 is 0.35938000679016113
Time taken for candidate 6525 is 0.3472175598144531
Time taken for candidate 6526 is 0.2756617069244385
Time taken for candidate 6527 is 0.4215531349182129
Time taken for candidate 6528 is 0.28580665588378906
Time taken for candidate 6529 is 0.5852742195129395
Time taken for candidate 6530 is 1.4360113143920898
Time taken for candidate 6531 is 0.13895201683044434
Time taken for candidate 6532 is 0.7279152870178223
Time taken for candidate 6533 is 0.3083670139312744
Time taken for candidate 6534 is 0.24698829650878906
Time taken for candidate 6535 is 0.7833333015441895
Time taken for candidate 6536 is 0.8578188419342041
Time taken for candidate 6537 is 0.2756986618041992
Time taken for candidate 6538 is 0.290668249130249
Time taken for candidate 6539 is 0.10145092010498047
Time taken for candidate 6540 is 0.27607178688049316
Time taken for candidate 6541 is 0.4616880416870117
Time taken for candidate 6542 is 0.5350303649902344
Time taken for candidate 6543 is 0.5967991352081299
Time taken for candidate 6544 is 0.5727198123931885
Time taken for candidate 6545 is 0.21399164199829102
Time taken for candidate 6546 is 0.2182302474975586
Time taken for candidate 6547 is 0.2173142433166504
Time taken for candidate 6548 is 0.22048568725585938
Time taken for candidate 6549 is 0.9373476505279541
Time taken for candidate 6550 is 0.1522047519683838
Time taken for candidate 6551 is 0.41617512702941895
Time taken for candidate 6552 is 0.22282910346984863
Time taken for candidate 6553 is 0.5943160057067871
Time taken for candidate 6554 is 0.5495853424072266
Time taken for candidate 6555 is 0.33412766456604004
Time taken for candidate 6556 is 0.29462456703186035
Time taken for candidate 6557 is 0.4300370216369629
Time taken for candidate 6558 is 0.2268354892730713
Time taken for candidate 6559 is 0.2855947017669678
Time taken for candidate 6560 is 0.3061704635620117
Time taken for candidate 6561 is 0.5933437347412109
Time taken for candidate 6562 is 0.3295481204986572
Time taken for candidate 6563 is 0.7943158149719238
Time taken for candidate 6564 is 0.7719912528991699
Time taken for candidate 6565 is 0.5303926467895508
Time taken for candidate 6566 is 0.7413914203643799
Time taken for candidate 6567 is 0.4078693389892578
Time taken for candidate 6568 is 0.22129559516906738
Time taken for candidate 6569 is 0.306225061416626
Time taken for candidate 6570 is 0.5413203239440918
Time taken for candidate 6571 is 0.7220282554626465
Time taken for candidate 6572 is 0.5593254566192627
Time taken for candidate 6573 is 0.23323822021484375
Time taken for candidate 6575 is 0.78135085105896
Time taken for candidate 6576 is 0.4347264766693115
Time taken for candidate 6577 is 0.2951216697692871
Time taken for candidate 6578 is 0.49515676498413086
Time taken for candidate 6579 is 0.44516754150390625
Time taken for candidate 6580 is 0.5035278797149658
Time taken for candidate 6581 is 0.23885226249694824
Time taken for candidate 6582 is 0.49622392654418945
Time taken for candidate 6583 is 0.394045352935791
Time taken for candidate 6584 is 0.5225372314453125
Time taken for candidate 6585 is 0.15287518501281738
Time taken for candidate 6586 is 0.8924994468688965
Time taken for candidate 6587 is 0.37569713592529297
Time taken for candidate 6588 is 0.15276694297790527
Time taken for candidate 6589 is 0.4891507625579834
Time taken for candidate 6590 is 0.34990906715393066
Time taken for candidate 6591 is 0.5013210773468018
Time taken for candidate 6592 is 0.4281628131866455
Time taken for candidate 6593 is 0.28548312187194824
Time taken for candidate 6594 is 0.2917029857635498
Time taken for candidate 6595 is 0.2551302909851074
Time taken for candidate 6596 is 0.4762735366821289
Time taken for candidate 6597 is 0.5313093662261963
Time taken for candidate 6598 is 0.14824843406677246
Time taken for candidate 6599 is 0.5124533176422119
Time taken for candidate 6600 is 0.5144011974334717
Time taken for candidate 6601 is 0.49679136276245117
Time taken for candidate 6602 is 0.24085426330566406
Time taken for candidate 6603 is 0.28612446784973145
Time taken for candidate 6604 is 0.15497088432312012
Time taken for candidate 6605 is 0.20403361320495605
Time taken for candidate 6606 is 0.3498108386993408
Time taken for candidate 6607 is 0.3081209659576416
Time taken for candidate 6608 is 0.3445606231689453
Time taken for candidate 6609 is 0.38208627700805664
Time taken for candidate 6610 is 0.21436786651611328
Time taken for candidate 6611 is 0.33706092834472656
Time taken for candidate 6612 is 0.20878386497497559
Time taken for candidate 6613 is 0.2790062427520752
Time taken for candidate 6614 is 0.10057640075683594
Time taken for candidate 6615 is 0.43435001373291016
Time taken for candidate 6616 is 0.09824657440185547
Time taken for candidate 6617 is 0.4268453121185303
Time taken for candidate 6618 is 0.4030592441558838
Time taken for candidate 6619 is 0.8059513568878174
Time taken for candidate 6620 is 0.22989439964294434
Time taken for candidate 6621 is 0.1855764389038086
Time taken for candidate 6622 is 0.2856330871582031
Time taken for candidate 6623 is 0.6908864974975586
Time taken for candidate 6624 is 0.3755037784576416
Time taken for candidate 6625 is 0.3503537178039551
Time taken for candidate 6626 is 0.26007676124572754
Time taken for candidate 6627 is 0.43639540672302246
Time taken for candidate 6628 is 0.2118823528289795
Time taken for candidate 6629 is 0.34273576736450195
Time taken for candidate 6630 is 0.21259069442749023
Time taken for candidate 6631 is 0.4427924156188965
Time taken for candidate 6632 is 0.4712371826171875
Time taken for candidate 6633 is 0.775242805480957
Time taken for candidate 6634 is 0.34078216552734375
Time taken for candidate 6635 is 0.409548282623291
Time taken for candidate 6636 is 0.5188436508178711
Time taken for candidate 6637 is 0.619671106338501
Time taken for candidate 6638 is 0.3758838176727295
Time taken for candidate 6639 is 0.38140201568603516
Time taken for candidate 6640 is 0.3443610668182373
Time taken for candidate 6641 is 0.28653860092163086
Time taken for candidate 6642 is 0.35804319381713867
Time taken for candidate 6643 is 0.5670030117034912
Time taken for candidate 6644 is 0.3598344326019287
Time taken for candidate 6645 is 0.6484243869781494
Time taken for candidate 6646 is 0.750669002532959
Time taken for candidate 6647 is 0.15869545936584473
Time taken for candidate 6648 is 0.46142101287841797
Time taken for candidate 6649 is 0.1492161750793457
Time taken for candidate 6650 is 0.35946011543273926
Time taken for candidate 6651 is 0.64522385597229
Time taken for candidate 6652 is 0.6655592918395996
Time taken for candidate 6653 is 0.4668877124786377
Time taken for candidate 6654 is 0.6222467422485352
Time taken for candidate 6655 is 0.7177422046661377
Time taken for candidate 6656 is 0.3466169834136963
Time taken for candidate 6657 is 0.5538547039031982
Time taken for candidate 6658 is 0.5336499214172363
Time taken for candidate 6659 is 0.43963170051574707
Time taken for candidate 6660 is 0.6952362060546875
Time taken for candidate 6661 is 0.6117153167724609
Time taken for candidate 6662 is 0.3940906524658203
Time taken for candidate 6663 is 0.4141359329223633
Time taken for candidate 6664 is 0.42644786834716797
Time taken for candidate 6665 is 0.3918147087097168
Time taken for candidate 6666 is 0.45897841453552246
Time taken for candidate 6667 is 0.4064149856567383
Time taken for candidate 6668 is 0.33175063133239746
Time taken for candidate 6669 is 0.4519526958465576
Time taken for candidate 6670 is 0.14738845825195312
Time taken for candidate 6671 is 0.16635560989379883
Time taken for candidate 6672 is 0.8806402683258057
Time taken for candidate 6673 is 0.3218858242034912
Time taken for candidate 6674 is 0.2755613327026367
Time taken for candidate 6675 is 0.4002065658569336
Time taken for candidate 6676 is 0.3437473773956299
Time taken for candidate 6677 is 0.5871732234954834
Time taken for candidate 6678 is 0.6154298782348633
Time taken for candidate 6679 is 0.5850114822387695
Time taken for candidate 6680 is 0.7377076148986816
Time taken for candidate 6681 is 0.5151340961456299
Time taken for candidate 6682 is 0.5831856727600098
Time taken for candidate 6683 is 0.7887485027313232
Time taken for candidate 6684 is 0.30014657974243164
Time taken for candidate 6685 is 0.26466941833496094
Time taken for candidate 6686 is 0.351027250289917
Time taken for candidate 6687 is 0.3787703514099121
Time taken for candidate 6688 is 0.17049479484558105
Time taken for candidate 6689 is 0.21308445930480957
Time taken for candidate 6690 is 0.25637364387512207
Time taken for candidate 6691 is 0.2983856201171875
Time taken for candidate 6692 is 0.5096690654754639
Time taken for candidate 6693 is 0.523057222366333
Time taken for candidate 6694 is 0.5082447528839111
Time taken for candidate 6695 is 0.17980504035949707
Time taken for candidate 6696 is 0.6642868518829346
Time taken for candidate 6697 is 0.367403507232666
Time taken for candidate 6698 is 0.30632591247558594
Time taken for candidate 6699 is 0.44179320335388184
Time taken for candidate 6700 is 0.37839174270629883
Time taken for candidate 6701 is 0.6917438507080078
Time taken for candidate 6702 is 0.08723068237304688
Time taken for candidate 6703 is 0.34565091133117676
Time taken for candidate 6704 is 0.5215387344360352
Time taken for candidate 6705 is 1.0156104564666748
Time taken for candidate 6706 is 0.5415182113647461
Time taken for candidate 6707 is 0.46441173553466797
Time taken for candidate 6708 is 0.20143389701843262
Time taken for candidate 6709 is 0.5159745216369629
Time taken for candidate 6710 is 0.1399075984954834
Time taken for candidate 6711 is 0.47178173065185547
Time taken for candidate 6712 is 0.7333545684814453
Time taken for candidate 6713 is 0.2759127616882324
Time taken for candidate 6714 is 0.354447603225708
Time taken for candidate 6715 is 0.13025283813476562
Time taken for candidate 6716 is 0.8176243305206299
Time taken for candidate 6717 is 0.5895535945892334
Time taken for candidate 6718 is 0.36735105514526367
Time taken for candidate 6719 is 0.21320557594299316
Time taken for candidate 6720 is 0.21349477767944336
Time taken for candidate 6721 is 0.528374433517456
Time taken for candidate 6722 is 0.2282707691192627
Time taken for candidate 6723 is 0.3523540496826172
Time taken for candidate 6724 is 0.32948803901672363
Time taken for candidate 6725 is 0.27801942825317383
Time taken for candidate 6726 is 0.5635008811950684
Time taken for candidate 6727 is 0.48145222663879395
Time taken for candidate 6728 is 0.4429659843444824
Time taken for candidate 6729 is 0.19397616386413574
Time taken for candidate 6730 is 0.39095330238342285
Time taken for candidate 6731 is 0.08602499961853027
Time taken for candidate 6732 is 0.5528085231781006
Time taken for candidate 6733 is 0.8098223209381104
Time taken for candidate 6734 is 0.21012544631958008
Time taken for candidate 6735 is 0.8021798133850098
Time taken for candidate 6736 is 0.3752002716064453
Time taken for candidate 6737 is 0.29395365715026855
Time taken for candidate 6738 is 0.3640463352203369
Time taken for candidate 6739 is 0.6845769882202148
Time taken for candidate 6740 is 0.7407243251800537
Time taken for candidate 6741 is 0.7625617980957031
Time taken for candidate 6742 is 0.42209315299987793
Time taken for candidate 6743 is 0.3467092514038086
Time taken for candidate 6744 is 0.8629319667816162
Time taken for candidate 6745 is 0.37416696548461914
Time taken for candidate 6746 is 0.1502833366394043
Time taken for candidate 6747 is 0.3496873378753662
Time taken for candidate 6748 is 0.6329412460327148
Time taken for candidate 6749 is 0.3742332458496094
Time taken for candidate 6750 is 0.10951781272888184
Time taken for candidate 6751 is 0.6297025680541992
Time taken for candidate 6752 is 0.5636861324310303
Time taken for candidate 6753 is 0.33608460426330566
Time taken for candidate 6754 is 0.17124009132385254
Time taken for candidate 6755 is 0.5398666858673096
Time taken for candidate 6756 is 0.3591346740722656
Time taken for candidate 6757 is 0.6056084632873535
Time taken for candidate 6758 is 0.5195615291595459
Time taken for candidate 6759 is 0.17184209823608398
Time taken for candidate 6760 is 0.7333824634552002
Time taken for candidate 6761 is 0.26634716987609863
Time taken for candidate 6762 is 0.7081944942474365
Time taken for candidate 6763 is 0.5983049869537354
Time taken for candidate 6764 is 0.44374632835388184
Time taken for candidate 6765 is 0.4956490993499756
Time taken for candidate 6766 is 0.19989800453186035
Time taken for candidate 6767 is 0.5066266059875488
Time taken for candidate 6768 is 0.21887660026550293
Time taken for candidate 6769 is 0.3954026699066162
Time taken for candidate 6770 is 0.7078878879547119
Time taken for candidate 6771 is 0.48355698585510254
Time taken for candidate 6772 is 0.5917847156524658
Time taken for candidate 6773 is 0.35982394218444824
Time taken for candidate 6774 is 0.27071142196655273
Time taken for candidate 6775 is 0.4823915958404541
Time taken for candidate 6776 is 0.2831454277038574
Time taken for candidate 6777 is 0.2944002151489258
Time taken for candidate 6778 is 0.360424280166626
Time taken for candidate 6779 is 0.8887186050415039
Time taken for candidate 6780 is 0.7056334018707275
Time taken for candidate 6781 is 0.8125588893890381
Time taken for candidate 6782 is 0.18159151077270508
Time taken for candidate 6783 is 0.48250293731689453
Time taken for candidate 6784 is 0.2248075008392334
Time taken for candidate 6785 is 0.13934803009033203
Time taken for candidate 6786 is 0.6593425273895264
Time taken for candidate 6787 is 0.41846346855163574
Time taken for candidate 6788 is 0.296536922454834
Time taken for candidate 6789 is 0.4698319435119629
Time taken for candidate 6790 is 0.353801965713501
Time taken for candidate 6791 is 0.6550304889678955
Time taken for candidate 6792 is 0.392531156539917
Time taken for candidate 6793 is 0.1555347442626953
Time taken for candidate 6794 is 0.26458191871643066
Time taken for candidate 6795 is 0.2355821132659912
Time taken for candidate 6796 is 0.15247607231140137
Time taken for candidate 6797 is 0.2840449810028076
Time taken for candidate 6798 is 0.6102294921875
Time taken for candidate 6799 is 0.33519816398620605
Time taken for candidate 6800 is 0.6382827758789062
Time taken for candidate 6801 is 0.21335673332214355
Time taken for candidate 6802 is 0.47054052352905273
Time taken for candidate 6803 is 0.3798964023590088
Time taken for candidate 6804 is 0.5238714218139648
Time taken for candidate 6805 is 0.7375049591064453
Time taken for candidate 6806 is 0.4058189392089844
Time taken for candidate 6807 is 0.2576451301574707
Time taken for candidate 6808 is 0.5634241104125977
Time taken for candidate 6809 is 0.6043643951416016
Time taken for candidate 6810 is 0.4967081546783447
Time taken for candidate 6811 is 0.8090271949768066
Time taken for candidate 6812 is 0.20491433143615723
Time taken for candidate 6813 is 0.30998826026916504
Time taken for candidate 6814 is 0.3078339099884033
Time taken for candidate 6815 is 0.685431957244873
Time taken for candidate 6816 is 0.6275761127471924
Time taken for candidate 6817 is 0.29024338722229004
Time taken for candidate 6818 is 0.4919857978820801
Time taken for candidate 6819 is 0.39081764221191406
Time taken for candidate 6820 is 0.29038500785827637
Time taken for candidate 6821 is 0.1519029140472412
Time taken for candidate 6822 is 0.8647072315216064
Time taken for candidate 6823 is 0.28526926040649414
Time taken for candidate 6824 is 0.16962552070617676
Time taken for candidate 6825 is 0.5029032230377197
Time taken for candidate 6826 is 0.40012049674987793
Time taken for candidate 6827 is 0.3934471607208252
Time taken for candidate 6828 is 0.289945125579834
Time taken for candidate 6829 is 0.29917097091674805
Time taken for candidate 6830 is 0.4490478038787842
Time taken for candidate 6831 is 0.7537953853607178
Time taken for candidate 6832 is 0.3675994873046875
Time taken for candidate 6833 is 0.4595034122467041
Time taken for candidate 6834 is 0.2846198081970215
Time taken for candidate 6835 is 0.26819920539855957
Time taken for candidate 6836 is 0.4595198631286621
Time taken for candidate 6837 is 0.4823296070098877
Time taken for candidate 6838 is 0.7556784152984619
Time taken for candidate 6839 is 0.27510905265808105
Time taken for candidate 6840 is 0.5271728038787842
Time taken for candidate 6841 is 0.172133207321167
Time taken for candidate 6842 is 0.4032862186431885
Time taken for candidate 6843 is 0.47684359550476074
Time taken for candidate 6844 is 0.4303586483001709
Time taken for candidate 6845 is 0.6910743713378906
Time taken for candidate 6846 is 0.41427159309387207
Time taken for candidate 6847 is 0.4347865581512451
Time taken for candidate 6848 is 0.38276171684265137
Time taken for candidate 6849 is 0.7421338558197021
Time taken for candidate 6850 is 0.4160635471343994
Time taken for candidate 6851 is 0.56477952003479
Time taken for candidate 6852 is 0.6870918273925781
Time taken for candidate 6853 is 0.7561044692993164
Time taken for candidate 6854 is 0.66929030418396
Time taken for candidate 6855 is 0.3010878562927246
Time taken for candidate 6856 is 0.39978718757629395
Time taken for candidate 6857 is 0.48070716857910156
Time taken for candidate 6858 is 0.4004957675933838
Time taken for candidate 6859 is 0.2714827060699463
Time taken for candidate 6860 is 0.6622714996337891
Time taken for candidate 6861 is 0.34203600883483887
Time taken for candidate 6862 is 0.1755533218383789
Time taken for candidate 6863 is 0.9248495101928711
Time taken for candidate 6864 is 0.08335638046264648
Time taken for candidate 6865 is 0.2815103530883789
Time taken for candidate 6866 is 0.43378353118896484
Time taken for candidate 6867 is 0.36112546920776367
Time taken for candidate 6868 is 0.6271073818206787
Time taken for candidate 6869 is 0.5348773002624512
Time taken for candidate 6870 is 0.5409293174743652
Time taken for candidate 6871 is 0.5957157611846924
Time taken for candidate 6872 is 0.7279646396636963
Time taken for candidate 6873 is 0.5200510025024414
Time taken for candidate 6874 is 0.4095926284790039
Time taken for candidate 6875 is 0.23784542083740234
Time taken for candidate 6876 is 0.38031959533691406
Time taken for candidate 6877 is 0.6791954040527344
Time taken for candidate 6878 is 0.3504312038421631
Time taken for candidate 6879 is 0.5051555633544922
Time taken for candidate 6880 is 0.5882158279418945
Time taken for candidate 6881 is 0.4882485866546631
Time taken for candidate 6882 is 0.4035508632659912
Time taken for candidate 6883 is 0.3015317916870117
Time taken for candidate 6884 is 0.33002328872680664
Time taken for candidate 6885 is 0.15417957305908203
Time taken for candidate 6886 is 0.6619203090667725
Time taken for candidate 6887 is 0.1600487232208252
Time taken for candidate 6888 is 0.6352062225341797
Time taken for candidate 6889 is 0.507765531539917
Time taken for candidate 6890 is 0.24300312995910645
Time taken for candidate 6891 is 0.40379762649536133
Time taken for candidate 6892 is 0.29730916023254395
Time taken for candidate 6893 is 0.3057219982147217
Time taken for candidate 6894 is 0.5108704566955566
Time taken for candidate 6895 is 0.5477659702301025
Time taken for candidate 6896 is 0.40431690216064453
Time taken for candidate 6897 is 0.5703094005584717
Time taken for candidate 6898 is 0.8462460041046143
Time taken for candidate 6899 is 0.5547986030578613
Time taken for candidate 6900 is 0.3617382049560547
Time taken for candidate 6901 is 0.3791220188140869
Time taken for candidate 6902 is 0.23500704765319824
Time taken for candidate 6903 is 0.692878007888794
Time taken for candidate 6904 is 0.7860531806945801
Time taken for candidate 6905 is 0.2750253677368164
Time taken for candidate 6907 is 0.10855722427368164
Time taken for candidate 6908 is 0.6090705394744873
Time taken for candidate 6909 is 0.20956993103027344
Time taken for candidate 6910 is 0.4897270202636719
Time taken for candidate 6911 is 0.4714925289154053
Time taken for candidate 6912 is 0.5100932121276855
Time taken for candidate 6913 is 0.5664846897125244
Time taken for candidate 6914 is 0.2299661636352539
Time taken for candidate 6915 is 0.653764009475708
Time taken for candidate 6916 is 0.2214369773864746
Time taken for candidate 6917 is 0.42220568656921387
Time taken for candidate 6918 is 0.41064023971557617
Time taken for candidate 6919 is 0.3421030044555664
Time taken for candidate 6920 is 0.7580273151397705
Time taken for candidate 6921 is 0.6703178882598877
Time taken for candidate 6922 is 0.3398268222808838
Time taken for candidate 6923 is 0.4605097770690918
Time taken for candidate 6924 is 0.7452318668365479
Time taken for candidate 6925 is 0.2858109474182129
Time taken for candidate 6926 is 0.7874975204467773
Time taken for candidate 6927 is 0.36751365661621094
Time taken for candidate 6928 is 0.23060870170593262
Time taken for candidate 6929 is 0.41051411628723145
Time taken for candidate 6930 is 0.8646109104156494
Time taken for candidate 6931 is 0.7681810855865479
Time taken for candidate 6932 is 0.4608900547027588
Time taken for candidate 6933 is 0.8184976577758789
Time taken for candidate 6934 is 0.29436302185058594
Time taken for candidate 6935 is 0.3123970031738281
Time taken for candidate 6936 is 0.34536027908325195
Time taken for candidate 6937 is 0.5098612308502197
Time taken for candidate 6938 is 0.4919097423553467
Time taken for candidate 6939 is 0.4289231300354004
Time taken for candidate 6940 is 0.3920876979827881
Time taken for candidate 6941 is 0.4682755470275879
Time taken for candidate 6942 is 0.4521665573120117
Time taken for candidate 6943 is 0.4199395179748535
Time taken for candidate 6944 is 0.5444605350494385
Time taken for candidate 6945 is 0.5648438930511475
Time taken for candidate 6946 is 0.5837349891662598
Time taken for candidate 6947 is 0.23361515998840332
Time taken for candidate 6948 is 0.0839545726776123
Time taken for candidate 6949 is 0.6363720893859863
Time taken for candidate 6950 is 0.36646080017089844
Time taken for candidate 6951 is 0.14036011695861816
Time taken for candidate 6952 is 0.3012521266937256
Time taken for candidate 6953 is 0.27878451347351074
Time taken for candidate 6954 is 0.0764319896697998
Time taken for candidate 6955 is 0.26943135261535645
Time taken for candidate 6956 is 0.19708251953125
Time taken for candidate 6957 is 0.6240048408508301
Time taken for candidate 6958 is 0.6184136867523193
Time taken for candidate 6959 is 0.8129265308380127
Time taken for candidate 6960 is 0.619626522064209
Time taken for candidate 6961 is 0.6765003204345703
Time taken for candidate 6962 is 0.15748357772827148
Time taken for candidate 6963 is 0.5317680835723877
Time taken for candidate 6964 is 0.48154377937316895
Time taken for candidate 6965 is 0.654137372970581
Time taken for candidate 6966 is 0.27239513397216797
Time taken for candidate 6967 is 0.8642773628234863
Time taken for candidate 6968 is 0.7130687236785889
Time taken for candidate 6969 is 0.7964143753051758
Time taken for candidate 6970 is 0.528456449508667
Time taken for candidate 6971 is 0.4562492370605469
Time taken for candidate 6972 is 0.5144331455230713
Time taken for candidate 6973 is 0.28165483474731445
Time taken for candidate 6974 is 0.573889970779419
Time taken for candidate 6975 is 0.35602378845214844
Time taken for candidate 6976 is 0.19234967231750488
Time taken for candidate 6977 is 0.21057510375976562
Time taken for candidate 6978 is 0.10342955589294434
Time taken for candidate 6979 is 0.7335195541381836
Time taken for candidate 6980 is 0.25870776176452637
Time taken for candidate 6981 is 0.5261890888214111
Time taken for candidate 6982 is 0.5920064449310303
Time taken for candidate 6983 is 0.14546775817871094
Time taken for candidate 6984 is 0.795095682144165
Time taken for candidate 6985 is 0.3036539554595947
Time taken for candidate 6986 is 0.4436299800872803
Time taken for candidate 6987 is 0.08162593841552734
Time taken for candidate 6988 is 0.5507550239562988
Time taken for candidate 6989 is 0.5987660884857178
Time taken for candidate 6990 is 0.24442028999328613
Time taken for candidate 6991 is 0.44777965545654297
Time taken for candidate 6992 is 0.33513402938842773
Time taken for candidate 6993 is 0.3325328826904297
Time taken for candidate 6994 is 0.2561938762664795
Time taken for candidate 6995 is 0.4150564670562744
Time taken for candidate 6996 is 0.4953000545501709
Time taken for candidate 6997 is 0.3652055263519287
Time taken for candidate 6998 is 0.10077333450317383
Time taken for candidate 6999 is 0.22770118713378906
Time taken for candidate 7000 is 0.506948709487915
Time taken for candidate 7001 is 0.45937061309814453
Time taken for candidate 7002 is 0.4602365493774414
Time taken for candidate 7003 is 0.8177525997161865
Time taken for candidate 7004 is 0.5327155590057373
Time taken for candidate 7005 is 0.14979767799377441
Time taken for candidate 7006 is 0.23342251777648926
Time taken for candidate 7007 is 0.6607046127319336
Time taken for candidate 7008 is 0.6181061267852783
Time taken for candidate 7009 is 0.2783377170562744
Time taken for candidate 7010 is 0.3154013156890869
Time taken for candidate 7011 is 0.3390920162200928
Time taken for candidate 7012 is 0.27471089363098145
Time taken for candidate 7013 is 0.3026871681213379
Time taken for candidate 7014 is 0.48428988456726074
Time taken for candidate 7015 is 0.29822206497192383
Time taken for candidate 7016 is 0.2265639305114746
Time taken for candidate 7017 is 0.6505842208862305
Time taken for candidate 7018 is 0.48885273933410645
Time taken for candidate 7019 is 0.4157123565673828
Time taken for candidate 7020 is 0.6855459213256836
Time taken for candidate 7021 is 0.24297761917114258
Time taken for candidate 7022 is 0.5654101371765137
Time taken for candidate 7023 is 0.3953824043273926
Time taken for candidate 7024 is 0.08193659782409668
Time taken for candidate 7025 is 0.31806063652038574
Time taken for candidate 7026 is 0.5268497467041016
Time taken for candidate 7027 is 0.8660471439361572
Time taken for candidate 7028 is 0.5279290676116943
Time taken for candidate 7029 is 0.6107170581817627
Time taken for candidate 7030 is 0.4095320701599121
Time taken for candidate 7031 is 0.40541887283325195
Time taken for candidate 7032 is 0.4625816345214844
Time taken for candidate 7033 is 0.6432201862335205
Time taken for candidate 7034 is 0.6180429458618164
Time taken for candidate 7035 is 0.42725062370300293
Time taken for candidate 7036 is 0.9737553596496582
Time taken for candidate 7037 is 0.14399027824401855
Time taken for candidate 7038 is 0.26563596725463867
Time taken for candidate 7039 is 0.2901120185852051
Time taken for candidate 7040 is 0.7917792797088623
Time taken for candidate 7041 is 0.7803051471710205
Time taken for candidate 7042 is 0.2653205394744873
Time taken for candidate 7043 is 0.6277952194213867
Time taken for candidate 7044 is 0.21639490127563477
Time taken for candidate 7045 is 0.2739880084991455
Time taken for candidate 7046 is 0.1340324878692627
Time taken for candidate 7047 is 0.5124197006225586
Time taken for candidate 7048 is 0.20459961891174316
Time taken for candidate 7049 is 0.5529265403747559
Time taken for candidate 7050 is 0.6740536689758301
Time taken for candidate 7051 is 0.2176671028137207
Time taken for candidate 7052 is 0.40821218490600586
Time taken for candidate 7053 is 0.8239169120788574
Time taken for candidate 7054 is 0.6213915348052979
Time taken for candidate 7055 is 0.40838170051574707
Time taken for candidate 7056 is 0.5048282146453857
Time taken for candidate 7057 is 0.6894180774688721
Time taken for candidate 7058 is 0.2588369846343994
Time taken for candidate 7059 is 0.6649937629699707
Time taken for candidate 7060 is 0.29518699645996094
Time taken for candidate 7061 is 0.35447144508361816
Time taken for candidate 7062 is 0.4083981513977051
Time taken for candidate 7063 is 0.5897798538208008
Time taken for candidate 7064 is 0.3156008720397949
Time taken for candidate 7065 is 0.5489497184753418
Time taken for candidate 7066 is 0.4573674201965332
Time taken for candidate 7067 is 0.20955777168273926
Time taken for candidate 7068 is 0.4726259708404541
Time taken for candidate 7069 is 0.7541866302490234
Time taken for candidate 7070 is 0.3488297462463379
Time taken for candidate 7071 is 0.33380603790283203
Time taken for candidate 7072 is 0.3844285011291504
Time taken for candidate 7073 is 0.5485663414001465
Time taken for candidate 7074 is 0.29201698303222656
Time taken for candidate 7075 is 0.6612935066223145
Time taken for candidate 7076 is 0.6200571060180664
Time taken for candidate 7077 is 0.14274024963378906
Time taken for candidate 7078 is 0.29998779296875
Time taken for candidate 7079 is 0.5491800308227539
Time taken for candidate 7080 is 0.6802794933319092
Time taken for candidate 7081 is 0.24317264556884766
Time taken for candidate 7082 is 0.7109475135803223
Time taken for candidate 7083 is 0.4461219310760498
Time taken for candidate 7084 is 0.2412552833557129
Time taken for candidate 7085 is 0.3298792839050293
Time taken for candidate 7086 is 0.34372615814208984
Time taken for candidate 7087 is 0.34912991523742676
Time taken for candidate 7088 is 0.6097261905670166
Time taken for candidate 7089 is 0.7731118202209473
Time taken for candidate 7090 is 0.17087268829345703
Time taken for candidate 7091 is 0.14975237846374512
Time taken for candidate 7092 is 0.16544580459594727
Time taken for candidate 7093 is 0.36826014518737793
Time taken for candidate 7094 is 0.3506433963775635
Time taken for candidate 7095 is 0.4134974479675293
Time taken for candidate 7096 is 0.6247091293334961
Time taken for candidate 7097 is 0.2293708324432373
Time taken for candidate 7098 is 0.14605331420898438
Time taken for candidate 7099 is 0.8512358665466309
Time taken for candidate 7100 is 0.2727229595184326
Time taken for candidate 7101 is 0.28923988342285156
Time taken for candidate 7102 is 0.3183903694152832
Time taken for candidate 7103 is 0.648252010345459
Time taken for candidate 7104 is 0.2626509666442871
Time taken for candidate 7105 is 0.26196742057800293
Time taken for candidate 7106 is 0.4388267993927002
Time taken for candidate 7107 is 0.674363374710083
Time taken for candidate 7108 is 0.2760651111602783
Time taken for candidate 7109 is 0.6358416080474854
Time taken for candidate 7110 is 0.4059121608734131
Time taken for candidate 7111 is 0.6612691879272461
Time taken for candidate 7112 is 0.0807042121887207
Time taken for candidate 7113 is 0.4300363063812256
Time taken for candidate 7114 is 0.21875429153442383
Time taken for candidate 7115 is 0.6088693141937256
Time taken for candidate 7116 is 0.696587324142456
Time taken for candidate 7117 is 0.286700963973999
Time taken for candidate 7118 is 0.2235240936279297
Time taken for candidate 7119 is 0.0829317569732666
Time taken for candidate 7120 is 0.341766357421875
Time taken for candidate 7121 is 0.33551669120788574
Time taken for candidate 7122 is 0.37246251106262207
Time taken for candidate 7123 is 0.13887643814086914
Time taken for candidate 7124 is 0.6849892139434814
Time taken for candidate 7125 is 0.9570975303649902
Time taken for candidate 7126 is 0.5125906467437744
Time taken for candidate 7127 is 0.41512084007263184
Time taken for candidate 7128 is 0.6121165752410889
Time taken for candidate 7129 is 0.8887555599212646
Time taken for candidate 7130 is 0.4100041389465332
Time taken for candidate 7131 is 0.6499772071838379
Time taken for candidate 7132 is 0.17560648918151855
Time taken for candidate 7133 is 0.3361549377441406
Time taken for candidate 7134 is 0.3182237148284912
Time taken for candidate 7135 is 0.2558879852294922
Time taken for candidate 7136 is 0.6301841735839844
Time taken for candidate 7137 is 0.3024108409881592
Time taken for candidate 7138 is 0.2872602939605713
Time taken for candidate 7139 is 0.9036009311676025
Time taken for candidate 7140 is 0.47791171073913574
Time taken for candidate 7141 is 0.2297673225402832
Time taken for candidate 7142 is 0.4219331741333008
Time taken for candidate 7143 is 0.2119123935699463
Time taken for candidate 7144 is 0.6596572399139404
Time taken for candidate 7145 is 0.13379240036010742
Time taken for candidate 7146 is 0.5256481170654297
Time taken for candidate 7147 is 0.8261656761169434
Time taken for candidate 7148 is 0.43273162841796875
Time taken for candidate 7149 is 0.5238797664642334
Time taken for candidate 7150 is 0.2636420726776123
Time taken for candidate 7151 is 0.9790632724761963
Time taken for candidate 7152 is 0.4865379333496094
Time taken for candidate 7153 is 1.0579438209533691
Time taken for candidate 7154 is 0.5549044609069824
Time taken for candidate 7155 is 0.5733637809753418
Time taken for candidate 7156 is 0.26959896087646484
Time taken for candidate 7157 is 0.35650157928466797
Time taken for candidate 7158 is 0.300933837890625
Time taken for candidate 7159 is 0.5737645626068115
Time taken for candidate 7160 is 0.5803999900817871
Time taken for candidate 7161 is 0.08517789840698242
Time taken for candidate 7162 is 0.47112035751342773
Time taken for candidate 7163 is 0.3749384880065918
Time taken for candidate 7164 is 0.5545508861541748
Time taken for candidate 7165 is 0.5801539421081543
Time taken for candidate 7166 is 0.38332581520080566
Time taken for candidate 7167 is 0.7423551082611084
Time taken for candidate 7168 is 0.4041867256164551
Time taken for candidate 7169 is 0.5582363605499268
Time taken for candidate 7170 is 0.41280698776245117
Time taken for candidate 7171 is 0.44972729682922363
Time taken for candidate 7172 is 0.30353689193725586
Time taken for candidate 7173 is 0.501889705657959
Time taken for candidate 7174 is 0.7389693260192871
Time taken for candidate 7175 is 0.29976391792297363
Time taken for candidate 7176 is 0.2722146511077881
Time taken for candidate 7177 is 0.5183882713317871
Time taken for candidate 7178 is 0.33351874351501465
Time taken for candidate 7179 is 0.4524047374725342
Time taken for candidate 7180 is 0.2275559902191162
Time taken for candidate 7181 is 0.9196388721466064
Time taken for candidate 7182 is 0.5420420169830322
Time taken for candidate 7183 is 0.9461591243743896
Time taken for candidate 7184 is 0.7594401836395264
Time taken for candidate 7185 is 0.7665438652038574
Time taken for candidate 7186 is 0.778411865234375
Time taken for candidate 7187 is 0.5928683280944824
Time taken for candidate 7188 is 0.5875248908996582
Time taken for candidate 7189 is 0.17361831665039062
Time taken for candidate 7190 is 0.7194113731384277
Time taken for candidate 7191 is 0.2457594871520996
Time taken for candidate 7192 is 0.21029329299926758
Time taken for candidate 7193 is 0.35854363441467285
Time taken for candidate 7194 is 0.20085620880126953
Time taken for candidate 7195 is 0.15584683418273926
Time taken for candidate 7196 is 0.42124342918395996
Time taken for candidate 7197 is 0.8828308582305908
Time taken for candidate 7198 is 0.35469794273376465
Time taken for candidate 7199 is 0.2748878002166748
Time taken for candidate 7200 is 0.47000575065612793
Time taken for candidate 7201 is 0.2678370475769043
Time taken for candidate 7202 is 0.6928970813751221
Time taken for candidate 7203 is 0.2059650421142578
Time taken for candidate 7204 is 0.6114554405212402
Time taken for candidate 7205 is 0.39104461669921875
Time taken for candidate 7206 is 0.5043809413909912
Time taken for candidate 7207 is 0.4147815704345703
Time taken for candidate 7208 is 0.17641019821166992
Time taken for candidate 7209 is 0.5962028503417969
Time taken for candidate 7210 is 0.42336606979370117
Time taken for candidate 7211 is 0.34205174446105957
Time taken for candidate 7212 is 1.076913833618164
Time taken for candidate 7213 is 0.3605678081512451
Time taken for candidate 7214 is 0.3391389846801758
Time taken for candidate 7215 is 0.7830169200897217
Time taken for candidate 7216 is 0.5765500068664551
Time taken for candidate 7217 is 0.6222341060638428
Time taken for candidate 7218 is 0.6080336570739746
Time taken for candidate 7219 is 0.36368775367736816
Time taken for candidate 7220 is 0.16201567649841309
Time taken for candidate 7221 is 0.23210930824279785
Time taken for candidate 7222 is 0.42511868476867676
Time taken for candidate 7223 is 0.07587814331054688
Time taken for candidate 7224 is 0.5295708179473877
Time taken for candidate 7225 is 0.3053281307220459
Time taken for candidate 7226 is 0.43023014068603516
Time taken for candidate 7227 is 0.24335980415344238
Time taken for candidate 7228 is 0.42555689811706543
Time taken for candidate 7229 is 0.898500919342041
Time taken for candidate 7230 is 0.3362905979156494
Time taken for candidate 7231 is 0.9275104999542236
Time taken for candidate 7232 is 0.14375782012939453
Time taken for candidate 7233 is 0.2781796455383301
Time taken for candidate 7234 is 0.29713916778564453
Time taken for candidate 7235 is 0.3343935012817383
Time taken for candidate 7236 is 0.15306735038757324
Time taken for candidate 7237 is 0.42023587226867676
Time taken for candidate 7238 is 0.3893001079559326
Time taken for candidate 7239 is 0.38431262969970703
Time taken for candidate 7240 is 0.5627985000610352
Time taken for candidate 7241 is 0.41156840324401855
Time taken for candidate 7242 is 0.49874258041381836
Time taken for candidate 7243 is 0.6402981281280518
Time taken for candidate 7244 is 0.8099820613861084
Time taken for candidate 7245 is 0.379380464553833
Time taken for candidate 7246 is 0.8089001178741455
Time taken for candidate 7247 is 0.3862123489379883
Time taken for candidate 7248 is 1.0824251174926758
Time taken for candidate 7249 is 0.44764184951782227
Time taken for candidate 7250 is 0.39214134216308594
Time taken for candidate 7251 is 0.20499873161315918
Time taken for candidate 7253 is 0.47682952880859375
Time taken for candidate 7254 is 0.08214998245239258
Time taken for candidate 7255 is 0.4784111976623535
Time taken for candidate 7256 is 0.8814578056335449
Time taken for candidate 7257 is 0.2116100788116455
Time taken for candidate 7258 is 0.34676122665405273
Time taken for candidate 7259 is 0.386077880859375
Time taken for candidate 7260 is 0.2898101806640625
Time taken for candidate 7261 is 0.5012986660003662
Time taken for candidate 7262 is 0.08059453964233398
Time taken for candidate 7263 is 0.4850132465362549
Time taken for candidate 7264 is 0.36721181869506836
Time taken for candidate 7265 is 0.5962791442871094
Time taken for candidate 7266 is 0.4501991271972656
Time taken for candidate 7267 is 0.2203350067138672
Time taken for candidate 7268 is 0.2660853862762451
Time taken for candidate 7269 is 0.35642313957214355
Time taken for candidate 7270 is 0.21899056434631348
Time taken for candidate 7271 is 0.8475449085235596
Time taken for candidate 7272 is 0.6691324710845947
Time taken for candidate 7273 is 0.3219735622406006
Time taken for candidate 7274 is 0.21807146072387695
Time taken for candidate 7275 is 0.4882800579071045
Time taken for candidate 7276 is 0.825049877166748
Time taken for candidate 7277 is 0.3053593635559082
Time taken for candidate 7278 is 0.8005445003509521
Time taken for candidate 7279 is 0.22939705848693848
Time taken for candidate 7280 is 0.5124735832214355
Time taken for candidate 7281 is 0.29708123207092285
Time taken for candidate 7282 is 0.14226722717285156
Time taken for candidate 7283 is 0.21364092826843262
Time taken for candidate 7284 is 0.672584056854248
Time taken for candidate 7285 is 0.5404131412506104
Time taken for candidate 7286 is 0.2724039554595947
Time taken for candidate 7287 is 0.6024093627929688
Time taken for candidate 7288 is 0.22578001022338867
Time taken for candidate 7289 is 0.42403221130371094
Time taken for candidate 7290 is 0.41518068313598633
Time taken for candidate 7291 is 0.6130526065826416
Time taken for candidate 7292 is 0.5638763904571533
Time taken for candidate 7293 is 0.22683238983154297
Time taken for candidate 7294 is 0.4769105911254883
Time taken for candidate 7295 is 0.5149052143096924
Time taken for candidate 7296 is 0.45667147636413574
Time taken for candidate 7297 is 0.30040860176086426
Time taken for candidate 7298 is 0.40018677711486816
Time taken for candidate 7299 is 0.27826523780822754
Time taken for candidate 7300 is 0.5798084735870361
Time taken for candidate 7301 is 0.6428658962249756
Time taken for candidate 7302 is 0.30155062675476074
Time taken for candidate 7303 is 0.40105199813842773
Time taken for candidate 7304 is 0.15567350387573242
Time taken for candidate 7305 is 0.24880337715148926
Time taken for candidate 7306 is 0.3438303470611572
Time taken for candidate 7307 is 0.816821813583374
Time taken for candidate 7308 is 0.34415721893310547
Time taken for candidate 7309 is 0.7684047222137451
Time taken for candidate 7310 is 0.3656470775604248
Time taken for candidate 7311 is 0.28277587890625
Time taken for candidate 7312 is 0.22076725959777832
Time taken for candidate 7313 is 0.6361300945281982
Time taken for candidate 7314 is 0.5649874210357666
Time taken for candidate 7315 is 1.1289446353912354
Time taken for candidate 7316 is 0.650360107421875
Time taken for candidate 7317 is 0.4566459655761719
Time taken for candidate 7318 is 0.5090134143829346
Time taken for candidate 7319 is 0.5952086448669434
Time taken for candidate 7320 is 0.4520392417907715
Time taken for candidate 7321 is 0.581932544708252
Time taken for candidate 7322 is 0.14490175247192383
Time taken for candidate 7323 is 0.23269152641296387
Time taken for candidate 7324 is 0.2322523593902588
Time taken for candidate 7325 is 0.21990418434143066
Time taken for candidate 7326 is 0.37314510345458984
Time taken for candidate 7327 is 0.5169897079467773
Time taken for candidate 7328 is 0.297191858291626
Time taken for candidate 7329 is 0.14963889122009277
Time taken for candidate 7330 is 0.3857293128967285
Time taken for candidate 7331 is 0.2392585277557373
Time taken for candidate 7332 is 0.38028883934020996
Time taken for candidate 7333 is 0.41881299018859863
Time taken for candidate 7334 is 0.6998164653778076
Time taken for candidate 7335 is 0.8287816047668457
Time taken for candidate 7336 is 0.515376091003418
Time taken for candidate 7337 is 0.2595803737640381
Time taken for candidate 7338 is 0.2599351406097412
Time taken for candidate 7339 is 0.5047104358673096
Time taken for candidate 7340 is 0.3999664783477783
Time taken for candidate 7341 is 0.3888428211212158
Time taken for candidate 7342 is 0.08306741714477539
Time taken for candidate 7343 is 0.21555447578430176
Time taken for candidate 7344 is 0.8447847366333008
Time taken for candidate 7345 is 0.16678428649902344
Time taken for candidate 7346 is 0.3572216033935547
Time taken for candidate 7347 is 0.28893375396728516
Time taken for candidate 7348 is 0.13834190368652344
Time taken for candidate 7349 is 0.2435472011566162
Time taken for candidate 7350 is 0.23541474342346191
Time taken for candidate 7351 is 0.4835841655731201
Time taken for candidate 7352 is 0.4698522090911865
Time taken for candidate 7353 is 0.5778653621673584
Time taken for candidate 7354 is 0.44272589683532715
Time taken for candidate 7355 is 0.9346208572387695
Time taken for candidate 7356 is 0.3473696708679199
Time taken for candidate 7357 is 0.22091889381408691
Time taken for candidate 7358 is 0.22010350227355957
Time taken for candidate 7359 is 0.10309219360351562
Time taken for candidate 7360 is 0.6114754676818848
Time taken for candidate 7361 is 0.5243914127349854
Time taken for candidate 7362 is 0.6162259578704834
Time taken for candidate 7363 is 0.29544830322265625
Time taken for candidate 7364 is 0.6506469249725342
Time taken for candidate 7365 is 0.37079834938049316
Time taken for candidate 7366 is 0.6124222278594971
Time taken for candidate 7367 is 0.29082798957824707
Time taken for candidate 7368 is 0.29071640968322754
Time taken for candidate 7369 is 0.3659822940826416
Time taken for candidate 7370 is 0.49895334243774414
Time taken for candidate 7371 is 0.6857540607452393
Time taken for candidate 7372 is 0.754868745803833
Time taken for candidate 7373 is 0.8697595596313477
Time taken for candidate 7374 is 0.3640773296356201
Time taken for candidate 7375 is 0.5154819488525391
Time taken for candidate 7376 is 0.33887600898742676
Time taken for candidate 7377 is 0.6280598640441895
Time taken for candidate 7378 is 0.5596590042114258
Time taken for candidate 7379 is 0.34509706497192383
Time taken for candidate 7380 is 0.7098877429962158
Time taken for candidate 7381 is 0.7825195789337158
Time taken for candidate 7382 is 0.5672917366027832
Time taken for candidate 7383 is 0.11079812049865723
Time taken for candidate 7384 is 0.5355672836303711
Time taken for candidate 7385 is 0.3334169387817383
Time taken for candidate 7386 is 0.2788262367248535
Time taken for candidate 7387 is 0.6832640171051025
Time taken for candidate 7388 is 0.5578775405883789
Time taken for candidate 7389 is 0.785923957824707
Time taken for candidate 7390 is 0.16288328170776367
Time taken for candidate 7391 is 0.4192318916320801
Time taken for candidate 7392 is 0.5379846096038818
Time taken for candidate 7393 is 0.35179853439331055
Time taken for candidate 7394 is 0.35437917709350586
Time taken for candidate 7395 is 0.3602116107940674
Time taken for candidate 7396 is 0.7058074474334717
Time taken for candidate 7397 is 0.3511366844177246
Time taken for candidate 7398 is 0.17496252059936523
Time taken for candidate 7399 is 0.24132680892944336
Time taken for candidate 7400 is 0.24271869659423828
Time taken for candidate 7401 is 0.5651381015777588
Time taken for candidate 7402 is 0.36438417434692383
Time taken for candidate 7403 is 0.5172908306121826
Time taken for candidate 7404 is 0.4165213108062744
Time taken for candidate 7405 is 1.0060300827026367
Time taken for candidate 7406 is 0.2387864589691162
Time taken for candidate 7407 is 0.7015833854675293
Time taken for candidate 7408 is 0.83186936378479
Time taken for candidate 7409 is 0.623023271560669
Time taken for candidate 7410 is 0.5097353458404541
Time taken for candidate 7411 is 0.2570631504058838
Time taken for candidate 7412 is 0.2875537872314453
Time taken for candidate 7413 is 0.562567949295044
Time taken for candidate 7414 is 0.21630358695983887
Time taken for candidate 7415 is 0.9933385848999023
Time taken for candidate 7416 is 0.3324604034423828
Time taken for candidate 7417 is 0.952528715133667
Time taken for candidate 7418 is 0.576915979385376
Time taken for candidate 7419 is 0.7203311920166016
Time taken for candidate 7420 is 0.432326078414917
Time taken for candidate 7421 is 0.27164268493652344
Time taken for candidate 7422 is 0.14475655555725098
Time taken for candidate 7423 is 0.27496910095214844
Time taken for candidate 7424 is 0.9405410289764404
Time taken for candidate 7425 is 0.1680922508239746
Time taken for candidate 7426 is 0.26253437995910645
Time taken for candidate 7427 is 0.3198258876800537
Time taken for candidate 7428 is 1.300126314163208
Time taken for candidate 7429 is 0.7129690647125244
Time taken for candidate 7430 is 0.10222792625427246
Time taken for candidate 7431 is 0.28884363174438477
Time taken for candidate 7432 is 0.15273714065551758
Time taken for candidate 7433 is 0.41078925132751465
Time taken for candidate 7434 is 0.26392412185668945
Time taken for candidate 7435 is 0.8782002925872803
Time taken for candidate 7436 is 0.39647340774536133
Time taken for candidate 7437 is 0.7660820484161377
Time taken for candidate 7438 is 0.15063929557800293
Time taken for candidate 7439 is 0.33592653274536133
Time taken for candidate 7440 is 0.46794962882995605
Time taken for candidate 7441 is 0.09823822975158691
Time taken for candidate 7442 is 0.3470890522003174
Time taken for candidate 7443 is 0.35338783264160156
Time taken for candidate 7444 is 0.8117656707763672
Time taken for candidate 7445 is 0.27133917808532715
Time taken for candidate 7447 is 0.35153937339782715
Time taken for candidate 7448 is 0.6053471565246582
Time taken for candidate 7449 is 0.41843366622924805
Time taken for candidate 7450 is 0.4824976921081543
Time taken for candidate 7451 is 0.142350435256958
Time taken for candidate 7452 is 0.3172798156738281
Time taken for candidate 7453 is 0.8184640407562256
Time taken for candidate 7454 is 0.5018577575683594
Time taken for candidate 7455 is 0.6795351505279541
Time taken for candidate 7456 is 1.0443353652954102
Time taken for candidate 7457 is 0.1397092342376709
Time taken for candidate 7458 is 0.39571571350097656
Time taken for candidate 7459 is 0.34189510345458984
Time taken for candidate 7460 is 0.165910005569458
Time taken for candidate 7461 is 0.5356800556182861
Time taken for candidate 7462 is 0.5337398052215576
Time taken for candidate 7463 is 0.24183058738708496
Time taken for candidate 7464 is 0.7030985355377197
Time taken for candidate 7465 is 0.21836376190185547
Time taken for candidate 7466 is 0.15118956565856934
Time taken for candidate 7467 is 0.8221909999847412
Time taken for candidate 7468 is 0.4205770492553711
Time taken for candidate 7469 is 0.5771758556365967
Time taken for candidate 7470 is 0.41897106170654297
Time taken for candidate 7471 is 0.17270684242248535
Time taken for candidate 7472 is 0.4772148132324219
Time taken for candidate 7473 is 0.6032819747924805
Time taken for candidate 7474 is 0.5597054958343506
Time taken for candidate 7475 is 0.8507504463195801
Time taken for candidate 7476 is 0.6944506168365479
Time taken for candidate 7477 is 0.1377851963043213
Time taken for candidate 7478 is 0.8741166591644287
Time taken for candidate 7479 is 0.22843027114868164
Time taken for candidate 7480 is 0.7067258358001709
Time taken for candidate 7481 is 0.27123308181762695
Time taken for candidate 7482 is 0.42328786849975586
Time taken for candidate 7483 is 0.34484314918518066
Time taken for candidate 7484 is 0.3942854404449463
Time taken for candidate 7485 is 0.2822084426879883
Time taken for candidate 7486 is 0.353102445602417
Time taken for candidate 7487 is 0.5184216499328613
Time taken for candidate 7488 is 0.3188478946685791
Time taken for candidate 7489 is 0.23383617401123047
Time taken for candidate 7490 is 0.47124719619750977
Time taken for candidate 7491 is 0.8312857151031494
Time taken for candidate 7492 is 0.643763542175293
Time taken for candidate 7493 is 0.8197247982025146
Time taken for candidate 7494 is 0.26096057891845703
Time taken for candidate 7495 is 0.5464630126953125
Time taken for candidate 7496 is 0.21359920501708984
Time taken for candidate 7497 is 0.096771240234375
Time taken for candidate 7498 is 0.4585723876953125
Time taken for candidate 7499 is 0.1685793399810791
Time taken for candidate 7500 is 0.3329498767852783
Time taken for candidate 7501 is 0.43149638175964355
Time taken for candidate 7502 is 0.995349645614624
Time taken for candidate 7503 is 0.7285962104797363
Time taken for candidate 7504 is 0.9315080642700195
Time taken for candidate 7505 is 0.8321182727813721
Time taken for candidate 7506 is 0.4248847961425781
Time taken for candidate 7507 is 0.31847286224365234
Time taken for candidate 7508 is 0.21576786041259766
Time taken for candidate 7509 is 0.3645048141479492
Time taken for candidate 7510 is 0.45021700859069824
Time taken for candidate 7511 is 0.2776601314544678
Time taken for candidate 7512 is 0.5089185237884521
Time taken for candidate 7513 is 0.21746492385864258
Time taken for candidate 7514 is 0.5931425094604492
Time taken for candidate 7515 is 0.679779052734375
Time taken for candidate 7516 is 0.6467592716217041
Time taken for candidate 7517 is 0.3186924457550049
Time taken for candidate 7518 is 0.34416675567626953
Time taken for candidate 7519 is 0.5383632183074951
Time taken for candidate 7520 is 0.15185046195983887
Time taken for candidate 7521 is 0.5782437324523926
Time taken for candidate 7522 is 0.5322787761688232
Time taken for candidate 7523 is 0.6748275756835938
Time taken for candidate 7524 is 0.13823866844177246
Time taken for candidate 7525 is 0.4092285633087158
Time taken for candidate 7526 is 0.4730072021484375
Time taken for candidate 7527 is 0.07903361320495605
Time taken for candidate 7528 is 0.5275990962982178
Time taken for candidate 7529 is 0.2911844253540039
Time taken for candidate 7530 is 0.9945979118347168
Time taken for candidate 7531 is 0.4523603916168213
Time taken for candidate 7532 is 0.41127586364746094
Time taken for candidate 7533 is 0.4466094970703125
Time taken for candidate 7534 is 0.7272698879241943
Time taken for candidate 7535 is 0.6168365478515625
Time taken for candidate 7536 is 0.2922525405883789
Time taken for candidate 7537 is 0.37055158615112305
Time taken for candidate 7538 is 0.4643516540527344
Time taken for candidate 7539 is 0.722508430480957
Time taken for candidate 7540 is 0.2926905155181885
Time taken for candidate 7541 is 0.4765009880065918
Time taken for candidate 7542 is 0.6031692028045654
Time taken for candidate 7543 is 0.8690938949584961
Time taken for candidate 7544 is 0.46285200119018555
Time taken for candidate 7545 is 0.5776188373565674
Time taken for candidate 7546 is 0.7098860740661621
Time taken for candidate 7547 is 0.5608532428741455
Time taken for candidate 7548 is 0.5126800537109375
Time taken for candidate 7549 is 0.6034204959869385
Time taken for candidate 7550 is 0.27938175201416016
Time taken for candidate 7551 is 0.5206594467163086
Time taken for candidate 7552 is 0.3351304531097412
Time taken for candidate 7553 is 0.5017447471618652
Time taken for candidate 7554 is 1.1469542980194092
Time taken for candidate 7555 is 0.21158885955810547
Time taken for candidate 7556 is 0.3718080520629883
Time taken for candidate 7557 is 0.2976052761077881
Time taken for candidate 7558 is 0.2231614589691162
Time taken for candidate 7559 is 0.1392500400543213
Time taken for candidate 7560 is 0.37653517723083496
Time taken for candidate 7561 is 0.6943469047546387
Time taken for candidate 7562 is 0.32610630989074707
Time taken for candidate 7563 is 0.5752794742584229
Time taken for candidate 7564 is 0.35548853874206543
Time taken for candidate 7565 is 0.22578787803649902
Time taken for candidate 7566 is 0.33916449546813965
Time taken for candidate 7567 is 0.41799354553222656
Time taken for candidate 7568 is 0.4667050838470459
Time taken for candidate 7569 is 0.2893335819244385
Time taken for candidate 7570 is 0.5445694923400879
Time taken for candidate 7571 is 0.808762788772583
Time taken for candidate 7572 is 0.589724063873291
Time taken for candidate 7573 is 0.34765052795410156
Time taken for candidate 7574 is 0.5413620471954346
Time taken for candidate 7575 is 0.32788968086242676
Time taken for candidate 7576 is 0.37643003463745117
Time taken for candidate 7577 is 0.22336220741271973
Time taken for candidate 7578 is 0.6050593852996826
Time taken for candidate 7579 is 0.6968810558319092
Time taken for candidate 7580 is 0.4058835506439209
Time taken for candidate 7581 is 0.2147369384765625
Time taken for candidate 7582 is 0.540269136428833
Time taken for candidate 7583 is 0.9299399852752686
Time taken for candidate 7584 is 0.5151116847991943
Time taken for candidate 7585 is 0.40668606758117676
Time taken for candidate 7586 is 0.36203861236572266
Time taken for candidate 7587 is 0.28051280975341797
Time taken for candidate 7588 is 0.7971014976501465
Time taken for candidate 7589 is 0.2886085510253906
Time taken for candidate 7590 is 0.9508790969848633
Time taken for candidate 7591 is 0.8432211875915527
Time taken for candidate 7592 is 0.3326547145843506
Time taken for candidate 7593 is 0.1726534366607666
Time taken for candidate 7594 is 0.28460049629211426
Time taken for candidate 7595 is 0.42551541328430176
Time taken for candidate 7596 is 0.5545501708984375
Time taken for candidate 7597 is 0.15356731414794922
Time taken for candidate 7598 is 0.37422728538513184
Time taken for candidate 7599 is 1.2391715049743652
Time taken for candidate 7600 is 0.4383378028869629
Time taken for candidate 7601 is 0.5477919578552246
Time taken for candidate 7602 is 0.48509764671325684
Time taken for candidate 7603 is 0.4100320339202881
Time taken for candidate 7604 is 0.5753598213195801
Time taken for candidate 7605 is 0.5610160827636719
Time taken for candidate 7606 is 0.7279596328735352
Time taken for candidate 7607 is 0.6445152759552002
Time taken for candidate 7608 is 0.5646708011627197
Time taken for candidate 7609 is 0.5035810470581055
Time taken for candidate 7610 is 0.4185059070587158
Time taken for candidate 7611 is 0.6859922409057617
Time taken for candidate 7612 is 0.3424851894378662
Time taken for candidate 7613 is 0.8879635334014893
Time taken for candidate 7614 is 0.6458456516265869
Time taken for candidate 7615 is 0.3743438720703125
Time taken for candidate 7616 is 0.6897032260894775
Time taken for candidate 7617 is 0.29018163681030273
Time taken for candidate 7618 is 0.3117959499359131
Time taken for candidate 7619 is 0.8119769096374512
Time taken for candidate 7620 is 0.3389008045196533
Time taken for candidate 7621 is 0.08536505699157715
Time taken for candidate 7622 is 0.5596179962158203
Time taken for candidate 7623 is 0.987069845199585
Time taken for candidate 7624 is 1.0830485820770264
Time taken for candidate 7625 is 0.6566047668457031
Time taken for candidate 7626 is 0.35916709899902344
Time taken for candidate 7627 is 0.4825458526611328
Time taken for candidate 7628 is 0.4980340003967285
Time taken for candidate 7629 is 0.20561599731445312
Time taken for candidate 7630 is 0.3907296657562256
Time taken for candidate 7631 is 0.3290219306945801
Time taken for candidate 7632 is 0.43349385261535645
Time taken for candidate 7633 is 0.14571666717529297
Time taken for candidate 7634 is 0.293440580368042
Time taken for candidate 7635 is 0.557952880859375
Time taken for candidate 7636 is 0.21883845329284668
Time taken for candidate 7637 is 0.5095498561859131
Time taken for candidate 7638 is 0.43904757499694824
Time taken for candidate 7639 is 0.29405665397644043
Time taken for candidate 7640 is 0.35970401763916016
Time taken for candidate 7641 is 0.5240797996520996
Time taken for candidate 7642 is 0.8425867557525635
Time taken for candidate 7643 is 0.3672618865966797
Time taken for candidate 7644 is 0.22063159942626953
Time taken for candidate 7645 is 0.3611137866973877
Time taken for candidate 7646 is 0.1515333652496338
Time taken for candidate 7647 is 0.35627198219299316
Time taken for candidate 7648 is 0.2129838466644287
Time taken for candidate 7649 is 0.5547399520874023
Time taken for candidate 7650 is 0.19362616539001465
Time taken for candidate 7651 is 0.21486735343933105
Time taken for candidate 7652 is 0.4855818748474121
Time taken for candidate 7653 is 0.6138713359832764
Time taken for candidate 7654 is 0.6383671760559082
Time taken for candidate 7655 is 0.3158714771270752
Time taken for candidate 7656 is 0.19134855270385742
Time taken for candidate 7657 is 0.7220466136932373
Time taken for candidate 7658 is 0.5029358863830566
Time taken for candidate 7659 is 0.5149948596954346
Time taken for candidate 7660 is 0.3863980770111084
Time taken for candidate 7661 is 0.4878726005554199
Time taken for candidate 7662 is 0.49037766456604004
Time taken for candidate 7663 is 0.6925320625305176
Time taken for candidate 7664 is 0.380429744720459
Time taken for candidate 7665 is 0.3671243190765381
Time taken for candidate 7666 is 0.6102449893951416
Time taken for candidate 7667 is 0.5013868808746338
Time taken for candidate 7668 is 0.6015622615814209
Time taken for candidate 7669 is 0.6978874206542969
Time taken for candidate 7670 is 0.27728962898254395
Time taken for candidate 7671 is 0.0794680118560791
Time taken for candidate 7672 is 0.8230688571929932
Time taken for candidate 7673 is 0.20955419540405273
Time taken for candidate 7674 is 0.6614360809326172
Time taken for candidate 7675 is 0.3125431537628174
Time taken for candidate 7676 is 0.5584578514099121
Time taken for candidate 7677 is 0.8449532985687256
Time taken for candidate 7678 is 0.33573269844055176
Time taken for candidate 7679 is 0.4483907222747803
Time taken for candidate 7680 is 0.6164143085479736
Time taken for candidate 7681 is 0.7829086780548096
Time taken for candidate 7682 is 0.36614322662353516
Time taken for candidate 7683 is 0.36834096908569336
Time taken for candidate 7684 is 0.6257765293121338
Time taken for candidate 7685 is 0.3456909656524658
Time taken for candidate 7686 is 0.5594122409820557
Time taken for candidate 7687 is 0.5372798442840576
Time taken for candidate 7688 is 0.5649509429931641
Time taken for candidate 7689 is 0.6527807712554932
Time taken for candidate 7690 is 0.41086649894714355
Time taken for candidate 7691 is 0.30684781074523926
Time taken for candidate 7692 is 0.5724093914031982
Time taken for candidate 7693 is 0.8140687942504883
Time taken for candidate 7694 is 0.7326705455780029
Time taken for candidate 7695 is 0.34929800033569336
Time taken for candidate 7696 is 0.6649739742279053
Time taken for candidate 7697 is 0.43895530700683594
Time taken for candidate 7698 is 0.43798375129699707
Time taken for candidate 7699 is 0.31617188453674316
Time taken for candidate 7700 is 0.9129900932312012
Time taken for candidate 7701 is 0.16733980178833008
Time taken for candidate 7702 is 0.5429868698120117
Time taken for candidate 7703 is 0.5322880744934082
Time taken for candidate 7704 is 0.4064507484436035
Time taken for candidate 7705 is 0.23241305351257324
Time taken for candidate 7706 is 0.4228670597076416
Time taken for candidate 7707 is 0.5681502819061279
Time taken for candidate 7708 is 0.3974277973175049
Done with similarity
Created Dataframe
      candidate_id  reference_id  similarity      dist  score
0             5978             1    0.000137  8.894814    1.0
1             5979             1    0.000145  8.836354    2.0
2             5980             1    0.000068  9.603221    1.0
3             5981             1    0.000105  9.165330    1.0
4             5982             1    0.000274  8.202608    2.0
...            ...           ...         ...       ...    ...
1721          7704             1    0.000101  9.196653    2.0
1722          7705             1    0.000167  8.697801    1.0
1723          7706             1    0.000219  8.424828    2.0
1724          7707             1    0.000282  8.174840    2.0
1725          7708             1    0.000216  8.439218    3.0

[1726 rows x 5 columns]
Finished writing file
