candidates_folder ../data/WMT18Data/system-outputs/newstest2018/tr-en/
REFERENCES_FILE ../data/WMT18Data/references/newstest2018-tren-ref.en
MODEL elmo
METHOD sms 


Running against the candidates from: ../data/WMT18Data/system-outputs/newstest2018/tr-en/newstest2018.NICT.5708.tr-en
Score: 0.04091508861925975
Done in 1106.7490277290344
=========================
Running against the candidates from: ../data/WMT18Data/system-outputs/newstest2018/tr-en/newstest2018.online-A.0.tr-en
Score: 0.03925585359255075
Done in 1109.555249929428
=========================
Running against the candidates from: ../data/WMT18Data/system-outputs/newstest2018/tr-en/newstest2018.online-B.0.tr-en
Score: 0.03786743633793406
Done in 1096.6685194969177
=========================
Running against the candidates from: ../data/WMT18Data/system-outputs/newstest2018/tr-en/newstest2018.online-G.0.tr-en
Score: 0.039520587985345274
Done in 1086.5132429599762
=========================
Running against the candidates from: ../data/WMT18Data/system-outputs/newstest2018/tr-en/newstest2018.uedin.5709.tr-en
Score: 0.03952536340263926
Done in 1154.145457983017
=========================
