Number of candidates: 1726
Loaded model 369.43425726890564
Number of references: 1
Done preprocessing references 1.4948477745056152
Time taken for candidate 5978 is 0.3301231861114502
Time taken for candidate 5979 is 1.172847032546997
Time taken for candidate 5980 is 0.629971981048584
Time taken for candidate 5981 is 0.4763150215148926
Time taken for candidate 5982 is 0.6927924156188965
Time taken for candidate 5983 is 0.4234018325805664
Time taken for candidate 5984 is 0.33266687393188477
Time taken for candidate 5985 is 0.7414634227752686
Time taken for candidate 5986 is 0.647923469543457
Time taken for candidate 5987 is 1.0035908222198486
Time taken for candidate 5988 is 1.0579614639282227
Time taken for candidate 5989 is 0.6077365875244141
Time taken for candidate 5990 is 0.8976366519927979
Time taken for candidate 5991 is 0.5360877513885498
Time taken for candidate 5992 is 0.4002392292022705
Time taken for candidate 5993 is 0.7711255550384521
Time taken for candidate 5994 is 0.5429694652557373
Time taken for candidate 5995 is 0.6233992576599121
Time taken for candidate 5996 is 0.5158209800720215
Time taken for candidate 5997 is 0.5355911254882812
Time taken for candidate 5998 is 0.26463747024536133
Time taken for candidate 5999 is 0.17465710639953613
Time taken for candidate 6000 is 0.6766161918640137
Time taken for candidate 6001 is 0.31922316551208496
Time taken for candidate 6002 is 0.5617721080780029
Time taken for candidate 6003 is 0.9248025417327881
Time taken for candidate 6004 is 0.2027883529663086
Time taken for candidate 6005 is 0.9358806610107422
Time taken for candidate 6006 is 0.49361324310302734
Time taken for candidate 6007 is 0.7372031211853027
Time taken for candidate 6008 is 0.7707071304321289
Time taken for candidate 6010 is 0.46419262886047363
Time taken for candidate 6011 is 0.11493277549743652
Time taken for candidate 6012 is 0.4579753875732422
Time taken for candidate 6013 is 0.23698830604553223
Time taken for candidate 6014 is 0.7534646987915039
Time taken for candidate 6015 is 0.609461784362793
Time taken for candidate 6016 is 1.0242035388946533
Time taken for candidate 6017 is 0.4374110698699951
Time taken for candidate 6018 is 0.3779332637786865
Time taken for candidate 6019 is 0.35237550735473633
Time taken for candidate 6020 is 0.6240484714508057
Time taken for candidate 6021 is 0.346668004989624
Time taken for candidate 6022 is 0.5865802764892578
Time taken for candidate 6023 is 0.7327859401702881
Time taken for candidate 6024 is 0.37594103813171387
Time taken for candidate 6025 is 0.2356264591217041
Time taken for candidate 6026 is 1.0173695087432861
Time taken for candidate 6027 is 1.0691676139831543
Time taken for candidate 6028 is 0.4537944793701172
Time taken for candidate 6029 is 0.5410797595977783
Time taken for candidate 6030 is 0.9054200649261475
Time taken for candidate 6031 is 0.8314261436462402
Time taken for candidate 6032 is 0.42708563804626465
Time taken for candidate 6033 is 0.9111430644989014
Time taken for candidate 6034 is 0.6633827686309814
Time taken for candidate 6035 is 0.44580912590026855
Time taken for candidate 6036 is 0.7237904071807861
Time taken for candidate 6037 is 0.42477941513061523
Time taken for candidate 6038 is 0.6448776721954346
Time taken for candidate 6039 is 0.661536693572998
Time taken for candidate 6040 is 0.4181222915649414
Time taken for candidate 6041 is 0.2655456066131592
Time taken for candidate 6042 is 0.5271286964416504
Time taken for candidate 6043 is 0.340975284576416
Time taken for candidate 6044 is 0.1372089385986328
Time taken for candidate 6045 is 0.5319130420684814
Time taken for candidate 6046 is 0.5538327693939209
Time taken for candidate 6047 is 0.42011356353759766
Time taken for candidate 6048 is 0.7489981651306152
Time taken for candidate 6049 is 0.31006860733032227
Time taken for candidate 6050 is 1.6897292137145996
Time taken for candidate 6051 is 0.771759033203125
Time taken for candidate 6052 is 0.5665030479431152
Time taken for candidate 6053 is 0.2857356071472168
Time taken for candidate 6054 is 0.3275582790374756
Time taken for candidate 6055 is 0.625974178314209
Time taken for candidate 6056 is 0.5187277793884277
Time taken for candidate 6057 is 0.6932060718536377
Time taken for candidate 6058 is 0.6440768241882324
Time taken for candidate 6059 is 0.2149817943572998
Time taken for candidate 6060 is 0.2561988830566406
Time taken for candidate 6061 is 1.0349245071411133
Time taken for candidate 6062 is 0.43639302253723145
Time taken for candidate 6063 is 0.5585987567901611
Time taken for candidate 6064 is 0.4118916988372803
Time taken for candidate 6065 is 0.5992045402526855
Time taken for candidate 6066 is 0.3641693592071533
Time taken for candidate 6067 is 0.3462245464324951
Time taken for candidate 6068 is 0.39043188095092773
Time taken for candidate 6069 is 0.6077687740325928
Time taken for candidate 6070 is 0.41788387298583984
Time taken for candidate 6071 is 0.5441586971282959
Time taken for candidate 6072 is 0.5060033798217773
Time taken for candidate 6073 is 0.8533835411071777
Time taken for candidate 6074 is 0.38862180709838867
Time taken for candidate 6075 is 1.1314799785614014
Time taken for candidate 6076 is 0.9903137683868408
Time taken for candidate 6077 is 0.46674585342407227
Time taken for candidate 6078 is 0.38590097427368164
Time taken for candidate 6079 is 0.6203546524047852
Time taken for candidate 6080 is 0.6183643341064453
Time taken for candidate 6081 is 0.2566962242126465
Time taken for candidate 6082 is 0.36578989028930664
Time taken for candidate 6083 is 0.17949938774108887
Time taken for candidate 6084 is 0.5419392585754395
Time taken for candidate 6085 is 0.9200053215026855
Time taken for candidate 6086 is 0.3857080936431885
Time taken for candidate 6087 is 0.4068305492401123
Time taken for candidate 6088 is 0.7897944450378418
Time taken for candidate 6089 is 0.7137439250946045
Time taken for candidate 6090 is 0.42812275886535645
Time taken for candidate 6091 is 0.6439681053161621
Time taken for candidate 6092 is 0.24713134765625
Time taken for candidate 6093 is 0.20427298545837402
Time taken for candidate 6094 is 0.6311156749725342
Time taken for candidate 6095 is 1.0955893993377686
Time taken for candidate 6096 is 0.6105005741119385
Time taken for candidate 6097 is 0.17426013946533203
Time taken for candidate 6098 is 0.6327178478240967
Time taken for candidate 6099 is 0.25405335426330566
Time taken for candidate 6100 is 0.7752809524536133
Time taken for candidate 6101 is 0.6004321575164795
Time taken for candidate 6102 is 0.644028902053833
Time taken for candidate 6103 is 0.7725958824157715
Time taken for candidate 6104 is 0.1940019130706787
Time taken for candidate 6105 is 1.1998381614685059
Time taken for candidate 6106 is 0.4897127151489258
Time taken for candidate 6107 is 0.6702179908752441
Time taken for candidate 6108 is 0.31365442276000977
Time taken for candidate 6109 is 0.5179281234741211
Time taken for candidate 6110 is 0.5726392269134521
Time taken for candidate 6111 is 0.5230467319488525
Time taken for candidate 6112 is 0.3893618583679199
Time taken for candidate 6113 is 0.7215378284454346
Time taken for candidate 6114 is 0.178023099899292
Time taken for candidate 6115 is 0.25423645973205566
Time taken for candidate 6116 is 0.7029826641082764
Time taken for candidate 6117 is 0.6706607341766357
Time taken for candidate 6118 is 0.6366252899169922
Time taken for candidate 6119 is 0.37657999992370605
Time taken for candidate 6120 is 0.581204891204834
Time taken for candidate 6121 is 0.7163536548614502
Time taken for candidate 6122 is 0.51082444190979
Time taken for candidate 6123 is 0.756450891494751
Time taken for candidate 6124 is 0.6980748176574707
Time taken for candidate 6125 is 0.33659815788269043
Time taken for candidate 6126 is 0.45036864280700684
Time taken for candidate 6127 is 0.9404423236846924
Time taken for candidate 6128 is 0.6565237045288086
Time taken for candidate 6129 is 0.513765811920166
Time taken for candidate 6130 is 0.4140431880950928
Time taken for candidate 6131 is 0.33279895782470703
Time taken for candidate 6132 is 0.6485903263092041
Time taken for candidate 6133 is 0.27626824378967285
Time taken for candidate 6134 is 0.7865598201751709
Time taken for candidate 6135 is 0.4742882251739502
Time taken for candidate 6136 is 0.362091064453125
Time taken for candidate 6137 is 0.5660707950592041
Time taken for candidate 6138 is 0.5984268188476562
Time taken for candidate 6139 is 0.5479221343994141
Time taken for candidate 6140 is 0.6176211833953857
Time taken for candidate 6141 is 0.47336483001708984
Time taken for candidate 6142 is 0.6751842498779297
Time taken for candidate 6143 is 0.7623121738433838
Time taken for candidate 6144 is 0.7510464191436768
Time taken for candidate 6145 is 0.7971885204315186
Time taken for candidate 6146 is 0.8220987319946289
Time taken for candidate 6147 is 0.33353090286254883
Time taken for candidate 6148 is 0.3605952262878418
Time taken for candidate 6149 is 0.598806619644165
Time taken for candidate 6150 is 0.5857617855072021
Time taken for candidate 6151 is 0.5461018085479736
Time taken for candidate 6152 is 0.6104440689086914
Time taken for candidate 6153 is 0.44892287254333496
Time taken for candidate 6154 is 0.1117253303527832
Time taken for candidate 6155 is 0.45780301094055176
Time taken for candidate 6156 is 0.559645414352417
Time taken for candidate 6157 is 0.9561283588409424
Time taken for candidate 6158 is 0.948976993560791
Time taken for candidate 6159 is 0.6233513355255127
Time taken for candidate 6160 is 0.556835412979126
Time taken for candidate 6161 is 0.5051648616790771
Time taken for candidate 6162 is 0.9437789916992188
Time taken for candidate 6163 is 0.29608631134033203
Time taken for candidate 6164 is 0.53641676902771
Time taken for candidate 6165 is 0.8030374050140381
Time taken for candidate 6166 is 0.16253662109375
Time taken for candidate 6167 is 0.19061899185180664
Time taken for candidate 6168 is 0.616828203201294
Time taken for candidate 6169 is 0.9295177459716797
Time taken for candidate 6170 is 0.7215898036956787
Time taken for candidate 6171 is 0.7124526500701904
Time taken for candidate 6172 is 0.6063520908355713
Time taken for candidate 6173 is 0.2763938903808594
Time taken for candidate 6174 is 0.4256742000579834
Time taken for candidate 6175 is 0.3728599548339844
Time taken for candidate 6176 is 0.4792208671569824
Time taken for candidate 6177 is 0.7957496643066406
Time taken for candidate 6178 is 0.5218431949615479
Time taken for candidate 6179 is 0.15596842765808105
Time taken for candidate 6180 is 1.170440912246704
Time taken for candidate 6181 is 0.5895819664001465
Time taken for candidate 6182 is 0.8514416217803955
Time taken for candidate 6183 is 0.7242302894592285
Time taken for candidate 6184 is 0.38108086585998535
Time taken for candidate 6185 is 0.5127606391906738
Time taken for candidate 6186 is 0.3493208885192871
Time taken for candidate 6187 is 0.22768783569335938
Time taken for candidate 6188 is 0.11733198165893555
Time taken for candidate 6189 is 0.37369441986083984
Time taken for candidate 6190 is 1.026642084121704
Time taken for candidate 6191 is 0.6368634700775146
Time taken for candidate 6192 is 0.7817165851593018
Time taken for candidate 6193 is 0.4331052303314209
Time taken for candidate 6194 is 1.042078971862793
Time taken for candidate 6195 is 0.6749756336212158
Time taken for candidate 6196 is 0.3938717842102051
Time taken for candidate 6197 is 0.6830704212188721
Time taken for candidate 6198 is 0.8827407360076904
Time taken for candidate 6199 is 0.30678629875183105
Time taken for candidate 6200 is 0.923398494720459
Time taken for candidate 6201 is 0.2241976261138916
Time taken for candidate 6202 is 0.21092891693115234
Time taken for candidate 6203 is 1.0001513957977295
Time taken for candidate 6204 is 0.9323728084564209
Time taken for candidate 6205 is 0.21280980110168457
Time taken for candidate 6206 is 0.3429388999938965
Time taken for candidate 6207 is 0.1578688621520996
Time taken for candidate 6208 is 0.7319128513336182
Time taken for candidate 6209 is 0.4596848487854004
Time taken for candidate 6210 is 0.5585682392120361
Time taken for candidate 6211 is 0.3605539798736572
Time taken for candidate 6212 is 0.6206209659576416
Time taken for candidate 6213 is 0.25801563262939453
Time taken for candidate 6214 is 0.39252161979675293
Time taken for candidate 6215 is 0.30375051498413086
Time taken for candidate 6216 is 0.7295341491699219
Time taken for candidate 6217 is 0.23548674583435059
Time taken for candidate 6218 is 0.5653133392333984
Time taken for candidate 6219 is 0.647796630859375
Time taken for candidate 6220 is 0.874462366104126
Time taken for candidate 6221 is 0.5367248058319092
Time taken for candidate 6222 is 0.46654367446899414
Time taken for candidate 6223 is 0.8748705387115479
Time taken for candidate 6224 is 0.22999882698059082
Time taken for candidate 6225 is 0.7563114166259766
Time taken for candidate 6226 is 0.47802186012268066
Time taken for candidate 6227 is 0.32767462730407715
Time taken for candidate 6228 is 0.9278135299682617
Time taken for candidate 6229 is 0.157440185546875
Time taken for candidate 6230 is 0.19454097747802734
Time taken for candidate 6231 is 0.5111446380615234
Time taken for candidate 6232 is 0.5381655693054199
Time taken for candidate 6233 is 0.11612153053283691
Time taken for candidate 6234 is 0.3641021251678467
Time taken for candidate 6235 is 0.17471885681152344
Time taken for candidate 6236 is 0.6176495552062988
Time taken for candidate 6237 is 0.7588217258453369
Time taken for candidate 6238 is 0.20081734657287598
Time taken for candidate 6239 is 0.7261679172515869
Time taken for candidate 6240 is 0.69002366065979
Time taken for candidate 6241 is 0.25945425033569336
Time taken for candidate 6242 is 0.09902119636535645
Time taken for candidate 6243 is 0.7003884315490723
Time taken for candidate 6244 is 0.48175764083862305
Time taken for candidate 6245 is 0.8353173732757568
Time taken for candidate 6246 is 0.7439594268798828
Time taken for candidate 6247 is 0.6373400688171387
Time taken for candidate 6248 is 0.32404351234436035
Time taken for candidate 6249 is 1.0110630989074707
Time taken for candidate 6250 is 1.0847783088684082
Time taken for candidate 6251 is 0.2934091091156006
Time taken for candidate 6252 is 0.31888866424560547
Time taken for candidate 6253 is 0.7564318180084229
Time taken for candidate 6254 is 0.8684670925140381
Time taken for candidate 6255 is 0.23372650146484375
Time taken for candidate 6256 is 0.24516963958740234
Time taken for candidate 6257 is 0.15082669258117676
Time taken for candidate 6258 is 0.1761636734008789
Time taken for candidate 6259 is 0.3977046012878418
Time taken for candidate 6260 is 0.4400498867034912
Time taken for candidate 6261 is 0.3977048397064209
Time taken for candidate 6262 is 0.8232338428497314
Time taken for candidate 6263 is 0.8908648490905762
Time taken for candidate 6264 is 1.2667973041534424
Time taken for candidate 6265 is 0.4824395179748535
Time taken for candidate 6266 is 0.2550170421600342
Time taken for candidate 6267 is 0.9813022613525391
Time taken for candidate 6268 is 0.8561258316040039
Time taken for candidate 6269 is 0.30751609802246094
Time taken for candidate 6270 is 1.0019993782043457
Time taken for candidate 6271 is 0.42122745513916016
Time taken for candidate 6272 is 0.655925989151001
Time taken for candidate 6273 is 0.4498565196990967
Time taken for candidate 6274 is 0.47890639305114746
Time taken for candidate 6275 is 0.15481066703796387
Time taken for candidate 6276 is 0.7869343757629395
Time taken for candidate 6277 is 0.16463422775268555
Time taken for candidate 6278 is 0.3309645652770996
Time taken for candidate 6279 is 0.5807187557220459
Time taken for candidate 6280 is 0.41211557388305664
Time taken for candidate 6281 is 0.9523744583129883
Time taken for candidate 6282 is 0.9694874286651611
Time taken for candidate 6283 is 0.19214653968811035
Time taken for candidate 6284 is 0.8451950550079346
Time taken for candidate 6285 is 0.5968072414398193
Time taken for candidate 6286 is 0.9651448726654053
Time taken for candidate 6287 is 0.810901403427124
Time taken for candidate 6288 is 0.4315309524536133
Time taken for candidate 6289 is 0.3558225631713867
Time taken for candidate 6290 is 0.30283308029174805
Time taken for candidate 6291 is 0.481001615524292
Time taken for candidate 6292 is 0.9224908351898193
Time taken for candidate 6293 is 0.6469988822937012
Time taken for candidate 6294 is 0.8035862445831299
Time taken for candidate 6295 is 0.29584503173828125
Time taken for candidate 6296 is 0.2618851661682129
Time taken for candidate 6297 is 0.4203917980194092
Time taken for candidate 6298 is 0.30721211433410645
Time taken for candidate 6299 is 0.587986946105957
Time taken for candidate 6300 is 0.7487945556640625
Time taken for candidate 6301 is 1.0281355381011963
Time taken for candidate 6302 is 0.43870997428894043
Time taken for candidate 6303 is 0.2612581253051758
Time taken for candidate 6304 is 0.3253192901611328
Time taken for candidate 6305 is 0.6029233932495117
Time taken for candidate 6306 is 0.31041479110717773
Time taken for candidate 6307 is 0.6716175079345703
Time taken for candidate 6308 is 0.9020605087280273
Time taken for candidate 6309 is 0.27741122245788574
Time taken for candidate 6310 is 0.7257044315338135
Time taken for candidate 6311 is 0.4121360778808594
Time taken for candidate 6312 is 0.6288175582885742
Time taken for candidate 6313 is 0.7838623523712158
Time taken for candidate 6314 is 0.2586402893066406
Time taken for candidate 6315 is 0.3542182445526123
Time taken for candidate 6316 is 0.5657958984375
Time taken for candidate 6317 is 1.0045664310455322
Time taken for candidate 6318 is 0.3366239070892334
Time taken for candidate 6319 is 0.6273794174194336
Time taken for candidate 6320 is 0.3307809829711914
Time taken for candidate 6321 is 0.34178805351257324
Time taken for candidate 6322 is 0.39890050888061523
Time taken for candidate 6323 is 0.3273475170135498
Time taken for candidate 6324 is 0.15913748741149902
Time taken for candidate 6325 is 0.3883934020996094
Time taken for candidate 6326 is 0.17154240608215332
Time taken for candidate 6327 is 0.744159460067749
Time taken for candidate 6328 is 0.5545923709869385
Time taken for candidate 6329 is 0.5064542293548584
Time taken for candidate 6330 is 0.7795820236206055
Time taken for candidate 6331 is 0.7847628593444824
Time taken for candidate 6332 is 0.12964653968811035
Time taken for candidate 6333 is 0.607079267501831
Time taken for candidate 6334 is 0.5470004081726074
Time taken for candidate 6335 is 0.5438086986541748
Time taken for candidate 6336 is 0.8236780166625977
Time taken for candidate 6337 is 0.4791245460510254
Time taken for candidate 6338 is 0.8912224769592285
Time taken for candidate 6339 is 0.4580535888671875
Time taken for candidate 6340 is 0.7952930927276611
Time taken for candidate 6341 is 0.5684547424316406
Time taken for candidate 6342 is 0.29737353324890137
Time taken for candidate 6343 is 0.7055270671844482
Time taken for candidate 6344 is 0.4620075225830078
Time taken for candidate 6345 is 0.48677563667297363
Time taken for candidate 6346 is 0.4728522300720215
Time taken for candidate 6347 is 0.3959388732910156
Time taken for candidate 6348 is 0.4019951820373535
Time taken for candidate 6349 is 0.7778348922729492
Time taken for candidate 6350 is 0.7118968963623047
Time taken for candidate 6351 is 0.5373048782348633
Time taken for candidate 6352 is 0.6983311176300049
Time taken for candidate 6353 is 0.797480583190918
Time taken for candidate 6354 is 0.29860997200012207
Time taken for candidate 6355 is 0.515892744064331
Time taken for candidate 6356 is 0.2692561149597168
Time taken for candidate 6357 is 0.16861915588378906
Time taken for candidate 6358 is 0.3048558235168457
Time taken for candidate 6359 is 0.159287691116333
Time taken for candidate 6360 is 0.6228535175323486
Time taken for candidate 6361 is 0.5720045566558838
Time taken for candidate 6362 is 0.4711024761199951
Time taken for candidate 6363 is 0.9470067024230957
Time taken for candidate 6364 is 0.7325441837310791
Time taken for candidate 6365 is 0.36164307594299316
Time taken for candidate 6366 is 1.3095927238464355
Time taken for candidate 6367 is 0.3970167636871338
Time taken for candidate 6368 is 0.3316836357116699
Time taken for candidate 6369 is 0.3514118194580078
Time taken for candidate 6370 is 0.17870855331420898
Time taken for candidate 6371 is 0.9285821914672852
Time taken for candidate 6372 is 0.37762951850891113
Time taken for candidate 6373 is 0.3840820789337158
Time taken for candidate 6374 is 0.7125790119171143
Time taken for candidate 6375 is 0.3269052505493164
Time taken for candidate 6376 is 0.5272834300994873
Time taken for candidate 6377 is 1.0250821113586426
Time taken for candidate 6378 is 0.8203840255737305
Time taken for candidate 6379 is 0.7536370754241943
Time taken for candidate 6380 is 0.42339253425598145
Time taken for candidate 6381 is 0.8589658737182617
Time taken for candidate 6382 is 0.24399852752685547
Time taken for candidate 6383 is 0.5112395286560059
Time taken for candidate 6384 is 0.792940616607666
Time taken for candidate 6385 is 0.5039563179016113
Time taken for candidate 6386 is 0.9190511703491211
Time taken for candidate 6387 is 0.7085103988647461
Time taken for candidate 6388 is 0.7845747470855713
Time taken for candidate 6389 is 0.6118268966674805
Time taken for candidate 6390 is 0.47958850860595703
Time taken for candidate 6391 is 0.30094361305236816
Time taken for candidate 6392 is 0.8857355117797852
Time taken for candidate 6393 is 0.33274078369140625
Time taken for candidate 6394 is 0.07041072845458984
Time taken for candidate 6395 is 0.4080173969268799
Time taken for candidate 6396 is 0.9116322994232178
Time taken for candidate 6397 is 0.5057163238525391
Time taken for candidate 6398 is 0.5087296962738037
Time taken for candidate 6399 is 0.30673956871032715
Time taken for candidate 6400 is 0.45331239700317383
Time taken for candidate 6401 is 0.32373690605163574
Time taken for candidate 6402 is 0.41764259338378906
Time taken for candidate 6403 is 0.13315129280090332
Time taken for candidate 6404 is 0.4989657402038574
Time taken for candidate 6405 is 0.4883430004119873
Time taken for candidate 6406 is 0.7416131496429443
Time taken for candidate 6407 is 0.38105320930480957
Time taken for candidate 6408 is 1.124424695968628
Time taken for candidate 6409 is 0.37748146057128906
Time taken for candidate 6410 is 1.0411298274993896
Time taken for candidate 6411 is 0.18207263946533203
Time taken for candidate 6412 is 0.7313358783721924
Time taken for candidate 6413 is 0.35460901260375977
Time taken for candidate 6414 is 0.4264345169067383
Time taken for candidate 6415 is 0.4923827648162842
Time taken for candidate 6416 is 0.21416115760803223
Time taken for candidate 6417 is 1.1239657402038574
Time taken for candidate 6418 is 0.7280964851379395
Time taken for candidate 6419 is 0.9576847553253174
Time taken for candidate 6420 is 0.28972411155700684
Time taken for candidate 6421 is 0.2325117588043213
Time taken for candidate 6422 is 0.11559200286865234
Time taken for candidate 6423 is 0.4923403263092041
Time taken for candidate 6424 is 0.6572401523590088
Time taken for candidate 6425 is 0.3165905475616455
Time taken for candidate 6426 is 0.5086290836334229
Time taken for candidate 6427 is 0.44953036308288574
Time taken for candidate 6428 is 0.27482104301452637
Time taken for candidate 6429 is 0.45174312591552734
Time taken for candidate 6430 is 0.34015393257141113
Time taken for candidate 6431 is 0.34006214141845703
Time taken for candidate 6432 is 0.9895327091217041
Time taken for candidate 6433 is 0.631399393081665
Time taken for candidate 6434 is 0.5596632957458496
Time taken for candidate 6435 is 0.20973634719848633
Time taken for candidate 6436 is 0.4042181968688965
Time taken for candidate 6437 is 0.31141042709350586
Time taken for candidate 6438 is 0.370328426361084
Time taken for candidate 6439 is 0.4727611541748047
Time taken for candidate 6440 is 0.38077592849731445
Time taken for candidate 6441 is 0.8161251544952393
Time taken for candidate 6442 is 0.2940943241119385
Time taken for candidate 6443 is 0.6447780132293701
Time taken for candidate 6444 is 0.7191023826599121
Time taken for candidate 6445 is 0.7084848880767822
Time taken for candidate 6446 is 0.6512491703033447
Time taken for candidate 6447 is 0.5256314277648926
Time taken for candidate 6448 is 0.5522489547729492
Time taken for candidate 6449 is 0.07850956916809082
Time taken for candidate 6450 is 0.4958024024963379
Time taken for candidate 6451 is 0.24276256561279297
Time taken for candidate 6452 is 0.32771944999694824
Time taken for candidate 6453 is 0.45688915252685547
Time taken for candidate 6454 is 0.15400218963623047
Time taken for candidate 6455 is 0.9102203845977783
Time taken for candidate 6456 is 0.22022032737731934
Time taken for candidate 6457 is 0.5940780639648438
Time taken for candidate 6458 is 0.41709446907043457
Time taken for candidate 6459 is 0.3610210418701172
Time taken for candidate 6460 is 0.898735523223877
Time taken for candidate 6461 is 0.34714221954345703
Time taken for candidate 6462 is 0.34953951835632324
Time taken for candidate 6463 is 0.5548484325408936
Time taken for candidate 6464 is 0.3816647529602051
Time taken for candidate 6465 is 0.3920450210571289
Time taken for candidate 6466 is 0.589324951171875
Time taken for candidate 6467 is 0.3730013370513916
Time taken for candidate 6468 is 0.3892502784729004
Time taken for candidate 6469 is 0.35059595108032227
Time taken for candidate 6470 is 0.5244770050048828
Time taken for candidate 6471 is 0.3575780391693115
Time taken for candidate 6472 is 0.8889803886413574
Time taken for candidate 6473 is 0.28421473503112793
Time taken for candidate 6474 is 0.9327237606048584
Time taken for candidate 6475 is 0.3414440155029297
Time taken for candidate 6476 is 0.90201735496521
Time taken for candidate 6477 is 0.4094657897949219
Time taken for candidate 6478 is 0.9184448719024658
Time taken for candidate 6479 is 0.14133048057556152
Time taken for candidate 6480 is 0.8709936141967773
Time taken for candidate 6481 is 0.19630169868469238
Time taken for candidate 6482 is 0.15984249114990234
Time taken for candidate 6483 is 1.2360379695892334
Time taken for candidate 6484 is 0.8389723300933838
Time taken for candidate 6485 is 1.1670622825622559
Time taken for candidate 6486 is 0.4086143970489502
Time taken for candidate 6487 is 0.6740360260009766
Time taken for candidate 6488 is 0.3469276428222656
Time taken for candidate 6489 is 0.4578206539154053
Time taken for candidate 6490 is 0.24681353569030762
Time taken for candidate 6491 is 0.8822309970855713
Time taken for candidate 6492 is 0.452603816986084
Time taken for candidate 6493 is 0.5293612480163574
Time taken for candidate 6494 is 0.2817363739013672
Time taken for candidate 6495 is 0.39801669120788574
Time taken for candidate 6496 is 0.3547513484954834
Time taken for candidate 6497 is 0.49501681327819824
Time taken for candidate 6498 is 0.39414048194885254
Time taken for candidate 6499 is 0.2778933048248291
Time taken for candidate 6500 is 0.3563253879547119
Time taken for candidate 6501 is 0.32924723625183105
Time taken for candidate 6502 is 0.5800549983978271
Time taken for candidate 6503 is 0.32892584800720215
Time taken for candidate 6504 is 0.5329673290252686
Time taken for candidate 6505 is 0.6971580982208252
Time taken for candidate 6506 is 0.24831628799438477
Time taken for candidate 6507 is 0.8460977077484131
Time taken for candidate 6508 is 0.5053281784057617
Time taken for candidate 6509 is 0.33533811569213867
Time taken for candidate 6510 is 0.3594319820404053
Time taken for candidate 6511 is 0.5170786380767822
Time taken for candidate 6512 is 1.0202577114105225
Time taken for candidate 6513 is 0.3561058044433594
Time taken for candidate 6514 is 0.3100745677947998
Time taken for candidate 6515 is 0.45032477378845215
Time taken for candidate 6516 is 1.0851972103118896
Time taken for candidate 6517 is 0.31017351150512695
Time taken for candidate 6518 is 0.3034350872039795
Time taken for candidate 6519 is 0.8539204597473145
Time taken for candidate 6520 is 0.7605178356170654
Time taken for candidate 6521 is 0.4514119625091553
Time taken for candidate 6522 is 0.4134089946746826
Time taken for candidate 6523 is 0.489851713180542
Time taken for candidate 6524 is 0.39670300483703613
Time taken for candidate 6525 is 0.3500502109527588
Time taken for candidate 6526 is 0.2766129970550537
Time taken for candidate 6527 is 0.48742246627807617
Time taken for candidate 6528 is 0.3408498764038086
Time taken for candidate 6529 is 0.753882884979248
Time taken for candidate 6530 is 1.4704704284667969
Time taken for candidate 6531 is 0.1861259937286377
Time taken for candidate 6532 is 0.8013770580291748
Time taken for candidate 6533 is 0.42635059356689453
Time taken for candidate 6534 is 0.311845064163208
Time taken for candidate 6535 is 0.8442261219024658
Time taken for candidate 6536 is 0.8585429191589355
Time taken for candidate 6537 is 0.27491140365600586
Time taken for candidate 6538 is 0.37215185165405273
Time taken for candidate 6539 is 0.15537762641906738
Time taken for candidate 6540 is 0.28683042526245117
Time taken for candidate 6541 is 0.6065645217895508
Time taken for candidate 6542 is 0.6993610858917236
Time taken for candidate 6543 is 0.733386754989624
Time taken for candidate 6544 is 0.4824855327606201
Time taken for candidate 6545 is 0.23892831802368164
Time taken for candidate 6546 is 0.29241347312927246
Time taken for candidate 6547 is 0.23858904838562012
Time taken for candidate 6548 is 0.27616310119628906
Time taken for candidate 6549 is 1.0240352153778076
Time taken for candidate 6550 is 0.18532514572143555
Time taken for candidate 6551 is 0.5643446445465088
Time taken for candidate 6552 is 0.28659987449645996
Time taken for candidate 6553 is 0.7168772220611572
Time taken for candidate 6554 is 0.7489609718322754
Time taken for candidate 6555 is 0.31316232681274414
Time taken for candidate 6556 is 0.3395709991455078
Time taken for candidate 6557 is 0.4649345874786377
Time taken for candidate 6558 is 0.2867696285247803
Time taken for candidate 6559 is 0.33884334564208984
Time taken for candidate 6560 is 0.34978175163269043
Time taken for candidate 6561 is 0.8154778480529785
Time taken for candidate 6562 is 0.38259005546569824
Time taken for candidate 6563 is 0.9152963161468506
Time taken for candidate 6564 is 0.9371016025543213
Time taken for candidate 6565 is 0.6842892169952393
Time taken for candidate 6566 is 0.7413301467895508
Time taken for candidate 6567 is 0.5384531021118164
Time taken for candidate 6568 is 0.26585817337036133
Time taken for candidate 6569 is 0.37576889991760254
Time taken for candidate 6570 is 0.5781054496765137
Time taken for candidate 6571 is 0.8312115669250488
Time taken for candidate 6572 is 0.657764196395874
Time taken for candidate 6573 is 0.2808237075805664
Time taken for candidate 6575 is 0.9516336917877197
Time taken for candidate 6576 is 0.5003988742828369
Time taken for candidate 6577 is 0.35570406913757324
Time taken for candidate 6578 is 0.5096585750579834
Time taken for candidate 6579 is 0.6408324241638184
Time taken for candidate 6580 is 0.7028303146362305
Time taken for candidate 6581 is 0.3267323970794678
Time taken for candidate 6582 is 0.6436676979064941
Time taken for candidate 6583 is 0.41113972663879395
Time taken for candidate 6584 is 0.731421947479248
Time taken for candidate 6585 is 0.1820216178894043
Time taken for candidate 6586 is 0.7768499851226807
Time taken for candidate 6587 is 0.46672534942626953
Time taken for candidate 6588 is 0.17134618759155273
Time taken for candidate 6589 is 0.4403257369995117
Time taken for candidate 6590 is 0.371600866317749
Time taken for candidate 6591 is 0.5087287425994873
Time taken for candidate 6592 is 0.5951781272888184
Time taken for candidate 6593 is 0.41130566596984863
Time taken for candidate 6594 is 0.3809394836425781
Time taken for candidate 6595 is 0.3358142375946045
Time taken for candidate 6596 is 0.6308550834655762
Time taken for candidate 6597 is 0.7203388214111328
Time taken for candidate 6598 is 0.15797972679138184
Time taken for candidate 6599 is 0.614241361618042
Time taken for candidate 6600 is 0.6108231544494629
Time taken for candidate 6601 is 0.5775370597839355
Time taken for candidate 6602 is 0.3211503028869629
Time taken for candidate 6603 is 0.33031201362609863
Time taken for candidate 6604 is 0.22557854652404785
Time taken for candidate 6605 is 0.2097032070159912
Time taken for candidate 6606 is 0.36887574195861816
Time taken for candidate 6607 is 0.38532280921936035
Time taken for candidate 6608 is 0.3737165927886963
Time taken for candidate 6609 is 0.407961368560791
Time taken for candidate 6610 is 0.24072003364562988
Time taken for candidate 6611 is 0.32117223739624023
Time taken for candidate 6612 is 0.20386695861816406
Time taken for candidate 6613 is 0.29030776023864746
Time taken for candidate 6614 is 0.14089512825012207
Time taken for candidate 6615 is 0.48692846298217773
Time taken for candidate 6616 is 0.13879847526550293
Time taken for candidate 6617 is 0.525238037109375
Time taken for candidate 6618 is 0.3863229751586914
Time taken for candidate 6619 is 0.8484315872192383
Time taken for candidate 6620 is 0.2754495143890381
Time taken for candidate 6621 is 0.26786255836486816
Time taken for candidate 6622 is 0.30555200576782227
Time taken for candidate 6623 is 0.7716333866119385
Time taken for candidate 6624 is 0.4549136161804199
Time taken for candidate 6625 is 0.4002974033355713
Time taken for candidate 6626 is 0.356738805770874
Time taken for candidate 6627 is 0.5960712432861328
Time taken for candidate 6628 is 0.22848224639892578
Time taken for candidate 6629 is 0.3319399356842041
Time taken for candidate 6630 is 0.21362042427062988
Time taken for candidate 6631 is 0.5586891174316406
Time taken for candidate 6632 is 0.4323546886444092
Time taken for candidate 6633 is 0.9137814044952393
Time taken for candidate 6634 is 0.3437075614929199
Time taken for candidate 6635 is 0.43961071968078613
Time taken for candidate 6636 is 0.706488847732544
Time taken for candidate 6637 is 0.7602219581604004
Time taken for candidate 6638 is 0.473574161529541
Time taken for candidate 6639 is 0.48502540588378906
Time taken for candidate 6640 is 0.3649327754974365
Time taken for candidate 6641 is 0.33457136154174805
Time taken for candidate 6642 is 0.3857078552246094
Time taken for candidate 6643 is 0.700476884841919
Time taken for candidate 6644 is 0.39613795280456543
Time taken for candidate 6645 is 0.7593224048614502
Time taken for candidate 6646 is 0.8009042739868164
Time taken for candidate 6647 is 0.21179485321044922
Time taken for candidate 6648 is 0.5502951145172119
Time taken for candidate 6649 is 0.16635346412658691
Time taken for candidate 6650 is 0.3805546760559082
Time taken for candidate 6651 is 0.7872309684753418
Time taken for candidate 6652 is 0.6645340919494629
Time taken for candidate 6653 is 0.5781927108764648
Time taken for candidate 6654 is 0.7182173728942871
Time taken for candidate 6655 is 0.8344063758850098
Time taken for candidate 6656 is 0.3719468116760254
Time taken for candidate 6657 is 0.781611442565918
Time taken for candidate 6658 is 0.5096614360809326
Time taken for candidate 6659 is 0.5379750728607178
Time taken for candidate 6660 is 0.9090914726257324
Time taken for candidate 6661 is 0.7450375556945801
Time taken for candidate 6662 is 0.5850849151611328
Time taken for candidate 6663 is 0.45050692558288574
Time taken for candidate 6664 is 0.5105142593383789
Time taken for candidate 6665 is 0.48553919792175293
Time taken for candidate 6666 is 0.5637211799621582
Time taken for candidate 6667 is 0.4019341468811035
Time taken for candidate 6668 is 0.34234166145324707
Time taken for candidate 6669 is 0.645745038986206
Time taken for candidate 6670 is 0.19928789138793945
Time taken for candidate 6671 is 0.2649557590484619
Time taken for candidate 6672 is 1.080103874206543
Time taken for candidate 6673 is 0.3210716247558594
Time taken for candidate 6674 is 0.2752411365509033
Time taken for candidate 6675 is 0.47019338607788086
Time taken for candidate 6676 is 0.5040481090545654
Time taken for candidate 6677 is 0.772789478302002
Time taken for candidate 6678 is 0.5869038105010986
Time taken for candidate 6679 is 0.7012407779693604
Time taken for candidate 6680 is 0.906296968460083
Time taken for candidate 6681 is 0.661811113357544
Time taken for candidate 6682 is 0.8283910751342773
Time taken for candidate 6683 is 0.7804205417633057
Time taken for candidate 6684 is 0.39021849632263184
Time taken for candidate 6685 is 0.3619832992553711
Time taken for candidate 6686 is 0.3890047073364258
Time taken for candidate 6687 is 0.5623254776000977
Time taken for candidate 6688 is 0.2055962085723877
Time taken for candidate 6689 is 0.22794079780578613
Time taken for candidate 6690 is 0.4530825614929199
Time taken for candidate 6691 is 0.37395811080932617
Time taken for candidate 6692 is 0.5877227783203125
Time taken for candidate 6693 is 0.6254422664642334
Time taken for candidate 6694 is 0.7139790058135986
Time taken for candidate 6695 is 0.291424036026001
Time taken for candidate 6696 is 0.9129576683044434
Time taken for candidate 6697 is 0.4625883102416992
Time taken for candidate 6698 is 0.3650836944580078
Time taken for candidate 6699 is 0.5937201976776123
Time taken for candidate 6700 is 0.49527454376220703
Time taken for candidate 6701 is 0.790942907333374
Time taken for candidate 6702 is 0.1276872158050537
Time taken for candidate 6703 is 0.35430192947387695
Time taken for candidate 6704 is 0.6023383140563965
Time taken for candidate 6705 is 1.1549723148345947
Time taken for candidate 6706 is 0.648409366607666
Time taken for candidate 6707 is 0.6140449047088623
Time taken for candidate 6708 is 0.1739966869354248
Time taken for candidate 6709 is 0.6184887886047363
Time taken for candidate 6710 is 0.1176154613494873
Time taken for candidate 6711 is 0.471113920211792
Time taken for candidate 6712 is 0.7589623928070068
Time taken for candidate 6713 is 0.3794138431549072
Time taken for candidate 6714 is 0.50461745262146
Time taken for candidate 6715 is 0.09965658187866211
Time taken for candidate 6716 is 0.9628946781158447
Time taken for candidate 6717 is 0.691422700881958
Time taken for candidate 6718 is 0.43665027618408203
Time taken for candidate 6719 is 0.23002219200134277
Time taken for candidate 6720 is 0.22286605834960938
Time taken for candidate 6721 is 0.6923003196716309
Time taken for candidate 6722 is 0.29593467712402344
Time taken for candidate 6723 is 0.40346646308898926
Time taken for candidate 6724 is 0.4218928813934326
Time taken for candidate 6725 is 0.2720661163330078
Time taken for candidate 6726 is 0.5825684070587158
Time taken for candidate 6727 is 0.6677520275115967
Time taken for candidate 6728 is 0.5266053676605225
Time taken for candidate 6729 is 0.33376026153564453
Time taken for candidate 6730 is 0.5030066967010498
Time taken for candidate 6731 is 0.13280105590820312
Time taken for candidate 6732 is 0.7477917671203613
Time taken for candidate 6733 is 1.0023479461669922
Time taken for candidate 6734 is 0.21257257461547852
Time taken for candidate 6735 is 0.7820463180541992
Time taken for candidate 6736 is 0.44289565086364746
Time taken for candidate 6737 is 0.3350706100463867
Time taken for candidate 6738 is 0.4137077331542969
Time taken for candidate 6739 is 0.7172646522521973
Time taken for candidate 6740 is 0.7590513229370117
Time taken for candidate 6741 is 0.928302526473999
Time taken for candidate 6742 is 0.8057277202606201
Time taken for candidate 6743 is 0.36092519760131836
Time taken for candidate 6744 is 0.9768013954162598
Time taken for candidate 6745 is 0.4574611186981201
Time taken for candidate 6746 is 0.1845552921295166
Time taken for candidate 6747 is 0.5617175102233887
Time taken for candidate 6748 is 0.837446928024292
Time taken for candidate 6749 is 0.4492154121398926
Time taken for candidate 6750 is 0.177170991897583
Time taken for candidate 6751 is 0.9176084995269775
Time taken for candidate 6752 is 0.7023024559020996
Time taken for candidate 6753 is 0.31029796600341797
Time taken for candidate 6754 is 0.24994826316833496
Time taken for candidate 6755 is 0.5333347320556641
Time taken for candidate 6756 is 0.4458487033843994
Time taken for candidate 6757 is 0.7115447521209717
Time taken for candidate 6758 is 0.6569905281066895
Time taken for candidate 6759 is 0.2537801265716553
Time taken for candidate 6760 is 0.8614933490753174
Time taken for candidate 6761 is 0.4010176658630371
Time taken for candidate 6762 is 0.9039914608001709
Time taken for candidate 6763 is 0.5731503963470459
Time taken for candidate 6764 is 0.612152099609375
Time taken for candidate 6765 is 0.6121125221252441
Time taken for candidate 6766 is 0.23963284492492676
Time taken for candidate 6767 is 0.6030087471008301
Time taken for candidate 6768 is 0.2527949810028076
Time taken for candidate 6769 is 0.542377233505249
Time taken for candidate 6770 is 0.7441868782043457
Time taken for candidate 6771 is 0.6343443393707275
Time taken for candidate 6772 is 0.6929781436920166
Time taken for candidate 6773 is 0.4169750213623047
Time taken for candidate 6774 is 0.34207725524902344
Time taken for candidate 6775 is 0.551154375076294
Time taken for candidate 6776 is 0.3175337314605713
Time taken for candidate 6777 is 0.3770124912261963
Time taken for candidate 6778 is 0.3888893127441406
Time taken for candidate 6779 is 0.9564614295959473
Time taken for candidate 6780 is 0.822749137878418
Time taken for candidate 6781 is 0.9814717769622803
Time taken for candidate 6782 is 0.264801025390625
Time taken for candidate 6783 is 0.5950641632080078
Time taken for candidate 6784 is 0.31052613258361816
Time taken for candidate 6785 is 0.22407054901123047
Time taken for candidate 6786 is 0.8952445983886719
Time taken for candidate 6787 is 0.4879789352416992
Time taken for candidate 6788 is 0.3612864017486572
Time taken for candidate 6789 is 0.6234254837036133
Time taken for candidate 6790 is 0.45702457427978516
Time taken for candidate 6791 is 0.748816728591919
Time taken for candidate 6792 is 0.5348811149597168
Time taken for candidate 6793 is 0.22353887557983398
Time taken for candidate 6794 is 0.3164684772491455
Time taken for candidate 6795 is 0.30489349365234375
Time taken for candidate 6796 is 0.19140410423278809
Time taken for candidate 6797 is 0.3310530185699463
Time taken for candidate 6798 is 0.8155496120452881
Time taken for candidate 6799 is 0.29996418952941895
Time taken for candidate 6800 is 0.6904692649841309
Time taken for candidate 6801 is 0.22134733200073242
Time taken for candidate 6802 is 0.6143555641174316
Time taken for candidate 6803 is 0.44779062271118164
Time taken for candidate 6804 is 0.6978540420532227
Time taken for candidate 6805 is 0.9236264228820801
Time taken for candidate 6806 is 0.5479011535644531
Time taken for candidate 6807 is 0.3526134490966797
Time taken for candidate 6808 is 0.6297540664672852
Time taken for candidate 6809 is 0.7128307819366455
Time taken for candidate 6810 is 0.6368355751037598
Time taken for candidate 6811 is 1.0073416233062744
Time taken for candidate 6812 is 0.2868008613586426
Time taken for candidate 6813 is 0.3867363929748535
Time taken for candidate 6814 is 0.4329841136932373
Time taken for candidate 6815 is 0.7857017517089844
Time taken for candidate 6816 is 0.7509686946868896
Time taken for candidate 6817 is 0.37905311584472656
Time taken for candidate 6818 is 0.6810333728790283
Time taken for candidate 6819 is 0.31711530685424805
Time taken for candidate 6820 is 0.32532238960266113
Time taken for candidate 6821 is 0.18699884414672852
Time taken for candidate 6822 is 1.073026418685913
Time taken for candidate 6823 is 0.30097126960754395
Time taken for candidate 6824 is 0.21660113334655762
Time taken for candidate 6825 is 0.6275081634521484
Time taken for candidate 6826 is 0.5328202247619629
Time taken for candidate 6827 is 0.4144461154937744
Time taken for candidate 6828 is 0.3037106990814209
Time taken for candidate 6829 is 0.3333401679992676
Time taken for candidate 6830 is 0.6044971942901611
Time taken for candidate 6831 is 0.9299306869506836
Time taken for candidate 6832 is 0.4348418712615967
Time taken for candidate 6833 is 0.42423272132873535
Time taken for candidate 6834 is 0.31865954399108887
Time taken for candidate 6835 is 0.24152493476867676
Time taken for candidate 6836 is 0.5814332962036133
Time taken for candidate 6837 is 0.5512011051177979
Time taken for candidate 6838 is 1.0245425701141357
Time taken for candidate 6839 is 0.3662097454071045
Time taken for candidate 6840 is 0.6652340888977051
Time taken for candidate 6841 is 0.2509465217590332
Time taken for candidate 6842 is 0.36281466484069824
Time taken for candidate 6843 is 0.6244628429412842
Time taken for candidate 6844 is 0.5583112239837646
Time taken for candidate 6845 is 0.9137747287750244
Time taken for candidate 6846 is 0.41313719749450684
Time taken for candidate 6847 is 0.553739070892334
Time taken for candidate 6848 is 0.5032918453216553
Time taken for candidate 6849 is 0.8833434581756592
Time taken for candidate 6850 is 0.445035457611084
Time taken for candidate 6851 is 0.5793490409851074
Time taken for candidate 6852 is 0.813117504119873
Time taken for candidate 6853 is 0.8059744834899902
Time taken for candidate 6854 is 0.7547993659973145
Time taken for candidate 6855 is 0.37293219566345215
Time taken for candidate 6856 is 0.3823666572570801
Time taken for candidate 6857 is 0.6792802810668945
Time taken for candidate 6858 is 0.5196731090545654
Time taken for candidate 6859 is 0.3985753059387207
Time taken for candidate 6860 is 0.7876381874084473
Time taken for candidate 6861 is 0.34584617614746094
Time taken for candidate 6862 is 0.2476351261138916
Time taken for candidate 6863 is 0.9211483001708984
Time taken for candidate 6864 is 0.11638569831848145
Time taken for candidate 6865 is 0.2952871322631836
Time taken for candidate 6866 is 0.6179463863372803
Time taken for candidate 6867 is 0.3662757873535156
Time taken for candidate 6868 is 0.6754052639007568
Time taken for candidate 6869 is 0.6610443592071533
Time taken for candidate 6870 is 0.565335750579834
Time taken for candidate 6871 is 0.7146499156951904
Time taken for candidate 6872 is 1.0362358093261719
Time taken for candidate 6873 is 0.6175563335418701
Time taken for candidate 6874 is 0.3716118335723877
Time taken for candidate 6875 is 0.3124065399169922
Time taken for candidate 6876 is 0.49898552894592285
Time taken for candidate 6877 is 0.817598819732666
Time taken for candidate 6878 is 0.485274076461792
Time taken for candidate 6879 is 0.5728635787963867
Time taken for candidate 6880 is 0.6839737892150879
Time taken for candidate 6881 is 0.5769655704498291
Time taken for candidate 6882 is 0.41575121879577637
Time taken for candidate 6883 is 0.3208620548248291
Time taken for candidate 6884 is 0.43477749824523926
Time taken for candidate 6885 is 0.19338011741638184
Time taken for candidate 6886 is 0.8462932109832764
Time taken for candidate 6887 is 0.2194812297821045
Time taken for candidate 6888 is 0.8603215217590332
Time taken for candidate 6889 is 0.5996389389038086
Time taken for candidate 6890 is 0.31026411056518555
Time taken for candidate 6891 is 0.4078056812286377
Time taken for candidate 6892 is 0.3818025588989258
Time taken for candidate 6893 is 0.36888647079467773
Time taken for candidate 6894 is 0.6537594795227051
Time taken for candidate 6895 is 0.6105384826660156
Time taken for candidate 6896 is 0.5402505397796631
Time taken for candidate 6897 is 0.662186861038208
Time taken for candidate 6898 is 1.0046045780181885
Time taken for candidate 6899 is 0.7233800888061523
Time taken for candidate 6900 is 0.45854949951171875
Time taken for candidate 6901 is 0.47973084449768066
Time taken for candidate 6902 is 0.31093907356262207
Time taken for candidate 6903 is 0.8776571750640869
Time taken for candidate 6904 is 0.9568266868591309
Time taken for candidate 6905 is 0.27826428413391113
Time taken for candidate 6907 is 0.1618354320526123
Time taken for candidate 6908 is 0.6181924343109131
Time taken for candidate 6909 is 0.25830721855163574
Time taken for candidate 6910 is 0.637401819229126
Time taken for candidate 6911 is 0.4652414321899414
Time taken for candidate 6912 is 0.6324682235717773
Time taken for candidate 6913 is 0.6102805137634277
Time taken for candidate 6914 is 0.2469010353088379
Time taken for candidate 6915 is 0.8598084449768066
Time taken for candidate 6916 is 0.27318620681762695
Time taken for candidate 6917 is 0.5876805782318115
Time taken for candidate 6918 is 0.42954349517822266
Time taken for candidate 6919 is 0.6279973983764648
Time taken for candidate 6920 is 0.841547966003418
Time taken for candidate 6921 is 0.838869571685791
Time taken for candidate 6922 is 0.3231980800628662
Time taken for candidate 6923 is 0.5505783557891846
Time taken for candidate 6924 is 0.7681751251220703
Time taken for candidate 6925 is 0.33333492279052734
Time taken for candidate 6926 is 1.0279297828674316
Time taken for candidate 6927 is 0.4096529483795166
Time taken for candidate 6928 is 0.29577016830444336
Time taken for candidate 6929 is 0.5295767784118652
Time taken for candidate 6930 is 0.949878454208374
Time taken for candidate 6931 is 0.8140709400177002
Time taken for candidate 6932 is 0.5435667037963867
Time taken for candidate 6933 is 0.8117170333862305
Time taken for candidate 6934 is 0.3332486152648926
Time taken for candidate 6935 is 0.3959946632385254
Time taken for candidate 6936 is 0.4994504451751709
Time taken for candidate 6937 is 0.6238899230957031
Time taken for candidate 6938 is 0.5219388008117676
Time taken for candidate 6939 is 0.48462343215942383
Time taken for candidate 6940 is 0.6469628810882568
Time taken for candidate 6941 is 0.5796151161193848
Time taken for candidate 6942 is 0.45853519439697266
Time taken for candidate 6943 is 0.4730994701385498
Time taken for candidate 6944 is 0.7453432083129883
Time taken for candidate 6945 is 0.6266779899597168
Time taken for candidate 6946 is 0.699293851852417
Time taken for candidate 6947 is 0.31203603744506836
Time taken for candidate 6948 is 0.11890077590942383
Time taken for candidate 6949 is 0.6949858665466309
Time taken for candidate 6950 is 0.4315357208251953
Time taken for candidate 6951 is 0.13805580139160156
Time taken for candidate 6952 is 0.358386754989624
Time taken for candidate 6953 is 0.3568449020385742
Time taken for candidate 6954 is 0.07000184059143066
Time taken for candidate 6955 is 0.3900022506713867
Time taken for candidate 6956 is 0.188995361328125
Time taken for candidate 6957 is 0.6856889724731445
Time taken for candidate 6958 is 0.620983362197876
Time taken for candidate 6959 is 0.8088197708129883
Time taken for candidate 6960 is 0.6449568271636963
Time taken for candidate 6961 is 0.8543136119842529
Time taken for candidate 6962 is 0.2078542709350586
Time taken for candidate 6963 is 0.5183491706848145
Time taken for candidate 6964 is 0.4660017490386963
Time taken for candidate 6965 is 0.7931060791015625
Time taken for candidate 6966 is 0.2664155960083008
Time taken for candidate 6967 is 0.8635725975036621
Time taken for candidate 6968 is 0.8439090251922607
Time taken for candidate 6969 is 0.7932252883911133
Time taken for candidate 6970 is 0.6397082805633545
Time taken for candidate 6971 is 0.5855472087860107
Time taken for candidate 6972 is 0.6241254806518555
Time taken for candidate 6973 is 0.3123319149017334
Time taken for candidate 6974 is 0.7952728271484375
Time taken for candidate 6975 is 0.42845582962036133
Time taken for candidate 6976 is 0.22490930557250977
Time taken for candidate 6977 is 0.22139930725097656
Time taken for candidate 6978 is 0.14610886573791504
Time taken for candidate 6979 is 0.8132853507995605
Time taken for candidate 6980 is 0.31079745292663574
Time taken for candidate 6981 is 0.636103630065918
Time taken for candidate 6982 is 0.718961238861084
Time taken for candidate 6983 is 0.22760820388793945
Time taken for candidate 6984 is 0.9113759994506836
Time taken for candidate 6985 is 0.34206295013427734
Time taken for candidate 6986 is 0.5389189720153809
Time taken for candidate 6987 is 0.10501766204833984
Time taken for candidate 6988 is 0.7278358936309814
Time taken for candidate 6989 is 0.7833623886108398
Time taken for candidate 6990 is 0.337782621383667
Time taken for candidate 6991 is 0.5104150772094727
Time taken for candidate 6992 is 0.40317511558532715
Time taken for candidate 6993 is 0.28254008293151855
Time taken for candidate 6994 is 0.2997126579284668
Time taken for candidate 6995 is 0.521012544631958
Time taken for candidate 6996 is 0.5413486957550049
Time taken for candidate 6997 is 0.4286777973175049
Time taken for candidate 6998 is 0.15853357315063477
Time taken for candidate 6999 is 0.2747030258178711
Time taken for candidate 7000 is 0.5572633743286133
Time taken for candidate 7001 is 0.5854578018188477
Time taken for candidate 7002 is 0.5362694263458252
Time taken for candidate 7003 is 0.9103744029998779
Time taken for candidate 7004 is 0.4918210506439209
Time taken for candidate 7005 is 0.18763279914855957
Time taken for candidate 7006 is 0.2716362476348877
Time taken for candidate 7007 is 0.7429091930389404
Time taken for candidate 7008 is 0.5911712646484375
Time taken for candidate 7009 is 0.2535388469696045
Time taken for candidate 7010 is 0.3716273307800293
Time taken for candidate 7011 is 0.3230936527252197
Time taken for candidate 7012 is 0.252880334854126
Time taken for candidate 7013 is 0.3407285213470459
Time taken for candidate 7014 is 0.5211582183837891
Time taken for candidate 7015 is 0.3559761047363281
Time taken for candidate 7016 is 0.2931406497955322
Time taken for candidate 7017 is 0.7084884643554688
Time taken for candidate 7018 is 0.5355129241943359
Time taken for candidate 7019 is 0.42522644996643066
Time taken for candidate 7020 is 0.9153220653533936
Time taken for candidate 7021 is 0.4284818172454834
Time taken for candidate 7022 is 0.6236090660095215
Time taken for candidate 7023 is 0.4713902473449707
Time taken for candidate 7024 is 0.09869146347045898
Time taken for candidate 7025 is 0.4582836627960205
Time taken for candidate 7026 is 0.680457592010498
Time taken for candidate 7027 is 0.8489477634429932
Time taken for candidate 7028 is 0.6820793151855469
Time taken for candidate 7029 is 0.8670296669006348
Time taken for candidate 7030 is 0.40672779083251953
Time taken for candidate 7031 is 0.5681207180023193
Time taken for candidate 7032 is 0.6230661869049072
Time taken for candidate 7033 is 0.7262880802154541
Time taken for candidate 7034 is 0.7393708229064941
Time taken for candidate 7035 is 0.4694395065307617
Time taken for candidate 7036 is 1.1015923023223877
Time taken for candidate 7037 is 0.1352672576904297
Time taken for candidate 7038 is 0.33931970596313477
Time taken for candidate 7039 is 0.34045934677124023
Time taken for candidate 7040 is 0.986090898513794
Time taken for candidate 7041 is 0.9137663841247559
Time taken for candidate 7042 is 0.3602290153503418
Time taken for candidate 7043 is 0.6359331607818604
Time taken for candidate 7044 is 0.24913930892944336
Time taken for candidate 7045 is 0.26305222511291504
Time taken for candidate 7046 is 0.10927915573120117
Time taken for candidate 7047 is 0.5915484428405762
Time taken for candidate 7048 is 0.17774581909179688
Time taken for candidate 7049 is 0.6396346092224121
Time taken for candidate 7050 is 0.6608617305755615
Time taken for candidate 7051 is 0.24691462516784668
Time taken for candidate 7052 is 0.4378077983856201
Time taken for candidate 7053 is 0.9021964073181152
Time taken for candidate 7054 is 0.9054756164550781
Time taken for candidate 7055 is 0.4267547130584717
Time taken for candidate 7056 is 0.5863626003265381
Time taken for candidate 7057 is 0.7807559967041016
Time taken for candidate 7058 is 0.3075218200683594
Time taken for candidate 7059 is 0.6586885452270508
Time taken for candidate 7060 is 0.353304386138916
Time taken for candidate 7061 is 0.40747523307800293
Time taken for candidate 7062 is 0.37132835388183594
Time taken for candidate 7063 is 0.6559035778045654
Time taken for candidate 7064 is 0.4025380611419678
Time taken for candidate 7065 is 0.6831815242767334
Time taken for candidate 7066 is 0.6337275505065918
Time taken for candidate 7067 is 0.2993171215057373
Time taken for candidate 7068 is 0.44725584983825684
Time taken for candidate 7069 is 0.7818331718444824
Time taken for candidate 7070 is 0.40271544456481934
Time taken for candidate 7071 is 0.31278181076049805
Time taken for candidate 7072 is 0.4931156635284424
Time taken for candidate 7073 is 0.6707439422607422
Time taken for candidate 7074 is 0.38369059562683105
Time taken for candidate 7075 is 0.7790663242340088
Time taken for candidate 7076 is 0.6513457298278809
Time taken for candidate 7077 is 0.1605679988861084
Time taken for candidate 7078 is 0.33086276054382324
Time taken for candidate 7079 is 0.6759066581726074
Time taken for candidate 7080 is 0.759955883026123
Time taken for candidate 7081 is 0.3202474117279053
Time taken for candidate 7082 is 0.8688383102416992
Time taken for candidate 7083 is 0.5000829696655273
Time taken for candidate 7084 is 0.30217480659484863
Time taken for candidate 7085 is 0.6427147388458252
Time taken for candidate 7086 is 0.36349940299987793
Time taken for candidate 7087 is 0.402111291885376
Time taken for candidate 7088 is 0.6806685924530029
Time taken for candidate 7089 is 0.8874988555908203
Time taken for candidate 7090 is 0.24012303352355957
Time taken for candidate 7091 is 0.185438871383667
Time taken for candidate 7092 is 0.2280728816986084
Time taken for candidate 7093 is 0.4219021797180176
Time taken for candidate 7094 is 0.3846886157989502
Time taken for candidate 7095 is 0.443007230758667
Time taken for candidate 7096 is 0.7470517158508301
Time taken for candidate 7097 is 0.27690863609313965
Time taken for candidate 7098 is 0.1685810089111328
Time taken for candidate 7099 is 0.9429912567138672
Time taken for candidate 7100 is 0.25605010986328125
Time taken for candidate 7101 is 0.31803297996520996
Time taken for candidate 7102 is 0.4328477382659912
Time taken for candidate 7103 is 0.7321820259094238
Time taken for candidate 7104 is 0.3667914867401123
Time taken for candidate 7105 is 0.3524966239929199
Time taken for candidate 7106 is 0.49038243293762207
Time taken for candidate 7107 is 0.870779275894165
Time taken for candidate 7108 is 0.35347795486450195
Time taken for candidate 7109 is 0.768237829208374
Time taken for candidate 7110 is 0.47693538665771484
Time taken for candidate 7111 is 0.7355217933654785
Time taken for candidate 7112 is 0.0945425033569336
Time taken for candidate 7113 is 0.5631685256958008
Time taken for candidate 7114 is 0.24132537841796875
Time taken for candidate 7115 is 0.810356616973877
Time taken for candidate 7116 is 0.5935354232788086
Time taken for candidate 7117 is 0.34789395332336426
Time taken for candidate 7118 is 0.30277323722839355
Time taken for candidate 7119 is 0.10975241661071777
Time taken for candidate 7120 is 0.42943525314331055
Time taken for candidate 7121 is 0.2948448657989502
Time taken for candidate 7122 is 0.47534704208374023
Time taken for candidate 7123 is 0.12750244140625
Time taken for candidate 7124 is 0.6606912612915039
Time taken for candidate 7125 is 0.9935193061828613
Time taken for candidate 7126 is 0.5887272357940674
Time taken for candidate 7127 is 0.44059133529663086
Time taken for candidate 7128 is 0.7785556316375732
Time taken for candidate 7129 is 1.0978507995605469
Time taken for candidate 7130 is 0.5933902263641357
Time taken for candidate 7131 is 0.8284931182861328
Time taken for candidate 7132 is 0.24761962890625
Time taken for candidate 7133 is 0.5274405479431152
Time taken for candidate 7134 is 0.36522650718688965
Time taken for candidate 7135 is 0.3447563648223877
Time taken for candidate 7136 is 0.6847934722900391
Time taken for candidate 7137 is 0.3693404197692871
Time taken for candidate 7138 is 0.3494248390197754
Time taken for candidate 7139 is 1.0059242248535156
Time taken for candidate 7140 is 0.4858510494232178
Time taken for candidate 7141 is 0.24936223030090332
Time taken for candidate 7142 is 0.4569432735443115
Time taken for candidate 7143 is 0.21630024909973145
Time taken for candidate 7144 is 0.7881307601928711
Time taken for candidate 7145 is 0.2113652229309082
Time taken for candidate 7146 is 0.6057300567626953
Time taken for candidate 7147 is 0.8757176399230957
Time taken for candidate 7148 is 0.48836612701416016
Time taken for candidate 7149 is 0.7411229610443115
Time taken for candidate 7150 is 0.21994996070861816
Time taken for candidate 7151 is 1.1637475490570068
Time taken for candidate 7152 is 0.5464320182800293
Time taken for candidate 7153 is 1.245455026626587
Time taken for candidate 7154 is 0.629971981048584
Time taken for candidate 7155 is 0.6783568859100342
Time taken for candidate 7156 is 0.2631103992462158
Time taken for candidate 7157 is 0.4378201961517334
Time taken for candidate 7158 is 0.38477492332458496
Time taken for candidate 7159 is 0.726811408996582
Time taken for candidate 7160 is 0.7756869792938232
Time taken for candidate 7161 is 0.13004469871520996
Time taken for candidate 7162 is 0.5582778453826904
Time taken for candidate 7163 is 0.4229707717895508
Time taken for candidate 7164 is 0.7204699516296387
Time taken for candidate 7165 is 0.7924942970275879
Time taken for candidate 7166 is 0.4950728416442871
Time taken for candidate 7167 is 0.8722338676452637
Time taken for candidate 7168 is 0.41282010078430176
Time taken for candidate 7169 is 0.5813965797424316
Time taken for candidate 7170 is 0.40896034240722656
Time taken for candidate 7171 is 0.5543904304504395
Time taken for candidate 7172 is 0.3605632781982422
Time taken for candidate 7173 is 0.6897828578948975
Time taken for candidate 7174 is 0.7814910411834717
Time taken for candidate 7175 is 0.3586134910583496
Time taken for candidate 7176 is 0.3792848587036133
Time taken for candidate 7177 is 0.6067502498626709
Time taken for candidate 7178 is 0.4134707450866699
Time taken for candidate 7179 is 0.531613826751709
Time taken for candidate 7180 is 0.2674524784088135
Time taken for candidate 7181 is 1.0443918704986572
Time taken for candidate 7182 is 0.6747140884399414
Time taken for candidate 7183 is 1.221200704574585
Time taken for candidate 7184 is 0.8027598857879639
Time taken for candidate 7185 is 0.8603107929229736
Time taken for candidate 7186 is 0.9619014263153076
Time taken for candidate 7187 is 0.7180464267730713
Time taken for candidate 7188 is 0.7340245246887207
Time taken for candidate 7189 is 0.25761961936950684
Time taken for candidate 7190 is 0.8985540866851807
Time taken for candidate 7191 is 0.3470458984375
Time taken for candidate 7192 is 0.20264816284179688
Time taken for candidate 7193 is 0.43213868141174316
Time taken for candidate 7194 is 0.2880227565765381
Time taken for candidate 7195 is 0.21442699432373047
Time taken for candidate 7196 is 0.4570190906524658
Time taken for candidate 7197 is 0.9609456062316895
Time taken for candidate 7198 is 0.45025062561035156
Time taken for candidate 7199 is 0.26988863945007324
Time taken for candidate 7200 is 0.5616118907928467
Time taken for candidate 7201 is 0.24081969261169434
Time taken for candidate 7202 is 0.8505775928497314
Time taken for candidate 7203 is 0.21019721031188965
Time taken for candidate 7204 is 0.8153963088989258
Time taken for candidate 7205 is 0.34865832328796387
Time taken for candidate 7206 is 0.49277687072753906
Time taken for candidate 7207 is 0.42195892333984375
Time taken for candidate 7208 is 0.2430565357208252
Time taken for candidate 7209 is 0.7792861461639404
Time taken for candidate 7210 is 0.4914548397064209
Time taken for candidate 7211 is 0.40198707580566406
Time taken for candidate 7212 is 1.1933164596557617
Time taken for candidate 7213 is 0.4644491672515869
Time taken for candidate 7214 is 0.4672684669494629
Time taken for candidate 7215 is 0.9186680316925049
Time taken for candidate 7216 is 0.6032614707946777
Time taken for candidate 7217 is 0.7807509899139404
Time taken for candidate 7218 is 0.7277398109436035
Time taken for candidate 7219 is 0.4834611415863037
Time taken for candidate 7220 is 0.20917487144470215
Time taken for candidate 7221 is 0.31194138526916504
Time taken for candidate 7222 is 0.5389175415039062
Time taken for candidate 7223 is 0.07386445999145508
Time taken for candidate 7224 is 0.7023813724517822
Time taken for candidate 7225 is 0.4020650386810303
Time taken for candidate 7226 is 0.48932671546936035
Time taken for candidate 7227 is 0.3150210380554199
Time taken for candidate 7228 is 0.48786354064941406
Time taken for candidate 7229 is 1.0243377685546875
Time taken for candidate 7230 is 0.3257935047149658
Time taken for candidate 7231 is 1.1337480545043945
Time taken for candidate 7232 is 0.13935327529907227
Time taken for candidate 7233 is 0.28090691566467285
Time taken for candidate 7234 is 0.32799673080444336
Time taken for candidate 7235 is 0.39941978454589844
Time taken for candidate 7236 is 0.18039727210998535
Time taken for candidate 7237 is 0.435683012008667
Time taken for candidate 7238 is 0.41620445251464844
Time taken for candidate 7239 is 0.46644139289855957
Time taken for candidate 7240 is 0.7526464462280273
Time taken for candidate 7241 is 0.3974590301513672
Time taken for candidate 7242 is 0.5828394889831543
Time taken for candidate 7243 is 0.7335894107818604
Time taken for candidate 7244 is 0.9651861190795898
Time taken for candidate 7245 is 0.4553370475769043
Time taken for candidate 7246 is 0.8123495578765869
Time taken for candidate 7247 is 0.45940065383911133
Time taken for candidate 7248 is 1.0539891719818115
Time taken for candidate 7249 is 0.5825901031494141
Time taken for candidate 7250 is 0.5271298885345459
Time taken for candidate 7251 is 0.2868056297302246
Time taken for candidate 7253 is 0.509760856628418
Time taken for candidate 7254 is 0.09597110748291016
Time taken for candidate 7255 is 0.6045079231262207
Time taken for candidate 7256 is 1.0523874759674072
Time taken for candidate 7257 is 0.22200965881347656
Time taken for candidate 7258 is 0.34413909912109375
Time taken for candidate 7259 is 0.5265614986419678
Time taken for candidate 7260 is 0.30479979515075684
Time taken for candidate 7261 is 0.5817523002624512
Time taken for candidate 7262 is 0.09178376197814941
Time taken for candidate 7263 is 0.5767881870269775
Time taken for candidate 7264 is 0.4306178092956543
Time taken for candidate 7265 is 0.7682828903198242
Time taken for candidate 7266 is 0.5571637153625488
Time taken for candidate 7267 is 0.27485060691833496
Time taken for candidate 7268 is 0.419954776763916
Time taken for candidate 7269 is 0.47037291526794434
Time taken for candidate 7270 is 0.25241827964782715
Time taken for candidate 7271 is 0.9965147972106934
Time taken for candidate 7272 is 0.8854222297668457
Time taken for candidate 7273 is 0.3885529041290283
Time taken for candidate 7274 is 0.2744917869567871
Time taken for candidate 7275 is 0.587261438369751
Time taken for candidate 7276 is 0.8235440254211426
Time taken for candidate 7277 is 0.4079771041870117
Time taken for candidate 7278 is 0.8847935199737549
Time taken for candidate 7279 is 0.258960485458374
Time taken for candidate 7280 is 0.68406081199646
Time taken for candidate 7281 is 0.380171537399292
Time taken for candidate 7282 is 0.15066814422607422
Time taken for candidate 7283 is 0.23488473892211914
Time taken for candidate 7284 is 0.8263280391693115
Time taken for candidate 7285 is 0.6549508571624756
Time taken for candidate 7286 is 0.3343923091888428
Time taken for candidate 7287 is 0.7499709129333496
Time taken for candidate 7288 is 0.23229670524597168
Time taken for candidate 7289 is 0.4767298698425293
Time taken for candidate 7290 is 0.46662092208862305
Time taken for candidate 7291 is 0.6960406303405762
Time taken for candidate 7292 is 0.6577436923980713
Time taken for candidate 7293 is 0.2536289691925049
Time taken for candidate 7294 is 0.4996674060821533
Time taken for candidate 7295 is 0.6414263248443604
Time taken for candidate 7296 is 0.4773702621459961
Time taken for candidate 7297 is 0.3365333080291748
Time taken for candidate 7298 is 0.5195450782775879
Time taken for candidate 7299 is 0.27069568634033203
Time taken for candidate 7300 is 0.7253336906433105
Time taken for candidate 7301 is 0.8001785278320312
Time taken for candidate 7302 is 0.40169358253479004
Time taken for candidate 7303 is 0.5225074291229248
Time taken for candidate 7304 is 0.19803881645202637
Time taken for candidate 7305 is 0.15194249153137207
Time taken for candidate 7306 is 0.3771536350250244
Time taken for candidate 7307 is 0.9745035171508789
Time taken for candidate 7308 is 0.3814375400543213
Time taken for candidate 7309 is 0.9113800525665283
Time taken for candidate 7310 is 0.4415600299835205
Time taken for candidate 7311 is 0.32030296325683594
Time taken for candidate 7312 is 0.31445813179016113
Time taken for candidate 7313 is 0.7219071388244629
Time taken for candidate 7314 is 0.7352321147918701
Time taken for candidate 7315 is 1.1964869499206543
Time taken for candidate 7316 is 0.8500747680664062
Time taken for candidate 7317 is 0.642601490020752
Time taken for candidate 7318 is 0.5378856658935547
Time taken for candidate 7319 is 0.6872560977935791
Time taken for candidate 7320 is 0.5818071365356445
Time taken for candidate 7321 is 0.6326558589935303
Time taken for candidate 7322 is 0.1604464054107666
Time taken for candidate 7323 is 0.2915310859680176
Time taken for candidate 7324 is 0.2631981372833252
Time taken for candidate 7325 is 0.27178096771240234
Time taken for candidate 7326 is 0.4742882251739502
Time taken for candidate 7327 is 0.684234619140625
Time taken for candidate 7328 is 0.3847644329071045
Time taken for candidate 7329 is 0.17366909980773926
Time taken for candidate 7330 is 0.5559461116790771
Time taken for candidate 7331 is 0.31675004959106445
Time taken for candidate 7332 is 0.3834545612335205
Time taken for candidate 7333 is 0.4528975486755371
Time taken for candidate 7334 is 0.7848162651062012
Time taken for candidate 7335 is 1.126333236694336
Time taken for candidate 7336 is 0.6719365119934082
Time taken for candidate 7337 is 0.36451268196105957
Time taken for candidate 7338 is 0.33920860290527344
Time taken for candidate 7339 is 0.6654171943664551
Time taken for candidate 7340 is 0.35405516624450684
Time taken for candidate 7341 is 0.32198166847229004
Time taken for candidate 7342 is 0.10156655311584473
Time taken for candidate 7343 is 0.2360978126525879
Time taken for candidate 7344 is 1.0338637828826904
Time taken for candidate 7345 is 0.23941636085510254
Time taken for candidate 7346 is 0.444286584854126
Time taken for candidate 7347 is 0.3384087085723877
Time taken for candidate 7348 is 0.11435246467590332
Time taken for candidate 7349 is 0.32846689224243164
Time taken for candidate 7350 is 0.3218560218811035
Time taken for candidate 7351 is 0.6099100112915039
Time taken for candidate 7352 is 0.6314492225646973
Time taken for candidate 7353 is 0.7565169334411621
Time taken for candidate 7354 is 0.557401180267334
Time taken for candidate 7355 is 1.0887396335601807
Time taken for candidate 7356 is 0.37890625
Time taken for candidate 7357 is 0.28479480743408203
Time taken for candidate 7358 is 0.27739906311035156
Time taken for candidate 7359 is 0.1476602554321289
Time taken for candidate 7360 is 0.720921516418457
Time taken for candidate 7361 is 0.6335902214050293
Time taken for candidate 7362 is 0.6120827198028564
Time taken for candidate 7363 is 0.31653404235839844
Time taken for candidate 7364 is 0.7165961265563965
Time taken for candidate 7365 is 0.43012070655822754
Time taken for candidate 7366 is 0.7645375728607178
Time taken for candidate 7367 is 0.36809277534484863
Time taken for candidate 7368 is 0.30121517181396484
Time taken for candidate 7369 is 0.4031085968017578
Time taken for candidate 7370 is 0.5755438804626465
Time taken for candidate 7371 is 0.8019440174102783
Time taken for candidate 7372 is 0.9467263221740723
Time taken for candidate 7373 is 0.8514466285705566
Time taken for candidate 7374 is 0.3807945251464844
Time taken for candidate 7375 is 0.6708650588989258
Time taken for candidate 7376 is 0.41815662384033203
Time taken for candidate 7377 is 0.6646268367767334
Time taken for candidate 7378 is 0.5795643329620361
Time taken for candidate 7379 is 0.3277585506439209
Time taken for candidate 7380 is 0.7839274406433105
Time taken for candidate 7381 is 0.9189906120300293
Time taken for candidate 7382 is 0.7298383712768555
Time taken for candidate 7383 is 0.18082833290100098
Time taken for candidate 7384 is 0.6327118873596191
Time taken for candidate 7385 is 0.3006899356842041
Time taken for candidate 7386 is 0.2836735248565674
Time taken for candidate 7387 is 0.7926177978515625
Time taken for candidate 7388 is 0.6730351448059082
Time taken for candidate 7389 is 1.0665230751037598
Time taken for candidate 7390 is 0.18785548210144043
Time taken for candidate 7391 is 0.5942873954772949
Time taken for candidate 7392 is 0.6254329681396484
Time taken for candidate 7393 is 0.4465794563293457
Time taken for candidate 7394 is 0.3519413471221924
Time taken for candidate 7395 is 0.3880648612976074
Time taken for candidate 7396 is 0.7360265254974365
Time taken for candidate 7397 is 0.37282299995422363
Time taken for candidate 7398 is 0.22428441047668457
Time taken for candidate 7399 is 0.2984936237335205
Time taken for candidate 7400 is 0.2938981056213379
Time taken for candidate 7401 is 0.6380727291107178
Time taken for candidate 7402 is 0.49099302291870117
Time taken for candidate 7403 is 0.5544521808624268
Time taken for candidate 7404 is 0.4796309471130371
Time taken for candidate 7405 is 1.0019924640655518
Time taken for candidate 7406 is 0.3073921203613281
Time taken for candidate 7407 is 0.8938345909118652
Time taken for candidate 7408 is 1.0616021156311035
Time taken for candidate 7409 is 0.8136556148529053
Time taken for candidate 7410 is 0.6716752052307129
Time taken for candidate 7411 is 0.3078429698944092
Time taken for candidate 7412 is 0.3403794765472412
Time taken for candidate 7413 is 0.6470041275024414
Time taken for candidate 7414 is 0.24337553977966309
Time taken for candidate 7415 is 0.9028928279876709
Time taken for candidate 7416 is 0.43489694595336914
Time taken for candidate 7417 is 0.977592945098877
Time taken for candidate 7418 is 0.6581060886383057
Time taken for candidate 7419 is 0.7849845886230469
Time taken for candidate 7420 is 0.5611691474914551
Time taken for candidate 7421 is 0.23324918746948242
Time taken for candidate 7422 is 0.23057198524475098
Time taken for candidate 7423 is 0.23434901237487793
Time taken for candidate 7424 is 1.1599645614624023
Time taken for candidate 7425 is 0.21237468719482422
Time taken for candidate 7426 is 0.3177061080932617
Time taken for candidate 7427 is 0.3940126895904541
Time taken for candidate 7428 is 1.2293100357055664
Time taken for candidate 7429 is 0.8432579040527344
Time taken for candidate 7430 is 0.15197253227233887
Time taken for candidate 7431 is 0.33544015884399414
Time taken for candidate 7432 is 0.1670999526977539
Time taken for candidate 7433 is 0.5031383037567139
Time taken for candidate 7434 is 0.21524310111999512
Time taken for candidate 7435 is 1.0880327224731445
Time taken for candidate 7436 is 0.4534916877746582
Time taken for candidate 7437 is 0.8758730888366699
Time taken for candidate 7438 is 0.18019700050354004
Time taken for candidate 7439 is 0.42646026611328125
Time taken for candidate 7440 is 0.4571208953857422
Time taken for candidate 7441 is 0.14578032493591309
Time taken for candidate 7442 is 0.34234118461608887
Time taken for candidate 7443 is 0.44208264350891113
Time taken for candidate 7444 is 1.1376993656158447
Time taken for candidate 7445 is 0.25929975509643555
Time taken for candidate 7447 is 0.39099740982055664
Time taken for candidate 7448 is 0.6051721572875977
Time taken for candidate 7449 is 0.5746200084686279
Time taken for candidate 7450 is 0.5091335773468018
Time taken for candidate 7451 is 0.14809179306030273
Time taken for candidate 7452 is 0.42750120162963867
Time taken for candidate 7453 is 0.8348040580749512
Time taken for candidate 7454 is 0.6484222412109375
Time taken for candidate 7455 is 0.6993613243103027
Time taken for candidate 7456 is 1.2661137580871582
Time taken for candidate 7457 is 0.21277856826782227
Time taken for candidate 7458 is 0.3577699661254883
Time taken for candidate 7459 is 0.3363306522369385
Time taken for candidate 7460 is 0.21230292320251465
Time taken for candidate 7461 is 0.6864485740661621
Time taken for candidate 7462 is 0.4764068126678467
Time taken for candidate 7463 is 0.31365323066711426
Time taken for candidate 7464 is 0.769646406173706
Time taken for candidate 7465 is 0.2685699462890625
Time taken for candidate 7466 is 0.19985175132751465
Time taken for candidate 7467 is 1.1412999629974365
Time taken for candidate 7468 is 0.5918068885803223
Time taken for candidate 7469 is 0.6932559013366699
Time taken for candidate 7470 is 0.6015317440032959
Time taken for candidate 7471 is 0.20057320594787598
Time taken for candidate 7472 is 0.46173882484436035
Time taken for candidate 7473 is 0.7001934051513672
Time taken for candidate 7474 is 0.5747652053833008
Time taken for candidate 7475 is 0.8997774124145508
Time taken for candidate 7476 is 0.8610930442810059
Time taken for candidate 7477 is 0.20534348487854004
Time taken for candidate 7478 is 0.952305793762207
Time taken for candidate 7479 is 0.31688690185546875
Time taken for candidate 7480 is 0.8972728252410889
Time taken for candidate 7481 is 0.34197020530700684
Time taken for candidate 7482 is 0.4953804016113281
Time taken for candidate 7483 is 0.33901166915893555
Time taken for candidate 7484 is 0.3766181468963623
Time taken for candidate 7485 is 0.3991248607635498
Time taken for candidate 7486 is 0.3746519088745117
Time taken for candidate 7487 is 0.7587258815765381
Time taken for candidate 7488 is 0.3410308361053467
Time taken for candidate 7489 is 0.3034391403198242
Time taken for candidate 7490 is 0.4627563953399658
Time taken for candidate 7491 is 0.9428596496582031
Time taken for candidate 7492 is 0.7831463813781738
Time taken for candidate 7493 is 0.9205667972564697
Time taken for candidate 7494 is 0.34641051292419434
Time taken for candidate 7495 is 0.5578217506408691
Time taken for candidate 7496 is 0.23106956481933594
Time taken for candidate 7497 is 0.13367557525634766
Time taken for candidate 7498 is 0.5365428924560547
Time taken for candidate 7499 is 0.24123239517211914
Time taken for candidate 7500 is 0.3965167999267578
Time taken for candidate 7501 is 0.5579056739807129
Time taken for candidate 7502 is 1.1425707340240479
Time taken for candidate 7503 is 0.8964426517486572
Time taken for candidate 7504 is 1.1737534999847412
Time taken for candidate 7505 is 0.9383935928344727
Time taken for candidate 7506 is 0.4803481101989746
Time taken for candidate 7507 is 0.42754220962524414
Time taken for candidate 7508 is 0.23212957382202148
Time taken for candidate 7509 is 0.3593132495880127
Time taken for candidate 7510 is 0.47732043266296387
Time taken for candidate 7511 is 0.3088240623474121
Time taken for candidate 7512 is 0.517526388168335
Time taken for candidate 7513 is 0.24816012382507324
Time taken for candidate 7514 is 0.8321013450622559
Time taken for candidate 7515 is 0.8035993576049805
Time taken for candidate 7516 is 0.7422842979431152
Time taken for candidate 7517 is 0.2378842830657959
Time taken for candidate 7518 is 0.35677146911621094
Time taken for candidate 7519 is 0.6582622528076172
Time taken for candidate 7520 is 0.20511198043823242
Time taken for candidate 7521 is 0.6569960117340088
Time taken for candidate 7522 is 0.6507391929626465
Time taken for candidate 7523 is 0.6704163551330566
Time taken for candidate 7524 is 0.15356969833374023
Time taken for candidate 7525 is 0.4061729907989502
Time taken for candidate 7526 is 0.6527400016784668
Time taken for candidate 7527 is 0.08794140815734863
Time taken for candidate 7528 is 0.6865510940551758
Time taken for candidate 7529 is 0.35427141189575195
Time taken for candidate 7530 is 1.1634907722473145
Time taken for candidate 7531 is 0.45331788063049316
Time taken for candidate 7532 is 0.41888952255249023
Time taken for candidate 7533 is 0.5653324127197266
Time taken for candidate 7534 is 0.9435582160949707
Time taken for candidate 7535 is 0.4468119144439697
Time taken for candidate 7536 is 0.33565688133239746
Time taken for candidate 7537 is 0.4515421390533447
Time taken for candidate 7538 is 0.5327355861663818
Time taken for candidate 7539 is 0.83469557762146
Time taken for candidate 7540 is 0.36136531829833984
Time taken for candidate 7541 is 0.5086898803710938
Time taken for candidate 7542 is 0.7000415325164795
Time taken for candidate 7543 is 0.9483821392059326
Time taken for candidate 7544 is 0.6535689830780029
Time taken for candidate 7545 is 0.7814040184020996
Time taken for candidate 7546 is 0.8980112075805664
Time taken for candidate 7547 is 0.694413423538208
Time taken for candidate 7548 is 0.7100009918212891
Time taken for candidate 7549 is 0.70450758934021
Time taken for candidate 7550 is 0.31834888458251953
Time taken for candidate 7551 is 0.5708625316619873
Time taken for candidate 7552 is 0.31560540199279785
Time taken for candidate 7553 is 0.555891752243042
Time taken for candidate 7554 is 1.1854312419891357
Time taken for candidate 7555 is 0.2314908504486084
Time taken for candidate 7556 is 0.43475842475891113
Time taken for candidate 7557 is 0.35376715660095215
Time taken for candidate 7558 is 0.2815890312194824
Time taken for candidate 7559 is 0.13813376426696777
Time taken for candidate 7560 is 0.5044510364532471
Time taken for candidate 7561 is 0.7689034938812256
Time taken for candidate 7562 is 0.3713710308074951
Time taken for candidate 7563 is 0.7348244190216064
Time taken for candidate 7564 is 0.4180617332458496
Time taken for candidate 7565 is 0.29383349418640137
Time taken for candidate 7566 is 0.33017396926879883
Time taken for candidate 7567 is 0.5131709575653076
Time taken for candidate 7568 is 0.6324708461761475
Time taken for candidate 7569 is 0.3695714473724365
Time taken for candidate 7570 is 0.5647737979888916
Time taken for candidate 7571 is 0.8535051345825195
Time taken for candidate 7572 is 0.7137064933776855
Time taken for candidate 7573 is 0.3493387699127197
Time taken for candidate 7574 is 0.7538971900939941
Time taken for candidate 7575 is 0.49834322929382324
Time taken for candidate 7576 is 0.45884108543395996
Time taken for candidate 7577 is 0.29498887062072754
Time taken for candidate 7578 is 0.7927465438842773
Time taken for candidate 7579 is 0.8681778907775879
Time taken for candidate 7580 is 0.3681979179382324
Time taken for candidate 7581 is 0.23636984825134277
Time taken for candidate 7582 is 0.4956810474395752
Time taken for candidate 7583 is 0.9965536594390869
Time taken for candidate 7584 is 0.5970840454101562
Time taken for candidate 7585 is 0.3779001235961914
Time taken for candidate 7586 is 0.3907930850982666
Time taken for candidate 7587 is 0.3135344982147217
Time taken for candidate 7588 is 0.9241433143615723
Time taken for candidate 7589 is 0.278362512588501
Time taken for candidate 7590 is 1.0546197891235352
Time taken for candidate 7591 is 1.0424449443817139
Time taken for candidate 7592 is 0.4161667823791504
Time taken for candidate 7593 is 0.22588706016540527
Time taken for candidate 7594 is 0.32787442207336426
Time taken for candidate 7595 is 0.45807480812072754
Time taken for candidate 7596 is 0.7087802886962891
Time taken for candidate 7597 is 0.18469619750976562
Time taken for candidate 7598 is 0.5492067337036133
Time taken for candidate 7599 is 1.604494333267212
Time taken for candidate 7600 is 0.5830743312835693
Time taken for candidate 7601 is 0.5992329120635986
Time taken for candidate 7602 is 0.4625115394592285
Time taken for candidate 7603 is 0.46756744384765625
Time taken for candidate 7604 is 0.6501028537750244
Time taken for candidate 7605 is 0.6605076789855957
Time taken for candidate 7606 is 0.8250000476837158
Time taken for candidate 7607 is 0.7063813209533691
Time taken for candidate 7608 is 0.6733412742614746
Time taken for candidate 7609 is 0.6598105430603027
Time taken for candidate 7610 is 0.4457736015319824
Time taken for candidate 7611 is 0.7422256469726562
Time taken for candidate 7612 is 0.34562182426452637
Time taken for candidate 7613 is 1.0882377624511719
Time taken for candidate 7614 is 0.759213924407959
Time taken for candidate 7615 is 0.4362337589263916
Time taken for candidate 7616 is 0.9401378631591797
Time taken for candidate 7617 is 0.351137638092041
Time taken for candidate 7618 is 0.37575745582580566
Time taken for candidate 7619 is 0.8798117637634277
Time taken for candidate 7620 is 0.4526972770690918
Time taken for candidate 7621 is 0.12214899063110352
Time taken for candidate 7622 is 0.7309467792510986
Time taken for candidate 7623 is 0.9489188194274902
Time taken for candidate 7624 is 1.2190608978271484
Time taken for candidate 7625 is 0.777550458908081
Time taken for candidate 7626 is 0.4580044746398926
Time taken for candidate 7627 is 0.5307943820953369
Time taken for candidate 7628 is 0.696098804473877
Time taken for candidate 7629 is 0.16948270797729492
Time taken for candidate 7630 is 0.465653657913208
Time taken for candidate 7631 is 0.4530062675476074
Time taken for candidate 7632 is 0.5054519176483154
Time taken for candidate 7633 is 0.150315523147583
Time taken for candidate 7634 is 0.3983042240142822
Time taken for candidate 7635 is 0.6521780490875244
Time taken for candidate 7636 is 0.2615077495574951
Time taken for candidate 7637 is 0.6660380363464355
Time taken for candidate 7638 is 0.5078940391540527
Time taken for candidate 7639 is 0.36927223205566406
Time taken for candidate 7640 is 0.4285292625427246
Time taken for candidate 7641 is 0.6648890972137451
Time taken for candidate 7642 is 1.0746519565582275
Time taken for candidate 7643 is 0.4354550838470459
Time taken for candidate 7644 is 0.26249122619628906
Time taken for candidate 7645 is 0.47205018997192383
Time taken for candidate 7646 is 0.18906140327453613
Time taken for candidate 7647 is 0.4013957977294922
Time taken for candidate 7648 is 0.20354890823364258
Time taken for candidate 7649 is 0.5811107158660889
Time taken for candidate 7650 is 0.30934619903564453
Time taken for candidate 7651 is 0.23016047477722168
Time taken for candidate 7652 is 0.5553419589996338
Time taken for candidate 7653 is 0.6617507934570312
Time taken for candidate 7654 is 0.7148962020874023
Time taken for candidate 7655 is 0.331545352935791
Time taken for candidate 7656 is 0.26165056228637695
Time taken for candidate 7657 is 0.7753438949584961
Time taken for candidate 7658 is 0.5418436527252197
Time taken for candidate 7659 is 0.6182968616485596
Time taken for candidate 7660 is 0.5141124725341797
Time taken for candidate 7661 is 0.5162842273712158
Time taken for candidate 7662 is 0.6496424674987793
Time taken for candidate 7663 is 0.7777788639068604
Time taken for candidate 7664 is 0.5040969848632812
Time taken for candidate 7665 is 0.41991305351257324
Time taken for candidate 7666 is 0.6490569114685059
Time taken for candidate 7667 is 0.5228962898254395
Time taken for candidate 7668 is 0.5991637706756592
Time taken for candidate 7669 is 0.7671487331390381
Time taken for candidate 7670 is 0.2861003875732422
Time taken for candidate 7671 is 0.0922248363494873
Time taken for candidate 7672 is 0.9540765285491943
Time taken for candidate 7673 is 0.1903059482574463
Time taken for candidate 7674 is 0.741039514541626
Time taken for candidate 7675 is 0.3877561092376709
Time taken for candidate 7676 is 0.5801806449890137
Time taken for candidate 7677 is 0.9943294525146484
Time taken for candidate 7678 is 0.3010678291320801
Time taken for candidate 7679 is 0.5853502750396729
Time taken for candidate 7680 is 0.7890663146972656
Time taken for candidate 7681 is 0.8784093856811523
Time taken for candidate 7682 is 0.5050597190856934
Time taken for candidate 7683 is 0.4361460208892822
Time taken for candidate 7684 is 0.7080354690551758
Time taken for candidate 7685 is 0.49971747398376465
Time taken for candidate 7686 is 0.7190296649932861
Time taken for candidate 7687 is 0.6940770149230957
Time taken for candidate 7688 is 0.7857263088226318
Time taken for candidate 7689 is 0.7720227241516113
Time taken for candidate 7690 is 0.4263162612915039
Time taken for candidate 7691 is 0.4044334888458252
Time taken for candidate 7692 is 0.6932902336120605
Time taken for candidate 7693 is 0.936021089553833
Time taken for candidate 7694 is 0.8575694561004639
Time taken for candidate 7695 is 0.33588624000549316
Time taken for candidate 7696 is 0.8407044410705566
Time taken for candidate 7697 is 0.47025585174560547
Time taken for candidate 7698 is 0.47217321395874023
Time taken for candidate 7699 is 0.4581770896911621
Time taken for candidate 7700 is 0.965517520904541
Time taken for candidate 7701 is 0.24617862701416016
Time taken for candidate 7702 is 0.5848886966705322
Time taken for candidate 7703 is 0.581697940826416
Time taken for candidate 7704 is 0.3859391212463379
Time taken for candidate 7705 is 0.27179694175720215
Time taken for candidate 7706 is 0.5252683162689209
Time taken for candidate 7707 is 0.7173168659210205
Time taken for candidate 7708 is 0.5473113059997559
Done with similarity
Created Dataframe
      candidate_id  reference_id  similarity       dist  score
0             5978             1    0.000003  12.786420    1.0
1             5979             1    0.000004  12.496886    2.0
2             5980             1    0.000002  13.142380    1.0
3             5981             1    0.000005  12.155938    1.0
4             5982             1    0.000008  11.689023    2.0
...            ...           ...         ...        ...    ...
1721          7704             1    0.000002  12.929601    2.0
1722          7705             1    0.000003  12.821856    1.0
1723          7706             1    0.000006  12.042647    2.0
1724          7707             1    0.000007  11.858028    2.0
1725          7708             1    0.000004  12.536923    3.0

[1726 rows x 5 columns]
Finished writing file
