Loaded model 14.950410604476929
Done preprocessing references
Time taken for candidate 4918 is 102.08077383041382
Time taken for candidate 4919 is 69.31765604019165
Time taken for candidate 4920 is 85.06689929962158
Time taken for candidate 4921 is 67.77782893180847
Time taken for candidate 4922 is 68.3782479763031
Time taken for candidate 4923 is 48.70083928108215
Time taken for candidate 4924 is 136.88506078720093
Time taken for candidate 4925 is 119.10347080230713
Time taken for candidate 4926 is 102.26607513427734
Time taken for candidate 4927 is 69.58070731163025
Time taken for candidate 4928 is 86.61466884613037
Time taken for candidate 4929 is 85.94919967651367
Time taken for candidate 4930 is 87.23146390914917
Time taken for candidate 4931 is 68.92348289489746
Time taken for candidate 4932 is 99.42213201522827
Time taken for candidate 4933 is 117.24034929275513
Time taken for candidate 4934 is 120.48860239982605
Time taken for candidate 4935 is 140.82008957862854
Time taken for candidate 4936 is 84.87538647651672
Time taken for candidate 4937 is 232.03053498268127
Time taken for candidate 4938 is 141.44527554512024
Time taken for candidate 4939 is 167.88331723213196
Time taken for candidate 4940 is 234.22422766685486
Time taken for candidate 4941 is 190.10207676887512
Time taken for candidate 4942 is 148.29395031929016
Time taken for candidate 4943 is 171.52893781661987
Time taken for candidate 4944 is 118.18945860862732
Time taken for candidate 4945 is 100.80612397193909
Time taken for candidate 4946 is 119.67887759208679
Time taken for candidate 4947 is 120.79155397415161
Time taken for candidate 4948 is 126.21606063842773
Time taken for candidate 4949 is 202.52151560783386
Time taken for candidate 4950 is 151.1083161830902
Time taken for candidate 4951 is 207.05506587028503
Time taken for candidate 4952 is 215.54441452026367
Time taken for candidate 4953 is 125.15827941894531
Time taken for candidate 4954 is 95.88536810874939
Time taken for candidate 4955 is 120.25822877883911
Time taken for candidate 4956 is 149.63836860656738
Time taken for candidate 4957 is 217.11509251594543
Time taken for candidate 4958 is 128.5544455051422
Time taken for candidate 4959 is 98.3264651298523
Time taken for candidate 4960 is 175.63527822494507
Time taken for candidate 4961 is 202.29320168495178
Time taken for candidate 4962 is 126.08814764022827
Time taken for candidate 4963 is 124.26029253005981
Time taken for candidate 4964 is 125.04345703125
Time taken for candidate 4965 is 152.2875874042511
Time taken for candidate 4966 is 149.04843497276306
Time taken for candidate 4967 is 123.20168566703796
Time taken for candidate 4968 is 93.11985778808594
Time taken for candidate 4969 is 145.28444933891296
Time taken for candidate 4970 is 171.04217672348022
Time taken for candidate 4971 is 94.16263747215271
Time taken for candidate 4972 is 123.95960640907288
Time taken for candidate 4973 is 95.73664927482605
Time taken for candidate 4974 is 170.66630840301514
Time taken for candidate 4975 is 167.96776342391968
Time taken for candidate 4976 is 126.6598572731018
Time taken for candidate 4977 is 154.29131841659546
Time taken for candidate 4978 is 125.98412346839905
Time taken for candidate 4979 is 150.2511923313141
Time taken for candidate 4980 is 151.54094552993774
Time taken for candidate 4981 is 176.95042037963867
Time taken for candidate 4982 is 224.66813254356384
Time taken for candidate 4983 is 153.09476232528687
Time taken for candidate 4984 is 201.1565601825714
Time taken for candidate 4985 is 172.65994596481323
Time taken for candidate 4986 is 149.4508936405182
Time taken for candidate 4987 is 126.53549861907959
Time taken for candidate 4988 is 128.05358219146729
Time taken for candidate 4989 is 174.16631531715393
Time taken for candidate 4990 is 512.4261183738708
Time taken for candidate 4991 is 152.46304941177368
Time taken for candidate 4992 is 174.1484010219574
Time taken for candidate 4993 is 152.0035982131958
Time taken for candidate 4994 is 153.2192461490631
Time taken for candidate 4995 is 126.13670539855957
Time taken for candidate 4996 is 123.99595308303833
Time taken for candidate 4997 is 125.3756833076477
Time taken for candidate 4998 is 192.90144801139832
Time taken for candidate 4999 is 172.93358516693115
Time taken for candidate 5000 is 167.17566418647766
Time taken for candidate 5001 is 147.07186627388
Time taken for candidate 5002 is 144.79583859443665
Time taken for candidate 5003 is 119.60938858985901
Time taken for candidate 5004 is 158.4459047317505
Time taken for candidate 5005 is 101.64020252227783
Time taken for candidate 5006 is 101.37296938896179
Time taken for candidate 5007 is 101.0086669921875
Time taken for candidate 5008 is 84.47286891937256
Time taken for candidate 5009 is 116.9774022102356
Time taken for candidate 5010 is 84.52851366996765
Time taken for candidate 5011 is 48.79433798789978
Time taken for candidate 5012 is 48.69909882545471
Time taken for candidate 5013 is 98.52743077278137
Time taken for candidate 5014 is 67.2650933265686
Time taken for candidate 5015 is 84.56301808357239
Time taken for candidate 5016 is 133.30257487297058
Time taken for candidate 5017 is 84.08647513389587
Done with similarity
Created Dataframe
Finished writing file
Fatal Python error: deallocating None

Current thread 0x00007fd190b97740 (most recent call first):
