candidates_folder ../data/WMT18Data/system-outputs/newstest2018/tr-en/
REFERENCES_FILE ../data/WMT18Data/references/newstest2018-tren-ref.en
MODEL glove
METHOD s+wms 


Running against the candidates from: ../data/WMT18Data/system-outputs/newstest2018/tr-en/newstest2018.NICT.5708.tr-en
Score: 0.24970871121113847
Done in 96.4768738746643
=========================
Running against the candidates from: ../data/WMT18Data/system-outputs/newstest2018/tr-en/newstest2018.online-A.0.tr-en
Score: 0.2610816946638604
Done in 102.35197329521179
=========================
Running against the candidates from: ../data/WMT18Data/system-outputs/newstest2018/tr-en/newstest2018.online-B.0.tr-en
Score: 0.2511225780528712
Done in 102.79346799850464
=========================
Running against the candidates from: ../data/WMT18Data/system-outputs/newstest2018/tr-en/newstest2018.online-G.0.tr-en
Score: 0.2569820034289801
Done in 103.27611899375916
=========================
Running against the candidates from: ../data/WMT18Data/system-outputs/newstest2018/tr-en/newstest2018.uedin.5709.tr-en
Score: 0.2513991664989642
Done in 104.38298964500427
=========================
