2020-05-31 15:00:14.400019: W tensorflow/stream_executor/platform/default/dso_loader.cc:55] Could not load dynamic library 'libnvinfer.so.6'; dlerror: libnvinfer.so.6: cannot open shared object file: No such file or directory
2020-05-31 15:00:14.400085: W tensorflow/stream_executor/platform/default/dso_loader.cc:55] Could not load dynamic library 'libnvinfer_plugin.so.6'; dlerror: libnvinfer_plugin.so.6: cannot open shared object file: No such file or directory
2020-05-31 15:00:14.400093: W tensorflow/compiler/tf2tensorrt/utils/py_utils.cc:30] Cannot dlopen some TensorRT libraries. If you would like to use Nvidia GPU with TensorRT, please make sure the missing libraries mentioned above are installed properly.
Number of candidates: 1450
Loaded model 22.090315580368042
Number of references: 441
Done preprocessing references 99.04048156738281
Time taken for candidate 4918 is 1.3760411739349365
Time taken for candidate 4919 is 1.1227526664733887
Time taken for candidate 4920 is 1.0483248233795166
Time taken for candidate 4922 is 0.6724212169647217
Time taken for candidate 4923 is 0.5050640106201172
Time taken for candidate 4925 is 1.4516923427581787
Time taken for candidate 4926 is 1.073808193206787
Time taken for candidate 4927 is 0.9276821613311768
Time taken for candidate 4929 is 1.2593727111816406
Time taken for candidate 4930 is 1.4962449073791504
Time taken for candidate 4931 is 1.2233710289001465
Time taken for candidate 4932 is 1.1072933673858643
Time taken for candidate 4933 is 1.3423683643341064
Time taken for candidate 4934 is 1.2723503112792969
Time taken for candidate 4935 is 1.7496373653411865
Time taken for candidate 4937 is 1.5170097351074219
Time taken for candidate 4938 is 1.191704273223877
Time taken for candidate 4939 is 1.145580530166626
Time taken for candidate 4940 is 1.3390614986419678
Time taken for candidate 4941 is 1.2538235187530518
Time taken for candidate 4942 is 1.3404157161712646
Time taken for candidate 4943 is 1.2930848598480225
Time taken for candidate 4945 is 0.9527833461761475
Time taken for candidate 4947 is 0.9235672950744629
Time taken for candidate 4949 is 1.1953580379486084
Time taken for candidate 4950 is 1.101606845855713
Time taken for candidate 4951 is 1.2340238094329834
Time taken for candidate 4952 is 1.2190067768096924
Time taken for candidate 4953 is 0.89994215965271
Time taken for candidate 4954 is 0.7174196243286133
Time taken for candidate 4955 is 0.9459319114685059
Time taken for candidate 4957 is 1.1247076988220215
Time taken for candidate 4958 is 0.8128669261932373
Time taken for candidate 4959 is 0.7465493679046631
Time taken for candidate 4960 is 1.202073574066162
Time taken for candidate 4962 is 0.8693327903747559
Time taken for candidate 4963 is 0.858342170715332
Time taken for candidate 4964 is 1.0244545936584473
Time taken for candidate 4965 is 1.1024622917175293
Time taken for candidate 4966 is 1.0012590885162354
Time taken for candidate 4967 is 1.1482975482940674
Time taken for candidate 4968 is 0.708500862121582
Time taken for candidate 4969 is 0.9851486682891846
Time taken for candidate 4970 is 1.226449728012085
Time taken for candidate 4971 is 0.7123188972473145
Time taken for candidate 4972 is 0.8950002193450928
Time taken for candidate 4973 is 0.5924737453460693
Time taken for candidate 4975 is 1.3555893898010254
Time taken for candidate 4976 is 1.0346095561981201
Time taken for candidate 4977 is 0.9287095069885254
Time taken for candidate 4978 is 0.7499468326568604
Time taken for candidate 4981 is 1.2749342918395996
Time taken for candidate 4982 is 1.459937334060669
Time taken for candidate 4983 is 1.1460952758789062
Time taken for candidate 4984 is 1.335421085357666
Time taken for candidate 4985 is 1.102386713027954
Time taken for candidate 4986 is 0.935683012008667
Time taken for candidate 4987 is 0.7399382591247559
Time taken for candidate 4988 is 1.0038070678710938
Time taken for candidate 4989 is 1.2265353202819824
Time taken for candidate 4990 is 1.0401339530944824
Time taken for candidate 4991 is 1.121610164642334
Time taken for candidate 4992 is 0.883014440536499
Time taken for candidate 4993 is 1.0463180541992188
Time taken for candidate 4994 is 1.082012414932251
Time taken for candidate 4995 is 1.1031007766723633
Time taken for candidate 4997 is 0.8763704299926758
Time taken for candidate 5001 is 1.1482064723968506
Time taken for candidate 5003 is 0.8850440979003906
Time taken for candidate 5004 is 1.1995158195495605
Time taken for candidate 5006 is 1.3659451007843018
Time taken for candidate 5007 is 1.1263341903686523
Time taken for candidate 5008 is 1.1097807884216309
Time taken for candidate 5009 is 1.0232291221618652
Time taken for candidate 5010 is 1.217893362045288
Time taken for candidate 5011 is 0.7007298469543457
Time taken for candidate 5012 is 0.7512798309326172
Time taken for candidate 5013 is 1.0737175941467285
Time taken for candidate 5014 is 0.9512135982513428
Time taken for candidate 5017 is 0.8111650943756104
Time taken for candidate 5018 is 0.8820626735687256
Time taken for candidate 5019 is 1.241783618927002
Time taken for candidate 5020 is 1.000563383102417
Time taken for candidate 5021 is 0.8389561176300049
Time taken for candidate 5022 is 1.1568303108215332
Time taken for candidate 5023 is 1.1502795219421387
Time taken for candidate 5024 is 1.2317328453063965
Time taken for candidate 5025 is 1.0048091411590576
Time taken for candidate 5026 is 1.199192762374878
Time taken for candidate 5028 is 1.1146564483642578
Time taken for candidate 5029 is 1.2358951568603516
Time taken for candidate 5030 is 1.294487476348877
Time taken for candidate 5031 is 1.1336016654968262
Time taken for candidate 5033 is 0.7006983757019043
Time taken for candidate 5034 is 0.6008448600769043
Time taken for candidate 5036 is 0.5518667697906494
Time taken for candidate 5037 is 1.1517791748046875
Time taken for candidate 5038 is 0.5088903903961182
Time taken for candidate 5039 is 1.0982632637023926
Time taken for candidate 5040 is 1.804023265838623
Time taken for candidate 5041 is 0.9483909606933594
Time taken for candidate 5042 is 1.0032565593719482
Time taken for candidate 5043 is 0.43384218215942383
Time taken for candidate 5046 is 0.980858325958252
Time taken for candidate 5047 is 1.3348956108093262
Time taken for candidate 5048 is 1.3858883380889893
Time taken for candidate 5050 is 1.2708988189697266
Time taken for candidate 5051 is 1.5176520347595215
Time taken for candidate 5053 is 0.7535297870635986
Time taken for candidate 5054 is 0.9417233467102051
Time taken for candidate 5056 is 1.29787278175354
Time taken for candidate 5058 is 1.6487929821014404
Time taken for candidate 5059 is 0.7096633911132812
Time taken for candidate 5060 is 0.7241342067718506
Time taken for candidate 5061 is 1.0596504211425781
Time taken for candidate 5062 is 0.8197026252746582
Time taken for candidate 5063 is 0.9848487377166748
Time taken for candidate 5064 is 1.8099567890167236
Time taken for candidate 5065 is 1.565974473953247
Time taken for candidate 5066 is 0.731884241104126
Time taken for candidate 5067 is 1.0454685688018799
Time taken for candidate 5068 is 1.1594393253326416
Time taken for candidate 5069 is 1.1802520751953125
Time taken for candidate 5071 is 0.7545185089111328
Time taken for candidate 5073 is 0.762493371963501
Time taken for candidate 5074 is 0.9343681335449219
Time taken for candidate 5075 is 0.9584770202636719
Time taken for candidate 5076 is 1.3006246089935303
Time taken for candidate 5079 is 1.0236296653747559
Time taken for candidate 5083 is 1.1839570999145508
Time taken for candidate 5084 is 1.164200782775879
Time taken for candidate 5085 is 1.0314874649047852
Time taken for candidate 5086 is 0.8954634666442871
Time taken for candidate 5087 is 1.2678248882293701
Time taken for candidate 5089 is 0.9899137020111084
Time taken for candidate 5090 is 0.9997131824493408
Time taken for candidate 5091 is 1.263685703277588
Time taken for candidate 5092 is 0.8236033916473389
Time taken for candidate 5094 is 1.0005466938018799
Time taken for candidate 5095 is 1.462986707687378
Time taken for candidate 5096 is 0.8273971080780029
Time taken for candidate 5098 is 1.1485300064086914
Time taken for candidate 5099 is 1.1088340282440186
Time taken for candidate 5100 is 0.8403637409210205
Time taken for candidate 5101 is 1.0820422172546387
Time taken for candidate 5102 is 1.3724713325500488
Time taken for candidate 5104 is 1.2831828594207764
Time taken for candidate 5105 is 1.1073131561279297
Time taken for candidate 5106 is 0.9525446891784668
Time taken for candidate 5107 is 1.4163291454315186
Time taken for candidate 5108 is 0.9370057582855225
Time taken for candidate 5109 is 1.1483063697814941
Time taken for candidate 5110 is 1.783937931060791
Time taken for candidate 5112 is 1.1204304695129395
Time taken for candidate 5114 is 1.5352754592895508
Time taken for candidate 5115 is 1.0362064838409424
Time taken for candidate 5116 is 1.0826416015625
Time taken for candidate 5117 is 1.0836949348449707
Time taken for candidate 5118 is 0.658252477645874
Time taken for candidate 5119 is 0.7354209423065186
Time taken for candidate 5120 is 1.0975382328033447
Time taken for candidate 5121 is 1.186244010925293
Time taken for candidate 5122 is 1.0766119956970215
Time taken for candidate 5123 is 0.7617583274841309
Time taken for candidate 5124 is 1.490767002105713
Time taken for candidate 5125 is 0.9069564342498779
Time taken for candidate 5126 is 0.9127087593078613
Time taken for candidate 5127 is 1.2847638130187988
Time taken for candidate 5128 is 0.8765702247619629
Time taken for candidate 5129 is 0.8055145740509033
Time taken for candidate 5130 is 1.1124892234802246
Time taken for candidate 5131 is 1.2192871570587158
Time taken for candidate 5132 is 1.04886794090271
Time taken for candidate 5133 is 1.8372628688812256
Time taken for candidate 5134 is 1.404801368713379
Time taken for candidate 5135 is 1.7302846908569336
Time taken for candidate 5136 is 0.8119428157806396
Time taken for candidate 5137 is 1.0479249954223633
Time taken for candidate 5138 is 0.989790678024292
Time taken for candidate 5139 is 0.9951181411743164
Time taken for candidate 5143 is 1.0206115245819092
Time taken for candidate 5144 is 0.6155884265899658
Time taken for candidate 5145 is 0.6750843524932861
Time taken for candidate 5146 is 1.2058241367340088
Time taken for candidate 5147 is 1.0835096836090088
Time taken for candidate 5148 is 1.2299814224243164
Time taken for candidate 5150 is 1.0395522117614746
Time taken for candidate 5152 is 1.2687172889709473
Time taken for candidate 5153 is 0.8470335006713867
Time taken for candidate 5154 is 0.8410079479217529
Time taken for candidate 5155 is 1.007822036743164
Time taken for candidate 5157 is 1.0613253116607666
Time taken for candidate 5159 is 1.755281925201416
Time taken for candidate 5160 is 1.1288645267486572
Time taken for candidate 5162 is 1.0058956146240234
Time taken for candidate 5163 is 1.3413302898406982
Time taken for candidate 5164 is 0.8202738761901855
Time taken for candidate 5165 is 0.7767021656036377
Time taken for candidate 5166 is 1.1211435794830322
Time taken for candidate 5167 is 1.1391582489013672
Time taken for candidate 5168 is 1.7236835956573486
Time taken for candidate 5169 is 1.548438310623169
Time taken for candidate 5170 is 1.2413618564605713
Time taken for candidate 5173 is 1.1093180179595947
Time taken for candidate 5176 is 0.9829585552215576
Time taken for candidate 5177 is 0.593907356262207
Time taken for candidate 5178 is 0.9825763702392578
Time taken for candidate 5179 is 1.0775525569915771
Time taken for candidate 5180 is 1.3011837005615234
Time taken for candidate 5181 is 1.0956342220306396
Time taken for candidate 5182 is 1.1630589962005615
Time taken for candidate 5183 is 0.9757688045501709
Time taken for candidate 5184 is 0.5125386714935303
Time taken for candidate 5185 is 1.2482481002807617
Time taken for candidate 5186 is 1.3183090686798096
Time taken for candidate 5188 is 0.8723158836364746
Time taken for candidate 5189 is 0.9723405838012695
Time taken for candidate 5190 is 1.2561297416687012
Time taken for candidate 5191 is 1.3825817108154297
Time taken for candidate 5192 is 1.088923692703247
Time taken for candidate 5193 is 0.907341480255127
Time taken for candidate 5194 is 0.9827570915222168
Time taken for candidate 5195 is 1.6308257579803467
Time taken for candidate 5196 is 1.348034381866455
Time taken for candidate 5197 is 1.3566298484802246
Time taken for candidate 5198 is 1.4561259746551514
Time taken for candidate 5199 is 1.1387064456939697
Time taken for candidate 5201 is 1.4679508209228516
Time taken for candidate 5202 is 0.9777939319610596
Time taken for candidate 5203 is 1.2520816326141357
Time taken for candidate 5204 is 1.52213454246521
Time taken for candidate 5205 is 1.0066020488739014
Time taken for candidate 5206 is 1.2891159057617188
Time taken for candidate 5208 is 0.8006992340087891
Time taken for candidate 5209 is 1.0858664512634277
Time taken for candidate 5210 is 1.0750443935394287
Time taken for candidate 5211 is 1.0964903831481934
Time taken for candidate 5212 is 1.5679593086242676
Time taken for candidate 5213 is 1.1478099822998047
Time taken for candidate 5214 is 1.1266539096832275
Time taken for candidate 5215 is 1.0519661903381348
Time taken for candidate 5216 is 1.0568394660949707
Time taken for candidate 5218 is 0.9476034641265869
Time taken for candidate 5219 is 0.8378243446350098
Time taken for candidate 5220 is 1.0803828239440918
Time taken for candidate 5221 is 1.1299691200256348
Time taken for candidate 5226 is 1.3921427726745605
Time taken for candidate 5227 is 1.3212521076202393
Time taken for candidate 5228 is 0.8110814094543457
Time taken for candidate 5229 is 1.1908104419708252
Time taken for candidate 5230 is 1.2160518169403076
Time taken for candidate 5231 is 0.7265689373016357
Time taken for candidate 5232 is 1.3974568843841553
Time taken for candidate 5233 is 1.0483686923980713
Time taken for candidate 5234 is 1.186739206314087
Time taken for candidate 5235 is 1.1693353652954102
Time taken for candidate 5236 is 0.6616711616516113
Time taken for candidate 5237 is 1.4254703521728516
Time taken for candidate 5238 is 1.1400065422058105
Time taken for candidate 5239 is 1.397343635559082
Time taken for candidate 5240 is 1.0148711204528809
Time taken for candidate 5241 is 1.2562313079833984
Time taken for candidate 5243 is 0.9263958930969238
Time taken for candidate 5244 is 1.1800401210784912
Time taken for candidate 5245 is 1.2757253646850586
Time taken for candidate 5247 is 0.6218094825744629
Time taken for candidate 5249 is 0.9811749458312988
Time taken for candidate 5250 is 1.0918736457824707
Time taken for candidate 5251 is 0.8906745910644531
Time taken for candidate 5253 is 1.275993824005127
Time taken for candidate 5254 is 0.7686624526977539
Time taken for candidate 5255 is 0.8304235935211182
Time taken for candidate 5256 is 1.08970308303833
Time taken for candidate 5257 is 1.3138930797576904
Time taken for candidate 5258 is 0.9081699848175049
Time taken for candidate 5259 is 0.5468711853027344
Time taken for candidate 5260 is 1.547717809677124
Time taken for candidate 5262 is 0.9898302555084229
Time taken for candidate 5263 is 1.0041816234588623
Time taken for candidate 5264 is 1.7219371795654297
Time taken for candidate 5267 is 0.8554272651672363
Time taken for candidate 5268 is 1.2708137035369873
Time taken for candidate 5269 is 0.8712542057037354
Time taken for candidate 5270 is 1.1751604080200195
Time taken for candidate 5271 is 0.7272639274597168
Time taken for candidate 5272 is 1.1253325939178467
Time taken for candidate 5273 is 1.4128425121307373
Time taken for candidate 5274 is 1.0596082210540771
Time taken for candidate 5275 is 1.3249773979187012
Time taken for candidate 5277 is 1.1482868194580078
Time taken for candidate 5278 is 1.0925755500793457
Time taken for candidate 5279 is 0.8585186004638672
Time taken for candidate 5280 is 1.3620848655700684
Time taken for candidate 5281 is 0.7949578762054443
Time taken for candidate 5282 is 1.027557373046875
Time taken for candidate 5283 is 1.1877391338348389
Time taken for candidate 5284 is 1.1147210597991943
Time taken for candidate 5285 is 1.0466878414154053
Time taken for candidate 5287 is 0.8094484806060791
Time taken for candidate 5291 is 1.1654202938079834
Time taken for candidate 5292 is 1.2727344036102295
Time taken for candidate 5293 is 1.3585920333862305
Time taken for candidate 5294 is 1.007845163345337
Time taken for candidate 5298 is 1.1535286903381348
Time taken for candidate 5299 is 0.8062844276428223
Time taken for candidate 5301 is 1.2579946517944336
Time taken for candidate 5303 is 1.0203404426574707
Time taken for candidate 5304 is 1.0703942775726318
Time taken for candidate 5306 is 1.1056296825408936
Time taken for candidate 5307 is 1.2422294616699219
Time taken for candidate 5308 is 1.240105152130127
Time taken for candidate 5309 is 1.2024810314178467
Time taken for candidate 5313 is 1.0345261096954346
Time taken for candidate 5314 is 1.263646125793457
Time taken for candidate 5315 is 1.0544567108154297
Time taken for candidate 5316 is 1.0455303192138672
Time taken for candidate 5317 is 1.0733060836791992
Time taken for candidate 5318 is 1.0987553596496582
Time taken for candidate 5319 is 1.1979656219482422
Time taken for candidate 5320 is 1.1676571369171143
Time taken for candidate 5321 is 1.3060331344604492
Time taken for candidate 5322 is 0.8659591674804688
Time taken for candidate 5323 is 1.278076410293579
Time taken for candidate 5324 is 1.2833728790283203
Time taken for candidate 5326 is 1.3582487106323242
Time taken for candidate 5327 is 1.4314734935760498
Time taken for candidate 5330 is 1.3419442176818848
Time taken for candidate 5331 is 1.320321798324585
Time taken for candidate 5332 is 0.7865548133850098
Time taken for candidate 5334 is 1.1196825504302979
Time taken for candidate 5335 is 1.6079597473144531
Time taken for candidate 5337 is 1.119744062423706
Time taken for candidate 5338 is 0.9720864295959473
Time taken for candidate 5339 is 1.7826197147369385
Time taken for candidate 5340 is 1.6697020530700684
Time taken for candidate 5341 is 1.5006723403930664
Time taken for candidate 5342 is 0.9378893375396729
Time taken for candidate 5343 is 1.4480228424072266
Time taken for candidate 5344 is 0.9827902317047119
Time taken for candidate 5346 is 1.3884062767028809
Time taken for candidate 5347 is 1.1342487335205078
Time taken for candidate 5348 is 1.3789448738098145
Time taken for candidate 5349 is 1.5602245330810547
Time taken for candidate 5352 is 1.163954257965088
Time taken for candidate 5353 is 1.1930873394012451
Time taken for candidate 5355 is 1.4165723323822021
Time taken for candidate 5357 is 0.7406415939331055
Time taken for candidate 5360 is 1.4048635959625244
Time taken for candidate 5361 is 0.67710280418396
Time taken for candidate 5362 is 0.8040406703948975
Time taken for candidate 5363 is 1.0437848567962646
Time taken for candidate 5364 is 1.1018695831298828
Time taken for candidate 5365 is 1.0326590538024902
Time taken for candidate 5366 is 1.40568208694458
Time taken for candidate 5367 is 1.271451473236084
Time taken for candidate 5368 is 0.859083890914917
Time taken for candidate 5369 is 1.0120089054107666
Time taken for candidate 5370 is 0.942763090133667
Time taken for candidate 5371 is 1.5571982860565186
Time taken for candidate 5372 is 1.061734676361084
Time taken for candidate 5373 is 0.7086255550384521
Time taken for candidate 5374 is 1.2523856163024902
Time taken for candidate 5376 is 1.2252092361450195
Time taken for candidate 5377 is 0.7551629543304443
Time taken for candidate 5378 is 1.0691766738891602
Time taken for candidate 5379 is 0.9386782646179199
Time taken for candidate 5380 is 1.213364839553833
Time taken for candidate 5381 is 1.2503085136413574
Time taken for candidate 5383 is 1.2108619213104248
Time taken for candidate 5384 is 1.0667285919189453
Time taken for candidate 5386 is 1.100797176361084
Time taken for candidate 5387 is 1.224452257156372
Time taken for candidate 5388 is 1.260572910308838
Time taken for candidate 5390 is 1.0954184532165527
Time taken for candidate 5391 is 1.012592077255249
Time taken for candidate 5393 is 1.0679652690887451
Time taken for candidate 5396 is 1.1111886501312256
Time taken for candidate 5397 is 1.0299530029296875
Time taken for candidate 5398 is 0.9178228378295898
Time taken for candidate 5400 is 1.135524034500122
Time taken for candidate 5403 is 1.0654065608978271
Time taken for candidate 5404 is 1.0472805500030518
Time taken for candidate 5405 is 1.1700270175933838
Time taken for candidate 5407 is 0.996851921081543
Time taken for candidate 5410 is 1.4684092998504639
Time taken for candidate 5411 is 1.1179108619689941
Time taken for candidate 5412 is 0.8231596946716309
Time taken for candidate 5413 is 0.7940664291381836
Time taken for candidate 5414 is 1.5893044471740723
Time taken for candidate 5415 is 1.353421926498413
Time taken for candidate 5416 is 0.9557099342346191
Time taken for candidate 5417 is 1.0047283172607422
Time taken for candidate 5418 is 0.9083757400512695
Time taken for candidate 5419 is 1.3748407363891602
Time taken for candidate 5420 is 0.7563772201538086
Time taken for candidate 5421 is 0.71443772315979
Time taken for candidate 5422 is 1.144242525100708
Time taken for candidate 5423 is 1.7142698764801025
Time taken for candidate 5424 is 1.1993968486785889
Time taken for candidate 5426 is 1.0715320110321045
Time taken for candidate 5428 is 1.1182594299316406
Time taken for candidate 5429 is 1.2771070003509521
Time taken for candidate 5431 is 1.6430325508117676
Time taken for candidate 5433 is 0.9901502132415771
Time taken for candidate 5434 is 1.0231716632843018
Time taken for candidate 5435 is 0.9536383152008057
Time taken for candidate 5437 is 1.0145206451416016
Time taken for candidate 5438 is 0.8908727169036865
Time taken for candidate 5439 is 1.1719043254852295
Time taken for candidate 5442 is 0.6582410335540771
Time taken for candidate 5444 is 1.1724977493286133
Time taken for candidate 5445 is 1.0683181285858154
Time taken for candidate 5446 is 1.179231882095337
Time taken for candidate 5447 is 1.1594629287719727
Time taken for candidate 5450 is 1.0440313816070557
Time taken for candidate 5452 is 0.8956527709960938
Time taken for candidate 5454 is 0.8932077884674072
Time taken for candidate 5455 is 0.8548331260681152
Time taken for candidate 5456 is 1.2418789863586426
Time taken for candidate 5458 is 1.4689972400665283
Time taken for candidate 5460 is 1.127920389175415
Time taken for candidate 5461 is 0.8638839721679688
Time taken for candidate 5462 is 1.153810977935791
Time taken for candidate 5463 is 1.0075781345367432
Time taken for candidate 5464 is 0.7098171710968018
Time taken for candidate 5465 is 0.6265416145324707
Time taken for candidate 5466 is 0.7562963962554932
Time taken for candidate 5469 is 0.44165492057800293
Time taken for candidate 5471 is 1.0727553367614746
Time taken for candidate 5473 is 1.0214877128601074
Time taken for candidate 5474 is 0.8364334106445312
Time taken for candidate 5475 is 0.9893841743469238
Time taken for candidate 5477 is 1.015117883682251
Time taken for candidate 5478 is 0.47081542015075684
Time taken for candidate 5479 is 0.7062747478485107
Time taken for candidate 5480 is 2.3840837478637695
Time taken for candidate 5481 is 1.2285215854644775
Time taken for candidate 5483 is 0.8512892723083496
Time taken for candidate 5484 is 1.2241504192352295
Time taken for candidate 5485 is 0.7458455562591553
Time taken for candidate 5486 is 1.0441615581512451
Time taken for candidate 5487 is 1.213308572769165
Time taken for candidate 5488 is 1.174020528793335
Time taken for candidate 5489 is 1.3377301692962646
Time taken for candidate 5491 is 0.9115402698516846
Time taken for candidate 5492 is 0.9949350357055664
Time taken for candidate 5493 is 1.0602562427520752
Time taken for candidate 5494 is 1.099205732345581
Time taken for candidate 5495 is 1.2842509746551514
Time taken for candidate 5496 is 1.0556907653808594
Time taken for candidate 5497 is 0.9451138973236084
Time taken for candidate 5499 is 1.1238977909088135
Time taken for candidate 5501 is 0.9083340167999268
Time taken for candidate 5502 is 1.186096429824829
Time taken for candidate 5503 is 1.202249526977539
Time taken for candidate 5504 is 0.9348907470703125
Time taken for candidate 5505 is 0.7850890159606934
Time taken for candidate 5506 is 0.9349825382232666
Time taken for candidate 5507 is 0.9063913822174072
Time taken for candidate 5508 is 1.1265790462493896
Time taken for candidate 5509 is 1.1193444728851318
Time taken for candidate 5511 is 1.2423796653747559
Time taken for candidate 5512 is 0.8333446979522705
Time taken for candidate 5513 is 1.306250810623169
Time taken for candidate 5514 is 0.9916236400604248
Time taken for candidate 5515 is 0.7507691383361816
Time taken for candidate 5516 is 1.142608404159546
Time taken for candidate 5517 is 0.7463269233703613
Time taken for candidate 5519 is 1.060431718826294
Time taken for candidate 5520 is 1.0701384544372559
Time taken for candidate 5521 is 1.056396484375
Time taken for candidate 5522 is 1.0715312957763672
Time taken for candidate 5523 is 1.083862066268921
Time taken for candidate 5524 is 0.7764885425567627
Time taken for candidate 5525 is 1.0045063495635986
Time taken for candidate 5526 is 0.7247509956359863
Time taken for candidate 5527 is 0.46450209617614746
Time taken for candidate 5528 is 1.1505842208862305
Time taken for candidate 5529 is 0.8481009006500244
Time taken for candidate 5531 is 1.3385584354400635
Time taken for candidate 5532 is 0.6525979042053223
Time taken for candidate 5533 is 0.8484346866607666
Time taken for candidate 5534 is 1.1465952396392822
Time taken for candidate 5536 is 0.9170780181884766
Time taken for candidate 5537 is 1.1178679466247559
Time taken for candidate 5538 is 0.8020730018615723
Time taken for candidate 5539 is 0.8348076343536377
Time taken for candidate 5540 is 1.514453649520874
Time taken for candidate 5542 is 1.2232816219329834
Time taken for candidate 5546 is 1.0220398902893066
Time taken for candidate 5547 is 0.7141811847686768
Time taken for candidate 5549 is 1.4751732349395752
Time taken for candidate 5550 is 0.9193341732025146
Time taken for candidate 5552 is 1.4953210353851318
Time taken for candidate 5553 is 1.0593128204345703
Time taken for candidate 5555 is 1.2321975231170654
Time taken for candidate 5556 is 0.7845914363861084
Time taken for candidate 5557 is 1.10453462600708
Time taken for candidate 5558 is 0.9187037944793701
Time taken for candidate 5559 is 0.8363797664642334
Time taken for candidate 5560 is 1.581841230392456
Time taken for candidate 5561 is 1.0117366313934326
Time taken for candidate 5562 is 1.0550053119659424
Time taken for candidate 5563 is 0.7157409191131592
Time taken for candidate 5564 is 1.3460092544555664
Time taken for candidate 5566 is 1.0124108791351318
Time taken for candidate 5567 is 1.0658156871795654
Time taken for candidate 5568 is 1.412097454071045
Time taken for candidate 5571 is 0.8505208492279053
Time taken for candidate 5572 is 1.0407652854919434
Time taken for candidate 5575 is 0.9310827255249023
Time taken for candidate 5578 is 0.7223632335662842
Time taken for candidate 5579 is 1.3956518173217773
Time taken for candidate 5580 is 0.6631386280059814
Time taken for candidate 5582 is 1.1446146965026855
Time taken for candidate 5584 is 0.8397250175476074
Time taken for candidate 5585 is 1.2176196575164795
Time taken for candidate 5589 is 0.9448642730712891
Time taken for candidate 5590 is 1.1559021472930908
Time taken for candidate 5591 is 1.1846468448638916
Time taken for candidate 5592 is 1.2394428253173828
Time taken for candidate 5593 is 1.206477403640747
Time taken for candidate 5594 is 0.8926773071289062
Time taken for candidate 5596 is 0.9203243255615234
Time taken for candidate 5597 is 1.2036747932434082
Time taken for candidate 5598 is 1.068054437637329
Time taken for candidate 5599 is 1.180530071258545
Time taken for candidate 5600 is 1.510481357574463
Time taken for candidate 5603 is 0.8041708469390869
Time taken for candidate 5604 is 0.9563357830047607
Time taken for candidate 5605 is 0.7908694744110107
Time taken for candidate 5606 is 1.1577534675598145
Time taken for candidate 5607 is 1.0405967235565186
Time taken for candidate 5608 is 1.1450326442718506
Time taken for candidate 5609 is 1.0261788368225098
Time taken for candidate 5610 is 1.4109563827514648
Time taken for candidate 5611 is 0.8002502918243408
Time taken for candidate 5612 is 1.197525978088379
Time taken for candidate 5613 is 1.3915340900421143
Time taken for candidate 5614 is 0.9297142028808594
Time taken for candidate 5617 is 0.9502706527709961
Time taken for candidate 5620 is 0.9817113876342773
Time taken for candidate 5621 is 1.1525285243988037
Time taken for candidate 5624 is 0.8145749568939209
Time taken for candidate 5625 is 1.0737628936767578
Time taken for candidate 5626 is 1.1780221462249756
Time taken for candidate 5627 is 1.4991965293884277
Time taken for candidate 5628 is 0.8241829872131348
Time taken for candidate 5629 is 1.2168433666229248
Time taken for candidate 5631 is 1.3307101726531982
Time taken for candidate 5632 is 1.3376855850219727
Time taken for candidate 5633 is 1.3717756271362305
Time taken for candidate 5634 is 0.9150741100311279
Time taken for candidate 5635 is 1.4550080299377441
Time taken for candidate 5636 is 1.006115436553955
Time taken for candidate 5637 is 0.8780176639556885
Time taken for candidate 5639 is 1.403398036956787
Time taken for candidate 5640 is 1.016648530960083
Time taken for candidate 5641 is 1.0402908325195312
Time taken for candidate 5642 is 0.7696993350982666
Time taken for candidate 5644 is 1.1963787078857422
Time taken for candidate 5646 is 0.6828470230102539
Time taken for candidate 5647 is 0.8261525630950928
Time taken for candidate 5648 is 0.9475841522216797
Time taken for candidate 5649 is 0.7266173362731934
Time taken for candidate 5650 is 1.0461413860321045
Time taken for candidate 5651 is 0.70863938331604
Time taken for candidate 5652 is 0.8575639724731445
Time taken for candidate 5653 is 0.752432107925415
Time taken for candidate 5654 is 1.4538354873657227
Time taken for candidate 5657 is 0.8379766941070557
Time taken for candidate 5658 is 0.6326150894165039
Time taken for candidate 5661 is 1.403057336807251
Time taken for candidate 5662 is 0.7422454357147217
Time taken for candidate 5663 is 0.7809033393859863
Time taken for candidate 5664 is 1.6033363342285156
Time taken for candidate 5665 is 0.7630500793457031
Time taken for candidate 5666 is 1.236527681350708
Time taken for candidate 5667 is 0.8780264854431152
Time taken for candidate 5668 is 1.0529370307922363
Time taken for candidate 5673 is 1.2367711067199707
Time taken for candidate 5674 is 0.9463529586791992
Time taken for candidate 5675 is 1.0692529678344727
Time taken for candidate 5676 is 1.1654973030090332
Time taken for candidate 5677 is 1.0745153427124023
Time taken for candidate 5678 is 1.030677318572998
Time taken for candidate 5679 is 0.6180610656738281
Time taken for candidate 5680 is 0.7926599979400635
Time taken for candidate 5681 is 0.8198599815368652
Time taken for candidate 5682 is 0.9001796245574951
Time taken for candidate 5683 is 0.6905641555786133
Time taken for candidate 5685 is 0.8911769390106201
Time taken for candidate 5686 is 1.6415085792541504
Time taken for candidate 5687 is 0.8400452136993408
Time taken for candidate 5689 is 1.4630982875823975
Time taken for candidate 5690 is 1.4044392108917236
Time taken for candidate 5692 is 1.044633150100708
Time taken for candidate 5693 is 0.9911344051361084
Time taken for candidate 5695 is 0.9939925670623779
Time taken for candidate 5697 is 1.097015142440796
Time taken for candidate 5698 is 1.080143928527832
Time taken for candidate 5699 is 1.3725762367248535
Time taken for candidate 5700 is 1.019538164138794
Time taken for candidate 5701 is 1.1271908283233643
Time taken for candidate 5702 is 1.069563627243042
Time taken for candidate 5703 is 0.8351306915283203
Time taken for candidate 5704 is 1.2697432041168213
Time taken for candidate 5705 is 1.2695508003234863
Time taken for candidate 5707 is 1.2191176414489746
Time taken for candidate 5709 is 1.0231215953826904
Time taken for candidate 5710 is 1.1539280414581299
Time taken for candidate 5711 is 0.9346110820770264
Time taken for candidate 5712 is 1.1361198425292969
Time taken for candidate 5713 is 1.3679347038269043
Time taken for candidate 5714 is 1.179626703262329
Time taken for candidate 5715 is 1.1348204612731934
Time taken for candidate 5716 is 1.1101717948913574
Time taken for candidate 5717 is 0.9352231025695801
Time taken for candidate 5718 is 0.8681254386901855
Time taken for candidate 5721 is 1.1073498725891113
Time taken for candidate 5722 is 0.6704974174499512
Time taken for candidate 5723 is 0.738001823425293
Time taken for candidate 5724 is 1.0863127708435059
Time taken for candidate 5725 is 1.4045655727386475
Time taken for candidate 5727 is 1.2732069492340088
Time taken for candidate 5728 is 1.012037992477417
Time taken for candidate 5729 is 1.0411674976348877
Time taken for candidate 5730 is 1.487539291381836
Time taken for candidate 5735 is 1.2185018062591553
Time taken for candidate 5736 is 1.4440596103668213
Time taken for candidate 5737 is 0.6926236152648926
Time taken for candidate 5738 is 1.123823881149292
Time taken for candidate 5739 is 1.608881950378418
Time taken for candidate 5740 is 1.0054266452789307
Time taken for candidate 5742 is 1.2966535091400146
Time taken for candidate 5743 is 0.9892780780792236
Time taken for candidate 5745 is 1.6766533851623535
Time taken for candidate 5746 is 1.071549415588379
Time taken for candidate 5747 is 1.035137414932251
Time taken for candidate 5748 is 1.0104970932006836
Time taken for candidate 5749 is 1.085571527481079
Time taken for candidate 5754 is 0.7622256278991699
Time taken for candidate 5755 is 1.352360486984253
Time taken for candidate 5756 is 0.9412360191345215
Time taken for candidate 5757 is 1.0521695613861084
Time taken for candidate 5758 is 1.259275197982788
Time taken for candidate 5759 is 0.9740216732025146
Time taken for candidate 5763 is 1.1401193141937256
Time taken for candidate 5764 is 1.0563106536865234
Time taken for candidate 5765 is 1.0083749294281006
Time taken for candidate 5766 is 0.862138032913208
Time taken for candidate 5767 is 1.1197664737701416
Time taken for candidate 5768 is 0.9889802932739258
Time taken for candidate 5769 is 1.026352882385254
Time taken for candidate 5770 is 1.1248722076416016
Time taken for candidate 5771 is 1.2610180377960205
Time taken for candidate 5772 is 0.6539018154144287
Time taken for candidate 5773 is 1.0358624458312988
Time taken for candidate 5775 is 1.0793101787567139
Time taken for candidate 5776 is 0.8552305698394775
Time taken for candidate 5777 is 0.8763892650604248
Time taken for candidate 5778 is 1.1890740394592285
Time taken for candidate 5779 is 1.4970502853393555
Time taken for candidate 5780 is 1.0944721698760986
Time taken for candidate 5781 is 1.3975722789764404
Time taken for candidate 5782 is 1.4069781303405762
Time taken for candidate 5783 is 0.924616813659668
Time taken for candidate 5784 is 1.0498096942901611
Time taken for candidate 5786 is 1.4497756958007812
Time taken for candidate 5787 is 0.5751242637634277
Time taken for candidate 5788 is 1.177523136138916
Time taken for candidate 5789 is 1.0734610557556152
Time taken for candidate 5791 is 1.118140459060669
Time taken for candidate 5792 is 1.2277324199676514
Time taken for candidate 5793 is 0.9283788204193115
Time taken for candidate 5794 is 1.0399363040924072
Time taken for candidate 5795 is 0.7669863700866699
Time taken for candidate 5796 is 0.8738718032836914
Time taken for candidate 5797 is 1.3932621479034424
Time taken for candidate 5798 is 1.203070878982544
Time taken for candidate 5801 is 0.7580313682556152
Time taken for candidate 5802 is 1.0101842880249023
Time taken for candidate 5803 is 0.8276560306549072
Time taken for candidate 5804 is 0.8330259323120117
Time taken for candidate 5805 is 0.9776756763458252
Time taken for candidate 5806 is 1.509875774383545
Time taken for candidate 5807 is 0.9831721782684326
Time taken for candidate 5808 is 1.1994376182556152
Time taken for candidate 5810 is 1.0251438617706299
Time taken for candidate 5811 is 0.7867016792297363
Time taken for candidate 5812 is 1.1289544105529785
Time taken for candidate 5813 is 0.9711449146270752
Time taken for candidate 5816 is 1.402620792388916
Time taken for candidate 5817 is 0.7364082336425781
Time taken for candidate 5818 is 1.219679594039917
Time taken for candidate 5820 is 1.5397958755493164
Time taken for candidate 5821 is 1.066950798034668
Time taken for candidate 5823 is 1.1027779579162598
Time taken for candidate 5824 is 0.46988606452941895
Time taken for candidate 5827 is 0.7424423694610596
Time taken for candidate 5828 is 1.2906217575073242
Time taken for candidate 5829 is 1.4589295387268066
Time taken for candidate 5830 is 1.378680944442749
Time taken for candidate 5831 is 1.0857665538787842
Time taken for candidate 5835 is 1.6500718593597412
Time taken for candidate 5836 is 1.0674619674682617
Time taken for candidate 5837 is 1.3616986274719238
Time taken for candidate 5839 is 1.1624972820281982
Time taken for candidate 5841 is 1.10467529296875
Time taken for candidate 5842 is 1.2209303379058838
Time taken for candidate 5843 is 1.088425636291504
Time taken for candidate 5845 is 1.0471351146697998
Time taken for candidate 5846 is 0.8342280387878418
Time taken for candidate 5847 is 1.081455945968628
Time taken for candidate 5848 is 1.4476003646850586
Time taken for candidate 5851 is 1.0763468742370605
Time taken for candidate 5857 is 1.1563470363616943
Time taken for candidate 5858 is 1.237257719039917
Time taken for candidate 5859 is 1.2349562644958496
Time taken for candidate 5860 is 1.0129616260528564
Time taken for candidate 5861 is 1.148334264755249
Time taken for candidate 5862 is 0.9636127948760986
Time taken for candidate 5863 is 1.1978480815887451
Time taken for candidate 5864 is 1.139988660812378
Time taken for candidate 5866 is 0.7950520515441895
Time taken for candidate 5867 is 1.0623283386230469
Time taken for candidate 5869 is 1.3255465030670166
Time taken for candidate 5872 is 1.1871960163116455
Time taken for candidate 5873 is 1.2707855701446533
Time taken for candidate 5874 is 1.0666160583496094
Time taken for candidate 5879 is 0.8236639499664307
Time taken for candidate 5880 is 1.4824824333190918
Time taken for candidate 5882 is 1.10438871383667
Time taken for candidate 5884 is 1.3220555782318115
Time taken for candidate 5885 is 0.9962184429168701
Time taken for candidate 5887 is 0.6573967933654785
Time taken for candidate 5888 is 1.1898207664489746
Time taken for candidate 5890 is 1.0322566032409668
Time taken for candidate 5891 is 1.4000914096832275
Time taken for candidate 5892 is 0.9566149711608887
Time taken for candidate 5894 is 0.8034021854400635
Time taken for candidate 5895 is 0.964425802230835
Time taken for candidate 5896 is 1.7501614093780518
Time taken for candidate 5897 is 1.0155062675476074
Time taken for candidate 5899 is 1.4583876132965088
Time taken for candidate 5900 is 1.003633737564087
Time taken for candidate 5901 is 0.8960866928100586
Time taken for candidate 5902 is 1.27742338180542
Time taken for candidate 5903 is 1.2779676914215088
Time taken for candidate 5907 is 0.9896745681762695
Time taken for candidate 5908 is 1.0505049228668213
Time taken for candidate 5909 is 1.0098559856414795
Time taken for candidate 5910 is 1.6269924640655518
Time taken for candidate 5911 is 1.1767399311065674
Time taken for candidate 5912 is 0.759455680847168
Time taken for candidate 5913 is 1.1637635231018066
Time taken for candidate 5915 is 0.8039400577545166
Time taken for candidate 5916 is 0.8012709617614746
Time taken for candidate 5918 is 0.9874653816223145
Time taken for candidate 5919 is 1.2881560325622559
Time taken for candidate 5920 is 0.7928905487060547
Time taken for candidate 5923 is 0.888324499130249
Time taken for candidate 5924 is 1.0459692478179932
Time taken for candidate 5925 is 0.9982578754425049
Time taken for candidate 5926 is 1.2131574153900146
Time taken for candidate 5929 is 1.2283217906951904
Time taken for candidate 5930 is 0.9518604278564453
Time taken for candidate 5933 is 0.5918047428131104
Time taken for candidate 5936 is 1.185049295425415
Time taken for candidate 5937 is 1.1314480304718018
Time taken for candidate 5938 is 1.4680771827697754
Time taken for candidate 5939 is 1.1139898300170898
Time taken for candidate 5940 is 0.8225555419921875
Time taken for candidate 5941 is 1.2117764949798584
Time taken for candidate 5942 is 1.1461410522460938
Time taken for candidate 5943 is 1.0495784282684326
Time taken for candidate 5944 is 1.1051437854766846
Time taken for candidate 5945 is 0.8875739574432373
Time taken for candidate 5946 is 0.6601321697235107
Time taken for candidate 5949 is 0.9524900913238525
Time taken for candidate 5950 is 1.677475929260254
Time taken for candidate 5951 is 0.7537169456481934
Time taken for candidate 5953 is 0.7546095848083496
Time taken for candidate 5954 is 1.133134365081787
Time taken for candidate 5955 is 0.9639005661010742
Time taken for candidate 5957 is 0.8091404438018799
Time taken for candidate 5958 is 1.200042724609375
Time taken for candidate 5959 is 1.147672176361084
Time taken for candidate 5961 is 1.1690330505371094
Time taken for candidate 5962 is 1.302147626876831
Time taken for candidate 5963 is 0.8046510219573975
Time taken for candidate 5964 is 0.6011137962341309
Time taken for candidate 5965 is 0.7549872398376465
Time taken for candidate 5966 is 0.869685173034668
Time taken for candidate 5969 is 0.9410710334777832
Time taken for candidate 5970 is 1.124182939529419
Time taken for candidate 5972 is 0.8793747425079346
Time taken for candidate 5973 is 0.8269205093383789
Time taken for candidate 5975 is 1.896998643875122
Time taken for candidate 5976 is 0.884028434753418
Time taken for candidate 5977 is 1.181351900100708
Time taken for candidate 5978 is 0.6411583423614502
Time taken for candidate 5979 is 0.901125431060791
Time taken for candidate 5982 is 0.6248655319213867
Time taken for candidate 5983 is 0.7859888076782227
Time taken for candidate 5985 is 0.954641580581665
Time taken for candidate 5986 is 1.220475673675537
Time taken for candidate 5988 is 1.0915908813476562
Time taken for candidate 5989 is 0.8971214294433594
Time taken for candidate 5991 is 0.8152773380279541
Time taken for candidate 5992 is 1.1342754364013672
Time taken for candidate 5993 is 1.457923173904419
Time taken for candidate 5994 is 1.0765645503997803
Time taken for candidate 5995 is 0.7191629409790039
Time taken for candidate 5996 is 0.9658374786376953
Time taken for candidate 5998 is 1.0577173233032227
Time taken for candidate 5999 is 1.0351746082305908
Time taken for candidate 6000 is 1.0374760627746582
Time taken for candidate 6001 is 1.3116874694824219
Time taken for candidate 6004 is 1.3629114627838135
Time taken for candidate 6005 is 1.077629566192627
Time taken for candidate 6007 is 0.7249472141265869
Time taken for candidate 6008 is 1.1482880115509033
Time taken for candidate 6011 is 1.1011841297149658
Time taken for candidate 6012 is 1.2097318172454834
Time taken for candidate 6013 is 1.1940648555755615
Time taken for candidate 6015 is 0.7089722156524658
Time taken for candidate 6017 is 0.9211905002593994
Time taken for candidate 6019 is 1.4414918422698975
Time taken for candidate 6021 is 0.823981523513794
Time taken for candidate 6022 is 1.501354694366455
Time taken for candidate 6023 is 0.8784565925598145
Time taken for candidate 6024 is 0.835200309753418
Time taken for candidate 6025 is 0.7311959266662598
Time taken for candidate 6026 is 1.3073809146881104
Time taken for candidate 6027 is 1.0115430355072021
Time taken for candidate 6028 is 1.5870459079742432
Time taken for candidate 6029 is 1.0297276973724365
Time taken for candidate 6031 is 0.9605014324188232
Time taken for candidate 6032 is 1.3012356758117676
Time taken for candidate 6034 is 1.0260584354400635
Time taken for candidate 6035 is 1.0521600246429443
Time taken for candidate 6036 is 1.3236567974090576
Time taken for candidate 6037 is 0.8481712341308594
Time taken for candidate 6038 is 0.7919883728027344
Time taken for candidate 6039 is 1.0472791194915771
Time taken for candidate 6040 is 1.0633735656738281
Time taken for candidate 6041 is 1.2101898193359375
Time taken for candidate 6042 is 1.0123295783996582
Time taken for candidate 6043 is 1.0228416919708252
Time taken for candidate 6044 is 0.9537723064422607
Time taken for candidate 6046 is 0.7690465450286865
Time taken for candidate 6047 is 0.8546156883239746
Time taken for candidate 6048 is 0.6315701007843018
Time taken for candidate 6049 is 1.0075385570526123
Time taken for candidate 6051 is 0.9692587852478027
Time taken for candidate 6053 is 0.628617525100708
Time taken for candidate 6054 is 0.9107508659362793
Time taken for candidate 6055 is 0.4556560516357422
Time taken for candidate 6056 is 0.7330493927001953
Time taken for candidate 6057 is 1.029392957687378
Time taken for candidate 6059 is 0.9972293376922607
Time taken for candidate 6060 is 1.2387001514434814
Time taken for candidate 6061 is 1.3001682758331299
Time taken for candidate 6062 is 0.744560956954956
Time taken for candidate 6063 is 0.9465816020965576
Time taken for candidate 6064 is 0.8992645740509033
Time taken for candidate 6065 is 1.236612319946289
Time taken for candidate 6066 is 0.9912059307098389
Time taken for candidate 6067 is 1.0946028232574463
Time taken for candidate 6068 is 0.9908227920532227
Time taken for candidate 6069 is 1.2276408672332764
Time taken for candidate 6071 is 0.8242886066436768
Time taken for candidate 6072 is 1.1275675296783447
Time taken for candidate 6073 is 1.0079119205474854
Time taken for candidate 6074 is 1.0006616115570068
Time taken for candidate 6076 is 1.044907808303833
Time taken for candidate 6078 is 0.7279155254364014
Time taken for candidate 6079 is 1.2885808944702148
Time taken for candidate 6080 is 1.1705396175384521
Time taken for candidate 6083 is 0.6309373378753662
Time taken for candidate 6085 is 1.1906790733337402
Time taken for candidate 6086 is 1.3885464668273926
Time taken for candidate 6089 is 1.0637898445129395
Time taken for candidate 6090 is 1.135087490081787
Time taken for candidate 6092 is 0.9188206195831299
Time taken for candidate 6093 is 1.205153226852417
Time taken for candidate 6095 is 1.2819411754608154
Time taken for candidate 6096 is 0.9570960998535156
Time taken for candidate 6097 is 0.8875088691711426
Time taken for candidate 6098 is 0.7680191993713379
Time taken for candidate 6100 is 0.8675458431243896
Time taken for candidate 6101 is 0.8611409664154053
Time taken for candidate 6102 is 1.252957820892334
Time taken for candidate 6103 is 1.140758752822876
Time taken for candidate 6104 is 1.1435680389404297
Time taken for candidate 6106 is 0.9635212421417236
Time taken for candidate 6108 is 0.6804368495941162
Time taken for candidate 6109 is 0.7301537990570068
Time taken for candidate 6110 is 0.5748391151428223
Time taken for candidate 6111 is 1.0753371715545654
Time taken for candidate 6112 is 1.0698654651641846
Time taken for candidate 6113 is 1.255565881729126
Time taken for candidate 6114 is 1.5853796005249023
Time taken for candidate 6115 is 0.9585661888122559
Time taken for candidate 6116 is 1.0895521640777588
Time taken for candidate 6117 is 1.2319283485412598
Time taken for candidate 6118 is 1.3627448081970215
Time taken for candidate 6119 is 0.7925117015838623
Time taken for candidate 6120 is 1.0115432739257812
Time taken for candidate 6122 is 0.7568509578704834
Time taken for candidate 6123 is 0.853769063949585
Time taken for candidate 6124 is 1.1310365200042725
Time taken for candidate 6125 is 1.338226079940796
Time taken for candidate 6126 is 1.400691032409668
Time taken for candidate 6127 is 0.9205772876739502
Time taken for candidate 6128 is 1.453784465789795
Time taken for candidate 6129 is 1.1715481281280518
Time taken for candidate 6131 is 1.2110052108764648
Time taken for candidate 6132 is 1.995011329650879
Time taken for candidate 6133 is 0.9479329586029053
Time taken for candidate 6134 is 1.3467769622802734
Time taken for candidate 6136 is 1.2448129653930664
Time taken for candidate 6137 is 0.9644725322723389
Time taken for candidate 6138 is 0.6397345066070557
Time taken for candidate 6139 is 0.7678921222686768
Time taken for candidate 6140 is 1.036914587020874
Time taken for candidate 6141 is 0.8335633277893066
Time taken for candidate 6143 is 1.0443058013916016
Time taken for candidate 6144 is 1.7113878726959229
Time taken for candidate 6145 is 0.5428786277770996
Time taken for candidate 6148 is 0.9698619842529297
Time taken for candidate 6149 is 0.8718831539154053
Time taken for candidate 6150 is 0.9933538436889648
Time taken for candidate 6151 is 1.1888747215270996
Time taken for candidate 6154 is 1.05364990234375
Time taken for candidate 6155 is 1.2039825916290283
Time taken for candidate 6156 is 1.1210577487945557
Time taken for candidate 6157 is 1.1219291687011719
Time taken for candidate 6158 is 1.1203923225402832
Time taken for candidate 6161 is 1.3760669231414795
Time taken for candidate 6163 is 0.9618129730224609
Time taken for candidate 6164 is 0.7644326686859131
Time taken for candidate 6165 is 0.8515968322753906
Time taken for candidate 6166 is 1.204289197921753
Time taken for candidate 6168 is 1.0479207038879395
Time taken for candidate 6169 is 0.6417837142944336
Time taken for candidate 6170 is 1.1486594676971436
Time taken for candidate 6171 is 1.1499812602996826
Time taken for candidate 6174 is 1.1659564971923828
Time taken for candidate 6178 is 1.0252435207366943
Time taken for candidate 6181 is 0.7590978145599365
Time taken for candidate 6182 is 1.0095958709716797
Time taken for candidate 6183 is 1.1357719898223877
Time taken for candidate 6184 is 1.0091607570648193
Time taken for candidate 6185 is 1.1315624713897705
Time taken for candidate 6186 is 0.9148693084716797
Time taken for candidate 6187 is 1.037015438079834
Time taken for candidate 6188 is 0.6404705047607422
Time taken for candidate 6189 is 1.4640450477600098
Time taken for candidate 6190 is 0.7198872566223145
Time taken for candidate 6191 is 0.6431324481964111
Time taken for candidate 6192 is 1.015211820602417
Time taken for candidate 6193 is 0.8881680965423584
Time taken for candidate 6194 is 1.3248724937438965
Time taken for candidate 6195 is 0.8838939666748047
Time taken for candidate 6196 is 1.350738286972046
Time taken for candidate 6197 is 0.9009010791778564
Time taken for candidate 6198 is 1.1751329898834229
Time taken for candidate 6199 is 1.0313441753387451
Time taken for candidate 6200 is 1.1389131546020508
Time taken for candidate 6201 is 0.9892346858978271
Time taken for candidate 6202 is 1.2500863075256348
Time taken for candidate 6203 is 1.0934805870056152
Time taken for candidate 6204 is 0.8745217323303223
Time taken for candidate 6205 is 1.3895683288574219
Time taken for candidate 6206 is 1.0665884017944336
Time taken for candidate 6208 is 0.622063159942627
Time taken for candidate 6209 is 1.0366404056549072
Time taken for candidate 6210 is 1.389876365661621
Time taken for candidate 6213 is 1.5500588417053223
Time taken for candidate 6215 is 0.9977498054504395
Time taken for candidate 6216 is 1.3509609699249268
Time taken for candidate 6217 is 0.6992824077606201
Time taken for candidate 6219 is 1.1290364265441895
Time taken for candidate 6220 is 1.3661692142486572
Time taken for candidate 6222 is 1.3341753482818604
Time taken for candidate 6223 is 1.26509690284729
Time taken for candidate 6224 is 0.9516494274139404
Time taken for candidate 6225 is 1.4469130039215088
Time taken for candidate 6226 is 1.2468640804290771
Time taken for candidate 6227 is 0.8431923389434814
Time taken for candidate 6228 is 0.8803298473358154
Time taken for candidate 6229 is 1.2540984153747559
Time taken for candidate 6230 is 1.036437749862671
Time taken for candidate 6231 is 1.4784934520721436
Time taken for candidate 6232 is 0.9241890907287598
Time taken for candidate 6235 is 1.1197679042816162
Time taken for candidate 6236 is 1.4017009735107422
Time taken for candidate 6237 is 0.9485046863555908
Time taken for candidate 6238 is 1.3193891048431396
Time taken for candidate 6239 is 1.1874284744262695
Time taken for candidate 6243 is 1.15012788772583
Time taken for candidate 6244 is 0.9456136226654053
Time taken for candidate 6245 is 1.2409038543701172
Time taken for candidate 6247 is 1.2131953239440918
Time taken for candidate 6248 is 1.3297500610351562
Time taken for candidate 6249 is 1.0982277393341064
Time taken for candidate 6250 is 1.0091350078582764
Time taken for candidate 6251 is 0.8487319946289062
Time taken for candidate 6252 is 1.1039478778839111
Time taken for candidate 6253 is 1.1659677028656006
Time taken for candidate 6254 is 1.4197449684143066
Time taken for candidate 6255 is 1.1424694061279297
Time taken for candidate 6256 is 0.7857670783996582
Time taken for candidate 6257 is 0.9588360786437988
Time taken for candidate 6258 is 0.9512877464294434
Time taken for candidate 6260 is 0.9555935859680176
Time taken for candidate 6265 is 1.2633347511291504
Time taken for candidate 6266 is 1.5650756359100342
Time taken for candidate 6268 is 0.9666101932525635
Time taken for candidate 6269 is 0.7532620429992676
Time taken for candidate 6271 is 1.1516175270080566
Time taken for candidate 6272 is 1.0276055335998535
Time taken for candidate 6273 is 0.9852089881896973
Time taken for candidate 6274 is 1.0083329677581787
Time taken for candidate 6275 is 0.713397741317749
Time taken for candidate 6276 is 1.2178974151611328
Time taken for candidate 6278 is 0.9817953109741211
Time taken for candidate 6279 is 1.4976108074188232
Time taken for candidate 6280 is 1.1379058361053467
Time taken for candidate 6281 is 0.7764861583709717
Time taken for candidate 6282 is 1.2351462841033936
Time taken for candidate 6283 is 0.9634666442871094
Time taken for candidate 6284 is 0.9635660648345947
Time taken for candidate 6286 is 0.6151103973388672
Time taken for candidate 6288 is 1.2030034065246582
Time taken for candidate 6289 is 1.133695363998413
Time taken for candidate 6290 is 1.1468324661254883
Time taken for candidate 6291 is 1.4035954475402832
Time taken for candidate 6293 is 1.2338581085205078
Time taken for candidate 6294 is 0.6834285259246826
Time taken for candidate 6295 is 1.1738548278808594
Time taken for candidate 6296 is 1.116225004196167
Time taken for candidate 6297 is 0.7560973167419434
Time taken for candidate 6298 is 1.2203834056854248
Time taken for candidate 6299 is 1.166255235671997
Time taken for candidate 6300 is 0.6447947025299072
Time taken for candidate 6302 is 1.1408815383911133
Time taken for candidate 6303 is 0.7482919692993164
Time taken for candidate 6304 is 1.240121841430664
Time taken for candidate 6305 is 0.8652353286743164
Time taken for candidate 6306 is 0.9343400001525879
Time taken for candidate 6307 is 0.8132574558258057
Time taken for candidate 6308 is 0.9596738815307617
Time taken for candidate 6309 is 0.8894815444946289
Time taken for candidate 6310 is 1.1074955463409424
Time taken for candidate 6311 is 1.3864552974700928
Time taken for candidate 6313 is 1.0527534484863281
Time taken for candidate 6314 is 1.124499797821045
Time taken for candidate 6318 is 1.107006311416626
Time taken for candidate 6319 is 0.730133056640625
Time taken for candidate 6321 is 1.1489756107330322
Time taken for candidate 6322 is 0.7174701690673828
Time taken for candidate 6323 is 1.242551565170288
Time taken for candidate 6324 is 1.161890983581543
Time taken for candidate 6325 is 1.0255053043365479
Time taken for candidate 6326 is 0.8293952941894531
Time taken for candidate 6327 is 0.7751357555389404
Time taken for candidate 6328 is 1.0781891345977783
Time taken for candidate 6329 is 0.8167147636413574
Time taken for candidate 6330 is 0.7528278827667236
Time taken for candidate 6331 is 1.1297059059143066
Time taken for candidate 6332 is 1.1795308589935303
Time taken for candidate 6333 is 1.4671261310577393
Time taken for candidate 6334 is 0.8006269931793213
Time taken for candidate 6335 is 1.4076769351959229
Time taken for candidate 6336 is 1.075512170791626
Time taken for candidate 6337 is 1.1825532913208008
Time taken for candidate 6338 is 1.6820082664489746
Time taken for candidate 6340 is 1.2079195976257324
Time taken for candidate 6341 is 1.1281304359436035
Time taken for candidate 6342 is 1.0614314079284668
Time taken for candidate 6343 is 1.0269112586975098
Time taken for candidate 6344 is 1.1314618587493896
Time taken for candidate 6346 is 0.752962589263916
Time taken for candidate 6347 is 0.6039543151855469
Time taken for candidate 6349 is 1.0154781341552734
Time taken for candidate 6350 is 1.3543055057525635
Time taken for candidate 6351 is 1.2505035400390625
Time taken for candidate 6353 is 1.183302879333496
Time taken for candidate 6354 is 1.4262850284576416
Time taken for candidate 6355 is 1.10349440574646
Time taken for candidate 6356 is 1.2063190937042236
Time taken for candidate 6357 is 1.3168346881866455
Time taken for candidate 6358 is 0.8773772716522217
Time taken for candidate 6359 is 0.7443215847015381
Time taken for candidate 6360 is 1.035531759262085
Time taken for candidate 6361 is 1.4934720993041992
Time taken for candidate 6362 is 1.0833454132080078
Time taken for candidate 6364 is 1.1979479789733887
Time taken for candidate 6365 is 0.9513194561004639
Time taken for candidate 6366 is 1.111647367477417
Time taken for candidate 6367 is 1.3780527114868164
Time taken for candidate 6368 is 1.35984468460083
Time taken for candidate 6369 is 1.5915753841400146
Time taken for candidate 6371 is 0.468048095703125
Time taken for candidate 6372 is 1.1269216537475586
Time taken for candidate 6373 is 1.6720259189605713
Time taken for candidate 6374 is 0.8976397514343262
Time taken for candidate 6375 is 0.46037817001342773
Time taken for candidate 6376 is 1.2446308135986328
Time taken for candidate 6377 is 0.6658854484558105
Time taken for candidate 6378 is 0.9871671199798584
Time taken for candidate 6379 is 1.2490391731262207
Time taken for candidate 6380 is 0.7590382099151611
Time taken for candidate 6381 is 1.097862720489502
Time taken for candidate 6382 is 1.134864330291748
Time taken for candidate 6383 is 1.560840129852295
Time taken for candidate 6384 is 1.1918492317199707
Time taken for candidate 6386 is 1.0863444805145264
Time taken for candidate 6387 is 0.785353422164917
Time taken for candidate 6388 is 1.1861541271209717
Time taken for candidate 6389 is 0.9258010387420654
Time taken for candidate 6391 is 1.208472728729248
Time taken for candidate 6392 is 1.5060954093933105
Time taken for candidate 6393 is 0.9551079273223877
Time taken for candidate 6395 is 1.0025861263275146
Time taken for candidate 6396 is 1.0372037887573242
Time taken for candidate 6398 is 0.8249709606170654
Time taken for candidate 6399 is 1.1427803039550781
Time taken for candidate 6401 is 1.0142052173614502
Time taken for candidate 6404 is 1.0524685382843018
Time taken for candidate 6406 is 1.8694918155670166
Time taken for candidate 6407 is 1.1245472431182861
Time taken for candidate 6408 is 1.4978628158569336
Time taken for candidate 6409 is 0.7168393135070801
Time taken for candidate 6410 is 1.38169527053833
Time taken for candidate 6411 is 1.1149141788482666
Time taken for candidate 6413 is 1.1166894435882568
Time taken for candidate 6414 is 0.5600008964538574
Time taken for candidate 6415 is 1.1202681064605713
Time taken for candidate 6416 is 1.0109796524047852
Time taken for candidate 6417 is 0.9227864742279053
Time taken for candidate 6418 is 1.1473300457000732
Time taken for candidate 6419 is 1.169339656829834
Time taken for candidate 6421 is 0.8411715030670166
Time taken for candidate 6422 is 1.0527937412261963
Time taken for candidate 6424 is 0.8258860111236572
Time taken for candidate 6426 is 1.011141300201416
Time taken for candidate 6427 is 1.063366174697876
Time taken for candidate 6428 is 1.34725022315979
Time taken for candidate 6429 is 0.9201078414916992
Time taken for candidate 6430 is 1.5090346336364746
Time taken for candidate 6432 is 1.07127046585083
Time taken for candidate 6433 is 0.9951193332672119
Time taken for candidate 6434 is 1.485377311706543
Time taken for candidate 6437 is 1.050748586654663
Time taken for candidate 6438 is 1.445375919342041
Time taken for candidate 6439 is 1.1229453086853027
Time taken for candidate 6440 is 1.2612829208374023
Time taken for candidate 6441 is 0.9912571907043457
Time taken for candidate 6442 is 1.0416972637176514
Time taken for candidate 6443 is 1.112107515335083
Time taken for candidate 6444 is 0.9109563827514648
Time taken for candidate 6445 is 1.3759326934814453
Time taken for candidate 6446 is 1.531470775604248
Time taken for candidate 6448 is 1.3260447978973389
Time taken for candidate 6452 is 1.2603332996368408
Time taken for candidate 6453 is 0.8963258266448975
Time taken for candidate 6454 is 1.1716606616973877
Time taken for candidate 6455 is 0.6309494972229004
Time taken for candidate 6458 is 1.271334171295166
Time taken for candidate 6459 is 1.1478681564331055
Time taken for candidate 6461 is 1.3132927417755127
Time taken for candidate 6462 is 1.310837745666504
Time taken for candidate 6463 is 1.4576199054718018
Time taken for candidate 6464 is 0.7848927974700928
Time taken for candidate 6465 is 0.8987574577331543
Time taken for candidate 6466 is 1.367913007736206
Time taken for candidate 6467 is 1.0197210311889648
Time taken for candidate 6468 is 1.0224099159240723
Time taken for candidate 6469 is 1.220726490020752
Time taken for candidate 6470 is 1.0772652626037598
Time taken for candidate 6471 is 1.2581369876861572
Time taken for candidate 6472 is 0.8862640857696533
Time taken for candidate 6473 is 0.6673071384429932
Time taken for candidate 6475 is 1.3582813739776611
Time taken for candidate 6477 is 1.303243637084961
Time taken for candidate 6478 is 0.9860997200012207
Time taken for candidate 6479 is 0.7240474224090576
Time taken for candidate 6480 is 1.1783502101898193
Time taken for candidate 6482 is 1.3569178581237793
Time taken for candidate 6483 is 0.7445826530456543
Time taken for candidate 6484 is 0.8210530281066895
Time taken for candidate 6486 is 1.041151762008667
Time taken for candidate 6487 is 0.9633064270019531
Time taken for candidate 6489 is 1.0133216381072998
Time taken for candidate 6490 is 0.9708616733551025
Time taken for candidate 6491 is 1.2753524780273438
Time taken for candidate 6492 is 1.0558018684387207
Time taken for candidate 6493 is 0.9896883964538574
Time taken for candidate 6494 is 1.1343660354614258
Time taken for candidate 6495 is 0.939734697341919
Time taken for candidate 6497 is 0.7835853099822998
Time taken for candidate 6499 is 1.2967736721038818
Time taken for candidate 6501 is 0.9800255298614502
Time taken for candidate 6502 is 1.0630388259887695
Time taken for candidate 6503 is 1.0676019191741943
Time taken for candidate 6505 is 1.1217784881591797
Time taken for candidate 6506 is 1.1687049865722656
Time taken for candidate 6508 is 1.0692856311798096
Time taken for candidate 6510 is 0.9300870895385742
Time taken for candidate 6511 is 1.2340691089630127
Time taken for candidate 6512 is 0.7980477809906006
Time taken for candidate 6513 is 1.157106876373291
Time taken for candidate 6514 is 1.0102927684783936
Time taken for candidate 6515 is 1.0203537940979004
Time taken for candidate 6516 is 1.295013666152954
Time taken for candidate 6517 is 0.7008185386657715
Time taken for candidate 6519 is 1.2057750225067139
Time taken for candidate 6520 is 1.2146573066711426
Time taken for candidate 6521 is 1.009775161743164
Time taken for candidate 6522 is 1.5698051452636719
Time taken for candidate 6523 is 0.8024640083312988
Time taken for candidate 6524 is 0.9096312522888184
Time taken for candidate 6525 is 0.7491929531097412
Time taken for candidate 6529 is 1.0184483528137207
Time taken for candidate 6531 is 1.2818577289581299
Time taken for candidate 6532 is 1.1632494926452637
Time taken for candidate 6533 is 0.9513094425201416
Time taken for candidate 6535 is 1.5815908908843994
Time taken for candidate 6537 is 1.3439722061157227
Time taken for candidate 6538 is 1.0863454341888428
Time taken for candidate 6539 is 1.1043891906738281
Time taken for candidate 6540 is 1.2375476360321045
Time taken for candidate 6542 is 0.8169288635253906
Time taken for candidate 6543 is 1.2565667629241943
Time taken for candidate 6544 is 0.9443836212158203
Time taken for candidate 6545 is 0.7986857891082764
Time taken for candidate 6546 is 1.0390636920928955
Time taken for candidate 6547 is 0.9785819053649902
Time taken for candidate 6548 is 1.2668583393096924
Time taken for candidate 6549 is 1.032440423965454
Time taken for candidate 6550 is 0.7130396366119385
Time taken for candidate 6551 is 0.476639986038208
Time taken for candidate 6552 is 0.9408547878265381
Time taken for candidate 6553 is 1.010772466659546
Time taken for candidate 6555 is 0.8523569107055664
Time taken for candidate 6556 is 0.8786647319793701
Time taken for candidate 6558 is 1.0048778057098389
Time taken for candidate 6559 is 1.2617323398590088
Time taken for candidate 6560 is 0.6163985729217529
Time taken for candidate 6562 is 0.8532354831695557
Time taken for candidate 6563 is 1.0814855098724365
Time taken for candidate 6564 is 0.9957518577575684
Time taken for candidate 6565 is 1.7469027042388916
Time taken for candidate 6567 is 0.9103367328643799
Time taken for candidate 6568 is 1.529510498046875
Time taken for candidate 6570 is 1.102004051208496
Time taken for candidate 6571 is 1.1282505989074707
Time taken for candidate 6572 is 0.9485964775085449
Time taken for candidate 6573 is 0.9940643310546875
Time taken for candidate 6574 is 1.2527358531951904
Time taken for candidate 6575 is 1.1761393547058105
Time taken for candidate 6579 is 0.8000242710113525
Time taken for candidate 6580 is 0.7922067642211914
Time taken for candidate 6582 is 1.0602807998657227
Time taken for candidate 6583 is 1.459944725036621
Time taken for candidate 6584 is 1.1109824180603027
Time taken for candidate 6585 is 0.7651004791259766
Time taken for candidate 6586 is 0.7289032936096191
Time taken for candidate 6587 is 1.0181899070739746
Time taken for candidate 6588 is 0.9078831672668457
Time taken for candidate 6589 is 1.3224992752075195
Time taken for candidate 6590 is 1.016751766204834
Time taken for candidate 6591 is 0.9597032070159912
Time taken for candidate 6592 is 0.6362490653991699
Time taken for candidate 6593 is 1.0949432849884033
Time taken for candidate 6594 is 1.288132905960083
Time taken for candidate 6595 is 1.2742114067077637
Time taken for candidate 6596 is 0.9990758895874023
Time taken for candidate 6599 is 1.7175304889678955
Time taken for candidate 6600 is 1.1821341514587402
Time taken for candidate 6601 is 0.7329912185668945
Time taken for candidate 6602 is 0.7990639209747314
Time taken for candidate 6603 is 1.2043638229370117
Time taken for candidate 6604 is 1.4454991817474365
Time taken for candidate 6605 is 1.4807629585266113
Time taken for candidate 6606 is 1.1092638969421387
Time taken for candidate 6607 is 0.898693323135376
Time taken for candidate 6608 is 1.542938232421875
Time taken for candidate 6609 is 0.8475832939147949
Time taken for candidate 6610 is 1.4484686851501465
Time taken for candidate 6612 is 1.0880708694458008
Time taken for candidate 6613 is 1.2344837188720703
Time taken for candidate 6614 is 1.123011827468872
Time taken for candidate 6616 is 1.2943146228790283
Time taken for candidate 6617 is 1.0271670818328857
Time taken for candidate 6618 is 1.3589560985565186
Time taken for candidate 6619 is 1.5048766136169434
Time taken for candidate 6620 is 0.9888858795166016
Time taken for candidate 6621 is 0.4992210865020752
Time taken for candidate 6622 is 1.0206923484802246
Time taken for candidate 6623 is 1.052428960800171
Time taken for candidate 6624 is 1.0344440937042236
Time taken for candidate 6625 is 1.077066421508789
Time taken for candidate 6626 is 0.9837357997894287
Time taken for candidate 6627 is 0.7252712249755859
Time taken for candidate 6628 is 0.8485772609710693
Time taken for candidate 6630 is 1.0311181545257568
Time taken for candidate 6631 is 1.4366724491119385
Time taken for candidate 6632 is 1.0841736793518066
Time taken for candidate 6634 is 0.7996137142181396
Time taken for candidate 6635 is 1.1450862884521484
Time taken for candidate 6636 is 1.5866756439208984
Time taken for candidate 6637 is 0.9047317504882812
Time taken for candidate 6638 is 0.548029899597168
Time taken for candidate 6639 is 1.5406014919281006
Time taken for candidate 6640 is 1.220872402191162
Time taken for candidate 6642 is 0.9399828910827637
Time taken for candidate 6643 is 0.8312935829162598
Time taken for candidate 6645 is 1.4272494316101074
Time taken for candidate 6646 is 1.6290876865386963
Time taken for candidate 6647 is 1.2619731426239014
Time taken for candidate 6648 is 1.204345703125
Time taken for candidate 6650 is 1.5886874198913574
Time taken for candidate 6652 is 1.0554652214050293
Time taken for candidate 6653 is 1.2003068923950195
Time taken for candidate 6654 is 1.1343200206756592
Time taken for candidate 6655 is 0.824725866317749
Time taken for candidate 6656 is 0.6782686710357666
Time taken for candidate 6658 is 1.040971040725708
Time taken for candidate 6659 is 1.5436127185821533
Time taken for candidate 6660 is 0.8971734046936035
Time taken for candidate 6661 is 0.9403719902038574
Time taken for candidate 6662 is 1.0746181011199951
Time taken for candidate 6663 is 1.0107455253601074
Time taken for candidate 6664 is 0.897895097732544
Time taken for candidate 6665 is 1.44642972946167
Time taken for candidate 6666 is 1.1397345066070557
Time taken for candidate 6667 is 1.270928144454956
Time taken for candidate 6668 is 0.7166740894317627
Time taken for candidate 6670 is 1.197718858718872
Time taken for candidate 6671 is 0.9309654235839844
Time taken for candidate 6672 is 1.1837410926818848
Time taken for candidate 6673 is 0.9237780570983887
Time taken for candidate 6675 is 1.1830542087554932
Time taken for candidate 6676 is 0.8928008079528809
Time taken for candidate 6678 is 1.118138313293457
Time taken for candidate 6679 is 0.6447255611419678
Time taken for candidate 6681 is 1.0930838584899902
Time taken for candidate 6682 is 0.7962865829467773
Time taken for candidate 6683 is 0.8792238235473633
Time taken for candidate 6685 is 1.0558619499206543
Time taken for candidate 6686 is 0.9499068260192871
Time taken for candidate 6687 is 1.245271921157837
Time taken for candidate 6688 is 1.0461640357971191
Time taken for candidate 6690 is 1.1466996669769287
Time taken for candidate 6691 is 1.323904275894165
Time taken for candidate 6692 is 1.0702247619628906
Time taken for candidate 6693 is 1.0075945854187012
Time taken for candidate 6694 is 1.0421202182769775
Time taken for candidate 6696 is 1.15254545211792
Time taken for candidate 6698 is 0.8600850105285645
Time taken for candidate 6700 is 1.2167181968688965
Time taken for candidate 6701 is 1.0796339511871338
Time taken for candidate 6702 is 1.0214810371398926
Time taken for candidate 6703 is 1.8204171657562256
Time taken for candidate 6704 is 1.1058838367462158
Time taken for candidate 6705 is 1.2201719284057617
Time taken for candidate 6706 is 0.9088952541351318
Time taken for candidate 6707 is 0.8885669708251953
Time taken for candidate 6708 is 0.7520384788513184
Time taken for candidate 6709 is 1.2296311855316162
Time taken for candidate 6710 is 1.1492016315460205
Time taken for candidate 6713 is 1.3487639427185059
Time taken for candidate 6714 is 1.067267894744873
Time taken for candidate 6715 is 0.782606840133667
Time taken for candidate 6719 is 1.2935121059417725
Time taken for candidate 6720 is 1.0528457164764404
Time taken for candidate 6723 is 0.8506567478179932
Time taken for candidate 6724 is 1.0409014225006104
Time taken for candidate 6725 is 0.9513640403747559
Time taken for candidate 6726 is 1.1182215213775635
Time taken for candidate 6727 is 1.6641745567321777
Time taken for candidate 6730 is 0.7799103260040283
Time taken for candidate 6731 is 1.255004644393921
Time taken for candidate 6735 is 1.226511001586914
Time taken for candidate 6736 is 0.7009158134460449
Time taken for candidate 6737 is 0.8031363487243652
Time taken for candidate 6738 is 1.4361791610717773
Time taken for candidate 6739 is 1.126659870147705
Time taken for candidate 6740 is 1.0995078086853027
Time taken for candidate 6741 is 0.8067564964294434
Time taken for candidate 6742 is 1.284865140914917
Time taken for candidate 6743 is 1.4658098220825195
Time taken for candidate 6744 is 1.0569348335266113
Time taken for candidate 6745 is 1.0409173965454102
Time taken for candidate 6746 is 0.9425415992736816
Time taken for candidate 6747 is 0.9327907562255859
Time taken for candidate 6748 is 0.8896987438201904
Time taken for candidate 6749 is 1.3769099712371826
Time taken for candidate 6750 is 1.1319446563720703
Time taken for candidate 6751 is 1.2809948921203613
Time taken for candidate 6753 is 1.520646095275879
Time taken for candidate 6754 is 0.856987476348877
Time taken for candidate 6756 is 1.2504653930664062
Time taken for candidate 6757 is 0.8302912712097168
Time taken for candidate 6758 is 0.8730497360229492
Time taken for candidate 6759 is 1.0156195163726807
Time taken for candidate 6760 is 1.550483226776123
Time taken for candidate 6762 is 0.9045224189758301
Time taken for candidate 6763 is 1.2410309314727783
Time taken for candidate 6764 is 1.0570950508117676
Time taken for candidate 6765 is 1.8106939792633057
Time taken for candidate 6767 is 1.0726325511932373
Time taken for candidate 6768 is 1.0460124015808105
Time taken for candidate 6770 is 1.328120231628418
Time taken for candidate 6771 is 1.23193359375
Time taken for candidate 6772 is 1.2710704803466797
Time taken for candidate 6773 is 1.2482171058654785
Time taken for candidate 6775 is 1.3586244583129883
Time taken for candidate 6777 is 1.1656639575958252
Time taken for candidate 6778 is 0.9984581470489502
Time taken for candidate 6779 is 1.321106195449829
Time taken for candidate 6780 is 1.375838279724121
Time taken for candidate 6781 is 0.5306210517883301
Time taken for candidate 6782 is 0.6302728652954102
Time taken for candidate 6783 is 0.8044798374176025
Time taken for candidate 6786 is 0.989269495010376
Time taken for candidate 6788 is 0.8144862651824951
Time taken for candidate 6789 is 0.9888145923614502
Time taken for candidate 6790 is 0.7536213397979736
Time taken for candidate 6791 is 1.6948883533477783
Time taken for candidate 6792 is 1.2997806072235107
Time taken for candidate 6793 is 0.9805710315704346
Time taken for candidate 6794 is 1.0434532165527344
Time taken for candidate 6795 is 0.6146626472473145
Time taken for candidate 6797 is 1.4884305000305176
Time taken for candidate 6798 is 0.7668843269348145
Time taken for candidate 6799 is 1.0785331726074219
Time taken for candidate 6800 is 1.4176664352416992
Time taken for candidate 6801 is 1.3484985828399658
Time taken for candidate 6802 is 0.9506564140319824
Time taken for candidate 6804 is 1.0899484157562256
Time taken for candidate 6805 is 0.4797368049621582
Time taken for candidate 6806 is 1.2870266437530518
Time taken for candidate 6807 is 1.4445421695709229
Time taken for candidate 6808 is 0.7843971252441406
Done with similarity
Created Dataframe
        candidate_id  reference_id    similarity       dist  score
0               4918          5449  3.497194e-05  10.260964      1
1               4918          5917  3.070990e-05  10.390925      1
2               4918          6172  3.062441e-05  10.393713      1
3               4918          4936  2.977664e-05  10.421786      1
4               4918          5856  2.826526e-05  10.473877      1
...              ...           ...           ...        ...    ...
639445          6808          5928  6.933452e-07  14.181738      1
639446          6808          5844  6.248703e-07  14.285722      1
639447          6808          6159  6.191371e-07  14.294939      1
639448          6808          6561  5.610603e-07  14.393437      1
639449          6808          6241  5.488286e-07  14.415480      1

[639450 rows x 5 columns]
Finished writing file
