Loaded model 33.73960757255554
Done preprocessing references
Time taken for candidate 4918 is 126.57991886138916
Time taken for candidate 4919 is 93.77422642707825
Time taken for candidate 4920 is 78.87983179092407
Time taken for candidate 4922 is 44.790905714035034
Time taken for candidate 4923 is 26.909467935562134
Time taken for candidate 4925 is 127.74659776687622
Time taken for candidate 4926 is 100.1450867652893
Time taken for candidate 4927 is 77.87545776367188
Time taken for candidate 4929 is 120.26378989219666
Time taken for candidate 4930 is 144.38731598854065
Time taken for candidate 4931 is 123.56128692626953
Time taken for candidate 4932 is 88.44154000282288
Time taken for candidate 4933 is 120.78431916236877
Time taken for candidate 4934 is 122.96378803253174
Time taken for candidate 4935 is 170.2503318786621
Time taken for candidate 4937 is 146.79789519309998
Time taken for candidate 4938 is 128.16545605659485
Time taken for candidate 4939 is 96.1801187992096
Time taken for candidate 4940 is 132.5059003829956
Time taken for candidate 4941 is 116.67669081687927
Time taken for candidate 4942 is 133.75350904464722
Time taken for candidate 4943 is 118.37607431411743
Time taken for candidate 4945 is 82.16408491134644
Time taken for candidate 4947 is 84.56890797615051
Time taken for candidate 4949 is 97.72013092041016
Time taken for candidate 4950 is 95.30180740356445
Time taken for candidate 4951 is 120.68813562393188
Time taken for candidate 4952 is 113.7878532409668
Time taken for candidate 4953 is 72.51190543174744
Time taken for candidate 4954 is 43.25388431549072
Time taken for candidate 4955 is 78.20163369178772
Time taken for candidate 4957 is 131.63357734680176
Time taken for candidate 4958 is 81.00247931480408
Time taken for candidate 4959 is 63.3185977935791
Time taken for candidate 4960 is 111.20943355560303
Time taken for candidate 4962 is 73.69172310829163
Time taken for candidate 4963 is 75.04524278640747
Time taken for candidate 4964 is 113.5009937286377
Time taken for candidate 4965 is 113.9480459690094
Time taken for candidate 4966 is 87.27040529251099
Time taken for candidate 4967 is 99.00713086128235
Time taken for candidate 4968 is 46.837058782577515
Time taken for candidate 4969 is 101.12151169776917
Time taken for candidate 4970 is 108.42558145523071
Time taken for candidate 4971 is 48.28622555732727
Time taken for candidate 4972 is 78.26157522201538
Time taken for candidate 4973 is 43.776127099990845
Time taken for candidate 4975 is 129.95021963119507
Time taken for candidate 4976 is 94.34914588928223
Time taken for candidate 4977 is 97.22014379501343
Time taken for candidate 4978 is 57.88881826400757
Time taken for candidate 4981 is 129.07799649238586
Time taken for candidate 4982 is 135.88029289245605
Time taken for candidate 4983 is 107.0102379322052
Time taken for candidate 4984 is 143.11261081695557
Time taken for candidate 4985 is 84.37769031524658
Time taken for candidate 4986 is 88.2073335647583
Time taken for candidate 4987 is 56.2598671913147
Time taken for candidate 4988 is 84.35405397415161
Time taken for candidate 4989 is 113.01046943664551
Time taken for candidate 4990 is 101.2166862487793
Time taken for candidate 4991 is 110.3495864868164
Time taken for candidate 4992 is 77.0730128288269
Time taken for candidate 4993 is 96.93547105789185
Time taken for candidate 4994 is 90.44839262962341
Time taken for candidate 4995 is 110.68185138702393
Time taken for candidate 4997 is 78.2412416934967
Time taken for candidate 5001 is 96.71017861366272
Time taken for candidate 5003 is 75.76831412315369
Time taken for candidate 5004 is 125.99851965904236
Time taken for candidate 5006 is 132.8291630744934
Time taken for candidate 5007 is 100.70066738128662
Time taken for candidate 5008 is 109.08986783027649
Time taken for candidate 5009 is 131.52780938148499
Time taken for candidate 5010 is 98.80451083183289
Time taken for candidate 5011 is 60.629005670547485
Time taken for candidate 5012 is 64.17457628250122
Time taken for candidate 5013 is 91.917076587677
Time taken for candidate 5014 is 84.713947057724
Time taken for candidate 5017 is 68.76483607292175
Time taken for candidate 5018 is 70.98876667022705
Time taken for candidate 5019 is 125.36382031440735
Time taken for candidate 5020 is 86.88589978218079
Time taken for candidate 5021 is 77.28532075881958
Time taken for candidate 5022 is 104.59692597389221
Time taken for candidate 5023 is 110.42206406593323
Time taken for candidate 5024 is 118.25629043579102
Time taken for candidate 5025 is 83.79395461082458
Time taken for candidate 5026 is 106.93399953842163
Time taken for candidate 5028 is 101.76047229766846
Time taken for candidate 5029 is 109.60499215126038
Time taken for candidate 5030 is 130.6171576976776
Time taken for candidate 5031 is 120.58663868904114
Time taken for candidate 5033 is 48.96239495277405
Time taken for candidate 5034 is 46.359838247299194
Time taken for candidate 5036 is 41.77002143859863
Time taken for candidate 5037 is 107.00762391090393
Time taken for candidate 5038 is 37.90016770362854
Time taken for candidate 5039 is 106.69512057304382
Time taken for candidate 5040 is 178.69228386878967
Time taken for candidate 5041 is 82.22116899490356
Time taken for candidate 5042 is 108.38085913658142
Time taken for candidate 5043 is 19.739898681640625
Time taken for candidate 5046 is 88.72914338111877
Time taken for candidate 5047 is 115.66223859786987
Time taken for candidate 5048 is 107.91232180595398
Time taken for candidate 5050 is 118.33992052078247
Time taken for candidate 5051 is 127.43506503105164
Time taken for candidate 5053 is 52.64293384552002
Time taken for candidate 5054 is 71.24694156646729
Time taken for candidate 5056 is 108.41266250610352
Time taken for candidate 5058 is 137.5594983100891
Time taken for candidate 5059 is 50.82418918609619
Time taken for candidate 5060 is 51.22000217437744
Time taken for candidate 5061 is 85.57984495162964
Time taken for candidate 5062 is 64.118967294693
Time taken for candidate 5063 is 77.87591528892517
Time taken for candidate 5064 is 159.75226044654846
Time taken for candidate 5065 is 127.27178072929382
Time taken for candidate 5066 is 53.28621029853821
Time taken for candidate 5067 is 68.93789601325989
Time taken for candidate 5068 is 88.33976435661316
Time taken for candidate 5069 is 91.62325119972229
Time taken for candidate 5071 is 45.130308628082275
Time taken for candidate 5073 is 64.37825798988342
Time taken for candidate 5074 is 71.99935007095337
Time taken for candidate 5075 is 71.49794387817383
Time taken for candidate 5076 is 87.70827746391296
Time taken for candidate 5079 is 76.5634503364563
Time taken for candidate 5083 is 105.42496371269226
Time taken for candidate 5084 is 84.09838128089905
Time taken for candidate 5085 is 66.53454256057739
Time taken for candidate 5086 is 64.17726063728333
Time taken for candidate 5087 is 101.89702248573303
Time taken for candidate 5089 is 70.26454281806946
Time taken for candidate 5090 is 75.08289289474487
Time taken for candidate 5091 is 119.51334381103516
Time taken for candidate 5092 is 52.070415019989014
Time taken for candidate 5094 is 68.22340941429138
Time taken for candidate 5095 is 112.85780334472656
Time taken for candidate 5096 is 55.83903193473816
Time taken for candidate 5098 is 90.79335975646973
Time taken for candidate 5099 is 82.45114254951477
Time taken for candidate 5100 is 58.87443804740906
Time taken for candidate 5101 is 94.59456133842468
Time taken for candidate 5102 is 109.30478930473328
Time taken for candidate 5104 is 97.81550645828247
Time taken for candidate 5105 is 92.77447581291199
Time taken for candidate 5106 is 81.37155747413635
Time taken for candidate 5107 is 133.9622347354889
Time taken for candidate 5108 is 70.69260692596436
Time taken for candidate 5109 is 94.28127980232239
Time taken for candidate 5110 is 150.91944766044617
Time taken for candidate 5112 is 88.13358426094055
Time taken for candidate 5114 is 143.7963948249817
Time taken for candidate 5115 is 84.96000003814697
Time taken for candidate 5116 is 90.77943634986877
Time taken for candidate 5117 is 83.12811493873596
Time taken for candidate 5118 is 43.481621503829956
Time taken for candidate 5119 is 53.84709143638611
Time taken for candidate 5120 is 92.88792943954468
Time taken for candidate 5121 is 92.13457036018372
Time taken for candidate 5122 is 86.08971238136292
Time taken for candidate 5123 is 43.765698194503784
Time taken for candidate 5124 is 125.35753083229065
Time taken for candidate 5125 is 65.0505268573761
Time taken for candidate 5126 is 67.73424363136292
Fatal Python error: deallocating None

Current thread 0x00007fac1ad38740 (most recent call first):
  File "/home/eshwarsr/anaconda3/lib/python3.7/site-packages/torch/nn/modules/module.py", line 533 in __call__
  File "/home/eshwarsr/anaconda3/lib/python3.7/site-packages/allennlp/modules/lstm_cell_with_projection.py", line 177 in forward
  File "/home/eshwarsr/anaconda3/lib/python3.7/site-packages/torch/nn/modules/module.py", line 532 in __call__
  File "/home/eshwarsr/anaconda3/lib/python3.7/site-packages/allennlp/modules/elmo_lstm.py", line 220 in _lstm_forward
  File "/home/eshwarsr/anaconda3/lib/python3.7/site-packages/allennlp/modules/encoder_base.py", line 116 in sort_and_run_forward
  File "/home/eshwarsr/anaconda3/lib/python3.7/site-packages/allennlp/modules/elmo_lstm.py", line 123 in forward
  File "/home/eshwarsr/anaconda3/lib/python3.7/site-packages/torch/nn/modules/module.py", line 532 in __call__
  File "/home/eshwarsr/anaconda3/lib/python3.7/site-packages/allennlp/modules/elmo.py", line 610 in forward
  File "/home/eshwarsr/anaconda3/lib/python3.7/site-packages/torch/nn/modules/module.py", line 532 in __call__
  File "/home/eshwarsr/anaconda3/lib/python3.7/site-packages/allennlp/commands/elmo.py", line 197 in batch_to_embeddings
  File "/home/eshwarsr/anaconda3/lib/python3.7/site-packages/allennlp/commands/elmo.py", line 255 in embed_batch
  File "/home/eshwarsr/anaconda3/lib/python3.7/site-packages/allennlp/commands/elmo.py", line 230 in embed_sentence
  File "/home/eshwarsr/IISc-ML-Project/3_SMS/emd_metrics.py", line 73 in get_embeddings_ids_weights
  File "driver.py", line 23 in calculate_similarity
  File "driver.py", line 92 in <module>
