candidates_folder ../data/WMT18Data/system-outputs/newstest2018/de-en/
REFERENCES_FILE ../data/WMT18Data/references/newstest2018-deen-ref.en
MODEL bert
METHOD wms 


Running against the candidates from: ../data/WMT18Data/system-outputs/newstest2018/de-en/newstest2018.JHU.5706.de-en
Score: 0.04308369297717207
Done in 1361.5587809085846
=========================
Running against the candidates from: ../data/WMT18Data/system-outputs/newstest2018/de-en/newstest2018.LMU-nmt.5756.de-en
Score: 0.03494908354656926
Done in 1154.5121455192566
=========================
Running against the candidates from: ../data/WMT18Data/system-outputs/newstest2018/de-en/newstest2018.LMU-unsup.5650.de-en
Score: 0.0030341160252454155
Done in 1205.8716378211975
=========================
Running against the candidates from: ../data/WMT18Data/system-outputs/newstest2018/de-en/newstest2018.MLLP-UPV.5554.de-en
Score: 0.04597251416435517
Done in 1221.1532652378082
=========================
Running against the candidates from: ../data/WMT18Data/system-outputs/newstest2018/de-en/newstest2018.NJUNMT-private.5406.de-en
Score: 0.02725431271502277
Done in 1193.2125277519226
=========================
Running against the candidates from: ../data/WMT18Data/system-outputs/newstest2018/de-en/newstest2018.NTT.5666.de-en
Score: 0.04864598616612569
Done in 1140.4763321876526
=========================
Running against the candidates from: ../data/WMT18Data/system-outputs/newstest2018/de-en/newstest2018.RWTH-UNSUPER.5482.de-en
Score: 0.005357923730670872
Done in 1345.4993343353271
=========================
Running against the candidates from: ../data/WMT18Data/system-outputs/newstest2018/de-en/newstest2018.RWTH.5636.de-en
Score: 0.05508916045633828
Done in 1163.5603115558624
=========================
Running against the candidates from: ../data/WMT18Data/system-outputs/newstest2018/de-en/newstest2018.UCAM.5690.de-en
Score: 0.05039518627417985
Done in 970.4514312744141
=========================
Running against the candidates from: ../data/WMT18Data/system-outputs/newstest2018/de-en/newstest2018.Ubiqus-NMT.5635.de-en
Score: 0.04112573788991227
Done in 1010.1940190792084
=========================
Running against the candidates from: ../data/WMT18Data/system-outputs/newstest2018/de-en/newstest2018.online-A.0.de-en
Score: 0.03257970795315072
Done in 889.2485580444336
=========================
Running against the candidates from: ../data/WMT18Data/system-outputs/newstest2018/de-en/newstest2018.online-B.0.de-en
Score: 0.040601003716980964
Done in 877.1532392501831
=========================
Running against the candidates from: ../data/WMT18Data/system-outputs/newstest2018/de-en/newstest2018.online-F.0.de-en
Score: 0.006314740135554977
Done in 921.8170564174652
=========================
Running against the candidates from: ../data/WMT18Data/system-outputs/newstest2018/de-en/newstest2018.online-G.0.de-en
Score: 0.018193038256004216
Done in 910.9330348968506
=========================
Running against the candidates from: ../data/WMT18Data/system-outputs/newstest2018/de-en/newstest2018.online-Y.0.de-en
Score: 0.02649027652123002
Done in 972.4505324363708
=========================
Running against the candidates from: ../data/WMT18Data/system-outputs/newstest2018/de-en/newstest2018.uedin.5766.de-en
Score: 0.040559597025436114
Done in 954.0826282501221
=========================
Fatal Python error: deallocating None

Current thread 0x00007f5e5bd76740 (most recent call first):
