candidates_folder ../data/WMT18Data/system-outputs/newstest2018/et-en/
REFERENCES_FILE ../data/WMT18Data/references/newstest2018-eten-ref.en
MODEL glove
METHOD wms 


Running against the candidates from: ../data/WMT18Data/system-outputs/newstest2018/et-en/newstest2018.CUNI-Kocmi.5618.et-en
Score: 0.12433432628689108
Done in 100.72378492355347
=========================
Running against the candidates from: ../data/WMT18Data/system-outputs/newstest2018/et-en/newstest2018.HY-NMT-et-en.5463.et-en
Score: 0.15499293703065883
Done in 100.09314274787903
=========================
Running against the candidates from: ../data/WMT18Data/system-outputs/newstest2018/et-en/newstest2018.M4t1ss.5692.et-en
Score: 0.1599186829112435
Done in 105.50725102424622
=========================
Running against the candidates from: ../data/WMT18Data/system-outputs/newstest2018/et-en/newstest2018.NICT.5664.et-en
Score: 0.17820259295199403
Done in 104.40843510627747
=========================
Running against the candidates from: ../data/WMT18Data/system-outputs/newstest2018/et-en/newstest2018.UnsupTartu.5722.et-en
Score: 0.02753222726997009
Done in 104.68633675575256
=========================
Running against the candidates from: ../data/WMT18Data/system-outputs/newstest2018/et-en/newstest2018.neurotolge.ee.5398.et-en
Score: 0.11934945652599065
Done in 107.51473045349121
=========================
Running against the candidates from: ../data/WMT18Data/system-outputs/newstest2018/et-en/newstest2018.online-A.0.et-en
Score: 0.1402629507663178
Done in 105.41981387138367
=========================
Running against the candidates from: ../data/WMT18Data/system-outputs/newstest2018/et-en/newstest2018.online-B.0.et-en
Score: 0.1490493484634866
Done in 106.1478180885315
=========================
Running against the candidates from: ../data/WMT18Data/system-outputs/newstest2018/et-en/newstest2018.online-G.0.et-en
Score: 0.11014787730645142
Done in 106.57720756530762
=========================
Running against the candidates from: ../data/WMT18Data/system-outputs/newstest2018/et-en/newstest2018.talp-upc.5421.et-en
Score: 0.13849600529767567
Done in 104.73604846000671
=========================
Running against the candidates from: ../data/WMT18Data/system-outputs/newstest2018/et-en/newstest2018.tilde-c-nmt-comb.5718.et-en
Score: 0.16809041506986205
Done in 106.681640625
=========================
Running against the candidates from: ../data/WMT18Data/system-outputs/newstest2018/et-en/newstest2018.tilde-c-nmt.5715.et-en
Score: 0.1698068600492754
Done in 104.25319528579712
=========================
Running against the candidates from: ../data/WMT18Data/system-outputs/newstest2018/et-en/newstest2018.tilde-nc-nmt.5485.et-en
Score: 0.18696788789782828
Done in 98.93744659423828
=========================
Running against the candidates from: ../data/WMT18Data/system-outputs/newstest2018/et-en/newstest2018.uedin.5562.et-en
Score: 0.1674771288431364
Done in 106.90623569488525
=========================
Fatal Python error: deallocating None

Current thread 0x00007feb5d22f740 (most recent call first):
