Number of candidates: 1726
Loaded model 56.770012855529785
Number of references: 1
Done preprocessing references 24.958626747131348
Time taken for candidate 5978 is 4.423625707626343
Time taken for candidate 5979 is 15.439030408859253
Time taken for candidate 5980 is 2.834693670272827
Time taken for candidate 5981 is 3.811511278152466
Time taken for candidate 5982 is 4.107542991638184
Time taken for candidate 5983 is 1.3976047039031982
Time taken for candidate 5984 is 1.2147459983825684
Time taken for candidate 5985 is 3.805283546447754
Time taken for candidate 5986 is 2.9891703128814697
Time taken for candidate 5987 is 5.018763065338135
Time taken for candidate 5988 is 4.8988916873931885
Time taken for candidate 5989 is 3.1582064628601074
Time taken for candidate 5990 is 1.8287553787231445
Time taken for candidate 5991 is 1.4259700775146484
Time taken for candidate 5992 is 0.6612699031829834
Time taken for candidate 5993 is 4.073619365692139
Time taken for candidate 5994 is 2.0173230171203613
Time taken for candidate 5995 is 2.7903940677642822
Time taken for candidate 5996 is 2.233494281768799
Time taken for candidate 5997 is 1.6840033531188965
Time taken for candidate 5998 is 1.6786363124847412
Time taken for candidate 5999 is 0.7800590991973877
Time taken for candidate 6000 is 7.432997703552246
Time taken for candidate 6001 is 1.8609287738800049
Time taken for candidate 6002 is 4.047821044921875
Time taken for candidate 6003 is 3.5246846675872803
Time taken for candidate 6004 is 0.6723864078521729
Time taken for candidate 6005 is 6.094228982925415
Time taken for candidate 6006 is 1.2860133647918701
Time taken for candidate 6007 is 2.783130407333374
Time taken for candidate 6008 is 4.5740556716918945
Time taken for candidate 6010 is 2.785637617111206
Time taken for candidate 6011 is 0.3264482021331787
Time taken for candidate 6012 is 1.5524659156799316
Time taken for candidate 6013 is 1.6620409488677979
Time taken for candidate 6014 is 1.7536075115203857
Time taken for candidate 6015 is 1.4889671802520752
Time taken for candidate 6016 is 4.726630687713623
Time taken for candidate 6017 is 1.60750412940979
Time taken for candidate 6018 is 1.9218907356262207
Time taken for candidate 6019 is 0.9917609691619873
Time taken for candidate 6020 is 5.155200719833374
Time taken for candidate 6021 is 1.0671164989471436
Time taken for candidate 6022 is 3.340428113937378
Time taken for candidate 6023 is 3.331737995147705
Time taken for candidate 6024 is 1.458374261856079
Time taken for candidate 6025 is 2.000441551208496
Time taken for candidate 6026 is 2.9692909717559814
Time taken for candidate 6027 is 4.212189435958862
Time taken for candidate 6028 is 1.8993442058563232
Time taken for candidate 6029 is 1.9685561656951904
Time taken for candidate 6030 is 3.5561153888702393
Time taken for candidate 6031 is 3.1490583419799805
Time taken for candidate 6032 is 2.4674198627471924
Time taken for candidate 6033 is 4.808104515075684
Time taken for candidate 6034 is 3.439920425415039
Time taken for candidate 6035 is 2.7007739543914795
Time taken for candidate 6036 is 2.408508539199829
Time taken for candidate 6037 is 1.2210094928741455
Time taken for candidate 6038 is 3.3304243087768555
Time taken for candidate 6039 is 1.4482107162475586
Time taken for candidate 6040 is 1.4674944877624512
Time taken for candidate 6041 is 1.1166479587554932
Time taken for candidate 6042 is 1.9063715934753418
Time taken for candidate 6043 is 2.703322410583496
Time taken for candidate 6044 is 0.3240506649017334
Time taken for candidate 6045 is 2.7391815185546875
Time taken for candidate 6046 is 2.3551740646362305
Time taken for candidate 6047 is 0.7982983589172363
Time taken for candidate 6048 is 1.9100067615509033
Time taken for candidate 6049 is 1.8268327713012695
Time taken for candidate 6050 is 6.775309085845947
Time taken for candidate 6051 is 1.8751544952392578
Time taken for candidate 6052 is 2.6168110370635986
Time taken for candidate 6053 is 1.1554102897644043
Time taken for candidate 6054 is 2.89709210395813
Time taken for candidate 6055 is 2.6418354511260986
Time taken for candidate 6056 is 1.2794973850250244
Time taken for candidate 6057 is 3.8717353343963623
Time taken for candidate 6058 is 2.9721765518188477
Time taken for candidate 6059 is 0.3516526222229004
Time taken for candidate 6060 is 0.455249547958374
Time taken for candidate 6061 is 6.3185179233551025
Time taken for candidate 6062 is 1.4246771335601807
Time taken for candidate 6063 is 2.1276299953460693
Time taken for candidate 6064 is 1.8217647075653076
Time taken for candidate 6065 is 3.076119899749756
Time taken for candidate 6066 is 1.1299872398376465
Time taken for candidate 6067 is 2.4138693809509277
Time taken for candidate 6068 is 1.3847174644470215
Time taken for candidate 6069 is 1.30775785446167
Time taken for candidate 6070 is 1.002474069595337
Time taken for candidate 6071 is 1.7089049816131592
Time taken for candidate 6072 is 0.9298608303070068
Time taken for candidate 6073 is 2.630324125289917
Time taken for candidate 6074 is 1.3184802532196045
Time taken for candidate 6075 is 3.2562124729156494
Time taken for candidate 6076 is 6.109243392944336
Time taken for candidate 6077 is 2.3756072521209717
Time taken for candidate 6078 is 1.7551078796386719
Time taken for candidate 6079 is 1.758833885192871
Time taken for candidate 6080 is 2.223972797393799
Time taken for candidate 6081 is 0.7560086250305176
Time taken for candidate 6082 is 1.5231902599334717
Time taken for candidate 6083 is 0.5848798751831055
Time taken for candidate 6084 is 2.3561344146728516
Time taken for candidate 6085 is 3.7388529777526855
Time taken for candidate 6086 is 2.929872512817383
Time taken for candidate 6087 is 2.5524611473083496
Time taken for candidate 6088 is 2.2708640098571777
Time taken for candidate 6089 is 2.9509098529815674
Time taken for candidate 6090 is 2.49900484085083
Time taken for candidate 6091 is 2.7386484146118164
Time taken for candidate 6092 is 1.6181933879852295
Time taken for candidate 6093 is 0.5480403900146484
Time taken for candidate 6094 is 3.395737648010254
Time taken for candidate 6095 is 4.837632179260254
Time taken for candidate 6096 is 2.6015450954437256
Time taken for candidate 6097 is 0.7001299858093262
Time taken for candidate 6098 is 3.846055746078491
Time taken for candidate 6099 is 0.9247896671295166
Time taken for candidate 6100 is 5.6947877407073975
Time taken for candidate 6101 is 4.392367362976074
Time taken for candidate 6102 is 3.577773332595825
Time taken for candidate 6103 is 3.4977622032165527
Time taken for candidate 6104 is 0.8902542591094971
Time taken for candidate 6105 is 4.199139356613159
Time taken for candidate 6106 is 2.420772075653076
Time taken for candidate 6107 is 3.3637614250183105
Time taken for candidate 6108 is 2.254781723022461
Time taken for candidate 6109 is 2.9022958278656006
Time taken for candidate 6110 is 3.260835886001587
Time taken for candidate 6111 is 3.045405864715576
Time taken for candidate 6112 is 3.7825825214385986
Time taken for candidate 6113 is 5.201556444168091
Time taken for candidate 6114 is 0.786945104598999
Time taken for candidate 6115 is 1.7558166980743408
Time taken for candidate 6116 is 5.772661209106445
Time taken for candidate 6117 is 5.557534217834473
Time taken for candidate 6118 is 2.0396199226379395
Time taken for candidate 6119 is 2.420581817626953
Time taken for candidate 6120 is 4.720000267028809
Time taken for candidate 6121 is 3.818526029586792
Time taken for candidate 6122 is 4.488499164581299
Time taken for candidate 6123 is 5.046084403991699
Time taken for candidate 6124 is 3.5887374877929688
Time taken for candidate 6125 is 1.4494965076446533
Time taken for candidate 6126 is 2.586015224456787
Time taken for candidate 6127 is 4.580038070678711
Time taken for candidate 6128 is 3.0878217220306396
Time taken for candidate 6129 is 2.8770408630371094
Time taken for candidate 6130 is 3.1635303497314453
Time taken for candidate 6131 is 1.1837844848632812
Time taken for candidate 6132 is 2.28466534614563
Time taken for candidate 6133 is 1.01987886428833
Time taken for candidate 6134 is 2.2032153606414795
Time taken for candidate 6135 is 1.4311506748199463
Time taken for candidate 6136 is 1.5756020545959473
Time taken for candidate 6137 is 2.4273619651794434
Time taken for candidate 6138 is 2.175342559814453
Time taken for candidate 6139 is 2.418405532836914
Time taken for candidate 6140 is 3.842198133468628
Time taken for candidate 6141 is 2.5257933139801025
Time taken for candidate 6142 is 4.239054441452026
Time taken for candidate 6143 is 2.7772648334503174
Time taken for candidate 6144 is 2.8005259037017822
Time taken for candidate 6145 is 3.6709814071655273
Time taken for candidate 6146 is 7.432424068450928
Time taken for candidate 6147 is 1.658578634262085
Time taken for candidate 6148 is 2.9756131172180176
Time taken for candidate 6149 is 2.826810359954834
Time taken for candidate 6150 is 4.642488718032837
Time taken for candidate 6151 is 1.9398999214172363
Time taken for candidate 6152 is 2.0626370906829834
Time taken for candidate 6153 is 2.0498361587524414
Time taken for candidate 6154 is 0.2801980972290039
Time taken for candidate 6155 is 2.4427430629730225
Time taken for candidate 6156 is 2.1287384033203125
Time taken for candidate 6157 is 6.962772369384766
Time taken for candidate 6158 is 4.2778000831604
Time taken for candidate 6159 is 1.7390198707580566
Time taken for candidate 6160 is 1.1209583282470703
Time taken for candidate 6161 is 0.8895854949951172
Time taken for candidate 6162 is 1.9435725212097168
Time taken for candidate 6163 is 0.9480149745941162
Time taken for candidate 6164 is 2.685666561126709
Time taken for candidate 6165 is 3.1756999492645264
Time taken for candidate 6166 is 0.5586960315704346
Time taken for candidate 6167 is 0.3274514675140381
Time taken for candidate 6168 is 1.6773009300231934
Time taken for candidate 6169 is 3.6261465549468994
Time taken for candidate 6170 is 3.5973429679870605
Time taken for candidate 6171 is 1.7253522872924805
Time taken for candidate 6172 is 2.35901141166687
Time taken for candidate 6173 is 0.48955583572387695
Time taken for candidate 6174 is 0.8919241428375244
Time taken for candidate 6175 is 1.5689537525177002
Time taken for candidate 6176 is 1.667339563369751
Time taken for candidate 6177 is 2.427823543548584
Time taken for candidate 6178 is 1.768317699432373
Time taken for candidate 6179 is 0.4775056838989258
Time taken for candidate 6180 is 4.867609977722168
Time taken for candidate 6181 is 1.7470197677612305
Time taken for candidate 6182 is 5.513751029968262
Time taken for candidate 6183 is 3.24167799949646
Time taken for candidate 6184 is 2.341890573501587
Time taken for candidate 6185 is 2.343747138977051
Time taken for candidate 6186 is 1.6574792861938477
Time taken for candidate 6187 is 1.002465009689331
Time taken for candidate 6188 is 0.3392510414123535
Time taken for candidate 6189 is 1.158050775527954
Time taken for candidate 6190 is 4.8089704513549805
Time taken for candidate 6191 is 3.500684976577759
Time taken for candidate 6192 is 4.1519553661346436
Time taken for candidate 6193 is 2.25026273727417
Time taken for candidate 6194 is 3.1501991748809814
Time taken for candidate 6195 is 2.3738420009613037
Time taken for candidate 6196 is 4.501512765884399
Time taken for candidate 6197 is 4.477474212646484
Time taken for candidate 6198 is 5.681154727935791
Time taken for candidate 6199 is 0.5971882343292236
Time taken for candidate 6200 is 4.314485549926758
Time taken for candidate 6201 is 1.0268316268920898
Time taken for candidate 6202 is 0.5590646266937256
Time taken for candidate 6203 is 4.055860757827759
Time taken for candidate 6204 is 5.038604974746704
Time taken for candidate 6205 is 1.1124424934387207
Time taken for candidate 6206 is 1.5677075386047363
Time taken for candidate 6207 is 1.0707764625549316
Time taken for candidate 6208 is 6.228334426879883
Time taken for candidate 6209 is 2.8015317916870117
Time taken for candidate 6210 is 2.1482720375061035
Time taken for candidate 6211 is 2.028035879135132
Time taken for candidate 6212 is 2.1692428588867188
Time taken for candidate 6213 is 1.347951889038086
Time taken for candidate 6214 is 2.558641195297241
Time taken for candidate 6215 is 2.125203847885132
Time taken for candidate 6216 is 3.593498945236206
Time taken for candidate 6217 is 1.0820486545562744
Time taken for candidate 6218 is 2.4551408290863037
Time taken for candidate 6219 is 2.5314953327178955
Time taken for candidate 6220 is 5.5149853229522705
Time taken for candidate 6221 is 2.0910584926605225
Time taken for candidate 6222 is 3.9683728218078613
Time taken for candidate 6223 is 5.983320236206055
Time taken for candidate 6224 is 0.891960620880127
Time taken for candidate 6225 is 2.9214823246002197
Time taken for candidate 6226 is 2.710277795791626
Time taken for candidate 6227 is 2.5137624740600586
Time taken for candidate 6228 is 3.1721930503845215
Time taken for candidate 6229 is 0.7688639163970947
Time taken for candidate 6230 is 0.8456926345825195
Time taken for candidate 6231 is 2.6976213455200195
Time taken for candidate 6232 is 3.0632243156433105
Time taken for candidate 6233 is 0.5011281967163086
Time taken for candidate 6234 is 1.7242393493652344
Time taken for candidate 6235 is 1.185469627380371
Time taken for candidate 6236 is 2.638261318206787
Time taken for candidate 6237 is 7.324444532394409
Time taken for candidate 6238 is 0.39487481117248535
Time taken for candidate 6239 is 5.703470706939697
Time taken for candidate 6240 is 2.863049268722534
Time taken for candidate 6241 is 1.4916050434112549
Time taken for candidate 6242 is 0.32418346405029297
Time taken for candidate 6243 is 3.3475844860076904
Time taken for candidate 6244 is 1.3515069484710693
Time taken for candidate 6245 is 6.084192991256714
Time taken for candidate 6246 is 2.932518720626831
Time taken for candidate 6247 is 3.7896716594696045
Time taken for candidate 6248 is 3.7222461700439453
Time taken for candidate 6249 is 6.322420120239258
Time taken for candidate 6250 is 3.8078927993774414
Time taken for candidate 6251 is 1.3362183570861816
Time taken for candidate 6252 is 1.1817548274993896
Time taken for candidate 6253 is 4.557444095611572
Time taken for candidate 6254 is 4.771562099456787
Time taken for candidate 6255 is 0.6729593276977539
Time taken for candidate 6256 is 0.44463419914245605
Time taken for candidate 6257 is 0.3292415142059326
Time taken for candidate 6258 is 1.2262752056121826
Time taken for candidate 6259 is 1.369269847869873
Time taken for candidate 6260 is 2.787917137145996
Time taken for candidate 6261 is 1.9539518356323242
Time taken for candidate 6262 is 2.758315324783325
Time taken for candidate 6263 is 3.342447519302368
Time taken for candidate 6264 is 3.272141695022583
Time taken for candidate 6265 is 2.131686210632324
Time taken for candidate 6266 is 0.6634533405303955
Time taken for candidate 6267 is 4.607166528701782
Time taken for candidate 6268 is 4.590732574462891
Time taken for candidate 6269 is 2.461876392364502
Time taken for candidate 6270 is 4.252111911773682
Time taken for candidate 6271 is 1.1839525699615479
Time taken for candidate 6272 is 2.209186553955078
Time taken for candidate 6273 is 2.5376172065734863
Time taken for candidate 6274 is 1.9562194347381592
Time taken for candidate 6275 is 0.5969381332397461
Time taken for candidate 6276 is 3.54121994972229
Time taken for candidate 6277 is 0.36435747146606445
Time taken for candidate 6278 is 2.197732925415039
Time taken for candidate 6279 is 1.0990464687347412
Time taken for candidate 6280 is 2.598921775817871
Time taken for candidate 6281 is 3.5181617736816406
Time taken for candidate 6282 is 4.820463418960571
Time taken for candidate 6283 is 1.4673423767089844
Time taken for candidate 6284 is 3.4954185485839844
Time taken for candidate 6285 is 3.369540214538574
Time taken for candidate 6286 is 4.189425706863403
Time taken for candidate 6287 is 3.3064756393432617
Time taken for candidate 6288 is 1.851658821105957
Time taken for candidate 6289 is 2.78666090965271
Time taken for candidate 6290 is 1.75775146484375
Time taken for candidate 6291 is 2.0027191638946533
Time taken for candidate 6292 is 5.704037189483643
Time taken for candidate 6293 is 2.7858407497406006
Time taken for candidate 6294 is 8.229863166809082
Time taken for candidate 6295 is 1.2944462299346924
Time taken for candidate 6296 is 1.3998827934265137
Time taken for candidate 6297 is 1.6591424942016602
Time taken for candidate 6298 is 1.338681936264038
Time taken for candidate 6299 is 3.539397716522217
Time taken for candidate 6300 is 3.655156135559082
Time taken for candidate 6301 is 5.661933183670044
Time taken for candidate 6302 is 2.221554756164551
Time taken for candidate 6303 is 1.0260307788848877
Time taken for candidate 6304 is 3.76090145111084
Time taken for candidate 6305 is 5.886674165725708
Time taken for candidate 6306 is 1.9298017024993896
Time taken for candidate 6307 is 2.6312143802642822
Time taken for candidate 6308 is 2.7124345302581787
Time taken for candidate 6309 is 0.5434353351593018
Time taken for candidate 6310 is 3.5134005546569824
Time taken for candidate 6311 is 1.0236163139343262
Time taken for candidate 6312 is 3.865302085876465
Time taken for candidate 6313 is 4.730503082275391
Time taken for candidate 6314 is 1.1571569442749023
Time taken for candidate 6315 is 0.8374927043914795
Time taken for candidate 6316 is 1.9751384258270264
Time taken for candidate 6317 is 2.8358490467071533
Time taken for candidate 6318 is 2.2110490798950195
Time taken for candidate 6319 is 4.042697429656982
Time taken for candidate 6320 is 1.454841136932373
Time taken for candidate 6321 is 1.0923306941986084
Time taken for candidate 6322 is 1.5001156330108643
Time taken for candidate 6323 is 0.6980254650115967
Time taken for candidate 6324 is 0.8444592952728271
Time taken for candidate 6325 is 1.8776521682739258
Time taken for candidate 6326 is 1.220745325088501
Time taken for candidate 6327 is 5.96570897102356
Time taken for candidate 6328 is 1.7891499996185303
Time taken for candidate 6329 is 5.01069974899292
Time taken for candidate 6330 is 2.7609353065490723
Time taken for candidate 6331 is 3.956124782562256
Time taken for candidate 6332 is 1.0911633968353271
Time taken for candidate 6333 is 1.1564712524414062
Time taken for candidate 6334 is 1.6225805282592773
Time taken for candidate 6335 is 1.568260908126831
Time taken for candidate 6336 is 2.8329455852508545
Time taken for candidate 6337 is 1.3680920600891113
Time taken for candidate 6338 is 2.924567699432373
Time taken for candidate 6339 is 2.013334035873413
Time taken for candidate 6340 is 4.852240085601807
Time taken for candidate 6341 is 4.676539659500122
Time taken for candidate 6342 is 2.5736806392669678
Time taken for candidate 6343 is 2.63692045211792
Time taken for candidate 6344 is 3.2330870628356934
Time taken for candidate 6345 is 1.6809074878692627
Time taken for candidate 6346 is 1.3575730323791504
Time taken for candidate 6347 is 2.2957303524017334
Time taken for candidate 6348 is 1.4062049388885498
Time taken for candidate 6349 is 1.8245861530303955
Time taken for candidate 6350 is 2.6890125274658203
Time taken for candidate 6351 is 2.9922571182250977
Time taken for candidate 6352 is 2.335360050201416
Time taken for candidate 6353 is 4.05615758895874
Time taken for candidate 6354 is 1.2898941040039062
Time taken for candidate 6355 is 1.88612699508667
Time taken for candidate 6356 is 0.6200366020202637
Time taken for candidate 6357 is 0.6410274505615234
Time taken for candidate 6358 is 1.0481481552124023
Time taken for candidate 6359 is 1.8922255039215088
Time taken for candidate 6360 is 3.8277034759521484
Time taken for candidate 6361 is 2.4778075218200684
Time taken for candidate 6362 is 1.8463854789733887
Time taken for candidate 6363 is 5.358054876327515
Time taken for candidate 6364 is 2.6074085235595703
Time taken for candidate 6365 is 0.6824653148651123
Time taken for candidate 6366 is 6.247279167175293
Time taken for candidate 6367 is 2.6500425338745117
Time taken for candidate 6368 is 2.303149461746216
Time taken for candidate 6369 is 1.0960805416107178
Time taken for candidate 6370 is 0.2819540500640869
Time taken for candidate 6371 is 1.9399027824401855
Time taken for candidate 6372 is 0.769158124923706
Time taken for candidate 6373 is 0.8434224128723145
Time taken for candidate 6374 is 2.7592415809631348
Time taken for candidate 6375 is 1.0887181758880615
Time taken for candidate 6376 is 2.1784398555755615
Time taken for candidate 6377 is 4.7459423542022705
Time taken for candidate 6378 is 3.719893455505371
Time taken for candidate 6379 is 4.067597389221191
Time taken for candidate 6380 is 0.8319878578186035
Time taken for candidate 6381 is 2.1007158756256104
Time taken for candidate 6382 is 2.6501216888427734
Time taken for candidate 6383 is 2.4505386352539062
Time taken for candidate 6384 is 4.421069383621216
Time taken for candidate 6385 is 1.7976975440979004
Time taken for candidate 6386 is 4.856873512268066
Time taken for candidate 6387 is 3.992344379425049
Time taken for candidate 6388 is 3.963949203491211
Time taken for candidate 6389 is 2.4088451862335205
Time taken for candidate 6390 is 1.7019157409667969
Time taken for candidate 6391 is 2.796780586242676
Time taken for candidate 6392 is 3.6206085681915283
Time taken for candidate 6393 is 0.6392388343811035
Time taken for candidate 6394 is 0.10313129425048828
Time taken for candidate 6395 is 3.0323941707611084
Time taken for candidate 6396 is 3.0888924598693848
Time taken for candidate 6397 is 3.5743067264556885
Time taken for candidate 6398 is 1.8843793869018555
Time taken for candidate 6399 is 0.6252586841583252
Time taken for candidate 6400 is 1.5993561744689941
Time taken for candidate 6401 is 1.6447727680206299
Time taken for candidate 6402 is 1.6883485317230225
Time taken for candidate 6403 is 0.9028935432434082
Time taken for candidate 6404 is 2.3226358890533447
Time taken for candidate 6405 is 6.849443197250366
Time taken for candidate 6406 is 4.634902238845825
Time taken for candidate 6407 is 3.286363363265991
Time taken for candidate 6408 is 8.20072054862976
Time taken for candidate 6409 is 1.1028015613555908
Time taken for candidate 6410 is 6.439030170440674
Time taken for candidate 6411 is 0.7221670150756836
Time taken for candidate 6412 is 4.994778871536255
Time taken for candidate 6413 is 2.2252392768859863
Time taken for candidate 6414 is 1.7040908336639404
Time taken for candidate 6415 is 6.254429578781128
Time taken for candidate 6416 is 2.4068684577941895
Time taken for candidate 6417 is 3.7720835208892822
Time taken for candidate 6418 is 3.851011276245117
Time taken for candidate 6419 is 3.667259931564331
Time taken for candidate 6420 is 1.9062480926513672
Time taken for candidate 6421 is 1.1735305786132812
Time taken for candidate 6422 is 0.4609558582305908
Time taken for candidate 6423 is 2.1334264278411865
Time taken for candidate 6424 is 2.390850305557251
Time taken for candidate 6425 is 1.3514256477355957
Time taken for candidate 6426 is 1.5226209163665771
Time taken for candidate 6427 is 1.081209421157837
Time taken for candidate 6428 is 1.4694933891296387
Time taken for candidate 6429 is 1.1426634788513184
Time taken for candidate 6430 is 0.7024543285369873
Time taken for candidate 6431 is 3.2415971755981445
Time taken for candidate 6432 is 3.35710072517395
Time taken for candidate 6433 is 2.6651766300201416
Time taken for candidate 6434 is 2.375180959701538
Time taken for candidate 6435 is 0.4766731262207031
Time taken for candidate 6436 is 1.5975077152252197
Time taken for candidate 6437 is 1.585423231124878
Time taken for candidate 6438 is 4.256811618804932
Time taken for candidate 6439 is 2.9854109287261963
Time taken for candidate 6440 is 0.7826633453369141
Time taken for candidate 6441 is 2.5035510063171387
Time taken for candidate 6442 is 0.6359305381774902
Time taken for candidate 6443 is 3.7653701305389404
Time taken for candidate 6444 is 3.2921335697174072
Time taken for candidate 6445 is 2.6289174556732178
Time taken for candidate 6446 is 3.242676258087158
Time taken for candidate 6447 is 1.9187355041503906
Time taken for candidate 6448 is 5.899039268493652
Time taken for candidate 6449 is 1.086200475692749
Time taken for candidate 6450 is 2.2516517639160156
Time taken for candidate 6451 is 0.4400515556335449
Time taken for candidate 6452 is 2.165560245513916
Time taken for candidate 6453 is 1.701258659362793
Time taken for candidate 6454 is 0.2658805847167969
Time taken for candidate 6455 is 6.1682257652282715
Time taken for candidate 6456 is 2.564718008041382
Time taken for candidate 6457 is 4.371520757675171
Time taken for candidate 6458 is 1.9923958778381348
Time taken for candidate 6459 is 1.630056619644165
Time taken for candidate 6460 is 4.00972580909729
Time taken for candidate 6461 is 0.7273867130279541
Time taken for candidate 6462 is 1.0823731422424316
Time taken for candidate 6463 is 1.800851821899414
Time taken for candidate 6464 is 1.5604665279388428
Time taken for candidate 6465 is 1.8511512279510498
Time taken for candidate 6466 is 3.411461353302002
Time taken for candidate 6467 is 3.7792484760284424
Time taken for candidate 6468 is 2.002326488494873
Time taken for candidate 6469 is 1.1907422542572021
Time taken for candidate 6470 is 2.1248388290405273
Time taken for candidate 6471 is 1.0158843994140625
Time taken for candidate 6472 is 3.4828643798828125
Time taken for candidate 6473 is 0.726388692855835
Time taken for candidate 6474 is 2.4623799324035645
Time taken for candidate 6475 is 1.8141705989837646
Time taken for candidate 6476 is 3.037702798843384
Time taken for candidate 6477 is 1.0582802295684814
Time taken for candidate 6478 is 4.87924599647522
Time taken for candidate 6479 is 1.0499012470245361
Time taken for candidate 6480 is 5.459632635116577
Time taken for candidate 6481 is 1.5795652866363525
Time taken for candidate 6482 is 1.214059829711914
Time taken for candidate 6483 is 6.645880222320557
Time taken for candidate 6484 is 4.030987024307251
Time taken for candidate 6485 is 4.620894432067871
Time taken for candidate 6486 is 1.1690778732299805
Time taken for candidate 6487 is 2.183659553527832
Time taken for candidate 6488 is 1.592529535293579
Time taken for candidate 6489 is 1.9875760078430176
Time taken for candidate 6490 is 0.6466584205627441
Time taken for candidate 6491 is 4.587644815444946
Time taken for candidate 6492 is 0.8326141834259033
Time taken for candidate 6493 is 0.9927074909210205
Time taken for candidate 6494 is 1.8313710689544678
Time taken for candidate 6495 is 2.003314733505249
Time taken for candidate 6496 is 1.4525351524353027
Time taken for candidate 6497 is 1.3036949634552002
Time taken for candidate 6498 is 1.711353063583374
Time taken for candidate 6499 is 1.3571264743804932
Time taken for candidate 6500 is 1.9574382305145264
Time taken for candidate 6501 is 1.1883113384246826
Time taken for candidate 6502 is 1.0616493225097656
Time taken for candidate 6503 is 1.7268927097320557
Time taken for candidate 6504 is 1.017040729522705
Time taken for candidate 6505 is 4.964385986328125
Time taken for candidate 6506 is 1.0759196281433105
Time taken for candidate 6507 is 4.569097995758057
Time taken for candidate 6508 is 3.416318655014038
Time taken for candidate 6509 is 2.551976203918457
Time taken for candidate 6510 is 1.3795580863952637
Time taken for candidate 6511 is 2.131702423095703
Time taken for candidate 6512 is 1.8659121990203857
Time taken for candidate 6513 is 1.976454734802246
Time taken for candidate 6514 is 1.1020677089691162
Time taken for candidate 6515 is 2.3473169803619385
Time taken for candidate 6516 is 3.595442533493042
Time taken for candidate 6517 is 1.5573222637176514
Time taken for candidate 6518 is 0.7664074897766113
Time taken for candidate 6519 is 5.82842230796814
Time taken for candidate 6520 is 1.670792818069458
Time taken for candidate 6521 is 1.3490142822265625
Time taken for candidate 6522 is 0.964669942855835
Time taken for candidate 6523 is 1.009563684463501
Time taken for candidate 6524 is 1.5434362888336182
Time taken for candidate 6525 is 2.4732718467712402
Time taken for candidate 6526 is 2.4183695316314697
Time taken for candidate 6527 is 1.6080892086029053
Time taken for candidate 6528 is 1.692887544631958
Time taken for candidate 6529 is 2.0899691581726074
Time taken for candidate 6530 is 7.299252271652222
Time taken for candidate 6531 is 0.7583508491516113
Time taken for candidate 6532 is 5.891621351242065
Time taken for candidate 6533 is 1.4017670154571533
Time taken for candidate 6534 is 2.5147929191589355
Time taken for candidate 6535 is 7.22955584526062
Time taken for candidate 6536 is 2.173990249633789
Time taken for candidate 6537 is 0.682093620300293
Time taken for candidate 6538 is 0.935417890548706
Time taken for candidate 6539 is 1.0587728023529053
Time taken for candidate 6540 is 0.6311557292938232
Time taken for candidate 6541 is 3.498976707458496
Time taken for candidate 6542 is 3.188563108444214
Time taken for candidate 6543 is 6.28032374382019
Time taken for candidate 6544 is 0.9030280113220215
Time taken for candidate 6545 is 1.5978801250457764
Time taken for candidate 6546 is 1.060309648513794
Time taken for candidate 6547 is 1.0278143882751465
Time taken for candidate 6548 is 0.7911713123321533
Time taken for candidate 6549 is 2.5728073120117188
Time taken for candidate 6550 is 0.41058897972106934
Time taken for candidate 6551 is 3.7081120014190674
Time taken for candidate 6552 is 0.6156244277954102
Time taken for candidate 6553 is 1.7542579174041748
Time taken for candidate 6554 is 6.5427024364471436
Time taken for candidate 6555 is 0.5246860980987549
Time taken for candidate 6556 is 1.0763869285583496
Time taken for candidate 6557 is 1.3045761585235596
Time taken for candidate 6558 is 4.36622166633606
Time taken for candidate 6559 is 0.91888427734375
Time taken for candidate 6560 is 1.6273486614227295
Time taken for candidate 6561 is 3.5537025928497314
Time taken for candidate 6562 is 1.4222149848937988
Time taken for candidate 6563 is 3.7785069942474365
Time taken for candidate 6564 is 3.1615915298461914
Time taken for candidate 6565 is 3.051975965499878
Time taken for candidate 6566 is 4.258619785308838
Time taken for candidate 6567 is 1.9107961654663086
Time taken for candidate 6568 is 1.025130033493042
Time taken for candidate 6569 is 2.1888158321380615
Time taken for candidate 6570 is 2.1662118434906006
Time taken for candidate 6571 is 2.7510361671447754
Time taken for candidate 6572 is 1.7661101818084717
Time taken for candidate 6573 is 1.3520116806030273
Time taken for candidate 6575 is 3.0956618785858154
Time taken for candidate 6576 is 2.8220441341400146
Time taken for candidate 6577 is 0.7968003749847412
Time taken for candidate 6578 is 2.087287664413452
Time taken for candidate 6579 is 1.6827621459960938
Time taken for candidate 6580 is 1.9971613883972168
Time taken for candidate 6581 is 0.7470738887786865
Time taken for candidate 6582 is 3.6232078075408936
Time taken for candidate 6583 is 1.6037733554840088
Time taken for candidate 6584 is 2.6986236572265625
Time taken for candidate 6585 is 0.65323805809021
Time taken for candidate 6586 is 2.3541057109832764
Time taken for candidate 6587 is 1.7190124988555908
Time taken for candidate 6588 is 0.7921171188354492
Time taken for candidate 6589 is 2.223269462585449
Time taken for candidate 6590 is 1.3481569290161133
Time taken for candidate 6591 is 2.5042481422424316
Time taken for candidate 6592 is 1.7911286354064941
Time taken for candidate 6593 is 2.238891363143921
Time taken for candidate 6594 is 1.2144012451171875
Time taken for candidate 6595 is 3.0223023891448975
Time taken for candidate 6596 is 2.0176897048950195
Time taken for candidate 6597 is 4.588956594467163
Time taken for candidate 6598 is 0.4769167900085449
Time taken for candidate 6599 is 1.4568469524383545
Time taken for candidate 6600 is 5.1701154708862305
Time taken for candidate 6601 is 1.146561622619629
Time taken for candidate 6602 is 1.2987244129180908
Time taken for candidate 6603 is 1.4136950969696045
Time taken for candidate 6604 is 0.428741455078125
Time taken for candidate 6605 is 0.6085002422332764
Time taken for candidate 6606 is 2.8442399501800537
Time taken for candidate 6607 is 1.8359858989715576
Time taken for candidate 6608 is 0.8754241466522217
Time taken for candidate 6609 is 0.8348643779754639
Time taken for candidate 6610 is 0.5255229473114014
Time taken for candidate 6611 is 0.5540218353271484
Time taken for candidate 6612 is 0.43222880363464355
Time taken for candidate 6613 is 0.6406280994415283
Time taken for candidate 6614 is 0.27797889709472656
Time taken for candidate 6615 is 3.484787940979004
Time taken for candidate 6616 is 0.9063403606414795
Time taken for candidate 6617 is 2.686981678009033
Time taken for candidate 6618 is 0.733717679977417
Time taken for candidate 6619 is 3.411024570465088
Time taken for candidate 6620 is 0.5684316158294678
Time taken for candidate 6621 is 0.48474907875061035
Time taken for candidate 6622 is 0.700674295425415
Time taken for candidate 6623 is 3.262101888656616
Time taken for candidate 6624 is 2.3309922218322754
Time taken for candidate 6625 is 1.182966947555542
Time taken for candidate 6626 is 1.18684983253479
Time taken for candidate 6627 is 2.4775209426879883
Time taken for candidate 6628 is 1.1433815956115723
Time taken for candidate 6629 is 1.469789743423462
Time taken for candidate 6630 is 0.91794753074646
Time taken for candidate 6631 is 2.670839786529541
Time taken for candidate 6632 is 1.8210420608520508
Time taken for candidate 6633 is 3.365792989730835
Time taken for candidate 6634 is 1.914917230606079
Time taken for candidate 6635 is 1.770111083984375
Time taken for candidate 6636 is 2.959317445755005
Time taken for candidate 6637 is 5.303533315658569
Time taken for candidate 6638 is 1.236457347869873
Time taken for candidate 6639 is 2.7134857177734375
Time taken for candidate 6640 is 1.111982822418213
Time taken for candidate 6641 is 3.6947154998779297
Time taken for candidate 6642 is 2.460272789001465
Time taken for candidate 6643 is 4.55146050453186
Time taken for candidate 6644 is 2.046429395675659
Time taken for candidate 6645 is 3.4346508979797363
Time taken for candidate 6646 is 2.628796339035034
Time taken for candidate 6647 is 0.40514063835144043
Time taken for candidate 6648 is 1.8068902492523193
Time taken for candidate 6649 is 0.9710466861724854
Time taken for candidate 6650 is 2.1126391887664795
Time taken for candidate 6651 is 3.52555775642395
Time taken for candidate 6652 is 3.6725056171417236
Time taken for candidate 6653 is 2.099456310272217
Time taken for candidate 6654 is 3.285820960998535
Time taken for candidate 6655 is 2.8335156440734863
Time taken for candidate 6656 is 1.8241477012634277
Time taken for candidate 6657 is 4.74251651763916
Time taken for candidate 6658 is 3.774447441101074
Time taken for candidate 6659 is 1.8624377250671387
Time taken for candidate 6660 is 3.2899386882781982
Time taken for candidate 6661 is 2.5441548824310303
Time taken for candidate 6662 is 4.8605570793151855
Time taken for candidate 6663 is 2.3992552757263184
Time taken for candidate 6664 is 1.1822936534881592
Time taken for candidate 6665 is 1.4400253295898438
Time taken for candidate 6666 is 2.6129281520843506
Time taken for candidate 6667 is 2.1066036224365234
Time taken for candidate 6668 is 1.6165573596954346
Time taken for candidate 6669 is 1.237605094909668
Time taken for candidate 6670 is 0.6065053939819336
Time taken for candidate 6671 is 1.4451045989990234
Time taken for candidate 6672 is 2.8152472972869873
Time taken for candidate 6673 is 1.6240637302398682
Time taken for candidate 6674 is 0.9205262660980225
Time taken for candidate 6675 is 2.3243117332458496
Time taken for candidate 6676 is 1.9050440788269043
Time taken for candidate 6677 is 2.1410956382751465
Time taken for candidate 6678 is 2.8709046840667725
Time taken for candidate 6679 is 3.9166059494018555
Time taken for candidate 6680 is 5.202502965927124
Time taken for candidate 6681 is 1.5722150802612305
Time taken for candidate 6682 is 4.294610500335693
Time taken for candidate 6683 is 1.875361442565918
Time taken for candidate 6684 is 3.7231035232543945
Time taken for candidate 6685 is 1.104339599609375
Time taken for candidate 6686 is 0.8950936794281006
Time taken for candidate 6687 is 2.7627105712890625
Time taken for candidate 6688 is 2.0399086475372314
Time taken for candidate 6689 is 0.5421278476715088
Time taken for candidate 6690 is 3.1343672275543213
Time taken for candidate 6691 is 2.029963970184326
Time taken for candidate 6692 is 2.6679201126098633
Time taken for candidate 6693 is 3.8361804485321045
Time taken for candidate 6694 is 4.245153188705444
Time taken for candidate 6695 is 0.8210248947143555
Time taken for candidate 6696 is 2.466844320297241
Time taken for candidate 6697 is 1.2629101276397705
Time taken for candidate 6698 is 1.0455126762390137
Time taken for candidate 6699 is 1.544750690460205
Time taken for candidate 6700 is 2.448093891143799
Time taken for candidate 6701 is 2.605992317199707
Time taken for candidate 6702 is 1.234344720840454
Time taken for candidate 6703 is 1.4776215553283691
Time taken for candidate 6704 is 2.462773084640503
Time taken for candidate 6705 is 3.413917064666748
Time taken for candidate 6706 is 1.5967543125152588
Time taken for candidate 6707 is 3.102591037750244
Time taken for candidate 6708 is 0.9430654048919678
Time taken for candidate 6709 is 5.075960874557495
Time taken for candidate 6710 is 0.8086373805999756
Time taken for candidate 6711 is 0.7765390872955322
Time taken for candidate 6712 is 3.1316800117492676
Time taken for candidate 6713 is 1.3783190250396729
Time taken for candidate 6714 is 1.5908331871032715
Time taken for candidate 6715 is 0.14712953567504883
Time taken for candidate 6716 is 3.8315770626068115
Time taken for candidate 6717 is 2.635370969772339
Time taken for candidate 6718 is 1.6731488704681396
Time taken for candidate 6719 is 0.44655656814575195
Time taken for candidate 6720 is 0.5970463752746582
Time taken for candidate 6721 is 3.6724729537963867
Time taken for candidate 6722 is 0.5575718879699707
Time taken for candidate 6723 is 1.3603668212890625
Time taken for candidate 6724 is 1.1437783241271973
Time taken for candidate 6725 is 1.6436231136322021
Time taken for candidate 6726 is 2.884291172027588
Time taken for candidate 6727 is 2.4978225231170654
Time taken for candidate 6728 is 3.0545005798339844
Time taken for candidate 6729 is 0.8816211223602295
Time taken for candidate 6730 is 2.5297422409057617
Time taken for candidate 6731 is 0.7479507923126221
Time taken for candidate 6732 is 2.808840036392212
Time taken for candidate 6733 is 3.592519521713257
Time taken for candidate 6734 is 1.5213589668273926
Time taken for candidate 6735 is 6.682271480560303
Time taken for candidate 6736 is 1.9681189060211182
Time taken for candidate 6737 is 1.800147533416748
Time taken for candidate 6738 is 1.3716754913330078
Time taken for candidate 6739 is 2.6693222522735596
Time taken for candidate 6740 is 3.331256628036499
Time taken for candidate 6741 is 5.801136016845703
Time taken for candidate 6742 is 4.23072624206543
Time taken for candidate 6743 is 1.653881311416626
Time taken for candidate 6744 is 5.03125524520874
Time taken for candidate 6745 is 3.148716926574707
Time taken for candidate 6746 is 2.6844637393951416
Time taken for candidate 6747 is 1.659656286239624
Time taken for candidate 6748 is 1.592808485031128
Time taken for candidate 6749 is 1.8358397483825684
Time taken for candidate 6750 is 1.148411512374878
Time taken for candidate 6751 is 4.917475461959839
Time taken for candidate 6752 is 2.7817628383636475
Time taken for candidate 6753 is 1.3434739112854004
Time taken for candidate 6754 is 0.5969929695129395
Time taken for candidate 6755 is 3.1369011402130127
Time taken for candidate 6756 is 1.740548849105835
Time taken for candidate 6757 is 3.403322458267212
Time taken for candidate 6758 is 3.780134916305542
Time taken for candidate 6759 is 1.7026493549346924
Time taken for candidate 6760 is 3.262428045272827
Time taken for candidate 6761 is 1.4634552001953125
Time taken for candidate 6762 is 2.599076747894287
Time taken for candidate 6763 is 2.2011337280273438
Time taken for candidate 6764 is 2.4694108963012695
Time taken for candidate 6765 is 1.357893943786621
Time taken for candidate 6766 is 1.973355770111084
Time taken for candidate 6767 is 2.414658784866333
Time taken for candidate 6768 is 0.5206406116485596
Time taken for candidate 6769 is 1.8194804191589355
Time taken for candidate 6770 is 2.679882049560547
Time taken for candidate 6771 is 1.466404914855957
Time taken for candidate 6772 is 3.1666722297668457
Time taken for candidate 6773 is 0.8132202625274658
Time taken for candidate 6774 is 1.3668169975280762
Time taken for candidate 6775 is 1.4104313850402832
Time taken for candidate 6776 is 1.0089573860168457
Time taken for candidate 6777 is 0.9326863288879395
Time taken for candidate 6778 is 1.6626312732696533
Time taken for candidate 6779 is 2.578514814376831
Time taken for candidate 6780 is 6.958521127700806
Time taken for candidate 6781 is 3.5694351196289062
Time taken for candidate 6782 is 1.1781830787658691
Time taken for candidate 6783 is 4.841487407684326
Time taken for candidate 6784 is 0.6842448711395264
Time taken for candidate 6785 is 0.593303918838501
Time taken for candidate 6786 is 2.4750730991363525
Time taken for candidate 6787 is 2.7045445442199707
Time taken for candidate 6788 is 2.1911704540252686
Time taken for candidate 6789 is 2.1082847118377686
Time taken for candidate 6790 is 3.783417224884033
Time taken for candidate 6791 is 2.0455517768859863
Time taken for candidate 6792 is 4.483416557312012
Time taken for candidate 6793 is 0.6274275779724121
Time taken for candidate 6794 is 1.7468433380126953
Time taken for candidate 6795 is 2.5176501274108887
Time taken for candidate 6796 is 0.6155989170074463
Time taken for candidate 6797 is 1.3352925777435303
Time taken for candidate 6798 is 3.8513035774230957
Time taken for candidate 6799 is 1.1009111404418945
Time taken for candidate 6800 is 2.8609213829040527
Time taken for candidate 6801 is 0.9452676773071289
Time taken for candidate 6802 is 1.9719460010528564
Time taken for candidate 6803 is 1.8630046844482422
Time taken for candidate 6804 is 4.52433180809021
Time taken for candidate 6805 is 4.2983479499816895
Time taken for candidate 6806 is 2.1211957931518555
Time taken for candidate 6807 is 1.5404200553894043
Time taken for candidate 6808 is 1.8282759189605713
Time taken for candidate 6809 is 2.2157444953918457
Time taken for candidate 6810 is 3.005324125289917
Time taken for candidate 6811 is 3.322936534881592
Time taken for candidate 6812 is 0.5481090545654297
Time taken for candidate 6813 is 1.2269823551177979
Time taken for candidate 6814 is 2.0451745986938477
Time taken for candidate 6815 is 2.9764318466186523
Time taken for candidate 6816 is 5.613769292831421
Time taken for candidate 6817 is 3.0275628566741943
Time taken for candidate 6818 is 2.269177198410034
Time taken for candidate 6819 is 0.7718679904937744
Time taken for candidate 6820 is 0.7790806293487549
Time taken for candidate 6821 is 0.7357847690582275
Time taken for candidate 6822 is 3.8994040489196777
Time taken for candidate 6823 is 2.8119983673095703
Time taken for candidate 6824 is 0.4595639705657959
Time taken for candidate 6825 is 3.7346913814544678
Time taken for candidate 6826 is 2.0082931518554688
Time taken for candidate 6827 is 1.1133074760437012
Time taken for candidate 6828 is 1.8065307140350342
Time taken for candidate 6829 is 1.24245285987854
Time taken for candidate 6830 is 1.7700128555297852
Time taken for candidate 6831 is 2.9564969539642334
Time taken for candidate 6832 is 1.8653326034545898
Time taken for candidate 6833 is 1.6556873321533203
Time taken for candidate 6834 is 0.7774612903594971
Time taken for candidate 6835 is 0.6369097232818604
Time taken for candidate 6836 is 2.596961259841919
Time taken for candidate 6837 is 1.020524501800537
Time taken for candidate 6838 is 3.8666160106658936
Time taken for candidate 6839 is 1.1277201175689697
Time taken for candidate 6840 is 2.5927562713623047
Time taken for candidate 6841 is 1.7374112606048584
Time taken for candidate 6842 is 1.6150586605072021
Time taken for candidate 6843 is 2.9004578590393066
Time taken for candidate 6844 is 1.1156399250030518
Time taken for candidate 6845 is 2.4710817337036133
Time taken for candidate 6846 is 1.1253540515899658
Time taken for candidate 6847 is 4.27532434463501
Time taken for candidate 6848 is 4.21617317199707
Time taken for candidate 6849 is 5.005389213562012
Time taken for candidate 6850 is 4.4737937450408936
Time taken for candidate 6851 is 2.8693137168884277
Time taken for candidate 6852 is 5.119346618652344
Time taken for candidate 6853 is 5.384999752044678
Time taken for candidate 6854 is 5.21694803237915
Time taken for candidate 6855 is 2.7103404998779297
Time taken for candidate 6856 is 0.9044163227081299
Time taken for candidate 6857 is 4.65651535987854
Time taken for candidate 6858 is 2.970216751098633
Time taken for candidate 6859 is 1.4790384769439697
Time taken for candidate 6860 is 5.18089747428894
Time taken for candidate 6861 is 1.913651943206787
Time taken for candidate 6862 is 1.9178943634033203
Time taken for candidate 6863 is 3.4453771114349365
Time taken for candidate 6864 is 0.2233731746673584
Time taken for candidate 6865 is 1.3525488376617432
Time taken for candidate 6866 is 3.0571484565734863
Time taken for candidate 6867 is 1.4954464435577393
Time taken for candidate 6868 is 4.462703227996826
Time taken for candidate 6869 is 1.8675861358642578
Time taken for candidate 6870 is 2.825923442840576
Time taken for candidate 6871 is 7.2634124755859375
Time taken for candidate 6872 is 11.732324123382568
Time taken for candidate 6873 is 6.772933721542358
Time taken for candidate 6874 is 1.7897725105285645
Time taken for candidate 6875 is 3.495424509048462
Time taken for candidate 6876 is 4.639554500579834
Time taken for candidate 6877 is 5.184953212738037
Time taken for candidate 6878 is 1.597611904144287
Time taken for candidate 6879 is 4.214162111282349
Time taken for candidate 6880 is 7.226655721664429
Time taken for candidate 6881 is 2.674102544784546
Time taken for candidate 6882 is 1.8478901386260986
Time taken for candidate 6883 is 2.6254119873046875
Time taken for candidate 6884 is 7.442082405090332
Time taken for candidate 6885 is 1.544043779373169
Time taken for candidate 6886 is 9.063714981079102
Time taken for candidate 6887 is 1.7604103088378906
Time taken for candidate 6888 is 4.8030760288238525
Time taken for candidate 6889 is 2.1525356769561768
Time taken for candidate 6890 is 2.5611908435821533
Time taken for candidate 6891 is 0.8604495525360107
Time taken for candidate 6892 is 0.8771286010742188
Time taken for candidate 6893 is 2.285504102706909
Time taken for candidate 6894 is 3.272224187850952
Time taken for candidate 6895 is 1.8580987453460693
Time taken for candidate 6896 is 4.362659215927124
Time taken for candidate 6897 is 5.523489475250244
Time taken for candidate 6898 is 6.084502696990967
Time taken for candidate 6899 is 2.0067856311798096
Time taken for candidate 6900 is 1.7479329109191895
Time taken for candidate 6901 is 1.2605392932891846
Time taken for candidate 6902 is 5.142204284667969
Time taken for candidate 6903 is 9.42654013633728
Time taken for candidate 6904 is 6.6901750564575195
Time taken for candidate 6905 is 1.3580296039581299
Time taken for candidate 6907 is 0.5099709033966064
Time taken for candidate 6908 is 1.9051599502563477
Time taken for candidate 6909 is 1.3057022094726562
Time taken for candidate 6910 is 3.5226051807403564
Time taken for candidate 6911 is 2.1160106658935547
Time taken for candidate 6912 is 3.9082765579223633
Time taken for candidate 6913 is 4.543805122375488
Time taken for candidate 6914 is 3.7729291915893555
Time taken for candidate 6915 is 6.576076984405518
Time taken for candidate 6916 is 0.820465087890625
Time taken for candidate 6917 is 3.2836217880249023
Time taken for candidate 6918 is 1.7466068267822266
Time taken for candidate 6919 is 1.423025369644165
Time taken for candidate 6920 is 3.0981626510620117
Time taken for candidate 6921 is 6.329538822174072
Time taken for candidate 6922 is 2.4497365951538086
Time taken for candidate 6923 is 2.752941131591797
Time taken for candidate 6924 is 1.3434350490570068
Time taken for candidate 6925 is 3.7559287548065186
Time taken for candidate 6926 is 6.623856782913208
Time taken for candidate 6927 is 2.388306140899658
Time taken for candidate 6928 is 2.651052236557007
Time taken for candidate 6929 is 2.0932090282440186
Time taken for candidate 6930 is 3.6099066734313965
Time taken for candidate 6931 is 3.461047887802124
Time taken for candidate 6932 is 1.4725053310394287
Time taken for candidate 6933 is 2.862165927886963
Time taken for candidate 6934 is 1.6423523426055908
Time taken for candidate 6935 is 0.9884889125823975
Time taken for candidate 6936 is 2.034745931625366
Time taken for candidate 6937 is 2.4199955463409424
Time taken for candidate 6938 is 1.275054693222046
Time taken for candidate 6939 is 2.805845022201538
Time taken for candidate 6940 is 3.938561201095581
Time taken for candidate 6941 is 2.4938580989837646
Time taken for candidate 6942 is 2.209599733352661
Time taken for candidate 6943 is 1.1512224674224854
Time taken for candidate 6944 is 2.064563274383545
Time taken for candidate 6945 is 2.46732497215271
Time taken for candidate 6946 is 1.1933088302612305
Time taken for candidate 6947 is 1.9260289669036865
Time taken for candidate 6948 is 0.1957542896270752
Time taken for candidate 6949 is 2.0570714473724365
Time taken for candidate 6950 is 0.6445889472961426
Time taken for candidate 6951 is 0.18720197677612305
Time taken for candidate 6952 is 0.5344712734222412
Time taken for candidate 6953 is 0.5401580333709717
Time taken for candidate 6954 is 0.09134602546691895
Time taken for candidate 6955 is 0.5799808502197266
Time taken for candidate 6956 is 0.2610926628112793
Time taken for candidate 6957 is 1.0279037952423096
Time taken for candidate 6958 is 0.9146268367767334
Time taken for candidate 6959 is 1.1322777271270752
Time taken for candidate 6960 is 0.8674263954162598
Time taken for candidate 6961 is 1.2086999416351318
Time taken for candidate 6962 is 0.30159759521484375
Time taken for candidate 6963 is 0.7294461727142334
Time taken for candidate 6964 is 0.6202354431152344
Time taken for candidate 6965 is 1.0977771282196045
Time taken for candidate 6966 is 0.37026286125183105
Time taken for candidate 6967 is 1.2060537338256836
Time taken for candidate 6968 is 1.1727404594421387
Time taken for candidate 6969 is 1.139174222946167
Time taken for candidate 6970 is 0.9659640789031982
Time taken for candidate 6971 is 0.8253607749938965
Time taken for candidate 6972 is 0.8808834552764893
Time taken for candidate 6973 is 0.43744874000549316
Time taken for candidate 6974 is 1.2222754955291748
Time taken for candidate 6975 is 0.6332554817199707
Time taken for candidate 6976 is 0.31676816940307617
Time taken for candidate 6977 is 0.31203436851501465
Time taken for candidate 6978 is 0.312591552734375
Time taken for candidate 6979 is 1.209629774093628
Time taken for candidate 6980 is 0.4011702537536621
Time taken for candidate 6981 is 0.9354500770568848
Time taken for candidate 6982 is 0.9806995391845703
Time taken for candidate 6983 is 0.3024106025695801
Time taken for candidate 6984 is 1.3210108280181885
Time taken for candidate 6985 is 0.47985243797302246
Time taken for candidate 6986 is 0.7507483959197998
Time taken for candidate 6987 is 0.13336420059204102
Time taken for candidate 6988 is 1.0296416282653809
Time taken for candidate 6989 is 1.1579992771148682
Time taken for candidate 6990 is 0.48429441452026367
Time taken for candidate 6991 is 0.7481601238250732
Time taken for candidate 6992 is 0.5969476699829102
Time taken for candidate 6993 is 0.37387847900390625
Time taken for candidate 6994 is 0.42548108100891113
Time taken for candidate 6995 is 0.7642531394958496
Time taken for candidate 6996 is 0.8041260242462158
Time taken for candidate 6997 is 0.6271982192993164
Time taken for candidate 6998 is 0.21111488342285156
Time taken for candidate 6999 is 0.42681431770324707
Time taken for candidate 7000 is 0.9151718616485596
Time taken for candidate 7001 is 0.9810242652893066
Time taken for candidate 7002 is 0.8610250949859619
Time taken for candidate 7003 is 1.4558343887329102
Time taken for candidate 7004 is 0.6871616840362549
Time taken for candidate 7005 is 0.3097057342529297
Time taken for candidate 7006 is 0.37491297721862793
Time taken for candidate 7007 is 1.022186040878296
Time taken for candidate 7008 is 0.8037185668945312
Time taken for candidate 7009 is 0.31828808784484863
Time taken for candidate 7010 is 0.5473217964172363
Time taken for candidate 7011 is 0.42603325843811035
Time taken for candidate 7012 is 0.32086920738220215
Time taken for candidate 7013 is 0.5002481937408447
Time taken for candidate 7014 is 0.719440221786499
Time taken for candidate 7015 is 0.4967472553253174
Time taken for candidate 7016 is 0.39327049255371094
Time taken for candidate 7017 is 0.9871006011962891
Time taken for candidate 7018 is 0.7442388534545898
Time taken for candidate 7019 is 0.5831780433654785
Time taken for candidate 7020 is 1.3534581661224365
Time taken for candidate 7021 is 0.5932838916778564
Time taken for candidate 7022 is 0.8617470264434814
Time taken for candidate 7023 is 0.6652801036834717
Time taken for candidate 7024 is 0.13114094734191895
Time taken for candidate 7025 is 0.6810650825500488
Time taken for candidate 7026 is 0.8601648807525635
Time taken for candidate 7027 is 1.109710931777954
Time taken for candidate 7028 is 0.9345986843109131
Time taken for candidate 7029 is 1.190312385559082
Time taken for candidate 7030 is 0.5583574771881104
Time taken for candidate 7031 is 0.7452065944671631
Time taken for candidate 7032 is 0.8411340713500977
Time taken for candidate 7033 is 0.9546051025390625
Time taken for candidate 7034 is 0.9965071678161621
Time taken for candidate 7035 is 0.6320626735687256
Time taken for candidate 7036 is 1.5224583148956299
Time taken for candidate 7037 is 0.157210111618042
Time taken for candidate 7038 is 0.43667101860046387
Time taken for candidate 7039 is 0.45238709449768066
Time taken for candidate 7040 is 1.2945761680603027
Time taken for candidate 7041 is 1.2597551345825195
Time taken for candidate 7042 is 0.5046017169952393
Time taken for candidate 7043 is 0.8595843315124512
Time taken for candidate 7044 is 0.3152937889099121
Time taken for candidate 7045 is 0.4136772155761719
Time taken for candidate 7046 is 0.13933181762695312
Time taken for candidate 7047 is 0.8011460304260254
Time taken for candidate 7048 is 0.25452136993408203
Time taken for candidate 7049 is 0.87668776512146
Time taken for candidate 7050 is 0.9118337631225586
Time taken for candidate 7051 is 0.3084831237792969
Time taken for candidate 7052 is 0.5212743282318115
Time taken for candidate 7053 is 1.1941330432891846
Time taken for candidate 7054 is 1.3766791820526123
Time taken for candidate 7055 is 0.5960097312927246
Time taken for candidate 7056 is 0.7899863719940186
Time taken for candidate 7057 is 1.047546148300171
Time taken for candidate 7058 is 0.41585588455200195
Time taken for candidate 7059 is 0.8302416801452637
Time taken for candidate 7060 is 0.47784852981567383
Time taken for candidate 7061 is 0.5054106712341309
Time taken for candidate 7062 is 0.4915294647216797
Time taken for candidate 7063 is 0.9128513336181641
Time taken for candidate 7064 is 0.5205209255218506
Time taken for candidate 7065 is 0.8406310081481934
Time taken for candidate 7066 is 0.8158795833587646
Time taken for candidate 7067 is 0.3688061237335205
Time taken for candidate 7068 is 0.5084869861602783
Time taken for candidate 7069 is 1.055638074874878
Time taken for candidate 7070 is 0.5366530418395996
Time taken for candidate 7071 is 0.383638858795166
Time taken for candidate 7072 is 0.6032004356384277
Time taken for candidate 7073 is 0.9007294178009033
Time taken for candidate 7074 is 0.4241926670074463
Time taken for candidate 7075 is 1.013103723526001
Time taken for candidate 7076 is 0.822087287902832
Time taken for candidate 7077 is 0.1963338851928711
Time taken for candidate 7078 is 0.46433448791503906
Time taken for candidate 7079 is 0.8712694644927979
Time taken for candidate 7080 is 1.0605242252349854
Time taken for candidate 7081 is 0.49950408935546875
Time taken for candidate 7082 is 1.207329511642456
Time taken for candidate 7083 is 0.6401247978210449
Time taken for candidate 7084 is 0.41565728187561035
Time taken for candidate 7085 is 0.8915631771087646
Time taken for candidate 7086 is 0.4640522003173828
Time taken for candidate 7087 is 0.4586508274078369
Time taken for candidate 7088 is 0.8818697929382324
Time taken for candidate 7089 is 1.0932183265686035
Time taken for candidate 7090 is 0.3099946975708008
Time taken for candidate 7091 is 0.2072157859802246
Time taken for candidate 7092 is 0.26296114921569824
Time taken for candidate 7093 is 0.54836106300354
Time taken for candidate 7094 is 0.4724416732788086
Time taken for candidate 7095 is 0.5651321411132812
Time taken for candidate 7096 is 0.9228241443634033
Time taken for candidate 7097 is 0.33602404594421387
Time taken for candidate 7098 is 0.21141314506530762
Time taken for candidate 7099 is 1.1834979057312012
Time taken for candidate 7100 is 0.3670785427093506
Time taken for candidate 7101 is 0.4140443801879883
Time taken for candidate 7102 is 0.535128116607666
Time taken for candidate 7103 is 0.9491586685180664
Time taken for candidate 7104 is 0.4224724769592285
Time taken for candidate 7105 is 0.42998194694519043
Time taken for candidate 7106 is 0.622530460357666
Time taken for candidate 7107 is 1.0959999561309814
Time taken for candidate 7108 is 0.45548367500305176
Time taken for candidate 7109 is 0.9719986915588379
Time taken for candidate 7110 is 0.591904878616333
Time taken for candidate 7111 is 0.9489526748657227
Time taken for candidate 7112 is 0.10454154014587402
Time taken for candidate 7113 is 0.6800119876861572
Time taken for candidate 7114 is 0.3139207363128662
Time taken for candidate 7115 is 1.1007554531097412
Time taken for candidate 7116 is 0.7935159206390381
Time taken for candidate 7117 is 0.4701380729675293
Time taken for candidate 7118 is 0.3931405544281006
Time taken for candidate 7119 is 0.13694047927856445
Time taken for candidate 7120 is 0.5474591255187988
Time taken for candidate 7121 is 0.3390078544616699
Time taken for candidate 7122 is 0.6409211158752441
Time taken for candidate 7123 is 0.16408753395080566
Time taken for candidate 7124 is 0.8383204936981201
Time taken for candidate 7125 is 1.3009982109069824
Time taken for candidate 7126 is 0.7516191005706787
Time taken for candidate 7127 is 0.544184684753418
Time taken for candidate 7128 is 0.9915621280670166
Time taken for candidate 7129 is 1.392381191253662
Time taken for candidate 7130 is 0.8153846263885498
Time taken for candidate 7131 is 1.0146520137786865
Time taken for candidate 7132 is 0.34495019912719727
Time taken for candidate 7133 is 0.6685683727264404
Time taken for candidate 7134 is 0.47614312171936035
Time taken for candidate 7135 is 0.43466973304748535
Time taken for candidate 7136 is 0.8924040794372559
Time taken for candidate 7137 is 0.46457886695861816
Time taken for candidate 7138 is 0.39083409309387207
Time taken for candidate 7139 is 1.2295715808868408
Time taken for candidate 7140 is 0.6002557277679443
Time taken for candidate 7141 is 0.32647705078125
Time taken for candidate 7142 is 0.5475611686706543
Time taken for candidate 7143 is 0.2384779453277588
Time taken for candidate 7144 is 0.8863155841827393
Time taken for candidate 7145 is 0.25984764099121094
Time taken for candidate 7146 is 0.7929642200469971
Time taken for candidate 7147 is 1.0581238269805908
Time taken for candidate 7148 is 0.7903182506561279
Time taken for candidate 7149 is 1.101881504058838
Time taken for candidate 7150 is 0.3147733211517334
Time taken for candidate 7151 is 1.6603751182556152
Time taken for candidate 7152 is 0.8264174461364746
Time taken for candidate 7153 is 1.7271511554718018
Time taken for candidate 7154 is 0.7925055027008057
Time taken for candidate 7155 is 0.8373274803161621
Time taken for candidate 7156 is 0.2978971004486084
Time taken for candidate 7157 is 0.6010749340057373
Time taken for candidate 7158 is 0.4627573490142822
Time taken for candidate 7159 is 0.9852662086486816
Time taken for candidate 7160 is 0.9556686878204346
Time taken for candidate 7161 is 0.15427541732788086
Time taken for candidate 7162 is 0.6718528270721436
Time taken for candidate 7163 is 0.5072312355041504
Time taken for candidate 7164 is 0.8582437038421631
Time taken for candidate 7165 is 0.8783421516418457
Time taken for candidate 7166 is 0.6076474189758301
Time taken for candidate 7167 is 1.0919485092163086
Time taken for candidate 7168 is 0.47071194648742676
Time taken for candidate 7169 is 0.7545523643493652
Time taken for candidate 7170 is 0.45601415634155273
Time taken for candidate 7171 is 0.7070062160491943
Time taken for candidate 7172 is 0.42774200439453125
Time taken for candidate 7173 is 0.8294975757598877
Time taken for candidate 7174 is 0.9429411888122559
Time taken for candidate 7175 is 0.47754621505737305
Time taken for candidate 7176 is 0.48779797554016113
Time taken for candidate 7177 is 0.7842864990234375
Time taken for candidate 7178 is 0.5367083549499512
Time taken for candidate 7179 is 0.6547291278839111
Time taken for candidate 7180 is 0.3528110980987549
Time taken for candidate 7181 is 1.2744526863098145
Time taken for candidate 7182 is 0.757714033126831
Time taken for candidate 7183 is 1.483642578125
Time taken for candidate 7184 is 1.0147454738616943
Time taken for candidate 7185 is 1.051191806793213
Time taken for candidate 7186 is 1.161193609237671
Time taken for candidate 7187 is 0.9273817539215088
Time taken for candidate 7188 is 0.9713907241821289
Time taken for candidate 7189 is 0.29505038261413574
Time taken for candidate 7190 is 1.1133694648742676
Time taken for candidate 7191 is 0.4187908172607422
Time taken for candidate 7192 is 0.23186206817626953
Time taken for candidate 7193 is 0.5183491706848145
Time taken for candidate 7194 is 0.3408019542694092
Time taken for candidate 7195 is 0.23559951782226562
Time taken for candidate 7196 is 0.5407881736755371
Time taken for candidate 7197 is 1.1960039138793945
Time taken for candidate 7198 is 0.655773401260376
Time taken for candidate 7199 is 0.3370234966278076
Time taken for candidate 7200 is 0.7045257091522217
Time taken for candidate 7201 is 0.2949521541595459
Time taken for candidate 7202 is 1.079286813735962
Time taken for candidate 7203 is 0.2920963764190674
Time taken for candidate 7204 is 1.0051968097686768
Time taken for candidate 7205 is 0.4767148494720459
Time taken for candidate 7206 is 0.6219775676727295
Time taken for candidate 7207 is 0.5332872867584229
Time taken for candidate 7208 is 0.34552717208862305
Time taken for candidate 7209 is 0.9423353672027588
Time taken for candidate 7210 is 0.614464521408081
Time taken for candidate 7211 is 0.5247073173522949
Time taken for candidate 7212 is 1.4524486064910889
Time taken for candidate 7213 is 0.5879557132720947
Time taken for candidate 7214 is 0.5518167018890381
Time taken for candidate 7215 is 1.1837339401245117
Time taken for candidate 7216 is 0.7128067016601562
Time taken for candidate 7217 is 0.9401812553405762
Time taken for candidate 7218 is 0.9644227027893066
Time taken for candidate 7219 is 0.6086201667785645
Time taken for candidate 7220 is 0.27585482597351074
Time taken for candidate 7221 is 0.4243044853210449
Time taken for candidate 7222 is 0.7461600303649902
Time taken for candidate 7223 is 0.09192037582397461
Time taken for candidate 7224 is 0.8517622947692871
Time taken for candidate 7225 is 0.45736193656921387
Time taken for candidate 7226 is 0.7083258628845215
Time taken for candidate 7227 is 0.43480849266052246
Time taken for candidate 7228 is 0.6332488059997559
Time taken for candidate 7229 is 1.2897610664367676
Time taken for candidate 7230 is 0.43418288230895996
Time taken for candidate 7231 is 1.3951783180236816
Time taken for candidate 7232 is 0.17579412460327148
Time taken for candidate 7233 is 0.3149075508117676
Time taken for candidate 7234 is 0.39069390296936035
Time taken for candidate 7235 is 0.48804187774658203
Time taken for candidate 7236 is 0.21812748908996582
Time taken for candidate 7237 is 0.5000238418579102
Time taken for candidate 7238 is 0.5266566276550293
Time taken for candidate 7239 is 0.5571107864379883
Time taken for candidate 7240 is 1.0071814060211182
Time taken for candidate 7241 is 0.5140316486358643
Time taken for candidate 7242 is 0.8227097988128662
Time taken for candidate 7243 is 0.8752627372741699
Time taken for candidate 7244 is 1.1874752044677734
Time taken for candidate 7245 is 0.6166269779205322
Time taken for candidate 7246 is 1.0265016555786133
Time taken for candidate 7247 is 0.5897576808929443
Time taken for candidate 7248 is 1.344829797744751
Time taken for candidate 7249 is 0.7134139537811279
Time taken for candidate 7250 is 0.6555182933807373
Time taken for candidate 7251 is 0.32578086853027344
Time taken for candidate 7253 is 0.6103320121765137
Time taken for candidate 7254 is 0.11156916618347168
Time taken for candidate 7255 is 0.7185308933258057
Time taken for candidate 7256 is 1.3410909175872803
Time taken for candidate 7257 is 0.27390146255493164
Time taken for candidate 7258 is 0.43140316009521484
Time taken for candidate 7259 is 0.6422195434570312
Time taken for candidate 7260 is 0.42056989669799805
Time taken for candidate 7261 is 0.7511849403381348
Time taken for candidate 7262 is 0.10460329055786133
Time taken for candidate 7263 is 0.68882155418396
Time taken for candidate 7264 is 0.5403921604156494
Time taken for candidate 7265 is 0.9242980480194092
Time taken for candidate 7266 is 0.6798803806304932
Time taken for candidate 7267 is 0.32172107696533203
Time taken for candidate 7268 is 0.5509538650512695
Time taken for candidate 7269 is 0.6200680732727051
Time taken for candidate 7270 is 0.34322285652160645
Time taken for candidate 7271 is 1.1513175964355469
Time taken for candidate 7272 is 1.0882647037506104
Time taken for candidate 7273 is 0.5115437507629395
Time taken for candidate 7274 is 0.3490145206451416
Time taken for candidate 7275 is 0.6851999759674072
Time taken for candidate 7276 is 1.0567221641540527
Time taken for candidate 7277 is 0.5251555442810059
Time taken for candidate 7278 is 1.1223971843719482
Time taken for candidate 7279 is 0.35767436027526855
Time taken for candidate 7280 is 0.8995532989501953
Time taken for candidate 7281 is 0.4657783508300781
Time taken for candidate 7282 is 0.17617201805114746
Time taken for candidate 7283 is 0.28865599632263184
Time taken for candidate 7284 is 1.085935354232788
Time taken for candidate 7285 is 0.798499584197998
Time taken for candidate 7286 is 0.43007493019104004
Time taken for candidate 7287 is 0.9380433559417725
Time taken for candidate 7288 is 0.3183126449584961
Time taken for candidate 7289 is 0.61692214012146
Time taken for candidate 7290 is 0.5520980358123779
Time taken for candidate 7291 is 0.8987247943878174
Time taken for candidate 7292 is 0.808074951171875
Time taken for candidate 7293 is 0.29610371589660645
Time taken for candidate 7294 is 0.5943973064422607
Time taken for candidate 7295 is 0.79351806640625
Time taken for candidate 7296 is 0.6052672863006592
Time taken for candidate 7297 is 0.4427361488342285
Time taken for candidate 7298 is 0.658827543258667
Time taken for candidate 7299 is 0.3078279495239258
Time taken for candidate 7300 is 0.9901149272918701
Time taken for candidate 7301 is 1.0066523551940918
Time taken for candidate 7302 is 0.5257933139801025
Time taken for candidate 7303 is 0.6165347099304199
Time taken for candidate 7304 is 0.2732698917388916
Time taken for candidate 7305 is 0.18074274063110352
Time taken for candidate 7306 is 0.4546477794647217
Time taken for candidate 7307 is 1.214296579360962
Time taken for candidate 7308 is 0.4474151134490967
Time taken for candidate 7309 is 1.1181824207305908
Time taken for candidate 7310 is 0.5136435031890869
Time taken for candidate 7311 is 0.4125955104827881
Time taken for candidate 7312 is 0.4023306369781494
Time taken for candidate 7313 is 0.8635244369506836
Time taken for candidate 7314 is 0.8866696357727051
Time taken for candidate 7315 is 1.4521234035491943
Time taken for candidate 7316 is 1.0653693675994873
Time taken for candidate 7317 is 0.7703914642333984
Time taken for candidate 7318 is 0.6761651039123535
Time taken for candidate 7319 is 0.8437576293945312
Time taken for candidate 7320 is 0.7194838523864746
Time taken for candidate 7321 is 0.8129439353942871
Time taken for candidate 7322 is 0.20141816139221191
Time taken for candidate 7323 is 0.35953593254089355
Time taken for candidate 7324 is 0.2974231243133545
Time taken for candidate 7325 is 0.3286147117614746
Time taken for candidate 7326 is 0.6535513401031494
Time taken for candidate 7327 is 0.865872859954834
Time taken for candidate 7328 is 0.5176608562469482
Time taken for candidate 7329 is 0.19525504112243652
Time taken for candidate 7330 is 0.7000753879547119
Time taken for candidate 7331 is 0.4530019760131836
Time taken for candidate 7332 is 0.5338895320892334
Time taken for candidate 7333 is 0.6013269424438477
Time taken for candidate 7334 is 0.9720733165740967
Time taken for candidate 7335 is 1.4491825103759766
Time taken for candidate 7336 is 0.8568470478057861
Time taken for candidate 7337 is 0.47701096534729004
Time taken for candidate 7338 is 0.45267558097839355
Time taken for candidate 7339 is 0.8930552005767822
Time taken for candidate 7340 is 0.447765588760376
Time taken for candidate 7341 is 0.39557862281799316
Time taken for candidate 7342 is 0.1254410743713379
Time taken for candidate 7343 is 0.3019580841064453
Time taken for candidate 7344 is 1.3320064544677734
Time taken for candidate 7345 is 0.35155773162841797
Time taken for candidate 7346 is 0.5549001693725586
Time taken for candidate 7347 is 0.4857461452484131
Time taken for candidate 7348 is 0.1479780673980713
Time taken for candidate 7349 is 0.4672226905822754
Time taken for candidate 7350 is 0.38901829719543457
Time taken for candidate 7351 is 0.852849006652832
Time taken for candidate 7352 is 0.8779873847961426
Time taken for candidate 7353 is 0.9904038906097412
Time taken for candidate 7354 is 0.7755262851715088
Time taken for candidate 7355 is 1.3986546993255615
Time taken for candidate 7356 is 0.435147762298584
Time taken for candidate 7357 is 0.3480641841888428
Time taken for candidate 7358 is 0.33101797103881836
Time taken for candidate 7359 is 0.17236900329589844
Time taken for candidate 7360 is 0.9049432277679443
Time taken for candidate 7361 is 0.7938363552093506
Time taken for candidate 7362 is 0.827967643737793
Time taken for candidate 7363 is 0.40145349502563477
Time taken for candidate 7364 is 0.9208066463470459
Time taken for candidate 7365 is 0.5734789371490479
Time taken for candidate 7366 is 1.019794225692749
Time taken for candidate 7367 is 0.4566233158111572
Time taken for candidate 7368 is 0.3455967903137207
Time taken for candidate 7369 is 0.5340721607208252
Time taken for candidate 7370 is 0.7487523555755615
Time taken for candidate 7371 is 1.0212535858154297
Time taken for candidate 7372 is 1.1552765369415283
Time taken for candidate 7373 is 1.0888357162475586
Time taken for candidate 7374 is 0.46962404251098633
Time taken for candidate 7375 is 0.8374991416931152
Time taken for candidate 7376 is 0.5590968132019043
Time taken for candidate 7377 is 0.8591225147247314
Time taken for candidate 7378 is 0.8036081790924072
Time taken for candidate 7379 is 0.3684089183807373
Time taken for candidate 7380 is 0.9890627861022949
Time taken for candidate 7381 is 1.1457264423370361
Time taken for candidate 7382 is 0.9034335613250732
Time taken for candidate 7383 is 0.20601820945739746
Time taken for candidate 7384 is 0.7666065692901611
Time taken for candidate 7385 is 0.3739757537841797
Time taken for candidate 7386 is 0.3416175842285156
Time taken for candidate 7387 is 0.9920008182525635
Time taken for candidate 7388 is 0.9445953369140625
Time taken for candidate 7389 is 1.4350838661193848
Time taken for candidate 7390 is 0.24209928512573242
Time taken for candidate 7391 is 0.7201106548309326
Time taken for candidate 7392 is 0.7847335338592529
Time taken for candidate 7393 is 0.5695898532867432
Time taken for candidate 7394 is 0.41160130500793457
Time taken for candidate 7395 is 0.47855234146118164
Time taken for candidate 7396 is 0.906853199005127
Time taken for candidate 7397 is 0.4270007610321045
Time taken for candidate 7398 is 0.28275275230407715
Time taken for candidate 7399 is 0.41048526763916016
Time taken for candidate 7400 is 0.3757665157318115
Time taken for candidate 7401 is 0.9157834053039551
Time taken for candidate 7402 is 0.67220139503479
Time taken for candidate 7403 is 0.7372541427612305
Time taken for candidate 7404 is 0.5873897075653076
Time taken for candidate 7405 is 1.2876994609832764
Time taken for candidate 7406 is 0.4116325378417969
Time taken for candidate 7407 is 1.1523261070251465
Time taken for candidate 7408 is 1.380842685699463
Time taken for candidate 7409 is 1.0231120586395264
Time taken for candidate 7410 is 0.8240149021148682
Time taken for candidate 7411 is 0.4297614097595215
Time taken for candidate 7412 is 0.422330379486084
Time taken for candidate 7413 is 0.88008713722229
Time taken for candidate 7414 is 0.31847572326660156
Time taken for candidate 7415 is 1.102468729019165
Time taken for candidate 7416 is 0.5400564670562744
Time taken for candidate 7417 is 1.3321125507354736
Time taken for candidate 7418 is 0.8998711109161377
Time taken for candidate 7419 is 0.9565718173980713
Time taken for candidate 7420 is 0.7605936527252197
Time taken for candidate 7421 is 0.28412723541259766
Time taken for candidate 7422 is 0.2880837917327881
Time taken for candidate 7423 is 0.30230283737182617
Time taken for candidate 7424 is 1.5631186962127686
Time taken for candidate 7425 is 0.26123952865600586
Time taken for candidate 7426 is 0.4204690456390381
Time taken for candidate 7427 is 0.539262056350708
Time taken for candidate 7428 is 1.5041940212249756
Time taken for candidate 7429 is 1.0549278259277344
Time taken for candidate 7430 is 0.2083747386932373
Time taken for candidate 7431 is 0.4105522632598877
Time taken for candidate 7432 is 0.2135472297668457
Time taken for candidate 7433 is 0.598071813583374
Time taken for candidate 7434 is 0.2683568000793457
Time taken for candidate 7435 is 1.40004563331604
Time taken for candidate 7436 is 0.6118984222412109
Time taken for candidate 7437 is 1.1633086204528809
Time taken for candidate 7438 is 0.22214698791503906
Time taken for candidate 7439 is 0.5984950065612793
Time taken for candidate 7440 is 0.5970664024353027
Time taken for candidate 7441 is 0.16967225074768066
Time taken for candidate 7442 is 0.44034385681152344
Time taken for candidate 7443 is 0.5832099914550781
Time taken for candidate 7444 is 1.4907264709472656
Time taken for candidate 7445 is 0.3070402145385742
Time taken for candidate 7447 is 0.5051913261413574
Time taken for candidate 7448 is 0.7674241065979004
Time taken for candidate 7449 is 0.7378044128417969
Time taken for candidate 7450 is 0.6057848930358887
Time taken for candidate 7451 is 0.17396259307861328
Time taken for candidate 7452 is 0.5539953708648682
Time taken for candidate 7453 is 1.0169141292572021
Time taken for candidate 7454 is 0.7686264514923096
Time taken for candidate 7455 is 0.8638753890991211
Time taken for candidate 7456 is 1.5998215675354004
Time taken for candidate 7457 is 0.2921631336212158
Time taken for candidate 7458 is 0.4457123279571533
Time taken for candidate 7459 is 0.43769025802612305
Time taken for candidate 7460 is 0.2580277919769287
Time taken for candidate 7461 is 0.8617987632751465
Time taken for candidate 7462 is 0.6161584854125977
Time taken for candidate 7463 is 0.40230607986450195
Time taken for candidate 7464 is 1.0462892055511475
Time taken for candidate 7465 is 0.3544783592224121
Time taken for candidate 7466 is 0.27863168716430664
Time taken for candidate 7467 is 1.3844408988952637
Time taken for candidate 7468 is 0.7529315948486328
Time taken for candidate 7469 is 0.8355059623718262
Time taken for candidate 7470 is 0.746558427810669
Time taken for candidate 7471 is 0.22353625297546387
Time taken for candidate 7472 is 0.5982587337493896
Time taken for candidate 7473 is 0.9035861492156982
Time taken for candidate 7474 is 0.8010036945343018
Time taken for candidate 7475 is 1.0370147228240967
Time taken for candidate 7476 is 1.0902373790740967
Time taken for candidate 7477 is 0.24954700469970703
Time taken for candidate 7478 is 1.1369593143463135
Time taken for candidate 7479 is 0.38680362701416016
Time taken for candidate 7480 is 1.059274673461914
Time taken for candidate 7481 is 0.412855863571167
Time taken for candidate 7482 is 0.5662906169891357
Time taken for candidate 7483 is 0.4361379146575928
Time taken for candidate 7484 is 0.44069862365722656
Time taken for candidate 7485 is 0.4673738479614258
Time taken for candidate 7486 is 0.45397257804870605
Time taken for candidate 7487 is 0.9249186515808105
Time taken for candidate 7488 is 0.4298210144042969
Time taken for candidate 7489 is 0.4128224849700928
Time taken for candidate 7490 is 0.5276060104370117
Time taken for candidate 7491 is 1.20628023147583
Time taken for candidate 7492 is 1.1296641826629639
Time taken for candidate 7493 is 1.2570624351501465
Time taken for candidate 7494 is 0.46727871894836426
Time taken for candidate 7495 is 0.7544188499450684
Time taken for candidate 7496 is 0.29292798042297363
Time taken for candidate 7497 is 0.16855907440185547
Time taken for candidate 7498 is 0.7487814426422119
Time taken for candidate 7499 is 0.3077397346496582
Time taken for candidate 7500 is 0.538055419921875
Time taken for candidate 7501 is 0.8319556713104248
Time taken for candidate 7502 is 1.4766228199005127
Time taken for candidate 7503 is 1.1969530582427979
Time taken for candidate 7504 is 1.4761474132537842
Time taken for candidate 7505 is 1.1735303401947021
Time taken for candidate 7506 is 0.5837953090667725
Time taken for candidate 7507 is 0.5604281425476074
Time taken for candidate 7508 is 0.285245418548584
Time taken for candidate 7509 is 0.4515984058380127
Time taken for candidate 7510 is 0.6262650489807129
Time taken for candidate 7511 is 0.38337278366088867
Time taken for candidate 7512 is 0.5813424587249756
Time taken for candidate 7513 is 0.3197305202484131
Time taken for candidate 7514 is 1.0280086994171143
Time taken for candidate 7515 is 1.0367326736450195
Time taken for candidate 7516 is 0.9802248477935791
Time taken for candidate 7517 is 0.31925487518310547
Time taken for candidate 7518 is 0.423628568649292
Time taken for candidate 7519 is 0.8527612686157227
Time taken for candidate 7520 is 0.2616431713104248
Time taken for candidate 7521 is 0.8615469932556152
Time taken for candidate 7522 is 0.7951302528381348
Time taken for candidate 7523 is 0.8445031642913818
Time taken for candidate 7524 is 0.16771960258483887
Time taken for candidate 7525 is 0.5382158756256104
Time taken for candidate 7526 is 0.8340818881988525
Time taken for candidate 7527 is 0.11965060234069824
Time taken for candidate 7528 is 0.8865089416503906
Time taken for candidate 7529 is 0.4395129680633545
Time taken for candidate 7530 is 1.4630897045135498
Time taken for candidate 7531 is 0.5804591178894043
Time taken for candidate 7532 is 0.5266709327697754
Time taken for candidate 7533 is 0.7040426731109619
Time taken for candidate 7534 is 1.1785287857055664
Time taken for candidate 7535 is 0.5426087379455566
Time taken for candidate 7536 is 0.40543150901794434
Time taken for candidate 7537 is 0.5680127143859863
Time taken for candidate 7538 is 0.6754648685455322
Time taken for candidate 7539 is 1.072615385055542
Time taken for candidate 7540 is 0.442889928817749
Time taken for candidate 7541 is 0.6418442726135254
Time taken for candidate 7542 is 0.9442658424377441
Time taken for candidate 7543 is 1.3086597919464111
Time taken for candidate 7544 is 0.8542380332946777
Time taken for candidate 7545 is 1.0097393989562988
Time taken for candidate 7546 is 1.111833095550537
Time taken for candidate 7547 is 0.8729503154754639
Time taken for candidate 7548 is 0.9104747772216797
Time taken for candidate 7549 is 0.8898787498474121
Time taken for candidate 7550 is 0.35552525520324707
Time taken for candidate 7551 is 0.7144191265106201
Time taken for candidate 7552 is 0.34974002838134766
Time taken for candidate 7553 is 0.6819634437561035
Time taken for candidate 7554 is 1.4410591125488281
Time taken for candidate 7555 is 0.29726743698120117
Time taken for candidate 7556 is 0.5318186283111572
Time taken for candidate 7557 is 0.46538305282592773
Time taken for candidate 7558 is 0.3844757080078125
Time taken for candidate 7559 is 0.15170764923095703
Time taken for candidate 7560 is 0.6505422592163086
Time taken for candidate 7561 is 0.9716527462005615
Time taken for candidate 7562 is 0.4883229732513428
Time taken for candidate 7563 is 0.9171450138092041
Time taken for candidate 7564 is 0.5496518611907959
Time taken for candidate 7565 is 0.37154603004455566
Time taken for candidate 7566 is 0.3855464458465576
Time taken for candidate 7567 is 0.6750302314758301
Time taken for candidate 7568 is 0.7751500606536865
Time taken for candidate 7569 is 0.4814119338989258
Time taken for candidate 7570 is 0.7410893440246582
Time taken for candidate 7571 is 1.0825154781341553
Time taken for candidate 7572 is 0.8531231880187988
Time taken for candidate 7573 is 0.47579407691955566
Time taken for candidate 7574 is 0.9584174156188965
Time taken for candidate 7575 is 0.6250209808349609
Time taken for candidate 7576 is 0.550257682800293
Time taken for candidate 7577 is 0.4109630584716797
Time taken for candidate 7578 is 0.9585330486297607
Time taken for candidate 7579 is 1.0711755752563477
Time taken for candidate 7580 is 0.43549609184265137
Time taken for candidate 7581 is 0.3337986469268799
Time taken for candidate 7582 is 0.6509561538696289
Time taken for candidate 7583 is 1.339871883392334
Time taken for candidate 7584 is 0.7599611282348633
Time taken for candidate 7585 is 0.5105173587799072
Time taken for candidate 7586 is 0.5587975978851318
Time taken for candidate 7587 is 0.47453737258911133
Time taken for candidate 7588 is 1.1860439777374268
Time taken for candidate 7589 is 0.36962223052978516
Time taken for candidate 7590 is 1.35007643699646
Time taken for candidate 7591 is 1.307356357574463
Time taken for candidate 7592 is 0.5091919898986816
Time taken for candidate 7593 is 0.26607275009155273
Time taken for candidate 7594 is 0.4227330684661865
Time taken for candidate 7595 is 0.6109809875488281
Time taken for candidate 7596 is 0.939598560333252
Time taken for candidate 7597 is 0.24753189086914062
Time taken for candidate 7598 is 0.7500290870666504
Time taken for candidate 7599 is 2.2228918075561523
Time taken for candidate 7600 is 0.6944491863250732
Time taken for candidate 7601 is 0.8409931659698486
Time taken for candidate 7602 is 0.5340571403503418
Time taken for candidate 7603 is 0.6218662261962891
Time taken for candidate 7604 is 0.8584861755371094
Time taken for candidate 7605 is 0.853090763092041
Time taken for candidate 7606 is 1.100843906402588
Time taken for candidate 7607 is 0.8531577587127686
Time taken for candidate 7608 is 0.8357763290405273
Time taken for candidate 7609 is 0.854222297668457
Time taken for candidate 7610 is 0.5354890823364258
Time taken for candidate 7611 is 0.9913153648376465
Time taken for candidate 7612 is 0.4318251609802246
Time taken for candidate 7613 is 1.4303956031799316
Time taken for candidate 7614 is 1.0020790100097656
Time taken for candidate 7615 is 0.5565710067749023
Time taken for candidate 7616 is 1.1378912925720215
Time taken for candidate 7617 is 0.43239736557006836
Time taken for candidate 7618 is 0.46531081199645996
Time taken for candidate 7619 is 1.2048192024230957
Time taken for candidate 7620 is 0.5756101608276367
Time taken for candidate 7621 is 0.14116954803466797
Time taken for candidate 7622 is 0.8902442455291748
Time taken for candidate 7623 is 1.2144114971160889
Time taken for candidate 7624 is 1.6042375564575195
Time taken for candidate 7625 is 1.096428394317627
Time taken for candidate 7626 is 0.6012752056121826
Time taken for candidate 7627 is 0.6376826763153076
Time taken for candidate 7628 is 0.8229176998138428
Time taken for candidate 7629 is 0.19834566116333008
Time taken for candidate 7630 is 0.5936882495880127
Time taken for candidate 7631 is 0.6028664112091064
Time taken for candidate 7632 is 0.648301362991333
Time taken for candidate 7633 is 0.21509933471679688
Time taken for candidate 7634 is 0.5682995319366455
Time taken for candidate 7635 is 0.8848533630371094
Time taken for candidate 7636 is 0.3733217716217041
Time taken for candidate 7637 is 0.8589761257171631
Time taken for candidate 7638 is 0.7353298664093018
Time taken for candidate 7639 is 0.515366792678833
Time taken for candidate 7640 is 0.5558524131774902
Time taken for candidate 7641 is 0.8493607044219971
Time taken for candidate 7642 is 1.4178807735443115
Time taken for candidate 7643 is 0.5851728916168213
Time taken for candidate 7644 is 0.3139946460723877
Time taken for candidate 7645 is 0.6306209564208984
Time taken for candidate 7646 is 0.24237370491027832
Time taken for candidate 7647 is 0.5169923305511475
Time taken for candidate 7648 is 0.24576044082641602
Time taken for candidate 7649 is 0.7616622447967529
Time taken for candidate 7650 is 0.376828670501709
Time taken for candidate 7651 is 0.32645297050476074
Time taken for candidate 7652 is 0.7189967632293701
Time taken for candidate 7653 is 0.9089243412017822
Time taken for candidate 7654 is 1.0011711120605469
Time taken for candidate 7655 is 0.45987820625305176
Time taken for candidate 7656 is 0.35361528396606445
Time taken for candidate 7657 is 1.0136616230010986
Time taken for candidate 7658 is 0.7354991436004639
Time taken for candidate 7659 is 0.7757768630981445
Time taken for candidate 7660 is 0.7378573417663574
Time taken for candidate 7661 is 0.6336424350738525
Time taken for candidate 7662 is 0.815446138381958
Time taken for candidate 7663 is 1.0065813064575195
Time taken for candidate 7664 is 0.7060244083404541
Time taken for candidate 7665 is 0.5496015548706055
Time taken for candidate 7666 is 0.8439462184906006
Time taken for candidate 7667 is 0.6254057884216309
Time taken for candidate 7668 is 0.7756776809692383
Time taken for candidate 7669 is 1.019798994064331
Time taken for candidate 7670 is 0.3704037666320801
Time taken for candidate 7671 is 0.11659121513366699
Time taken for candidate 7672 is 1.1973876953125
Time taken for candidate 7673 is 0.2517855167388916
Time taken for candidate 7674 is 0.9124541282653809
Time taken for candidate 7675 is 0.5164027214050293
Time taken for candidate 7676 is 0.7864866256713867
Time taken for candidate 7677 is 1.266143798828125
Time taken for candidate 7678 is 0.35997915267944336
Time taken for candidate 7679 is 0.7173259258270264
Time taken for candidate 7680 is 1.0841772556304932
Time taken for candidate 7681 is 1.1677794456481934
Time taken for candidate 7682 is 0.7140176296234131
Time taken for candidate 7683 is 0.5451982021331787
Time taken for candidate 7684 is 0.9188659191131592
Time taken for candidate 7685 is 0.6255824565887451
Time taken for candidate 7686 is 0.8902506828308105
Time taken for candidate 7687 is 0.9035494327545166
Time taken for candidate 7688 is 0.9495551586151123
Time taken for candidate 7689 is 0.9718053340911865
Time taken for candidate 7690 is 0.5418145656585693
Time taken for candidate 7691 is 0.49556398391723633
Time taken for candidate 7692 is 0.9277184009552002
Time taken for candidate 7693 is 1.319653034210205
Time taken for candidate 7694 is 1.158172369003296
Time taken for candidate 7695 is 0.4271705150604248
Time taken for candidate 7696 is 1.1672742366790771
Time taken for candidate 7697 is 0.5592656135559082
Time taken for candidate 7698 is 0.6158096790313721
Time taken for candidate 7699 is 0.5627536773681641
Time taken for candidate 7700 is 1.2210569381713867
Time taken for candidate 7701 is 0.2750823497772217
Time taken for candidate 7702 is 0.7594571113586426
Time taken for candidate 7703 is 0.7135574817657471
Time taken for candidate 7704 is 0.5121767520904541
Time taken for candidate 7705 is 0.376598596572876
Time taken for candidate 7706 is 0.6972174644470215
Time taken for candidate 7707 is 0.9054279327392578
Time taken for candidate 7708 is 0.7264111042022705
Done with similarity
Created Dataframe
      candidate_id  reference_id  similarity      dist  score
0             5978             1    0.000203  8.504627    1.0
1             5979             1    0.000184  8.602763    2.0
2             5980             1    0.000121  9.019575    1.0
3             5981             1    0.000406  7.807943    1.0
4             5982             1    0.000665  7.315218    2.0
...            ...           ...         ...       ...    ...
1721          7704             1    0.000149  8.809564    2.0
1722          7705             1    0.000198  8.528872    1.0
1723          7706             1    0.000425  7.762703    2.0
1724          7707             1    0.000454  7.696408    2.0
1725          7708             1    0.000297  8.121634    3.0

[1726 rows x 5 columns]
Finished writing file
