Number of candidates: 1726
Loaded model 30.62139129638672
Number of references: 1
Done preprocessing references 72.65754985809326
Time taken for candidate 5978 is 9.587475776672363
Time taken for candidate 5979 is 67.7610833644867
Time taken for candidate 5980 is 34.00725317001343
Time taken for candidate 5981 is 15.327159404754639
Time taken for candidate 5982 is 16.68558430671692
Time taken for candidate 5983 is 7.70284104347229
Time taken for candidate 5984 is 13.841103315353394
Time taken for candidate 5985 is 40.60385751724243
Time taken for candidate 5986 is 31.641921281814575
Time taken for candidate 5987 is 47.25720953941345
Time taken for candidate 5988 is 44.827542304992676
Time taken for candidate 5989 is 25.920124769210815
Time taken for candidate 5990 is 42.0091667175293
Time taken for candidate 5991 is 17.7598614692688
Time taken for candidate 5992 is 1.7135465145111084
Time taken for candidate 5993 is 25.881805896759033
Time taken for candidate 5994 is 32.37209439277649
Time taken for candidate 5995 is 28.71401333808899
Time taken for candidate 5996 is 23.332338333129883
Time taken for candidate 5997 is 27.920585870742798
Time taken for candidate 5998 is 12.076769351959229
Time taken for candidate 5999 is 8.7813138961792
Time taken for candidate 6000 is 37.532272815704346
Time taken for candidate 6001 is 13.337426900863647
Time taken for candidate 6002 is 25.44823956489563
Time taken for candidate 6003 is 48.38240051269531
Time taken for candidate 6004 is 4.443485498428345
Time taken for candidate 6005 is 50.72977924346924
Time taken for candidate 6006 is 16.716251373291016
Time taken for candidate 6007 is 35.89531445503235
Time taken for candidate 6008 is 30.969726085662842
Time taken for candidate 6010 is 21.946382999420166
Time taken for candidate 6011 is 8.849989414215088
Time taken for candidate 6012 is 23.111918687820435
Time taken for candidate 6013 is 13.168907880783081
Time taken for candidate 6014 is 48.7855863571167
Time taken for candidate 6015 is 30.541282653808594
Time taken for candidate 6016 is 55.69490194320679
Time taken for candidate 6017 is 19.71571183204651
Time taken for candidate 6018 is 14.208333253860474
Time taken for candidate 6019 is 18.7853524684906
Time taken for candidate 6020 is 26.083326816558838
Time taken for candidate 6021 is 15.841846704483032
Time taken for candidate 6022 is 29.926836252212524
Time taken for candidate 6023 is 46.29390549659729
Time taken for candidate 6024 is 12.5069899559021
Time taken for candidate 6025 is 14.733417749404907
Time taken for candidate 6026 is 46.17034077644348
Time taken for candidate 6027 is 38.49795341491699
Time taken for candidate 6028 is 35.9785213470459
Time taken for candidate 6029 is 35.13999676704407
Time taken for candidate 6030 is 46.30449175834656
Time taken for candidate 6031 is 44.312739849090576
Time taken for candidate 6032 is 10.7245934009552
Time taken for candidate 6033 is 47.081610679626465
Time taken for candidate 6034 is 35.50997018814087
Time taken for candidate 6035 is 13.094655990600586
Time taken for candidate 6036 is 38.909037828445435
Time taken for candidate 6037 is 21.91595220565796
Time taken for candidate 6038 is 23.8909010887146
Time taken for candidate 6039 is 38.13315439224243
Time taken for candidate 6040 is 20.063457012176514
Time taken for candidate 6041 is 16.133243799209595
Time taken for candidate 6042 is 26.516963720321655
Time taken for candidate 6043 is 17.651033639907837
Time taken for candidate 6044 is 9.381803750991821
Time taken for candidate 6045 is 24.069658994674683
Time taken for candidate 6046 is 28.321659326553345
Time taken for candidate 6047 is 26.27875018119812
Time taken for candidate 6048 is 22.48904538154602
Time taken for candidate 6049 is 16.162485122680664
Time taken for candidate 6050 is 108.14569139480591
Time taken for candidate 6051 is 33.40619373321533
Time taken for candidate 6052 is 9.313801527023315
Time taken for candidate 6053 is 19.04452657699585
Time taken for candidate 6054 is 18.88411855697632
Time taken for candidate 6055 is 39.20425748825073
Time taken for candidate 6056 is 30.004291534423828
Time taken for candidate 6057 is 42.56153631210327
Time taken for candidate 6058 is 28.680412769317627
Time taken for candidate 6059 is 13.318126916885376
Time taken for candidate 6060 is 12.04548692703247
Time taken for candidate 6061 is 59.98547339439392
Time taken for candidate 6062 is 23.34251093864441
Time taken for candidate 6063 is 25.91322612762451
Time taken for candidate 6064 is 11.758328199386597
Time taken for candidate 6065 is 41.3152551651001
Time taken for candidate 6066 is 14.14362120628357
Time taken for candidate 6067 is 13.03380298614502
Time taken for candidate 6068 is 22.410532236099243
Time taken for candidate 6069 is 34.11185169219971
Time taken for candidate 6070 is 17.44690775871277
Time taken for candidate 6071 is 32.29329586029053
Time taken for candidate 6072 is 27.812624216079712
Time taken for candidate 6073 is 51.81744146347046
Time taken for candidate 6074 is 22.796451091766357
Time taken for candidate 6075 is 49.509827613830566
Time taken for candidate 6076 is 55.95504069328308
Time taken for candidate 6077 is 23.264936685562134
Time taken for candidate 6078 is 14.551019668579102
Time taken for candidate 6079 is 31.625835418701172
Time taken for candidate 6080 is 35.86811399459839
Time taken for candidate 6081 is 9.974664449691772
Time taken for candidate 6082 is 20.154428720474243
Time taken for candidate 6083 is 8.206594467163086
Time taken for candidate 6084 is 22.379015922546387
Time taken for candidate 6085 is 30.53070378303528
Time taken for candidate 6086 is 15.449423789978027
Time taken for candidate 6087 is 21.08080554008484
Time taken for candidate 6088 is 44.81069612503052
Time taken for candidate 6089 is 24.783808708190918
Time taken for candidate 6090 is 20.482311725616455
Time taken for candidate 6091 is 32.4951856136322
Time taken for candidate 6092 is 12.683737993240356
Time taken for candidate 6093 is 8.096351623535156
Time taken for candidate 6094 is 34.735255002975464
Time taken for candidate 6095 is 62.18131184577942
Time taken for candidate 6096 is 24.729945421218872
Time taken for candidate 6097 is 1.301685094833374
Time taken for candidate 6098 is 26.85441565513611
Time taken for candidate 6099 is 13.574573040008545
Time taken for candidate 6100 is 34.17600607872009
Time taken for candidate 6101 is 39.80160903930664
Time taken for candidate 6102 is 45.47631335258484
Time taken for candidate 6103 is 37.3395881652832
Time taken for candidate 6104 is 9.433460474014282
Time taken for candidate 6105 is 68.86318182945251
Time taken for candidate 6106 is 17.515124082565308
Time taken for candidate 6107 is 37.739588260650635
Time taken for candidate 6108 is 8.408887386322021
Time taken for candidate 6109 is 10.733554124832153
Time taken for candidate 6110 is 26.86762237548828
Time taken for candidate 6111 is 27.329679489135742
Time taken for candidate 6112 is 22.58174419403076
Time taken for candidate 6113 is 37.425517082214355
Time taken for candidate 6114 is 7.855600118637085
Time taken for candidate 6115 is 16.000285148620605
Time taken for candidate 6116 is 31.96592092514038
Time taken for candidate 6117 is 31.17833971977234
Time taken for candidate 6118 is 19.81222677230835
Time taken for candidate 6119 is 20.035716772079468
Time taken for candidate 6120 is 31.79664897918701
Time taken for candidate 6121 is 45.82508707046509
Time taken for candidate 6122 is 22.878540992736816
Time taken for candidate 6123 is 41.65904355049133
Time taken for candidate 6124 is 37.70077180862427
Time taken for candidate 6125 is 21.786152601242065
Time taken for candidate 6126 is 23.450126886367798
Time taken for candidate 6127 is 43.3376624584198
Time taken for candidate 6128 is 22.3434956073761
Time taken for candidate 6129 is 27.525834321975708
Time taken for candidate 6130 is 18.169093132019043
Time taken for candidate 6131 is 18.57060933113098
Time taken for candidate 6132 is 41.17613196372986
Time taken for candidate 6133 is 11.530648946762085
Time taken for candidate 6134 is 50.23168659210205
Time taken for candidate 6135 is 24.660672903060913
Time taken for candidate 6136 is 14.05431580543518
Time taken for candidate 6137 is 13.527581930160522
Time taken for candidate 6138 is 22.184406042099
Time taken for candidate 6139 is 32.48596930503845
Time taken for candidate 6140 is 37.39286494255066
Time taken for candidate 6141 is 28.168370485305786
Time taken for candidate 6142 is 40.05673837661743
Time taken for candidate 6143 is 34.51659083366394
Time taken for candidate 6144 is 23.61014699935913
Time taken for candidate 6145 is 31.666817665100098
Time taken for candidate 6146 is 38.50516986846924
Time taken for candidate 6147 is 9.762689352035522
Time taken for candidate 6148 is 24.78200626373291
Time taken for candidate 6149 is 35.53509759902954
Time taken for candidate 6150 is 37.63560152053833
Time taken for candidate 6151 is 23.037001609802246
Time taken for candidate 6152 is 26.088832139968872
Time taken for candidate 6153 is 19.202973127365112
Time taken for candidate 6154 is 2.8469204902648926
Time taken for candidate 6155 is 22.103747367858887
Time taken for candidate 6156 is 25.380698204040527
Time taken for candidate 6157 is 49.33705234527588
Time taken for candidate 6158 is 44.82337403297424
Time taken for candidate 6159 is 38.109517335891724
Time taken for candidate 6160 is 22.7850284576416
Time taken for candidate 6161 is 25.283545970916748
Time taken for candidate 6162 is 59.093140840530396
Time taken for candidate 6163 is 15.942264556884766
Time taken for candidate 6164 is 30.55120325088501
Time taken for candidate 6165 is 40.93613624572754
Time taken for candidate 6166 is 10.702787637710571
Time taken for candidate 6167 is 6.101222991943359
Time taken for candidate 6168 is 21.16296887397766
Time taken for candidate 6169 is 50.551435470581055
Time taken for candidate 6170 is 35.58581566810608
Time taken for candidate 6171 is 41.91698169708252
Time taken for candidate 6172 is 34.49550819396973
Time taken for candidate 6173 is 15.110472440719604
Time taken for candidate 6174 is 21.305864095687866
Time taken for candidate 6175 is 11.554943561553955
Time taken for candidate 6176 is 23.825174570083618
Time taken for candidate 6177 is 30.35134267807007
Time taken for candidate 6178 is 16.11300778388977
Time taken for candidate 6179 is 5.767337322235107
Time taken for candidate 6180 is 75.34308290481567
Time taken for candidate 6181 is 29.17760133743286
Time taken for candidate 6182 is 44.507885694503784
Time taken for candidate 6183 is 43.510961055755615
Time taken for candidate 6184 is 23.31967258453369
Time taken for candidate 6185 is 29.328874588012695
Time taken for candidate 6186 is 24.276099920272827
Time taken for candidate 6187 is 6.220238208770752
Time taken for candidate 6188 is 2.0072546005249023
Time taken for candidate 6189 is 11.434512853622437
Time taken for candidate 6190 is 66.88870120048523
Time taken for candidate 6191 is 17.96009659767151
Time taken for candidate 6192 is 35.695011615753174
Time taken for candidate 6193 is 29.782042264938354
Time taken for candidate 6194 is 59.21685552597046
Time taken for candidate 6195 is 32.622668743133545
Time taken for candidate 6196 is 20.810073614120483
Time taken for candidate 6197 is 21.395655155181885
Time taken for candidate 6198 is 51.92035484313965
Time taken for candidate 6199 is 10.520229578018188
Time taken for candidate 6200 is 48.26754307746887
Time taken for candidate 6201 is 13.813422441482544
Time taken for candidate 6202 is 10.571879148483276
Time taken for candidate 6203 is 69.57949995994568
Time taken for candidate 6204 is 43.004801511764526
Time taken for candidate 6205 is 1.495366096496582
Time taken for candidate 6206 is 12.571473598480225
Time taken for candidate 6207 is 9.70352292060852
Time taken for candidate 6208 is 42.403952836990356
Time taken for candidate 6209 is 26.832746267318726
Time taken for candidate 6210 is 31.730611562728882
Time taken for candidate 6211 is 17.304067850112915
Time taken for candidate 6212 is 35.772459506988525
Time taken for candidate 6213 is 12.633111715316772
Time taken for candidate 6214 is 19.76252031326294
Time taken for candidate 6215 is 18.672409534454346
Time taken for candidate 6216 is 39.44765877723694
Time taken for candidate 6217 is 8.473506689071655
Time taken for candidate 6218 is 18.295185804367065
Time taken for candidate 6219 is 23.140026807785034
Time taken for candidate 6220 is 53.56813454627991
Time taken for candidate 6221 is 27.48242688179016
Time taken for candidate 6222 is 25.124328136444092
Time taken for candidate 6223 is 50.39353132247925
Time taken for candidate 6224 is 9.567798137664795
Time taken for candidate 6225 is 38.88890767097473
Time taken for candidate 6226 is 24.309184312820435
Time taken for candidate 6227 is 14.923649787902832
Time taken for candidate 6228 is 47.769397020339966
Time taken for candidate 6229 is 9.042330265045166
Time taken for candidate 6230 is 4.844602823257446
Time taken for candidate 6231 is 17.524765253067017
Time taken for candidate 6232 is 0.9421806335449219
Time taken for candidate 6233 is 0.7345569133758545
Time taken for candidate 6234 is 1.0467944145202637
Time taken for candidate 6235 is 0.7414987087249756
Time taken for candidate 6236 is 2.941261053085327
