candidates_folder ../data/WMT18Data/system-outputs/newstest2018/zh-en/
REFERENCES_FILE ../data/WMT18Data/references/newstest2018-zhen-ref.en
MODEL glove
METHOD sms 


Running against the candidates from: ../data/WMT18Data/system-outputs/newstest2018/zh-en/newstest2018.Li-Muze.5736.zh-en
Score: 0.42802531074102496
Done in 137.4021861553192
=========================
Running against the candidates from: ../data/WMT18Data/system-outputs/newstest2018/zh-en/newstest2018.NICT.5539.zh-en
Score: 0.4248539408831218
Done in 138.94377255439758
=========================
Running against the candidates from: ../data/WMT18Data/system-outputs/newstest2018/zh-en/newstest2018.NiuTrans.5740.zh-en
Score: 0.4344726377041658
Done in 140.2268145084381
=========================
Running against the candidates from: ../data/WMT18Data/system-outputs/newstest2018/zh-en/newstest2018.Tencent-ensemble-system.5742.zh-en
Score: 0.4377926016911031
Done in 139.82552003860474
=========================
Running against the candidates from: ../data/WMT18Data/system-outputs/newstest2018/zh-en/newstest2018.UCAM.5586.zh-en
Score: 0.4301135078796252
Done in 137.65154933929443
=========================
Running against the candidates from: ../data/WMT18Data/system-outputs/newstest2018/zh-en/newstest2018.UMD.5681.zh-en
Error for: 
Score: 0.4162629316582492
Done in 138.25683736801147
=========================
Running against the candidates from: ../data/WMT18Data/system-outputs/newstest2018/zh-en/newstest2018.Unisound.5668.zh-en
Score: 0.4326471618706873
Done in 136.9562473297119
=========================
Running against the candidates from: ../data/WMT18Data/system-outputs/newstest2018/zh-en/newstest2018.Unisound.5712.zh-en
Score: 0.4380617632708123
Done in 139.8541214466095
=========================
Running against the candidates from: ../data/WMT18Data/system-outputs/newstest2018/zh-en/newstest2018.online-A.0.zh-en
Score: 0.4049409556178187
Done in 138.90474438667297
=========================
Running against the candidates from: ../data/WMT18Data/system-outputs/newstest2018/zh-en/newstest2018.online-B.0.zh-en
Score: 0.4285789803173965
Done in 140.8697521686554
=========================
Running against the candidates from: ../data/WMT18Data/system-outputs/newstest2018/zh-en/newstest2018.online-F.0.zh-en
Score: 0.3479056765633768
Done in 140.40412497520447
=========================
Running against the candidates from: ../data/WMT18Data/system-outputs/newstest2018/zh-en/newstest2018.online-G.0.zh-en
Score: 0.3636468862843141
Done in 139.77030515670776
=========================
Running against the candidates from: ../data/WMT18Data/system-outputs/newstest2018/zh-en/newstest2018.online-Y.0.zh-en
Error for: 
Score: 0.4091889978209368
Done in 145.03561639785767
=========================
Running against the candidates from: ../data/WMT18Data/system-outputs/newstest2018/zh-en/newstest2018.uedin.5652.zh-en
Score: 0.40990056938305747
Done in 200.31796002388
=========================
Fatal Python error: deallocating None

Current thread 0x00007f6ad7dc5740 (most recent call first):
