candidates_folder ../data/WMT18Data/system-outputs/newstest2018/fi-en/
REFERENCES_FILE ../data/WMT18Data/references/newstest2018-fien-ref.en
MODEL elmo
METHOD sms 


Running against the candidates from: ../data/WMT18Data/system-outputs/newstest2018/fi-en/newstest2018.CUNI-Kocmi.5619.fi-en
Score: 0.025551079006249484
Done in 1036.6986434459686
=========================
Running against the candidates from: ../data/WMT18Data/system-outputs/newstest2018/fi-en/newstest2018.HY-NMT-fi-en.5569.fi-en
Score: 0.029488270706456272
Done in 983.382025718689
=========================
Running against the candidates from: ../data/WMT18Data/system-outputs/newstest2018/fi-en/newstest2018.JUCBNMT.5559.fi-en
Score: 0.005801540300680366
Done in 1001.4168632030487
=========================
Running against the candidates from: ../data/WMT18Data/system-outputs/newstest2018/fi-en/newstest2018.NICT.5515.fi-en
Score: 0.03155678761466568
Done in 2837.9633934497833
=========================
Running against the candidates from: ../data/WMT18Data/system-outputs/newstest2018/fi-en/newstest2018.online-A.0.fi-en
Score: 0.02182147808668097
Done in 3613.6198768615723
=========================
Running against the candidates from: ../data/WMT18Data/system-outputs/newstest2018/fi-en/newstest2018.online-B.0.fi-en
Score: 0.025371318177783677
Done in 3412.7025730609894
=========================
Running against the candidates from: ../data/WMT18Data/system-outputs/newstest2018/fi-en/newstest2018.online-G.0.fi-en
Score: 0.013883412373239553
Done in 7083.1903467178345
=========================
Running against the candidates from: ../data/WMT18Data/system-outputs/newstest2018/fi-en/newstest2018.talp-upc.5423.fi-en
Score: 0.025100534579219787
Done in 5102.935093402863
=========================
Running against the candidates from: ../data/WMT18Data/system-outputs/newstest2018/fi-en/newstest2018.uedin.5631.fi-en
Score: 0.02885027109331052
Done in 4616.582174062729
=========================
Fatal Python error: deallocating None

Current thread 0x00007fc4f32f8740 (most recent call first):
