2020-05-30 23:15:20.057492: W tensorflow/stream_executor/platform/default/dso_loader.cc:55] Could not load dynamic library 'libnvinfer.so.6'; dlerror: libnvinfer.so.6: cannot open shared object file: No such file or directory
2020-05-30 23:15:20.057558: W tensorflow/stream_executor/platform/default/dso_loader.cc:55] Could not load dynamic library 'libnvinfer_plugin.so.6'; dlerror: libnvinfer_plugin.so.6: cannot open shared object file: No such file or directory
2020-05-30 23:15:20.057565: W tensorflow/compiler/tf2tensorrt/utils/py_utils.cc:30] Cannot dlopen some TensorRT libraries. If you would like to use Nvidia GPU with TensorRT, please make sure the missing libraries mentioned above are installed properly.
Number of candidates: 1726
Loaded model 21.773804426193237
Number of references: 1
Done preprocessing references 0.954970121383667
Time taken for candidate 5978 is 0.22359871864318848
Time taken for candidate 5979 is 0.9009764194488525
Time taken for candidate 5980 is 0.5295917987823486
Time taken for candidate 5981 is 0.3097715377807617
Time taken for candidate 5982 is 0.38568806648254395
Time taken for candidate 5983 is 0.2919168472290039
Time taken for candidate 5984 is 0.2687041759490967
Time taken for candidate 5985 is 0.5558249950408936
Time taken for candidate 5986 is 0.44367480278015137
Time taken for candidate 5987 is 0.6380438804626465
Time taken for candidate 5988 is 0.6115403175354004
Time taken for candidate 5989 is 0.4352128505706787
Time taken for candidate 5990 is 0.5455451011657715
Time taken for candidate 5991 is 0.3581421375274658
Time taken for candidate 5992 is 0.19642186164855957
Time taken for candidate 5993 is 0.5142190456390381
Time taken for candidate 5994 is 0.4318532943725586
Time taken for candidate 5995 is 0.6039187908172607
Time taken for candidate 5996 is 0.38097214698791504
Time taken for candidate 5997 is 0.4844815731048584
Time taken for candidate 5998 is 0.17449545860290527
Time taken for candidate 5999 is 0.10746002197265625
Time taken for candidate 6000 is 0.543773889541626
Time taken for candidate 6001 is 0.23317718505859375
Time taken for candidate 6002 is 0.45223498344421387
Time taken for candidate 6003 is 0.7088820934295654
Time taken for candidate 6004 is 0.1064751148223877
Time taken for candidate 6005 is 0.8655993938446045
Time taken for candidate 6006 is 0.42252302169799805
Time taken for candidate 6007 is 0.5713109970092773
Time taken for candidate 6008 is 0.6695504188537598
Time taken for candidate 6010 is 0.37195467948913574
Time taken for candidate 6011 is 0.102569580078125
Time taken for candidate 6012 is 0.3798103332519531
Time taken for candidate 6013 is 0.17652201652526855
Time taken for candidate 6014 is 0.5684740543365479
Time taken for candidate 6015 is 0.5229902267456055
Time taken for candidate 6016 is 0.8122422695159912
Time taken for candidate 6017 is 0.4102437496185303
Time taken for candidate 6018 is 0.31247615814208984
Time taken for candidate 6019 is 0.2932116985321045
Time taken for candidate 6020 is 0.480438232421875
Time taken for candidate 6021 is 0.39454078674316406
Time taken for candidate 6022 is 0.4878561496734619
Time taken for candidate 6023 is 0.5364730358123779
Time taken for candidate 6024 is 0.29630589485168457
Time taken for candidate 6025 is 0.17766737937927246
Time taken for candidate 6026 is 0.8654751777648926
Time taken for candidate 6027 is 0.74477219581604
Time taken for candidate 6028 is 0.49659013748168945
Time taken for candidate 6029 is 0.49726414680480957
Time taken for candidate 6030 is 0.8086142539978027
Time taken for candidate 6031 is 0.653256893157959
Time taken for candidate 6032 is 0.4153759479522705
Time taken for candidate 6033 is 0.7099881172180176
Time taken for candidate 6034 is 0.5517749786376953
Time taken for candidate 6035 is 0.376420259475708
Time taken for candidate 6036 is 0.5909028053283691
Time taken for candidate 6037 is 0.3598341941833496
Time taken for candidate 6038 is 0.49668312072753906
Time taken for candidate 6039 is 0.5539364814758301
Time taken for candidate 6040 is 0.32096028327941895
Time taken for candidate 6041 is 0.22417950630187988
Time taken for candidate 6042 is 0.45177602767944336
Time taken for candidate 6043 is 0.3511793613433838
Time taken for candidate 6044 is 0.14325380325317383
Time taken for candidate 6045 is 0.4345371723175049
Time taken for candidate 6046 is 0.45319342613220215
Time taken for candidate 6047 is 0.4100627899169922
Time taken for candidate 6048 is 0.7971007823944092
Time taken for candidate 6049 is 0.23009610176086426
Time taken for candidate 6050 is 1.3404121398925781
Time taken for candidate 6051 is 0.7939798831939697
Time taken for candidate 6052 is 0.3170185089111328
Time taken for candidate 6053 is 0.23704814910888672
Time taken for candidate 6054 is 0.25173401832580566
Time taken for candidate 6055 is 0.5794515609741211
Time taken for candidate 6056 is 0.4990415573120117
Time taken for candidate 6057 is 0.5529987812042236
Time taken for candidate 6058 is 0.5864729881286621
Time taken for candidate 6059 is 0.19399571418762207
Time taken for candidate 6060 is 0.17786192893981934
Time taken for candidate 6061 is 0.7277371883392334
Time taken for candidate 6062 is 0.42011356353759766
Time taken for candidate 6063 is 0.492110013961792
Time taken for candidate 6064 is 0.3118410110473633
Time taken for candidate 6065 is 0.5161478519439697
Time taken for candidate 6066 is 0.2945215702056885
Time taken for candidate 6067 is 0.3449563980102539
Time taken for candidate 6068 is 0.3544423580169678
Time taken for candidate 6069 is 0.5295295715332031
Time taken for candidate 6070 is 0.3143131732940674
Time taken for candidate 6071 is 0.49076128005981445
Time taken for candidate 6072 is 0.4796016216278076
Time taken for candidate 6073 is 0.7784888744354248
Time taken for candidate 6074 is 0.4037015438079834
Time taken for candidate 6075 is 0.8425798416137695
Time taken for candidate 6076 is 0.9775667190551758
Time taken for candidate 6077 is 0.3614790439605713
Time taken for candidate 6078 is 0.345989465713501
Time taken for candidate 6079 is 0.461409330368042
Time taken for candidate 6080 is 0.5139846801757812
Time taken for candidate 6081 is 0.2675964832305908
Time taken for candidate 6082 is 0.2895944118499756
Time taken for candidate 6083 is 0.14859747886657715
Time taken for candidate 6084 is 0.4016902446746826
Time taken for candidate 6085 is 0.6414914131164551
Time taken for candidate 6086 is 0.2544882297515869
Time taken for candidate 6087 is 0.40843963623046875
Time taken for candidate 6088 is 0.9584145545959473
Time taken for candidate 6089 is 0.5566573143005371
Time taken for candidate 6090 is 0.32357001304626465
Time taken for candidate 6091 is 0.545067310333252
Time taken for candidate 6092 is 0.21521353721618652
Time taken for candidate 6093 is 0.20583248138427734
Time taken for candidate 6094 is 0.604870080947876
Time taken for candidate 6095 is 0.8325726985931396
Time taken for candidate 6096 is 0.514211893081665
Time taken for candidate 6097 is 0.11075067520141602
Time taken for candidate 6098 is 0.5352001190185547
Time taken for candidate 6099 is 0.20622944831848145
Time taken for candidate 6100 is 0.5955972671508789
Time taken for candidate 6101 is 0.5554471015930176
Time taken for candidate 6102 is 0.5331423282623291
Time taken for candidate 6103 is 0.6549012660980225
Time taken for candidate 6104 is 0.154388427734375
Time taken for candidate 6105 is 1.1480114459991455
Time taken for candidate 6106 is 0.47673964500427246
Time taken for candidate 6107 is 0.5967745780944824
Time taken for candidate 6108 is 0.2939119338989258
Time taken for candidate 6109 is 0.34305524826049805
Time taken for candidate 6110 is 0.5475122928619385
Time taken for candidate 6111 is 0.4331076145172119
Time taken for candidate 6112 is 0.3343369960784912
Time taken for candidate 6113 is 0.581928014755249
Time taken for candidate 6114 is 0.20182180404663086
Time taken for candidate 6115 is 0.2135629653930664
Time taken for candidate 6116 is 0.583249568939209
Time taken for candidate 6117 is 0.7131810188293457
Time taken for candidate 6118 is 0.43599987030029297
Time taken for candidate 6119 is 0.31155967712402344
Time taken for candidate 6120 is 0.5970685482025146
Time taken for candidate 6121 is 0.5755875110626221
Time taken for candidate 6122 is 0.3954763412475586
Time taken for candidate 6123 is 0.761646032333374
Time taken for candidate 6124 is 0.5949597358703613
Time taken for candidate 6125 is 0.28385043144226074
Time taken for candidate 6126 is 0.364163875579834
Time taken for candidate 6127 is 0.7636401653289795
Time taken for candidate 6128 is 0.45678281784057617
Time taken for candidate 6129 is 0.4714069366455078
Time taken for candidate 6130 is 0.338733434677124
Time taken for candidate 6131 is 0.2948880195617676
Time taken for candidate 6132 is 0.617487907409668
Time taken for candidate 6133 is 0.22083139419555664
Time taken for candidate 6134 is 0.7425191402435303
Time taken for candidate 6135 is 0.38497328758239746
Time taken for candidate 6136 is 0.34610915184020996
Time taken for candidate 6137 is 0.40592145919799805
Time taken for candidate 6138 is 0.46786952018737793
Time taken for candidate 6139 is 0.4950571060180664
Time taken for candidate 6140 is 0.5655615329742432
Time taken for candidate 6141 is 0.4270133972167969
Time taken for candidate 6142 is 0.4815859794616699
Time taken for candidate 6143 is 0.6545195579528809
Time taken for candidate 6144 is 0.6101171970367432
Time taken for candidate 6145 is 0.614569902420044
Time taken for candidate 6146 is 0.6763114929199219
Time taken for candidate 6147 is 0.3185272216796875
Time taken for candidate 6148 is 0.39458560943603516
Time taken for candidate 6149 is 0.5107243061065674
Time taken for candidate 6150 is 0.44256162643432617
Time taken for candidate 6151 is 0.46137404441833496
Time taken for candidate 6152 is 0.45430898666381836
Time taken for candidate 6153 is 0.4108552932739258
Time taken for candidate 6154 is 0.0821375846862793
Time taken for candidate 6155 is 0.42999267578125
Time taken for candidate 6156 is 0.4237701892852783
Time taken for candidate 6157 is 0.7958941459655762
Time taken for candidate 6158 is 0.8311991691589355
Time taken for candidate 6159 is 0.5152091979980469
Time taken for candidate 6160 is 0.4489312171936035
Time taken for candidate 6161 is 0.43915557861328125
Time taken for candidate 6162 is 0.9962742328643799
Time taken for candidate 6163 is 0.33496546745300293
Time taken for candidate 6164 is 0.44017553329467773
Time taken for candidate 6165 is 0.5659527778625488
Time taken for candidate 6166 is 0.14693760871887207
Time taken for candidate 6167 is 0.12857794761657715
Time taken for candidate 6168 is 0.39180850982666016
Time taken for candidate 6169 is 0.7599995136260986
Time taken for candidate 6170 is 0.6767139434814453
Time taken for candidate 6171 is 0.619492769241333
Time taken for candidate 6172 is 0.46899986267089844
Time taken for candidate 6173 is 0.27171921730041504
Time taken for candidate 6174 is 0.3572959899902344
Time taken for candidate 6175 is 0.263369083404541
Time taken for candidate 6176 is 0.4299337863922119
Time taken for candidate 6177 is 0.5795323848724365
Time taken for candidate 6178 is 0.4286763668060303
Time taken for candidate 6179 is 0.14449691772460938
Time taken for candidate 6180 is 1.1303606033325195
Time taken for candidate 6181 is 0.47406578063964844
Time taken for candidate 6182 is 0.6897246837615967
Time taken for candidate 6183 is 0.6517348289489746
Time taken for candidate 6184 is 0.3512146472930908
Time taken for candidate 6185 is 0.4826498031616211
Time taken for candidate 6186 is 0.3431417942047119
Time taken for candidate 6187 is 0.21379518508911133
Time taken for candidate 6188 is 0.13860654830932617
Time taken for candidate 6189 is 0.35097718238830566
Time taken for candidate 6190 is 0.9754312038421631
Time taken for candidate 6191 is 0.4801781177520752
Time taken for candidate 6192 is 0.581089973449707
Time taken for candidate 6193 is 0.5220577716827393
Time taken for candidate 6194 is 0.9667353630065918
Time taken for candidate 6195 is 0.6335411071777344
Time taken for candidate 6196 is 0.28647351264953613
Time taken for candidate 6197 is 0.6392965316772461
Time taken for candidate 6198 is 0.7174992561340332
Time taken for candidate 6199 is 0.3828165531158447
Time taken for candidate 6200 is 0.8913834095001221
Time taken for candidate 6201 is 0.21292614936828613
Time taken for candidate 6202 is 0.1528325080871582
Time taken for candidate 6203 is 1.0019948482513428
Time taken for candidate 6204 is 0.7401998043060303
Time taken for candidate 6205 is 0.16983246803283691
Time taken for candidate 6206 is 0.35216689109802246
Time taken for candidate 6207 is 0.14559412002563477
Time taken for candidate 6208 is 0.6075797080993652
Time taken for candidate 6209 is 0.4254021644592285
Time taken for candidate 6210 is 0.4345436096191406
Time taken for candidate 6211 is 0.30047178268432617
Time taken for candidate 6212 is 0.46326708793640137
Time taken for candidate 6213 is 0.23024249076843262
Time taken for candidate 6214 is 0.30544161796569824
Time taken for candidate 6215 is 0.2812814712524414
Time taken for candidate 6216 is 0.5448353290557861
Time taken for candidate 6217 is 0.21567201614379883
Time taken for candidate 6218 is 0.5026547908782959
Time taken for candidate 6219 is 0.5254840850830078
Time taken for candidate 6220 is 0.8833107948303223
Time taken for candidate 6221 is 0.40607357025146484
Time taken for candidate 6222 is 0.41895127296447754
Time taken for candidate 6223 is 0.7266895771026611
Time taken for candidate 6224 is 0.17432403564453125
Time taken for candidate 6225 is 0.6615355014801025
Time taken for candidate 6226 is 0.42862963676452637
Time taken for candidate 6227 is 0.24126744270324707
Time taken for candidate 6228 is 0.7690153121948242
Time taken for candidate 6229 is 0.10703063011169434
Time taken for candidate 6230 is 0.15318584442138672
Time taken for candidate 6231 is 0.42125821113586426
Time taken for candidate 6232 is 0.38248586654663086
Time taken for candidate 6233 is 0.08163952827453613
Time taken for candidate 6234 is 0.2620542049407959
Time taken for candidate 6235 is 0.1509397029876709
Time taken for candidate 6236 is 0.5579891204833984
Time taken for candidate 6237 is 0.6352088451385498
Time taken for candidate 6238 is 0.2561638355255127
Time taken for candidate 6239 is 0.570009708404541
Time taken for candidate 6240 is 0.6315674781799316
Time taken for candidate 6241 is 0.21887755393981934
Time taken for candidate 6242 is 0.0802769660949707
Time taken for candidate 6243 is 0.6318256855010986
Time taken for candidate 6244 is 0.4749939441680908
Time taken for candidate 6245 is 0.8127923011779785
Time taken for candidate 6246 is 0.5800044536590576
Time taken for candidate 6247 is 0.512598991394043
Time taken for candidate 6248 is 0.24515557289123535
Time taken for candidate 6249 is 0.919792652130127
Time taken for candidate 6250 is 1.088073492050171
Time taken for candidate 6251 is 0.2011275291442871
Time taken for candidate 6252 is 0.28678464889526367
Time taken for candidate 6253 is 0.5528125762939453
Time taken for candidate 6254 is 0.7371370792388916
Time taken for candidate 6255 is 0.16916203498840332
Time taken for candidate 6256 is 0.2697920799255371
Time taken for candidate 6257 is 0.14240193367004395
Time taken for candidate 6258 is 0.15081286430358887
Time taken for candidate 6259 is 0.39789342880249023
Time taken for candidate 6260 is 0.42661142349243164
Time taken for candidate 6261 is 0.3374354839324951
Time taken for candidate 6262 is 0.7758626937866211
Time taken for candidate 6263 is 0.7156319618225098
Time taken for candidate 6264 is 1.2508344650268555
Time taken for candidate 6265 is 0.47321128845214844
Time taken for candidate 6266 is 0.26689624786376953
Time taken for candidate 6267 is 0.9266157150268555
Time taken for candidate 6268 is 0.6047751903533936
Time taken for candidate 6269 is 0.19330716133117676
Time taken for candidate 6270 is 0.7577250003814697
Time taken for candidate 6271 is 0.38176941871643066
Time taken for candidate 6272 is 0.6145079135894775
Time taken for candidate 6273 is 0.3889584541320801
Time taken for candidate 6274 is 0.461575984954834
Time taken for candidate 6275 is 0.09982919692993164
Time taken for candidate 6276 is 0.6698298454284668
Time taken for candidate 6277 is 0.14763140678405762
Time taken for candidate 6278 is 0.29068851470947266
Time taken for candidate 6279 is 0.5568110942840576
Time taken for candidate 6280 is 0.36377692222595215
Time taken for candidate 6281 is 0.8224360942840576
Time taken for candidate 6282 is 0.9134049415588379
Time taken for candidate 6283 is 0.12867069244384766
Time taken for candidate 6284 is 0.692225456237793
Time taken for candidate 6285 is 0.4687528610229492
Time taken for candidate 6286 is 0.6485886573791504
Time taken for candidate 6287 is 0.7198832035064697
Time taken for candidate 6288 is 0.3365960121154785
Time taken for candidate 6289 is 0.31312108039855957
Time taken for candidate 6290 is 0.2398240566253662
Time taken for candidate 6291 is 0.4344186782836914
Time taken for candidate 6292 is 0.7553467750549316
Time taken for candidate 6293 is 0.5354835987091064
Time taken for candidate 6294 is 0.7519223690032959
Time taken for candidate 6295 is 0.33387112617492676
Time taken for candidate 6296 is 0.22224855422973633
Time taken for candidate 6297 is 0.41483211517333984
Time taken for candidate 6298 is 0.2834351062774658
Time taken for candidate 6299 is 0.5550084114074707
Time taken for candidate 6300 is 0.5656468868255615
Time taken for candidate 6301 is 0.9238018989562988
Time taken for candidate 6302 is 0.35555028915405273
Time taken for candidate 6303 is 0.21956658363342285
Time taken for candidate 6304 is 0.3387141227722168
Time taken for candidate 6305 is 0.4154233932495117
Time taken for candidate 6306 is 0.1886589527130127
Time taken for candidate 6307 is 0.5256950855255127
Time taken for candidate 6308 is 0.7130711078643799
Time taken for candidate 6309 is 0.3266568183898926
Time taken for candidate 6310 is 0.4891781806945801
Time taken for candidate 6311 is 0.37081265449523926
Time taken for candidate 6312 is 0.5690793991088867
Time taken for candidate 6313 is 0.677670955657959
Time taken for candidate 6314 is 0.21732854843139648
Time taken for candidate 6315 is 0.28815126419067383
Time taken for candidate 6316 is 0.4213221073150635
Time taken for candidate 6317 is 0.867992639541626
Time taken for candidate 6318 is 0.2892124652862549
Time taken for candidate 6319 is 0.6116423606872559
Time taken for candidate 6320 is 0.27198195457458496
Time taken for candidate 6321 is 0.3475492000579834
Time taken for candidate 6322 is 0.42231297492980957
Time taken for candidate 6323 is 0.30724072456359863
Time taken for candidate 6324 is 0.19887852668762207
Time taken for candidate 6325 is 0.3183591365814209
Time taken for candidate 6326 is 0.10757803916931152
Time taken for candidate 6327 is 0.5586659908294678
Time taken for candidate 6328 is 0.49623727798461914
Time taken for candidate 6329 is 0.3876001834869385
Time taken for candidate 6330 is 0.7069492340087891
Time taken for candidate 6331 is 0.5725176334381104
Time taken for candidate 6332 is 0.14996981620788574
Time taken for candidate 6333 is 0.5731549263000488
Time taken for candidate 6334 is 0.45464634895324707
Time taken for candidate 6335 is 0.32307910919189453
Time taken for candidate 6336 is 0.6848142147064209
Time taken for candidate 6337 is 0.3919801712036133
Time taken for candidate 6338 is 0.7647416591644287
Time taken for candidate 6339 is 0.3593630790710449
Time taken for candidate 6340 is 0.6665470600128174
Time taken for candidate 6341 is 0.5329694747924805
Time taken for candidate 6342 is 0.2787034511566162
Time taken for candidate 6343 is 0.6518533229827881
Time taken for candidate 6344 is 0.4157528877258301
Time taken for candidate 6345 is 0.3849022388458252
Time taken for candidate 6346 is 0.4183957576751709
Time taken for candidate 6347 is 0.32373571395874023
Time taken for candidate 6348 is 0.30736827850341797
Time taken for candidate 6349 is 0.5858898162841797
Time taken for candidate 6350 is 0.680086612701416
Time taken for candidate 6351 is 0.4070124626159668
Time taken for candidate 6352 is 0.6146941184997559
Time taken for candidate 6353 is 0.7029602527618408
Time taken for candidate 6354 is 0.24287843704223633
Time taken for candidate 6355 is 0.3736579418182373
Time taken for candidate 6356 is 0.29918861389160156
Time taken for candidate 6357 is 0.14803147315979004
Time taken for candidate 6358 is 0.2815513610839844
Time taken for candidate 6359 is 0.14838743209838867
Time taken for candidate 6360 is 0.4475977420806885
Time taken for candidate 6361 is 0.49342823028564453
Time taken for candidate 6362 is 0.38915538787841797
Time taken for candidate 6363 is 0.810544490814209
Time taken for candidate 6364 is 0.5001583099365234
Time taken for candidate 6365 is 0.2947866916656494
Time taken for candidate 6366 is 1.2585861682891846
Time taken for candidate 6367 is 0.3802666664123535
Time taken for candidate 6368 is 0.2951521873474121
Time taken for candidate 6369 is 0.33789682388305664
Time taken for candidate 6370 is 0.14980626106262207
Time taken for candidate 6371 is 0.8106279373168945
Time taken for candidate 6372 is 0.22957968711853027
Time taken for candidate 6373 is 0.33853793144226074
Time taken for candidate 6374 is 0.48604583740234375
Time taken for candidate 6375 is 0.30335044860839844
Time taken for candidate 6376 is 0.49903392791748047
Time taken for candidate 6377 is 0.7989223003387451
Time taken for candidate 6378 is 0.6958432197570801
Time taken for candidate 6379 is 0.5568177700042725
Time taken for candidate 6380 is 0.3070356845855713
Time taken for candidate 6381 is 0.8109984397888184
Time taken for candidate 6382 is 0.2682647705078125
Time taken for candidate 6383 is 0.42520618438720703
Time taken for candidate 6384 is 0.7200212478637695
Time taken for candidate 6385 is 0.5446126461029053
Time taken for candidate 6386 is 0.8261454105377197
Time taken for candidate 6387 is 0.5915219783782959
Time taken for candidate 6388 is 0.634638786315918
Time taken for candidate 6389 is 0.5158874988555908
Time taken for candidate 6390 is 0.47243618965148926
Time taken for candidate 6391 is 0.23456215858459473
Time taken for candidate 6392 is 0.6594960689544678
Time taken for candidate 6393 is 0.28833675384521484
Time taken for candidate 6394 is 0.07872891426086426
Time taken for candidate 6395 is 0.32173609733581543
Time taken for candidate 6396 is 0.7430353164672852
Time taken for candidate 6397 is 0.4641721248626709
Time taken for candidate 6398 is 0.4977579116821289
Time taken for candidate 6399 is 0.2847895622253418
Time taken for candidate 6400 is 0.320096492767334
Time taken for candidate 6401 is 0.28777146339416504
Time taken for candidate 6402 is 0.46016526222229004
Time taken for candidate 6403 is 0.08832621574401855
Time taken for candidate 6404 is 0.3861722946166992
Time taken for candidate 6405 is 0.42870426177978516
Time taken for candidate 6406 is 0.6905474662780762
Time taken for candidate 6407 is 0.3042745590209961
Time taken for candidate 6408 is 0.9691224098205566
Time taken for candidate 6409 is 0.3556544780731201
Time taken for candidate 6410 is 0.79166579246521
Time taken for candidate 6411 is 0.2356250286102295
Time taken for candidate 6412 is 0.49863553047180176
Time taken for candidate 6413 is 0.2870297431945801
Time taken for candidate 6414 is 0.46970629692077637
Time taken for candidate 6415 is 0.3946800231933594
Time taken for candidate 6416 is 0.2046208381652832
Time taken for candidate 6417 is 0.741957426071167
Time taken for candidate 6418 is 0.6265380382537842
Time taken for candidate 6419 is 0.7019352912902832
Time taken for candidate 6420 is 0.2831001281738281
Time taken for candidate 6421 is 0.13948655128479004
Time taken for candidate 6422 is 0.08200407028198242
Time taken for candidate 6423 is 0.40001821517944336
Time taken for candidate 6424 is 0.5756797790527344
Time taken for candidate 6425 is 0.2923853397369385
Time taken for candidate 6426 is 0.49112939834594727
Time taken for candidate 6427 is 0.36299967765808105
Time taken for candidate 6428 is 0.1965017318725586
Time taken for candidate 6429 is 0.47654294967651367
Time taken for candidate 6430 is 0.2978942394256592
Time taken for candidate 6431 is 0.3962090015411377
Time taken for candidate 6432 is 1.161067008972168
Time taken for candidate 6433 is 0.5593125820159912
Time taken for candidate 6434 is 0.39025449752807617
Time taken for candidate 6435 is 0.1875467300415039
Time taken for candidate 6436 is 0.3575103282928467
Time taken for candidate 6437 is 0.2290046215057373
Time taken for candidate 6438 is 0.2645697593688965
Time taken for candidate 6439 is 0.36433911323547363
Time taken for candidate 6440 is 0.34375548362731934
Time taken for candidate 6441 is 0.5793275833129883
Time taken for candidate 6442 is 0.2771158218383789
Time taken for candidate 6443 is 0.47861695289611816
Time taken for candidate 6444 is 0.6260905265808105
Time taken for candidate 6445 is 0.5464105606079102
Time taken for candidate 6446 is 0.6234769821166992
Time taken for candidate 6447 is 0.5303421020507812
Time taken for candidate 6448 is 0.431704044342041
Time taken for candidate 6449 is 0.07808637619018555
Time taken for candidate 6450 is 0.384946346282959
Time taken for candidate 6451 is 0.22588086128234863
Time taken for candidate 6452 is 0.2852210998535156
Time taken for candidate 6453 is 0.33133649826049805
Time taken for candidate 6454 is 0.1468796730041504
Time taken for candidate 6455 is 0.7347908020019531
Time taken for candidate 6456 is 0.20739030838012695
Time taken for candidate 6457 is 0.463578462600708
Time taken for candidate 6458 is 0.401904821395874
Time taken for candidate 6459 is 0.29018402099609375
Time taken for candidate 6460 is 0.8844575881958008
Time taken for candidate 6461 is 0.34564828872680664
Time taken for candidate 6462 is 0.2905421257019043
Time taken for candidate 6463 is 0.5591650009155273
Time taken for candidate 6464 is 0.3419809341430664
Time taken for candidate 6465 is 0.34631872177124023
Time taken for candidate 6466 is 0.4573171138763428
Time taken for candidate 6467 is 0.32912659645080566
Time taken for candidate 6468 is 0.34029340744018555
Time taken for candidate 6469 is 0.2609896659851074
Time taken for candidate 6470 is 0.3851587772369385
Time taken for candidate 6471 is 0.30150699615478516
Time taken for candidate 6472 is 0.7191336154937744
Time taken for candidate 6473 is 0.23503756523132324
Time taken for candidate 6474 is 0.8693368434906006
Time taken for candidate 6475 is 0.32810521125793457
Time taken for candidate 6476 is 0.877565860748291
Time taken for candidate 6477 is 0.31650876998901367
Time taken for candidate 6478 is 0.791445255279541
Time taken for candidate 6479 is 0.09913015365600586
Time taken for candidate 6480 is 0.69061279296875
Time taken for candidate 6481 is 0.2031707763671875
Time taken for candidate 6482 is 0.10791134834289551
Time taken for candidate 6483 is 0.968226432800293
Time taken for candidate 6484 is 0.6806437969207764
Time taken for candidate 6485 is 0.9167816638946533
Time taken for candidate 6486 is 0.31093573570251465
Time taken for candidate 6487 is 0.51578688621521
Time taken for candidate 6488 is 0.25681328773498535
Time taken for candidate 6489 is 0.342376708984375
Time taken for candidate 6490 is 0.21707391738891602
Time taken for candidate 6491 is 0.6126899719238281
Time taken for candidate 6492 is 0.42183542251586914
Time taken for candidate 6493 is 0.4421091079711914
Time taken for candidate 6494 is 0.20174574851989746
Time taken for candidate 6495 is 0.3796508312225342
Time taken for candidate 6496 is 0.330594539642334
Time taken for candidate 6497 is 0.36165857315063477
Time taken for candidate 6498 is 0.362316370010376
Time taken for candidate 6499 is 0.22896862030029297
Time taken for candidate 6500 is 0.300137996673584
Time taken for candidate 6501 is 0.2853844165802002
Time taken for candidate 6502 is 0.5915369987487793
Time taken for candidate 6503 is 0.24642062187194824
Time taken for candidate 6504 is 0.4923708438873291
Time taken for candidate 6505 is 0.630216121673584
Time taken for candidate 6506 is 0.27141332626342773
Time taken for candidate 6507 is 0.6389157772064209
Time taken for candidate 6508 is 0.39617323875427246
Time taken for candidate 6509 is 0.24791669845581055
Time taken for candidate 6510 is 0.2978096008300781
Time taken for candidate 6511 is 0.541621208190918
Time taken for candidate 6512 is 1.0135915279388428
Time taken for candidate 6513 is 0.29929161071777344
Time taken for candidate 6514 is 0.3406336307525635
Time taken for candidate 6515 is 0.45971179008483887
Time taken for candidate 6516 is 0.7388808727264404
Time taken for candidate 6517 is 0.3358423709869385
Time taken for candidate 6518 is 0.278731107711792
Time taken for candidate 6519 is 0.7964956760406494
Time taken for candidate 6520 is 0.5779659748077393
Time taken for candidate 6521 is 0.3622126579284668
Time taken for candidate 6522 is 0.3330562114715576
Time taken for candidate 6523 is 0.4822509288787842
Time taken for candidate 6524 is 0.36620020866394043
Time taken for candidate 6525 is 0.34892821311950684
Time taken for candidate 6526 is 0.27526187896728516
Time taken for candidate 6527 is 0.4220714569091797
Time taken for candidate 6528 is 0.2889368534088135
Time taken for candidate 6529 is 0.5844244956970215
Time taken for candidate 6530 is 1.4315228462219238
Time taken for candidate 6531 is 0.1998138427734375
Time taken for candidate 6532 is 0.7294433116912842
Time taken for candidate 6533 is 0.302746057510376
Time taken for candidate 6534 is 0.24317502975463867
Time taken for candidate 6535 is 0.7895753383636475
Time taken for candidate 6536 is 0.8616960048675537
Time taken for candidate 6537 is 0.28012752532958984
Time taken for candidate 6538 is 0.2908957004547119
Time taken for candidate 6539 is 0.10213279724121094
Time taken for candidate 6540 is 0.2754511833190918
Time taken for candidate 6541 is 0.46561360359191895
Time taken for candidate 6542 is 0.5378353595733643
Time taken for candidate 6543 is 0.5974738597869873
Time taken for candidate 6544 is 0.5700910091400146
Time taken for candidate 6545 is 0.21504688262939453
Time taken for candidate 6546 is 0.21860313415527344
Time taken for candidate 6547 is 0.21729826927185059
Time taken for candidate 6548 is 0.22139739990234375
Time taken for candidate 6549 is 0.9481346607208252
Time taken for candidate 6550 is 0.1508922576904297
Time taken for candidate 6551 is 0.42429423332214355
Time taken for candidate 6552 is 0.22514605522155762
Time taken for candidate 6553 is 0.5996999740600586
Time taken for candidate 6554 is 0.5562636852264404
Time taken for candidate 6555 is 0.3367633819580078
Time taken for candidate 6556 is 0.2984442710876465
Time taken for candidate 6557 is 0.4300656318664551
Time taken for candidate 6558 is 0.2282867431640625
Time taken for candidate 6559 is 0.284940242767334
Time taken for candidate 6560 is 0.30163121223449707
Time taken for candidate 6561 is 0.5894608497619629
Time taken for candidate 6562 is 0.3349599838256836
Time taken for candidate 6563 is 0.8020508289337158
Time taken for candidate 6564 is 0.7765188217163086
Time taken for candidate 6565 is 0.5274684429168701
Time taken for candidate 6566 is 0.739187479019165
Time taken for candidate 6567 is 0.4143803119659424
Time taken for candidate 6568 is 0.22259759902954102
Time taken for candidate 6569 is 0.30843472480773926
Time taken for candidate 6570 is 0.5464673042297363
Time taken for candidate 6571 is 0.73610520362854
Time taken for candidate 6572 is 0.5610973834991455
Time taken for candidate 6573 is 0.2332615852355957
Time taken for candidate 6575 is 0.783297061920166
Time taken for candidate 6576 is 0.4343991279602051
Time taken for candidate 6577 is 0.2982501983642578
Time taken for candidate 6578 is 0.5007638931274414
Time taken for candidate 6579 is 0.45000195503234863
Time taken for candidate 6580 is 0.5151002407073975
Time taken for candidate 6581 is 0.23688268661499023
Time taken for candidate 6582 is 0.49997615814208984
Time taken for candidate 6583 is 0.38893961906433105
Time taken for candidate 6584 is 0.5199489593505859
Time taken for candidate 6585 is 0.15211129188537598
Time taken for candidate 6586 is 0.8959743976593018
Time taken for candidate 6587 is 0.3802926540374756
Time taken for candidate 6588 is 0.1522676944732666
Time taken for candidate 6589 is 0.4887409210205078
Time taken for candidate 6590 is 0.35252833366394043
Time taken for candidate 6591 is 0.5054941177368164
Time taken for candidate 6592 is 0.43369102478027344
Time taken for candidate 6593 is 0.2921719551086426
Time taken for candidate 6594 is 0.29328322410583496
Time taken for candidate 6595 is 0.25713586807250977
Time taken for candidate 6596 is 0.4784266948699951
Time taken for candidate 6597 is 0.5323550701141357
Time taken for candidate 6598 is 0.1461930274963379
Time taken for candidate 6599 is 0.5139713287353516
Time taken for candidate 6600 is 0.5136964321136475
Time taken for candidate 6601 is 0.49722981452941895
Time taken for candidate 6602 is 0.23842597007751465
Time taken for candidate 6603 is 0.28493261337280273
Time taken for candidate 6604 is 0.15537619590759277
Time taken for candidate 6605 is 0.20428109169006348
Time taken for candidate 6606 is 0.3503439426422119
Time taken for candidate 6607 is 0.30788183212280273
Time taken for candidate 6608 is 0.34244632720947266
Time taken for candidate 6609 is 0.3843519687652588
Time taken for candidate 6610 is 0.21662688255310059
Time taken for candidate 6611 is 0.33598995208740234
Time taken for candidate 6612 is 0.2111670970916748
Time taken for candidate 6613 is 0.27828359603881836
Time taken for candidate 6614 is 0.10051369667053223
Time taken for candidate 6615 is 0.43260884284973145
Time taken for candidate 6616 is 0.09742355346679688
Time taken for candidate 6617 is 0.4321098327636719
Time taken for candidate 6618 is 0.4045867919921875
Time taken for candidate 6619 is 0.8150079250335693
Time taken for candidate 6620 is 0.2300858497619629
Time taken for candidate 6621 is 0.18549251556396484
Time taken for candidate 6622 is 0.28373217582702637
Time taken for candidate 6623 is 0.7006394863128662
Time taken for candidate 6624 is 0.3739001750946045
Time taken for candidate 6625 is 0.35453224182128906
Time taken for candidate 6626 is 0.26109957695007324
Time taken for candidate 6627 is 0.4422173500061035
Time taken for candidate 6628 is 0.21315789222717285
Time taken for candidate 6629 is 0.34397149085998535
Time taken for candidate 6630 is 0.21071934700012207
Time taken for candidate 6631 is 0.4474921226501465
Time taken for candidate 6632 is 0.4721493721008301
Time taken for candidate 6633 is 0.7830779552459717
Time taken for candidate 6634 is 0.34061574935913086
Time taken for candidate 6635 is 0.41222381591796875
Time taken for candidate 6636 is 0.5261373519897461
Time taken for candidate 6637 is 0.6204361915588379
Time taken for candidate 6638 is 0.38001155853271484
Time taken for candidate 6639 is 0.3841087818145752
Time taken for candidate 6640 is 0.34533095359802246
Time taken for candidate 6641 is 0.2866513729095459
Time taken for candidate 6642 is 0.3597426414489746
Time taken for candidate 6643 is 0.5694589614868164
Time taken for candidate 6644 is 0.36049842834472656
Time taken for candidate 6645 is 0.6600456237792969
Time taken for candidate 6646 is 0.7540891170501709
Time taken for candidate 6647 is 0.16093921661376953
Time taken for candidate 6648 is 0.46521520614624023
Time taken for candidate 6649 is 0.1508338451385498
Time taken for candidate 6650 is 0.3612382411956787
Time taken for candidate 6651 is 0.6501946449279785
Time taken for candidate 6652 is 0.6803379058837891
Time taken for candidate 6653 is 0.47202563285827637
Time taken for candidate 6654 is 0.6323316097259521
Time taken for candidate 6655 is 0.7207884788513184
Time taken for candidate 6656 is 0.3460557460784912
Time taken for candidate 6657 is 0.5609927177429199
Time taken for candidate 6658 is 0.5356547832489014
Time taken for candidate 6659 is 0.44608569145202637
Time taken for candidate 6660 is 0.7013566493988037
Time taken for candidate 6661 is 0.6135556697845459
Time taken for candidate 6662 is 0.39978623390197754
Time taken for candidate 6663 is 0.41538572311401367
Time taken for candidate 6664 is 0.43007397651672363
Time taken for candidate 6665 is 0.39209437370300293
Time taken for candidate 6666 is 0.46047258377075195
Time taken for candidate 6667 is 0.4041922092437744
Time taken for candidate 6668 is 0.3334462642669678
Time taken for candidate 6669 is 0.45272207260131836
Time taken for candidate 6670 is 0.14832830429077148
Time taken for candidate 6671 is 0.16649293899536133
Time taken for candidate 6672 is 0.8898537158966064
Time taken for candidate 6673 is 0.32409214973449707
Time taken for candidate 6674 is 0.27235984802246094
Time taken for candidate 6675 is 0.40400147438049316
Time taken for candidate 6676 is 0.3497047424316406
Time taken for candidate 6677 is 0.5946850776672363
Time taken for candidate 6678 is 0.619889497756958
Time taken for candidate 6679 is 0.5867218971252441
Time taken for candidate 6680 is 0.7460556030273438
Time taken for candidate 6681 is 0.524407148361206
Time taken for candidate 6682 is 0.590289831161499
Time taken for candidate 6683 is 0.7857778072357178
Time taken for candidate 6684 is 0.30417537689208984
Time taken for candidate 6685 is 0.2643129825592041
Time taken for candidate 6686 is 0.35057520866394043
Time taken for candidate 6687 is 0.3784980773925781
Time taken for candidate 6688 is 0.17041540145874023
Time taken for candidate 6689 is 0.21222710609436035
Time taken for candidate 6690 is 0.26303577423095703
Time taken for candidate 6691 is 0.2978370189666748
Time taken for candidate 6692 is 0.5089707374572754
Time taken for candidate 6693 is 0.525061845779419
Time taken for candidate 6694 is 0.5138492584228516
Time taken for candidate 6695 is 0.18355917930603027
Time taken for candidate 6696 is 0.6733560562133789
Time taken for candidate 6697 is 0.36788511276245117
Time taken for candidate 6698 is 0.3088545799255371
Time taken for candidate 6699 is 0.44590187072753906
Time taken for candidate 6700 is 0.38152480125427246
Time taken for candidate 6701 is 0.7008771896362305
Time taken for candidate 6702 is 0.08696484565734863
Time taken for candidate 6703 is 0.3437321186065674
Time taken for candidate 6704 is 0.5303890705108643
Time taken for candidate 6705 is 1.024423599243164
Time taken for candidate 6706 is 0.5450191497802734
Time taken for candidate 6707 is 0.4707059860229492
Time taken for candidate 6708 is 0.1995229721069336
Time taken for candidate 6709 is 0.518791675567627
Time taken for candidate 6710 is 0.13820695877075195
Time taken for candidate 6711 is 0.47943544387817383
Time taken for candidate 6712 is 0.7363896369934082
Time taken for candidate 6713 is 0.2773103713989258
Time taken for candidate 6714 is 0.3636958599090576
Time taken for candidate 6715 is 0.12926578521728516
Time taken for candidate 6716 is 0.8229644298553467
Time taken for candidate 6717 is 0.5942075252532959
Time taken for candidate 6718 is 0.3746926784515381
Time taken for candidate 6719 is 0.2136976718902588
Time taken for candidate 6720 is 0.2136096954345703
Time taken for candidate 6721 is 0.5289828777313232
Time taken for candidate 6722 is 0.22884559631347656
Time taken for candidate 6723 is 0.353424072265625
Time taken for candidate 6724 is 0.3339245319366455
Time taken for candidate 6725 is 0.28008031845092773
Time taken for candidate 6726 is 0.5653045177459717
Time taken for candidate 6727 is 0.49182844161987305
Time taken for candidate 6728 is 0.448383092880249
Time taken for candidate 6729 is 0.19778084754943848
Time taken for candidate 6730 is 0.3947763442993164
Time taken for candidate 6731 is 0.0861358642578125
Time taken for candidate 6732 is 0.5627439022064209
Time taken for candidate 6733 is 0.8198354244232178
Time taken for candidate 6734 is 0.21338319778442383
Time taken for candidate 6735 is 0.8098630905151367
Time taken for candidate 6736 is 0.37610721588134766
Time taken for candidate 6737 is 0.2954375743865967
Time taken for candidate 6738 is 0.3654909133911133
Time taken for candidate 6739 is 0.6864466667175293
Time taken for candidate 6740 is 0.7432329654693604
Time taken for candidate 6741 is 0.7725419998168945
Time taken for candidate 6742 is 0.43077921867370605
Time taken for candidate 6743 is 0.34676647186279297
Time taken for candidate 6744 is 0.8698632717132568
Time taken for candidate 6745 is 0.38136792182922363
Time taken for candidate 6746 is 0.15118622779846191
Time taken for candidate 6747 is 0.35230255126953125
Time taken for candidate 6748 is 0.64113450050354
Time taken for candidate 6749 is 0.37503671646118164
Time taken for candidate 6750 is 0.10692071914672852
Time taken for candidate 6751 is 0.6406052112579346
Time taken for candidate 6752 is 0.5713019371032715
Time taken for candidate 6753 is 0.3414342403411865
Time taken for candidate 6754 is 0.17323017120361328
Time taken for candidate 6755 is 0.5451045036315918
Time taken for candidate 6756 is 0.3628871440887451
Time taken for candidate 6757 is 0.6110787391662598
Time taken for candidate 6758 is 0.5242729187011719
Time taken for candidate 6759 is 0.17130374908447266
Time taken for candidate 6760 is 0.7373239994049072
Time taken for candidate 6761 is 0.2680182456970215
Time taken for candidate 6762 is 0.7192502021789551
Time taken for candidate 6763 is 0.6028692722320557
Time taken for candidate 6764 is 0.4571840763092041
Time taken for candidate 6765 is 0.5030710697174072
Time taken for candidate 6766 is 0.20131278038024902
Time taken for candidate 6767 is 0.5112965106964111
Time taken for candidate 6768 is 0.21860527992248535
Time taken for candidate 6769 is 0.39802098274230957
Time taken for candidate 6770 is 0.7102296352386475
Time taken for candidate 6771 is 0.49337244033813477
Time taken for candidate 6772 is 0.5990254878997803
Time taken for candidate 6773 is 0.36018919944763184
Time taken for candidate 6774 is 0.2717592716217041
Time taken for candidate 6775 is 0.48500657081604004
Time taken for candidate 6776 is 0.28691744804382324
Time taken for candidate 6777 is 0.29644298553466797
Time taken for candidate 6778 is 0.3654329776763916
Time taken for candidate 6779 is 0.897763729095459
Time taken for candidate 6780 is 0.705930233001709
Time taken for candidate 6781 is 0.814732551574707
Time taken for candidate 6782 is 0.18154048919677734
Time taken for candidate 6783 is 0.4877176284790039
Time taken for candidate 6784 is 0.22655534744262695
Time taken for candidate 6785 is 0.142500638961792
Time taken for candidate 6786 is 0.6705207824707031
Time taken for candidate 6787 is 0.4225318431854248
Time taken for candidate 6788 is 0.29799532890319824
Time taken for candidate 6789 is 0.4678924083709717
Time taken for candidate 6790 is 0.3564136028289795
Time taken for candidate 6791 is 0.6574459075927734
Time taken for candidate 6792 is 0.39643049240112305
Time taken for candidate 6793 is 0.15697169303894043
Time taken for candidate 6794 is 0.26815104484558105
Time taken for candidate 6795 is 0.23699402809143066
Time taken for candidate 6796 is 0.1534116268157959
Time taken for candidate 6797 is 0.285172700881958
Time taken for candidate 6798 is 0.6189000606536865
Time taken for candidate 6799 is 0.3305172920227051
Time taken for candidate 6800 is 0.641467809677124
Time taken for candidate 6801 is 0.21207666397094727
Time taken for candidate 6802 is 0.47046422958374023
Time taken for candidate 6803 is 0.3878788948059082
Time taken for candidate 6804 is 0.5319640636444092
Time taken for candidate 6805 is 0.7389912605285645
Time taken for candidate 6806 is 0.41009950637817383
Time taken for candidate 6807 is 0.2622983455657959
Time taken for candidate 6808 is 0.5694103240966797
Time taken for candidate 6809 is 0.6102070808410645
Time taken for candidate 6810 is 0.5033986568450928
Time taken for candidate 6811 is 0.8174786567687988
Time taken for candidate 6812 is 0.20597052574157715
Time taken for candidate 6813 is 0.31177473068237305
Time taken for candidate 6814 is 0.3157815933227539
Time taken for candidate 6815 is 0.6787762641906738
Time taken for candidate 6816 is 0.6299135684967041
Time taken for candidate 6817 is 0.2894420623779297
Time taken for candidate 6818 is 0.4978806972503662
Time taken for candidate 6819 is 0.38783860206604004
Time taken for candidate 6820 is 0.2902867794036865
Time taken for candidate 6821 is 0.15182185173034668
Time taken for candidate 6822 is 0.8668432235717773
Time taken for candidate 6823 is 0.2869861125946045
Time taken for candidate 6824 is 0.17058706283569336
Time taken for candidate 6825 is 0.5058920383453369
Time taken for candidate 6826 is 0.40562915802001953
Time taken for candidate 6827 is 0.39371633529663086
Time taken for candidate 6828 is 0.295238733291626
Time taken for candidate 6829 is 0.3012261390686035
Time taken for candidate 6830 is 0.4565083980560303
Time taken for candidate 6831 is 0.7628054618835449
Time taken for candidate 6832 is 0.3731424808502197
Time taken for candidate 6833 is 0.45882320404052734
Time taken for candidate 6834 is 0.28217196464538574
Time taken for candidate 6835 is 0.2678802013397217
Time taken for candidate 6836 is 0.4598400592803955
Time taken for candidate 6837 is 0.4863555431365967
Time taken for candidate 6838 is 0.7562358379364014
Time taken for candidate 6839 is 0.2800321578979492
Time taken for candidate 6840 is 0.5336794853210449
Time taken for candidate 6841 is 0.1749436855316162
Time taken for candidate 6842 is 0.4036242961883545
Time taken for candidate 6843 is 0.483112096786499
Time taken for candidate 6844 is 0.4302089214324951
Time taken for candidate 6845 is 0.698828935623169
Time taken for candidate 6846 is 0.41361093521118164
Time taken for candidate 6847 is 0.4347832202911377
Time taken for candidate 6848 is 0.3864729404449463
Time taken for candidate 6849 is 0.7470860481262207
Time taken for candidate 6850 is 0.41693639755249023
Time taken for candidate 6851 is 0.5654168128967285
Time taken for candidate 6852 is 0.6974599361419678
Time taken for candidate 6853 is 0.7615649700164795
Time taken for candidate 6854 is 0.6662836074829102
Time taken for candidate 6855 is 0.30374979972839355
Time taken for candidate 6856 is 0.3990478515625
Time taken for candidate 6857 is 0.47904062271118164
Time taken for candidate 6858 is 0.40532875061035156
Time taken for candidate 6859 is 0.2696378231048584
Time taken for candidate 6860 is 0.6628470420837402
Time taken for candidate 6861 is 0.34006237983703613
Time taken for candidate 6862 is 0.1784193515777588
Time taken for candidate 6863 is 0.9309275150299072
Time taken for candidate 6864 is 0.08369040489196777
Time taken for candidate 6865 is 0.28015589714050293
Time taken for candidate 6866 is 0.4413118362426758
Time taken for candidate 6867 is 0.36126017570495605
Time taken for candidate 6868 is 0.6354324817657471
Time taken for candidate 6869 is 0.5366547107696533
Time taken for candidate 6870 is 0.5410242080688477
Time taken for candidate 6871 is 0.6032209396362305
Time taken for candidate 6872 is 0.7401432991027832
Time taken for candidate 6873 is 0.5580389499664307
Time taken for candidate 6874 is 0.4053516387939453
Time taken for candidate 6875 is 0.23824453353881836
Time taken for candidate 6876 is 0.38808727264404297
Time taken for candidate 6877 is 0.7051019668579102
Time taken for candidate 6878 is 0.3533296585083008
Time taken for candidate 6879 is 0.5091743469238281
Time taken for candidate 6880 is 0.5862150192260742
Time taken for candidate 6881 is 0.49041128158569336
Time taken for candidate 6882 is 0.3999781608581543
Time taken for candidate 6883 is 0.3003072738647461
Time taken for candidate 6884 is 0.329418420791626
Time taken for candidate 6885 is 0.15378332138061523
Time taken for candidate 6886 is 0.6697912216186523
Time taken for candidate 6887 is 0.1591026782989502
Time taken for candidate 6888 is 0.6429347991943359
Time taken for candidate 6889 is 0.5071654319763184
Time taken for candidate 6890 is 0.24408268928527832
Time taken for candidate 6891 is 0.40853452682495117
Time taken for candidate 6892 is 0.3013432025909424
Time taken for candidate 6893 is 0.3107328414916992
Time taken for candidate 6894 is 0.5188291072845459
Time taken for candidate 6895 is 0.5537710189819336
Time taken for candidate 6896 is 0.40520715713500977
Time taken for candidate 6897 is 0.5739436149597168
Time taken for candidate 6898 is 0.8590519428253174
Time taken for candidate 6899 is 0.5559628009796143
Time taken for candidate 6900 is 0.36699390411376953
Time taken for candidate 6901 is 0.3792126178741455
Time taken for candidate 6902 is 0.23869061470031738
Time taken for candidate 6903 is 0.705817461013794
Time taken for candidate 6904 is 0.7988502979278564
Time taken for candidate 6905 is 0.2746267318725586
Time taken for candidate 6907 is 0.10820412635803223
Time taken for candidate 6908 is 0.6120743751525879
Time taken for candidate 6909 is 0.21169590950012207
Time taken for candidate 6910 is 0.4981565475463867
Time taken for candidate 6911 is 0.4746105670928955
Time taken for candidate 6912 is 0.5112636089324951
Time taken for candidate 6913 is 0.5676097869873047
Time taken for candidate 6914 is 0.22865724563598633
Time taken for candidate 6915 is 0.6620399951934814
Time taken for candidate 6916 is 0.2196362018585205
Time taken for candidate 6917 is 0.42295050621032715
Time taken for candidate 6918 is 0.41071438789367676
Time taken for candidate 6919 is 0.35438108444213867
Time taken for candidate 6920 is 0.7604706287384033
Time taken for candidate 6921 is 0.6847209930419922
Time taken for candidate 6922 is 0.3419351577758789
Time taken for candidate 6923 is 0.466170072555542
Time taken for candidate 6924 is 0.750359296798706
Time taken for candidate 6925 is 0.286806583404541
Time taken for candidate 6926 is 0.7947537899017334
Time taken for candidate 6927 is 0.36930060386657715
Time taken for candidate 6928 is 0.2324824333190918
Time taken for candidate 6929 is 0.4187169075012207
Time taken for candidate 6930 is 0.8732321262359619
Time taken for candidate 6931 is 0.7743887901306152
Time taken for candidate 6932 is 0.47051024436950684
Time taken for candidate 6933 is 0.8111922740936279
Time taken for candidate 6934 is 0.2963850498199463
Time taken for candidate 6935 is 0.3138110637664795
Time taken for candidate 6936 is 0.35035061836242676
Time taken for candidate 6937 is 0.5211691856384277
Time taken for candidate 6938 is 0.4969050884246826
Time taken for candidate 6939 is 0.4360942840576172
Time taken for candidate 6940 is 0.4009988307952881
Time taken for candidate 6941 is 0.47695255279541016
Time taken for candidate 6942 is 0.452495813369751
Time taken for candidate 6943 is 0.4180757999420166
Time taken for candidate 6944 is 0.5516037940979004
Time taken for candidate 6945 is 0.5706167221069336
Time taken for candidate 6946 is 0.5871717929840088
Time taken for candidate 6947 is 0.2346506118774414
Time taken for candidate 6948 is 0.08408975601196289
Time taken for candidate 6949 is 0.6348562240600586
Time taken for candidate 6950 is 0.36577725410461426
Time taken for candidate 6951 is 0.1401844024658203
Time taken for candidate 6952 is 0.300983190536499
Time taken for candidate 6953 is 0.2841770648956299
Time taken for candidate 6954 is 0.07564711570739746
Time taken for candidate 6955 is 0.2754213809967041
Time taken for candidate 6956 is 0.19626784324645996
Time taken for candidate 6957 is 0.6261758804321289
Time taken for candidate 6958 is 0.6181058883666992
Time taken for candidate 6959 is 0.8076910972595215
Time taken for candidate 6960 is 0.6211540699005127
Time taken for candidate 6961 is 0.6930162906646729
Time taken for candidate 6962 is 0.1564030647277832
Time taken for candidate 6963 is 0.5360352993011475
Time taken for candidate 6964 is 0.48659563064575195
Time taken for candidate 6965 is 0.6580193042755127
Time taken for candidate 6966 is 0.2718505859375
Time taken for candidate 6967 is 0.8659706115722656
Time taken for candidate 6968 is 0.7105541229248047
Time taken for candidate 6969 is 0.7949502468109131
Time taken for candidate 6970 is 0.5327792167663574
Time taken for candidate 6971 is 0.46252012252807617
Time taken for candidate 6972 is 0.5153186321258545
Time taken for candidate 6973 is 0.2826054096221924
Time taken for candidate 6974 is 0.5869770050048828
Time taken for candidate 6975 is 0.35823988914489746
Time taken for candidate 6976 is 0.19117116928100586
Time taken for candidate 6977 is 0.20952939987182617
Time taken for candidate 6978 is 0.1025395393371582
Time taken for candidate 6979 is 0.7334072589874268
Time taken for candidate 6980 is 0.2598690986633301
Time taken for candidate 6981 is 0.5308239459991455
Time taken for candidate 6982 is 0.5972530841827393
Time taken for candidate 6983 is 0.14552903175354004
Time taken for candidate 6984 is 0.7835948467254639
Time taken for candidate 6985 is 0.3027019500732422
Time taken for candidate 6986 is 0.44869112968444824
Time taken for candidate 6987 is 0.08151078224182129
Time taken for candidate 6988 is 0.5651090145111084
Time taken for candidate 6989 is 0.6040685176849365
Time taken for candidate 6990 is 0.24719691276550293
Time taken for candidate 6991 is 0.4517195224761963
Time taken for candidate 6992 is 0.339752197265625
Time taken for candidate 6993 is 0.3316342830657959
Time taken for candidate 6994 is 0.26086878776550293
Time taken for candidate 6995 is 0.415147066116333
Time taken for candidate 6996 is 0.5036487579345703
Time taken for candidate 6997 is 0.3759636878967285
Time taken for candidate 6998 is 0.10567712783813477
Time taken for candidate 6999 is 0.23051142692565918
Time taken for candidate 7000 is 0.5044028759002686
Time taken for candidate 7001 is 0.4607243537902832
Time taken for candidate 7002 is 0.46146607398986816
Time taken for candidate 7003 is 0.8209371566772461
Time taken for candidate 7004 is 0.5319979190826416
Time taken for candidate 7005 is 0.14944219589233398
Time taken for candidate 7006 is 0.2341935634613037
Time taken for candidate 7007 is 0.6602120399475098
Time taken for candidate 7008 is 0.6161854267120361
Time taken for candidate 7009 is 0.27762556076049805
Time taken for candidate 7010 is 0.3204324245452881
Time taken for candidate 7011 is 0.3333592414855957
Time taken for candidate 7012 is 0.2727324962615967
Time taken for candidate 7013 is 0.30480003356933594
Time taken for candidate 7014 is 0.4811413288116455
Time taken for candidate 7015 is 0.29535984992980957
Time taken for candidate 7016 is 0.22681188583374023
Time taken for candidate 7017 is 0.6516668796539307
Time taken for candidate 7018 is 0.4936223030090332
Time taken for candidate 7019 is 0.4131498336791992
Time taken for candidate 7020 is 0.6908361911773682
Time taken for candidate 7021 is 0.2490687370300293
Time taken for candidate 7022 is 0.5657258033752441
Time taken for candidate 7023 is 0.3940238952636719
Time taken for candidate 7024 is 0.08081936836242676
Time taken for candidate 7025 is 0.32341432571411133
Time taken for candidate 7026 is 0.5330779552459717
Time taken for candidate 7027 is 0.866443395614624
Time taken for candidate 7028 is 0.5301806926727295
Time taken for candidate 7029 is 0.6208500862121582
Time taken for candidate 7030 is 0.4147186279296875
Time taken for candidate 7031 is 0.410691499710083
Time taken for candidate 7032 is 0.47271728515625
Time taken for candidate 7033 is 0.6471076011657715
Time taken for candidate 7034 is 0.6217083930969238
Time taken for candidate 7035 is 0.42566752433776855
Time taken for candidate 7036 is 0.9874899387359619
Time taken for candidate 7037 is 0.14327502250671387
Time taken for candidate 7038 is 0.26692771911621094
Time taken for candidate 7039 is 0.29120588302612305
Time taken for candidate 7040 is 0.7962093353271484
Time taken for candidate 7041 is 0.7832534313201904
Time taken for candidate 7042 is 0.2673928737640381
Time taken for candidate 7043 is 0.633256196975708
Time taken for candidate 7044 is 0.2169325351715088
Time taken for candidate 7045 is 0.27380824089050293
Time taken for candidate 7046 is 0.1338357925415039
Time taken for candidate 7047 is 0.5123522281646729
Time taken for candidate 7048 is 0.20557308197021484
Time taken for candidate 7049 is 0.5561647415161133
Time taken for candidate 7050 is 0.6772580146789551
Time taken for candidate 7051 is 0.21906685829162598
Time taken for candidate 7052 is 0.4107372760772705
Time taken for candidate 7053 is 0.8365240097045898
Time taken for candidate 7054 is 0.6315670013427734
Time taken for candidate 7055 is 0.40830063819885254
Time taken for candidate 7056 is 0.5085105895996094
Time taken for candidate 7057 is 0.6857728958129883
Time taken for candidate 7058 is 0.26200199127197266
Time taken for candidate 7059 is 0.6633510589599609
Time taken for candidate 7060 is 0.2967393398284912
Time taken for candidate 7061 is 0.3547399044036865
Time taken for candidate 7062 is 0.4044630527496338
Time taken for candidate 7063 is 0.5961191654205322
Time taken for candidate 7064 is 0.3182249069213867
Time taken for candidate 7065 is 0.5529074668884277
Time taken for candidate 7066 is 0.45777130126953125
Time taken for candidate 7067 is 0.21078896522521973
Time taken for candidate 7068 is 0.47139954566955566
Time taken for candidate 7069 is 0.7584402561187744
Time taken for candidate 7070 is 0.3477442264556885
Time taken for candidate 7071 is 0.33016300201416016
Time taken for candidate 7072 is 0.3898794651031494
Time taken for candidate 7073 is 0.5509850978851318
Time taken for candidate 7074 is 0.29399728775024414
Time taken for candidate 7075 is 0.6599709987640381
Time taken for candidate 7076 is 0.6209478378295898
Time taken for candidate 7077 is 0.1425468921661377
Time taken for candidate 7078 is 0.29961705207824707
Time taken for candidate 7079 is 0.5568559169769287
Time taken for candidate 7080 is 0.6877126693725586
Time taken for candidate 7081 is 0.24106526374816895
Time taken for candidate 7082 is 0.717993974685669
Time taken for candidate 7083 is 0.44870495796203613
Time taken for candidate 7084 is 0.23847031593322754
Time taken for candidate 7085 is 0.33809804916381836
Time taken for candidate 7086 is 0.340895414352417
Time taken for candidate 7087 is 0.35326433181762695
Time taken for candidate 7088 is 0.6115832328796387
Time taken for candidate 7089 is 0.7788364887237549
Time taken for candidate 7090 is 0.1714174747467041
Time taken for candidate 7091 is 0.1495039463043213
Time taken for candidate 7092 is 0.16617107391357422
Time taken for candidate 7093 is 0.37087059020996094
Time taken for candidate 7094 is 0.35409116744995117
Time taken for candidate 7095 is 0.4150712490081787
Time taken for candidate 7096 is 0.6388194561004639
Time taken for candidate 7097 is 0.23249244689941406
Time taken for candidate 7098 is 0.14745426177978516
Time taken for candidate 7099 is 0.8612890243530273
Time taken for candidate 7100 is 0.2768893241882324
Time taken for candidate 7101 is 0.29023194313049316
Time taken for candidate 7102 is 0.3199293613433838
Time taken for candidate 7103 is 0.6549606323242188
Time taken for candidate 7104 is 0.2614560127258301
Time taken for candidate 7105 is 0.26322031021118164
Time taken for candidate 7106 is 0.44266319274902344
Time taken for candidate 7107 is 0.68623948097229
Time taken for candidate 7108 is 0.2742502689361572
Time taken for candidate 7109 is 0.6368651390075684
Time taken for candidate 7110 is 0.4082331657409668
Time taken for candidate 7111 is 0.6667098999023438
Time taken for candidate 7112 is 0.07890081405639648
Time taken for candidate 7113 is 0.43231678009033203
Time taken for candidate 7114 is 0.21872878074645996
Time taken for candidate 7115 is 0.6179771423339844
Time taken for candidate 7116 is 0.6929397583007812
Time taken for candidate 7117 is 0.28779053688049316
Time taken for candidate 7118 is 0.2247908115386963
Time taken for candidate 7119 is 0.08292913436889648
Time taken for candidate 7120 is 0.3447990417480469
Time taken for candidate 7121 is 0.3339812755584717
Time taken for candidate 7122 is 0.37615370750427246
Time taken for candidate 7123 is 0.1371304988861084
Time taken for candidate 7124 is 0.6831626892089844
Time taken for candidate 7125 is 0.9711685180664062
Time taken for candidate 7126 is 0.5193276405334473
Time taken for candidate 7127 is 0.41637396812438965
Time taken for candidate 7128 is 0.6114087104797363
Time taken for candidate 7129 is 0.8955507278442383
Time taken for candidate 7130 is 0.41698336601257324
Time taken for candidate 7131 is 0.65659499168396
Time taken for candidate 7132 is 0.17738676071166992
Time taken for candidate 7133 is 0.34246301651000977
Time taken for candidate 7134 is 0.3203434944152832
Time taken for candidate 7135 is 0.26202988624572754
Time taken for candidate 7136 is 0.6402008533477783
Time taken for candidate 7137 is 0.3017613887786865
Time taken for candidate 7138 is 0.2847442626953125
Time taken for candidate 7139 is 0.9098834991455078
Time taken for candidate 7140 is 0.47910118103027344
Time taken for candidate 7141 is 0.2300853729248047
Time taken for candidate 7142 is 0.42183780670166016
Time taken for candidate 7143 is 0.21162176132202148
Time taken for candidate 7144 is 0.6584439277648926
Time taken for candidate 7145 is 0.1363511085510254
Time taken for candidate 7146 is 0.5239975452423096
Time taken for candidate 7147 is 0.8401615619659424
Time taken for candidate 7148 is 0.44189977645874023
Time taken for candidate 7149 is 0.5248486995697021
Time taken for candidate 7150 is 0.26282835006713867
Time taken for candidate 7151 is 0.9767224788665771
Time taken for candidate 7152 is 0.48876070976257324
Time taken for candidate 7153 is 1.0752997398376465
Time taken for candidate 7154 is 0.6058063507080078
Time taken for candidate 7155 is 0.5784857273101807
Time taken for candidate 7156 is 0.2679169178009033
Time taken for candidate 7157 is 0.3565537929534912
Time taken for candidate 7158 is 0.3041508197784424
Time taken for candidate 7159 is 0.5732250213623047
Time taken for candidate 7160 is 0.5838098526000977
Time taken for candidate 7161 is 0.08549261093139648
Time taken for candidate 7162 is 0.47567033767700195
Time taken for candidate 7163 is 0.37714576721191406
Time taken for candidate 7164 is 0.5599052906036377
Time taken for candidate 7165 is 0.5839874744415283
Time taken for candidate 7166 is 0.38942694664001465
Time taken for candidate 7167 is 0.7450549602508545
Time taken for candidate 7168 is 0.40719175338745117
Time taken for candidate 7169 is 0.555168628692627
Time taken for candidate 7170 is 0.4118039608001709
Time taken for candidate 7171 is 0.4537041187286377
Time taken for candidate 7172 is 0.3038146495819092
Time taken for candidate 7173 is 0.5061190128326416
Time taken for candidate 7174 is 0.7478547096252441
Time taken for candidate 7175 is 0.3034498691558838
Time taken for candidate 7176 is 0.2735004425048828
Time taken for candidate 7177 is 0.5167577266693115
Time taken for candidate 7178 is 0.33825230598449707
Time taken for candidate 7179 is 0.45885491371154785
Time taken for candidate 7180 is 0.2302076816558838
Time taken for candidate 7181 is 0.9233982563018799
Time taken for candidate 7182 is 0.5482726097106934
Time taken for candidate 7183 is 0.9538795948028564
Time taken for candidate 7184 is 0.7797975540161133
Time taken for candidate 7185 is 0.7692101001739502
Time taken for candidate 7186 is 0.7878592014312744
Time taken for candidate 7187 is 0.600278377532959
Time taken for candidate 7188 is 0.5879154205322266
Time taken for candidate 7189 is 0.17490100860595703
Time taken for candidate 7190 is 0.7232046127319336
Time taken for candidate 7191 is 0.25119686126708984
Time taken for candidate 7192 is 0.21299457550048828
Time taken for candidate 7193 is 0.3620293140411377
Time taken for candidate 7194 is 0.20222806930541992
Time taken for candidate 7195 is 0.15657377243041992
Time taken for candidate 7196 is 0.4237692356109619
Time taken for candidate 7197 is 0.8941998481750488
Time taken for candidate 7198 is 0.3582625389099121
Time taken for candidate 7199 is 0.2760021686553955
Time taken for candidate 7200 is 0.48482513427734375
Time taken for candidate 7201 is 0.274580717086792
Time taken for candidate 7202 is 0.6988399028778076
Time taken for candidate 7203 is 0.20772171020507812
Time taken for candidate 7204 is 0.6225264072418213
Time taken for candidate 7205 is 0.39080262184143066
Time taken for candidate 7206 is 0.5048861503601074
Time taken for candidate 7207 is 0.41403627395629883
Time taken for candidate 7208 is 0.17795562744140625
Time taken for candidate 7209 is 0.601703405380249
Time taken for candidate 7210 is 0.4244210720062256
Time taken for candidate 7211 is 0.3391127586364746
Time taken for candidate 7212 is 1.0783789157867432
Time taken for candidate 7213 is 0.39865827560424805
Time taken for candidate 7214 is 0.3415837287902832
Time taken for candidate 7215 is 0.7767670154571533
Time taken for candidate 7216 is 0.5773627758026123
Time taken for candidate 7217 is 0.6255691051483154
Time taken for candidate 7218 is 0.6153855323791504
Time taken for candidate 7219 is 0.36649179458618164
Time taken for candidate 7220 is 0.1645958423614502
Time taken for candidate 7221 is 0.2354106903076172
Time taken for candidate 7222 is 0.42417144775390625
Time taken for candidate 7223 is 0.07525634765625
Time taken for candidate 7224 is 0.5411567687988281
Time taken for candidate 7225 is 0.30978965759277344
Time taken for candidate 7226 is 0.43356800079345703
Time taken for candidate 7227 is 0.24306988716125488
Time taken for candidate 7228 is 0.4270296096801758
Time taken for candidate 7229 is 0.9080822467803955
Time taken for candidate 7230 is 0.3411586284637451
Time taken for candidate 7231 is 0.9336800575256348
Time taken for candidate 7232 is 0.14537334442138672
Time taken for candidate 7233 is 0.2763702869415283
Time taken for candidate 7234 is 0.3009183406829834
Time taken for candidate 7235 is 0.336991548538208
Time taken for candidate 7236 is 0.1521594524383545
Time taken for candidate 7237 is 0.41800761222839355
Time taken for candidate 7238 is 0.39134907722473145
Time taken for candidate 7239 is 0.3917677402496338
Time taken for candidate 7240 is 0.5787031650543213
Time taken for candidate 7241 is 0.41634297370910645
Time taken for candidate 7242 is 0.4992542266845703
Time taken for candidate 7243 is 0.6416351795196533
Time taken for candidate 7244 is 0.8153684139251709
Time taken for candidate 7245 is 0.3841438293457031
Time taken for candidate 7246 is 0.8043107986450195
Time taken for candidate 7247 is 0.3928852081298828
Time taken for candidate 7248 is 1.0885562896728516
Time taken for candidate 7249 is 0.4518582820892334
Time taken for candidate 7250 is 0.3995985984802246
Time taken for candidate 7251 is 0.20568156242370605
Time taken for candidate 7253 is 0.4811379909515381
Time taken for candidate 7254 is 0.08064627647399902
Time taken for candidate 7255 is 0.47929954528808594
Time taken for candidate 7256 is 0.8778319358825684
Time taken for candidate 7257 is 0.2120368480682373
Time taken for candidate 7258 is 0.3430287837982178
Time taken for candidate 7259 is 0.3890862464904785
Time taken for candidate 7260 is 0.29032421112060547
Time taken for candidate 7261 is 0.5080740451812744
Time taken for candidate 7262 is 0.07960247993469238
Time taken for candidate 7263 is 0.49587011337280273
Time taken for candidate 7264 is 0.36951708793640137
Time taken for candidate 7265 is 0.5955655574798584
Time taken for candidate 7266 is 0.4548201560974121
Time taken for candidate 7267 is 0.2192065715789795
Time taken for candidate 7268 is 0.2720792293548584
Time taken for candidate 7269 is 0.3589324951171875
Time taken for candidate 7270 is 0.22012877464294434
Time taken for candidate 7271 is 0.8487517833709717
Time taken for candidate 7272 is 0.6829469203948975
Time taken for candidate 7273 is 0.3290259838104248
Time taken for candidate 7274 is 0.22124123573303223
Time taken for candidate 7275 is 0.4901256561279297
Time taken for candidate 7276 is 0.8336987495422363
Time taken for candidate 7277 is 0.30791807174682617
Time taken for candidate 7278 is 0.7923851013183594
Time taken for candidate 7279 is 0.22723603248596191
Time taken for candidate 7280 is 0.5178112983703613
Time taken for candidate 7281 is 0.30127525329589844
Time taken for candidate 7282 is 0.1427617073059082
Time taken for candidate 7283 is 0.21358537673950195
Time taken for candidate 7284 is 0.6739881038665771
Time taken for candidate 7285 is 0.5438132286071777
Time taken for candidate 7286 is 0.27431154251098633
Time taken for candidate 7287 is 0.6051499843597412
Time taken for candidate 7288 is 0.23191237449645996
Time taken for candidate 7289 is 0.42181992530822754
Time taken for candidate 7290 is 0.4149947166442871
Time taken for candidate 7291 is 0.6202068328857422
Time taken for candidate 7292 is 0.569157600402832
Time taken for candidate 7293 is 0.22645998001098633
Time taken for candidate 7294 is 0.4806029796600342
Time taken for candidate 7295 is 0.5176360607147217
Time taken for candidate 7296 is 0.4622318744659424
Time taken for candidate 7297 is 0.3027153015136719
Time taken for candidate 7298 is 0.40037059783935547
Time taken for candidate 7299 is 0.2774050235748291
Time taken for candidate 7300 is 0.5865564346313477
Time taken for candidate 7301 is 0.6481080055236816
Time taken for candidate 7302 is 0.3056299686431885
Time taken for candidate 7303 is 0.40601158142089844
Time taken for candidate 7304 is 0.15654492378234863
Time taken for candidate 7305 is 0.24727225303649902
Time taken for candidate 7306 is 0.34986066818237305
Time taken for candidate 7307 is 0.829186201095581
Time taken for candidate 7308 is 0.344482421875
Time taken for candidate 7309 is 0.7785041332244873
Time taken for candidate 7310 is 0.37656426429748535
Time taken for candidate 7311 is 0.28516173362731934
Time taken for candidate 7312 is 0.2219853401184082
Time taken for candidate 7313 is 0.6392941474914551
Time taken for candidate 7314 is 0.573030948638916
Time taken for candidate 7315 is 1.131312608718872
Time taken for candidate 7316 is 0.6923198699951172
Time taken for candidate 7317 is 0.46483874320983887
Time taken for candidate 7318 is 0.5029032230377197
Time taken for candidate 7319 is 0.6023244857788086
Time taken for candidate 7320 is 0.45431971549987793
Time taken for candidate 7321 is 0.5843775272369385
Time taken for candidate 7322 is 0.14478063583374023
Time taken for candidate 7323 is 0.2354295253753662
Time taken for candidate 7324 is 0.23042893409729004
Time taken for candidate 7325 is 0.2217090129852295
Time taken for candidate 7326 is 0.37626194953918457
Time taken for candidate 7327 is 0.524965763092041
Time taken for candidate 7328 is 0.29701852798461914
Time taken for candidate 7329 is 0.14995837211608887
Time taken for candidate 7330 is 0.3908717632293701
Time taken for candidate 7331 is 0.2401573657989502
Time taken for candidate 7332 is 0.37885141372680664
Time taken for candidate 7333 is 0.42257142066955566
Time taken for candidate 7334 is 0.699674129486084
Time taken for candidate 7335 is 0.8373465538024902
Time taken for candidate 7336 is 0.5246481895446777
Time taken for candidate 7337 is 0.2657806873321533
Time taken for candidate 7338 is 0.2644507884979248
Time taken for candidate 7339 is 0.5204160213470459
Time taken for candidate 7340 is 0.39890527725219727
Time taken for candidate 7341 is 0.3890869617462158
Time taken for candidate 7342 is 0.0819697380065918
Time taken for candidate 7343 is 0.2122800350189209
Time taken for candidate 7344 is 0.856471061706543
Time taken for candidate 7345 is 0.1681070327758789
Time taken for candidate 7346 is 0.363750696182251
Time taken for candidate 7347 is 0.28972458839416504
Time taken for candidate 7348 is 0.13894081115722656
Time taken for candidate 7349 is 0.2470717430114746
Time taken for candidate 7350 is 0.23810291290283203
Time taken for candidate 7351 is 0.4886963367462158
Time taken for candidate 7352 is 0.4722003936767578
Time taken for candidate 7353 is 0.5795753002166748
Time taken for candidate 7354 is 0.44475388526916504
Time taken for candidate 7355 is 0.9414098262786865
Time taken for candidate 7356 is 0.34637975692749023
Time taken for candidate 7357 is 0.22223567962646484
Time taken for candidate 7358 is 0.22075796127319336
Time taken for candidate 7359 is 0.10397744178771973
Time taken for candidate 7360 is 0.6187787055969238
Time taken for candidate 7361 is 0.5306031703948975
Time taken for candidate 7362 is 0.615851640701294
Time taken for candidate 7363 is 0.2958076000213623
Time taken for candidate 7364 is 0.6564970016479492
Time taken for candidate 7365 is 0.3733224868774414
Time taken for candidate 7366 is 0.6163058280944824
Time taken for candidate 7367 is 0.2931499481201172
Time taken for candidate 7368 is 0.28906846046447754
Time taken for candidate 7369 is 0.36708950996398926
Time taken for candidate 7370 is 0.5019335746765137
Time taken for candidate 7371 is 0.6917538642883301
Time taken for candidate 7372 is 0.7609407901763916
Time taken for candidate 7373 is 0.870150089263916
Time taken for candidate 7374 is 0.3665750026702881
Time taken for candidate 7375 is 0.5198087692260742
Time taken for candidate 7376 is 0.34526538848876953
Time taken for candidate 7377 is 0.6294028759002686
Time taken for candidate 7378 is 0.5629713535308838
Time taken for candidate 7379 is 0.34566783905029297
Time taken for candidate 7380 is 0.7194747924804688
Time taken for candidate 7381 is 0.7903556823730469
Time taken for candidate 7382 is 0.5735986232757568
Time taken for candidate 7383 is 0.11028289794921875
Time taken for candidate 7384 is 0.5352299213409424
Time taken for candidate 7385 is 0.33872318267822266
Time taken for candidate 7386 is 0.2773146629333496
Time taken for candidate 7387 is 0.68678879737854
Time taken for candidate 7388 is 0.5639309883117676
Time taken for candidate 7389 is 0.7902510166168213
Time taken for candidate 7390 is 0.16048383712768555
Time taken for candidate 7391 is 0.4223811626434326
Time taken for candidate 7392 is 0.5351581573486328
Time taken for candidate 7393 is 0.3500802516937256
Time taken for candidate 7394 is 0.355449914932251
Time taken for candidate 7395 is 0.3652982711791992
Time taken for candidate 7396 is 0.7060790061950684
Time taken for candidate 7397 is 0.3522224426269531
Time taken for candidate 7398 is 0.17451882362365723
Time taken for candidate 7399 is 0.23994946479797363
Time taken for candidate 7400 is 0.2389688491821289
Time taken for candidate 7401 is 0.5711088180541992
Time taken for candidate 7402 is 0.3688485622406006
Time taken for candidate 7403 is 0.5182573795318604
Time taken for candidate 7404 is 0.4186537265777588
Time taken for candidate 7405 is 1.0090160369873047
Time taken for candidate 7406 is 0.24358272552490234
Time taken for candidate 7407 is 0.708376407623291
Time taken for candidate 7408 is 0.8374395370483398
Time taken for candidate 7409 is 0.6268932819366455
Time taken for candidate 7410 is 0.5147955417633057
Time taken for candidate 7411 is 0.2539865970611572
Time taken for candidate 7412 is 0.28759145736694336
Time taken for candidate 7413 is 0.564028263092041
Time taken for candidate 7414 is 0.21700453758239746
Time taken for candidate 7415 is 0.9887371063232422
Time taken for candidate 7416 is 0.33550429344177246
Time taken for candidate 7417 is 0.9602057933807373
Time taken for candidate 7418 is 0.5756094455718994
Time taken for candidate 7419 is 0.7223701477050781
Time taken for candidate 7420 is 0.4311854839324951
Time taken for candidate 7421 is 0.2692990303039551
Time taken for candidate 7422 is 0.14377427101135254
Time taken for candidate 7423 is 0.2724316120147705
Time taken for candidate 7424 is 0.9518945217132568
Time taken for candidate 7425 is 0.17086029052734375
Time taken for candidate 7426 is 0.26201462745666504
Time taken for candidate 7427 is 0.3210258483886719
Time taken for candidate 7428 is 1.3101999759674072
Time taken for candidate 7429 is 0.7224323749542236
Time taken for candidate 7430 is 0.10206317901611328
Time taken for candidate 7431 is 0.2903270721435547
Time taken for candidate 7432 is 0.1531660556793213
Time taken for candidate 7433 is 0.41118717193603516
Time taken for candidate 7434 is 0.26328396797180176
Time taken for candidate 7435 is 0.8852553367614746
Time taken for candidate 7436 is 0.4034383296966553
Time taken for candidate 7437 is 0.7761542797088623
Time taken for candidate 7438 is 0.15068840980529785
Time taken for candidate 7439 is 0.33858609199523926
Time taken for candidate 7440 is 0.4699366092681885
Time taken for candidate 7441 is 0.09746408462524414
Time taken for candidate 7442 is 0.34937167167663574
Time taken for candidate 7443 is 0.36092257499694824
Time taken for candidate 7444 is 0.8159122467041016
Time taken for candidate 7445 is 0.2686586380004883
Time taken for candidate 7447 is 0.3542976379394531
Time taken for candidate 7448 is 0.6060378551483154
Time taken for candidate 7449 is 0.4270918369293213
Time taken for candidate 7450 is 0.4844222068786621
Time taken for candidate 7451 is 0.1443183422088623
Time taken for candidate 7452 is 0.3181798458099365
Time taken for candidate 7453 is 0.8302743434906006
Time taken for candidate 7454 is 0.5442612171173096
Time taken for candidate 7455 is 0.6779742240905762
Time taken for candidate 7456 is 1.0460994243621826
Time taken for candidate 7457 is 0.14086580276489258
Time taken for candidate 7458 is 0.39192914962768555
Time taken for candidate 7459 is 0.3462953567504883
Time taken for candidate 7460 is 0.16822266578674316
Time taken for candidate 7461 is 0.5420632362365723
Time taken for candidate 7462 is 0.5340194702148438
Time taken for candidate 7463 is 0.24366259574890137
Time taken for candidate 7464 is 0.7115423679351807
Time taken for candidate 7465 is 0.22028493881225586
Time taken for candidate 7466 is 0.152083158493042
Time taken for candidate 7467 is 0.8382015228271484
Time taken for candidate 7468 is 0.42523741722106934
Time taken for candidate 7469 is 0.5813853740692139
Time taken for candidate 7470 is 0.42440366744995117
Time taken for candidate 7471 is 0.17230892181396484
Time taken for candidate 7472 is 0.4911179542541504
Time taken for candidate 7473 is 0.6051976680755615
Time taken for candidate 7474 is 0.5631964206695557
Time taken for candidate 7475 is 0.8538486957550049
Time taken for candidate 7476 is 0.6964735984802246
Time taken for candidate 7477 is 0.13767433166503906
Time taken for candidate 7478 is 0.8860440254211426
Time taken for candidate 7479 is 0.2753610610961914
Time taken for candidate 7480 is 0.7160458564758301
Time taken for candidate 7481 is 0.27216434478759766
Time taken for candidate 7482 is 0.4207265377044678
Time taken for candidate 7483 is 0.3448607921600342
Time taken for candidate 7484 is 0.3975718021392822
Time taken for candidate 7485 is 0.28522443771362305
Time taken for candidate 7486 is 0.3558769226074219
Time taken for candidate 7487 is 0.5307729244232178
Time taken for candidate 7488 is 0.3195149898529053
Time taken for candidate 7489 is 0.23479986190795898
Time taken for candidate 7490 is 0.4748668670654297
Time taken for candidate 7491 is 0.8326706886291504
Time taken for candidate 7492 is 0.6514556407928467
Time taken for candidate 7493 is 0.8202996253967285
Time taken for candidate 7494 is 0.25968122482299805
Time taken for candidate 7495 is 0.5463416576385498
Time taken for candidate 7496 is 0.2133474349975586
Time taken for candidate 7497 is 0.09807944297790527
Time taken for candidate 7498 is 0.4602091312408447
Time taken for candidate 7499 is 0.17300915718078613
Time taken for candidate 7500 is 0.3349180221557617
Time taken for candidate 7501 is 0.4340982437133789
Time taken for candidate 7502 is 1.0045256614685059
Time taken for candidate 7503 is 0.737966775894165
Time taken for candidate 7504 is 0.9296834468841553
Time taken for candidate 7505 is 0.8412363529205322
Time taken for candidate 7506 is 0.4269869327545166
Time taken for candidate 7507 is 0.31785082817077637
Time taken for candidate 7508 is 0.21596145629882812
Time taken for candidate 7509 is 0.36270594596862793
Time taken for candidate 7510 is 0.4473686218261719
Time taken for candidate 7511 is 0.2801487445831299
Time taken for candidate 7512 is 0.5136775970458984
Time taken for candidate 7513 is 0.21733999252319336
Time taken for candidate 7514 is 0.6040294170379639
Time taken for candidate 7515 is 0.6792302131652832
Time taken for candidate 7516 is 0.6440551280975342
Time taken for candidate 7517 is 0.31715893745422363
Time taken for candidate 7518 is 0.3444390296936035
Time taken for candidate 7519 is 0.5441622734069824
Time taken for candidate 7520 is 0.1525709629058838
Time taken for candidate 7521 is 0.5823557376861572
Time taken for candidate 7522 is 0.5355825424194336
Time taken for candidate 7523 is 0.6774652004241943
Time taken for candidate 7524 is 0.13697600364685059
Time taken for candidate 7525 is 0.4116702079772949
Time taken for candidate 7526 is 0.4736168384552002
Time taken for candidate 7527 is 0.08079862594604492
Time taken for candidate 7528 is 0.5367636680603027
Time taken for candidate 7529 is 0.29152536392211914
Time taken for candidate 7530 is 0.9963672161102295
Time taken for candidate 7531 is 0.4585862159729004
Time taken for candidate 7532 is 0.4120757579803467
Time taken for candidate 7533 is 0.4494805335998535
Time taken for candidate 7534 is 0.7347657680511475
Time taken for candidate 7535 is 0.6170389652252197
Time taken for candidate 7536 is 0.29356932640075684
Time taken for candidate 7537 is 0.37392640113830566
Time taken for candidate 7538 is 0.4699110984802246
Time taken for candidate 7539 is 0.7369446754455566
Time taken for candidate 7540 is 0.294755220413208
Time taken for candidate 7541 is 0.47693610191345215
Time taken for candidate 7542 is 0.6066679954528809
Time taken for candidate 7543 is 0.8792626857757568
Time taken for candidate 7544 is 0.46848344802856445
Time taken for candidate 7545 is 0.5814669132232666
Time taken for candidate 7546 is 0.721104621887207
Time taken for candidate 7547 is 0.5646519660949707
Time taken for candidate 7548 is 0.517716646194458
Time taken for candidate 7549 is 0.6039175987243652
Time taken for candidate 7550 is 0.27927327156066895
Time taken for candidate 7551 is 0.5246505737304688
Time taken for candidate 7552 is 0.3408362865447998
Time taken for candidate 7553 is 0.5085630416870117
Time taken for candidate 7554 is 1.1552350521087646
Time taken for candidate 7555 is 0.210127592086792
Time taken for candidate 7556 is 0.369265079498291
Time taken for candidate 7557 is 0.29741859436035156
Time taken for candidate 7558 is 0.22431278228759766
Time taken for candidate 7559 is 0.1386868953704834
Time taken for candidate 7560 is 0.37854599952697754
Time taken for candidate 7561 is 0.6949748992919922
Time taken for candidate 7562 is 0.3252589702606201
Time taken for candidate 7563 is 0.5845153331756592
Time taken for candidate 7564 is 0.35657358169555664
Time taken for candidate 7565 is 0.22677850723266602
Time taken for candidate 7566 is 0.3426222801208496
Time taken for candidate 7567 is 0.42035531997680664
Time taken for candidate 7568 is 0.4742269515991211
Time taken for candidate 7569 is 0.29178643226623535
Time taken for candidate 7570 is 0.5495898723602295
Time taken for candidate 7571 is 0.8137819766998291
Time taken for candidate 7572 is 0.6005661487579346
Time taken for candidate 7573 is 0.3457643985748291
Time taken for candidate 7574 is 0.5458774566650391
Time taken for candidate 7575 is 0.33538126945495605
Time taken for candidate 7576 is 0.38034844398498535
Time taken for candidate 7577 is 0.22533702850341797
Time taken for candidate 7578 is 0.6101529598236084
Time taken for candidate 7579 is 0.702289342880249
Time taken for candidate 7580 is 0.4051225185394287
Time taken for candidate 7581 is 0.21726107597351074
Time taken for candidate 7582 is 0.5408024787902832
Time taken for candidate 7583 is 0.9444866180419922
Time taken for candidate 7584 is 0.5153083801269531
Time taken for candidate 7585 is 0.40783190727233887
Time taken for candidate 7586 is 0.36194276809692383
Time taken for candidate 7587 is 0.28330063819885254
Time taken for candidate 7588 is 0.8120059967041016
Time taken for candidate 7589 is 0.28952622413635254
Time taken for candidate 7590 is 0.9596023559570312
Time taken for candidate 7591 is 0.8877992630004883
Time taken for candidate 7592 is 0.3352508544921875
Time taken for candidate 7593 is 0.1750202178955078
Time taken for candidate 7594 is 0.2847294807434082
Time taken for candidate 7595 is 0.4280080795288086
Time taken for candidate 7596 is 0.5561039447784424
Time taken for candidate 7597 is 0.1550126075744629
Time taken for candidate 7598 is 0.37740087509155273
Time taken for candidate 7599 is 1.2607758045196533
Time taken for candidate 7600 is 0.4723541736602783
Time taken for candidate 7601 is 0.5500550270080566
Time taken for candidate 7602 is 0.49338197708129883
Time taken for candidate 7603 is 0.4118032455444336
Time taken for candidate 7604 is 0.5769431591033936
Time taken for candidate 7605 is 0.5593421459197998
Time taken for candidate 7606 is 0.7260966300964355
Time taken for candidate 7607 is 0.6518170833587646
Time taken for candidate 7608 is 0.5760772228240967
Time taken for candidate 7609 is 0.5110208988189697
Time taken for candidate 7610 is 0.41996335983276367
Time taken for candidate 7611 is 0.6875040531158447
Time taken for candidate 7612 is 0.3396484851837158
Time taken for candidate 7613 is 0.9019653797149658
Time taken for candidate 7614 is 0.6479086875915527
Time taken for candidate 7615 is 0.379763126373291
Time taken for candidate 7616 is 0.6879959106445312
Time taken for candidate 7617 is 0.2926499843597412
Time taken for candidate 7618 is 0.3130624294281006
Time taken for candidate 7619 is 0.8209483623504639
Time taken for candidate 7620 is 0.33945798873901367
Time taken for candidate 7621 is 0.0856027603149414
Time taken for candidate 7622 is 0.5707578659057617
Time taken for candidate 7623 is 0.9919376373291016
Time taken for candidate 7624 is 1.0993573665618896
Time taken for candidate 7625 is 0.6956472396850586
Time taken for candidate 7626 is 0.36327147483825684
Time taken for candidate 7627 is 0.4913198947906494
Time taken for candidate 7628 is 0.5031416416168213
Time taken for candidate 7629 is 0.20334267616271973
Time taken for candidate 7630 is 0.3844578266143799
Time taken for candidate 7631 is 0.33603620529174805
Time taken for candidate 7632 is 0.4362757205963135
Time taken for candidate 7633 is 0.14346790313720703
Time taken for candidate 7634 is 0.2926337718963623
Time taken for candidate 7635 is 0.5632531642913818
Time taken for candidate 7636 is 0.21607756614685059
Time taken for candidate 7637 is 0.5076308250427246
Time taken for candidate 7638 is 0.4432718753814697
Time taken for candidate 7639 is 0.2968175411224365
Time taken for candidate 7640 is 0.3622708320617676
Time taken for candidate 7641 is 0.5280942916870117
Time taken for candidate 7642 is 0.8433699607849121
Time taken for candidate 7643 is 0.3696103096008301
Time taken for candidate 7644 is 0.22131848335266113
Time taken for candidate 7645 is 0.36368536949157715
Time taken for candidate 7646 is 0.15141081809997559
Time taken for candidate 7647 is 0.3570408821105957
Time taken for candidate 7648 is 0.20953726768493652
Time taken for candidate 7649 is 0.5564732551574707
Time taken for candidate 7650 is 0.1954665184020996
Time taken for candidate 7651 is 0.2160637378692627
Time taken for candidate 7652 is 0.4852287769317627
Time taken for candidate 7653 is 0.6207857131958008
Time taken for candidate 7654 is 0.6441264152526855
Time taken for candidate 7655 is 0.3288142681121826
Time taken for candidate 7656 is 0.19420075416564941
Time taken for candidate 7657 is 0.7239232063293457
Time taken for candidate 7658 is 0.5025839805603027
Time taken for candidate 7659 is 0.5142190456390381
Time taken for candidate 7660 is 0.3941004276275635
Time taken for candidate 7661 is 0.4895899295806885
Time taken for candidate 7662 is 0.4908559322357178
Time taken for candidate 7663 is 0.7002162933349609
Time taken for candidate 7664 is 0.3850078582763672
Time taken for candidate 7665 is 0.36449337005615234
Time taken for candidate 7666 is 0.6120350360870361
Time taken for candidate 7667 is 0.5059452056884766
Time taken for candidate 7668 is 0.6122422218322754
Time taken for candidate 7669 is 0.7067041397094727
Time taken for candidate 7670 is 0.2782473564147949
Time taken for candidate 7671 is 0.07947611808776855
Time taken for candidate 7672 is 0.8246581554412842
Time taken for candidate 7673 is 0.20459318161010742
Time taken for candidate 7674 is 0.6696360111236572
Time taken for candidate 7675 is 0.31914544105529785
Time taken for candidate 7676 is 0.5569474697113037
Time taken for candidate 7677 is 0.853529691696167
Time taken for candidate 7678 is 0.33957743644714355
Time taken for candidate 7679 is 0.4555082321166992
Time taken for candidate 7680 is 0.6386380195617676
Time taken for candidate 7681 is 0.7920587062835693
Time taken for candidate 7682 is 0.3659543991088867
Time taken for candidate 7683 is 0.369873046875
Time taken for candidate 7684 is 0.6274447441101074
Time taken for candidate 7685 is 0.35223913192749023
Time taken for candidate 7686 is 0.5682156085968018
Time taken for candidate 7687 is 0.5403447151184082
Time taken for candidate 7688 is 0.5655367374420166
Time taken for candidate 7689 is 0.6630513668060303
Time taken for candidate 7690 is 0.41655468940734863
Time taken for candidate 7691 is 0.3132297992706299
Time taken for candidate 7692 is 0.5847556591033936
Time taken for candidate 7693 is 0.8216166496276855
Time taken for candidate 7694 is 0.734821081161499
Time taken for candidate 7695 is 0.3460807800292969
Time taken for candidate 7696 is 0.6695196628570557
Time taken for candidate 7697 is 0.4390099048614502
Time taken for candidate 7698 is 0.44107532501220703
Time taken for candidate 7699 is 0.32189512252807617
Time taken for candidate 7700 is 0.9191281795501709
Time taken for candidate 7701 is 0.16814589500427246
Time taken for candidate 7702 is 0.5396718978881836
Time taken for candidate 7703 is 0.5367567539215088
Time taken for candidate 7704 is 0.4078207015991211
Time taken for candidate 7705 is 0.23288559913635254
Time taken for candidate 7706 is 0.42643237113952637
Time taken for candidate 7707 is 0.5680932998657227
Time taken for candidate 7708 is 0.4019608497619629
Done with similarity
Created Dataframe
      candidate_id  reference_id    similarity       dist  score
0             5978             1  4.955497e-09  19.122768    1.0
1             5979             1  5.387201e-09  19.039240    2.0
2             5980             1  3.765617e-09  19.397354    1.0
3             5981             1  8.670976e-10  20.865870    1.0
4             5982             1  1.935304e-09  20.063002    2.0
...            ...           ...           ...        ...    ...
1721          7704             1  7.075901e-09  18.766571    2.0
1722          7705             1  4.021597e-09  19.331587    1.0
1723          7706             1  8.790964e-09  18.549541    2.0
1724          7707             1  1.040807e-08  18.380684    2.0
1725          7708             1  1.033380e-08  18.387846    3.0

[1726 rows x 5 columns]
Finished writing file
