candidates_folder ../data/WMT18Data/system-outputs/newstest2018/et-en/
REFERENCES_FILE ../data/WMT18Data/references/newstest2018-eten-ref.en
MODEL glove
METHOD sms 


Running against the candidates from: ../data/WMT18Data/system-outputs/newstest2018/et-en/newstest2018.CUNI-Kocmi.5618.et-en
Score: 0.4078791118529962
Done in 87.14018297195435
=========================
Running against the candidates from: ../data/WMT18Data/system-outputs/newstest2018/et-en/newstest2018.HY-NMT-et-en.5463.et-en
Score: 0.43662118297249863
Done in 86.04368424415588
=========================
Running against the candidates from: ../data/WMT18Data/system-outputs/newstest2018/et-en/newstest2018.M4t1ss.5692.et-en
Score: 0.44493258512630585
Done in 87.7216854095459
=========================
Running against the candidates from: ../data/WMT18Data/system-outputs/newstest2018/et-en/newstest2018.NICT.5664.et-en
Score: 0.4570027527711309
Done in 75.45890974998474
=========================
Running against the candidates from: ../data/WMT18Data/system-outputs/newstest2018/et-en/newstest2018.UnsupTartu.5722.et-en
Score: 0.2515208626228904
Done in 94.71256589889526
=========================
Running against the candidates from: ../data/WMT18Data/system-outputs/newstest2018/et-en/newstest2018.neurotolge.ee.5398.et-en
Score: 0.40186128610280175
Done in 95.82439494132996
=========================
Running against the candidates from: ../data/WMT18Data/system-outputs/newstest2018/et-en/newstest2018.online-A.0.et-en
Score: 0.419172826918719
Done in 86.54266953468323
=========================
Running against the candidates from: ../data/WMT18Data/system-outputs/newstest2018/et-en/newstest2018.online-B.0.et-en
Score: 0.43617592346388245
Done in 87.12272763252258
=========================
Running against the candidates from: ../data/WMT18Data/system-outputs/newstest2018/et-en/newstest2018.online-G.0.et-en
Score: 0.38693049276423486
Done in 90.13655757904053
=========================
Running against the candidates from: ../data/WMT18Data/system-outputs/newstest2018/et-en/newstest2018.talp-upc.5421.et-en
Score: 0.4220922515102233
Done in 91.32901692390442
=========================
Running against the candidates from: ../data/WMT18Data/system-outputs/newstest2018/et-en/newstest2018.tilde-c-nmt-comb.5718.et-en
Score: 0.4486111330420775
Done in 90.9591326713562
=========================
Running against the candidates from: ../data/WMT18Data/system-outputs/newstest2018/et-en/newstest2018.tilde-c-nmt.5715.et-en
Score: 0.4518761651178563
Done in 85.84996700286865
=========================
Running against the candidates from: ../data/WMT18Data/system-outputs/newstest2018/et-en/newstest2018.tilde-nc-nmt.5485.et-en
Score: 0.46735885925406107
Done in 78.94482135772705
=========================
Running against the candidates from: ../data/WMT18Data/system-outputs/newstest2018/et-en/newstest2018.uedin.5562.et-en
Score: 0.449360433494505
Done in 91.01130318641663
=========================
Fatal Python error: deallocating None

Current thread 0x00007f8da4203740 (most recent call first):
