Number of candidates: 1726
Loaded model 29.997053384780884
Number of references: 1
Done preprocessing references 62.828803300857544
Time taken for candidate 5978 is 13.053210496902466
Time taken for candidate 5979 is 66.24306225776672
Time taken for candidate 5980 is 28.82529091835022
Time taken for candidate 5981 is 13.965048551559448
Time taken for candidate 5982 is 19.222447872161865
Time taken for candidate 5983 is 12.457257747650146
Time taken for candidate 5984 is 10.420962810516357
Time taken for candidate 5985 is 40.25385022163391
Time taken for candidate 5986 is 25.715494394302368
Time taken for candidate 5987 is 52.44533085823059
Time taken for candidate 5988 is 45.33527064323425
Time taken for candidate 5989 is 24.078484773635864
Time taken for candidate 5990 is 35.86301922798157
Time taken for candidate 5991 is 24.33475637435913
Time taken for candidate 5992 is 0.6959459781646729
Time taken for candidate 5993 is 28.240258932113647
Time taken for candidate 5994 is 31.87026810646057
Time taken for candidate 5995 is 29.749213933944702
Time taken for candidate 5996 is 27.411813735961914
Time taken for candidate 5997 is 24.694006204605103
Time taken for candidate 5998 is 10.405097007751465
Time taken for candidate 5999 is 8.551230192184448
Time taken for candidate 6000 is 34.59696292877197
Time taken for candidate 6001 is 15.846254110336304
Time taken for candidate 6002 is 31.612900257110596
Time taken for candidate 6003 is 56.13571310043335
Time taken for candidate 6004 is 4.981356620788574
Time taken for candidate 6005 is 49.171764612197876
Time taken for candidate 6006 is 22.720125913619995
Time taken for candidate 6007 is 31.09463858604431
Time taken for candidate 6008 is 33.13069033622742
Time taken for candidate 6010 is 27.56879425048828
Time taken for candidate 6011 is 8.706042289733887
Time taken for candidate 6012 is 27.351555824279785
Time taken for candidate 6013 is 8.795317888259888
Time taken for candidate 6014 is 44.92551851272583
Time taken for candidate 6015 is 24.0787034034729
Time taken for candidate 6016 is 58.33451056480408
Time taken for candidate 6017 is 12.699524402618408
Time taken for candidate 6018 is 10.749858617782593
Time taken for candidate 6019 is 21.02892279624939
Time taken for candidate 6020 is 21.62781834602356
Time taken for candidate 6021 is 19.8170645236969
Time taken for candidate 6022 is 27.76064419746399
Time taken for candidate 6023 is 41.47505164146423
Time taken for candidate 6024 is 20.433417081832886
Time taken for candidate 6025 is 13.69874620437622
Time taken for candidate 6026 is 45.86344647407532
Time taken for candidate 6027 is 46.313392162323
Time taken for candidate 6028 is 35.07057976722717
Time taken for candidate 6029 is 31.90033197402954
Time taken for candidate 6030 is 47.168177127838135
Time taken for candidate 6031 is 45.39034676551819
Time taken for candidate 6032 is 15.628030776977539
Time taken for candidate 6033 is 50.09034705162048
Time taken for candidate 6034 is 32.0003342628479
Time taken for candidate 6035 is 17.877463579177856
Time taken for candidate 6036 is 39.992462158203125
Time taken for candidate 6037 is 23.69265389442444
Time taken for candidate 6038 is 27.019367218017578
Time taken for candidate 6039 is 43.114598751068115
Time taken for candidate 6040 is 19.297807216644287
Time taken for candidate 6041 is 15.292375802993774
Time taken for candidate 6042 is 33.19148540496826
Time taken for candidate 6043 is 15.46010422706604
Time taken for candidate 6044 is 6.777454614639282
Time taken for candidate 6045 is 29.42393136024475
Time taken for candidate 6046 is 26.66655969619751
Time taken for candidate 6047 is 11.645763635635376
Time taken for candidate 6048 is 30.938339948654175
Time taken for candidate 6049 is 18.63855791091919
Time taken for candidate 6050 is 94.27360105514526
Time taken for candidate 6051 is 44.18163752555847
Time taken for candidate 6052 is 10.990545988082886
Time taken for candidate 6053 is 17.914446115493774
Time taken for candidate 6054 is 16.343369722366333
Time taken for candidate 6055 is 38.485639333724976
Time taken for candidate 6056 is 27.214887857437134
Time taken for candidate 6057 is 42.94205164909363
Time taken for candidate 6058 is 30.55127501487732
Time taken for candidate 6059 is 13.020662546157837
Time taken for candidate 6060 is 5.837563514709473
Time taken for candidate 6061 is 63.840256690979004
Time taken for candidate 6062 is 23.523028135299683
Time taken for candidate 6063 is 20.685310125350952
Time taken for candidate 6064 is 13.896719694137573
Time taken for candidate 6065 is 43.81323766708374
Time taken for candidate 6066 is 15.997900009155273
Time taken for candidate 6067 is 19.43122410774231
Time taken for candidate 6068 is 24.392258167266846
Time taken for candidate 6069 is 32.84895920753479
Time taken for candidate 6070 is 25.272172927856445
Time taken for candidate 6071 is 26.569456577301025
Time taken for candidate 6072 is 28.715746879577637
Time taken for candidate 6073 is 50.214744567871094
Time taken for candidate 6074 is 26.8223934173584
Time taken for candidate 6075 is 55.54515242576599
Time taken for candidate 6076 is 59.76805830001831
Time taken for candidate 6077 is 19.604588985443115
Time taken for candidate 6078 is 21.4332537651062
Time taken for candidate 6079 is 39.1957323551178
Time taken for candidate 6080 is 28.656519174575806
Time taken for candidate 6081 is 15.245076894760132
Time taken for candidate 6082 is 21.717007160186768
Time taken for candidate 6083 is 8.698810577392578
Time taken for candidate 6084 is 34.604997634887695
Time taken for candidate 6085 is 24.940555572509766
Time taken for candidate 6086 is 11.418452739715576
Time taken for candidate 6087 is 21.085429191589355
Time taken for candidate 6088 is 43.627949476242065
Time taken for candidate 6089 is 32.72665023803711
Time taken for candidate 6090 is 19.64053964614868
Time taken for candidate 6091 is 28.747514486312866
Time taken for candidate 6092 is 11.799722671508789
Time taken for candidate 6093 is 11.258169889450073
Time taken for candidate 6094 is 38.098665952682495
Time taken for candidate 6095 is 51.69958996772766
Time taken for candidate 6096 is 46.3622772693634
Time taken for candidate 6097 is 10.397783279418945
Time taken for candidate 6098 is 37.368884801864624
Time taken for candidate 6099 is 9.761112928390503
Time taken for candidate 6100 is 37.04725456237793
Time taken for candidate 6101 is 38.45553684234619
Time taken for candidate 6102 is 38.84195828437805
Time taken for candidate 6103 is 39.50309920310974
Time taken for candidate 6104 is 4.74454140663147
Time taken for candidate 6105 is 65.61798453330994
Time taken for candidate 6106 is 25.033679246902466
Time taken for candidate 6107 is 30.096702814102173
Time taken for candidate 6108 is 9.882718563079834
Time taken for candidate 6109 is 18.802931547164917
Time taken for candidate 6110 is 34.43414664268494
Time taken for candidate 6111 is 25.50334620475769
Time taken for candidate 6112 is 25.526313066482544
Time taken for candidate 6113 is 33.62106657028198
Time taken for candidate 6114 is 3.302584171295166
Time taken for candidate 6115 is 7.12684440612793
Time taken for candidate 6116 is 43.781543016433716
Time taken for candidate 6117 is 30.04976773262024
Time taken for candidate 6118 is 28.047743558883667
Time taken for candidate 6119 is 17.673745155334473
Time taken for candidate 6120 is 31.636658430099487
Time taken for candidate 6121 is 47.02966928482056
Time taken for candidate 6122 is 35.22784471511841
Time taken for candidate 6123 is 54.50716495513916
Time taken for candidate 6124 is 51.10665202140808
Time taken for candidate 6125 is 14.159760475158691
Time taken for candidate 6126 is 20.82931613922119
Time taken for candidate 6127 is 60.99031209945679
Time taken for candidate 6128 is 25.459542989730835
Time taken for candidate 6129 is 28.394505500793457
Time taken for candidate 6130 is 14.005467653274536
Time taken for candidate 6131 is 25.148027658462524
Time taken for candidate 6132 is 31.62347388267517
Time taken for candidate 6133 is 10.990223407745361
Time taken for candidate 6134 is 50.95154619216919
Time taken for candidate 6135 is 25.03049635887146
Time taken for candidate 6136 is 20.363603830337524
Time taken for candidate 6137 is 28.76746892929077
Time taken for candidate 6138 is 31.561981678009033
Time taken for candidate 6139 is 28.14224100112915
Time taken for candidate 6140 is 38.038477182388306
Time taken for candidate 6141 is 33.12088942527771
Time taken for candidate 6142 is 14.057670593261719
Time taken for candidate 6143 is 34.327558755874634
Time taken for candidate 6144 is 30.44123673439026
Time taken for candidate 6145 is 54.39757943153381
Time taken for candidate 6146 is 43.52766156196594
Time taken for candidate 6147 is 5.421220779418945
Time taken for candidate 6148 is 20.781617641448975
Time taken for candidate 6149 is 30.68044114112854
Time taken for candidate 6150 is 40.42003512382507
Time taken for candidate 6151 is 17.59702157974243
Time taken for candidate 6152 is 30.496649026870728
Time taken for candidate 6153 is 24.046271562576294
Time taken for candidate 6154 is 6.573234796524048
Time taken for candidate 6155 is 23.06787943840027
Time taken for candidate 6156 is 29.815277338027954
Time taken for candidate 6157 is 43.14298391342163
Time taken for candidate 6158 is 47.51343774795532
Time taken for candidate 6159 is 37.103275537490845
Time taken for candidate 6160 is 33.96313953399658
Time taken for candidate 6161 is 18.542245626449585
Time taken for candidate 6162 is 63.813201665878296
Time taken for candidate 6163 is 18.85981798171997
Time taken for candidate 6164 is 34.88618874549866
Time taken for candidate 6165 is 49.66057348251343
Time taken for candidate 6166 is 10.673612594604492
Time taken for candidate 6167 is 8.462388277053833
Time taken for candidate 6168 is 28.79966115951538
Time taken for candidate 6169 is 49.710986614227295
Time taken for candidate 6170 is 25.223716259002686
Time taken for candidate 6171 is 46.9304723739624
Time taken for candidate 6172 is 29.727734804153442
Time taken for candidate 6173 is 13.357048273086548
Time taken for candidate 6174 is 24.005452871322632
Time taken for candidate 6175 is 11.401405811309814
Time taken for candidate 6176 is 29.38061761856079
Time taken for candidate 6177 is 44.33465576171875
Time taken for candidate 6178 is 23.209121704101562
Time taken for candidate 6179 is 10.792617559432983
Time taken for candidate 6180 is 64.38416528701782
Time taken for candidate 6181 is 32.8649160861969
Time taken for candidate 6182 is 49.122729539871216
Time taken for candidate 6183 is 45.07421636581421
Time taken for candidate 6184 is 20.397812128067017
Time taken for candidate 6185 is 23.297966241836548
Time taken for candidate 6186 is 19.077425003051758
Time taken for candidate 6187 is 7.393958568572998
Time taken for candidate 6188 is 6.152630805969238
Time taken for candidate 6189 is 23.129338264465332
Time taken for candidate 6190 is 52.49677300453186
Time taken for candidate 6191 is 28.009748935699463
Time taken for candidate 6192 is 37.08243107795715
Time taken for candidate 6193 is 29.4261953830719
Time taken for candidate 6194 is 60.58533263206482
Time taken for candidate 6195 is 35.00995635986328
Time taken for candidate 6196 is 23.878301858901978
Time taken for candidate 6197 is 36.75962829589844
Time taken for candidate 6198 is 40.62213134765625
Time taken for candidate 6199 is 24.647926092147827
Time taken for candidate 6200 is 58.6061053276062
Time taken for candidate 6201 is 17.24494433403015
Time taken for candidate 6202 is 6.518592357635498
Time taken for candidate 6203 is 55.69311738014221
Time taken for candidate 6204 is 50.15417504310608
Time taken for candidate 6205 is 14.067875146865845
Time taken for candidate 6206 is 16.26677179336548
Time taken for candidate 6207 is 3.200293779373169
Time taken for candidate 6208 is 33.121593952178955
Time taken for candidate 6209 is 27.766903400421143
Time taken for candidate 6210 is 23.202279090881348
Time taken for candidate 6211 is 9.492529153823853
Time taken for candidate 6212 is 38.35502099990845
Time taken for candidate 6213 is 13.083420991897583
Time taken for candidate 6214 is 21.61052942276001
Time taken for candidate 6215 is 15.789953470230103
Time taken for candidate 6216 is 40.97651124000549
Time taken for candidate 6217 is 12.140566110610962
Time taken for candidate 6218 is 34.52235555648804
Time taken for candidate 6219 is 22.028323888778687
Time taken for candidate 6220 is 60.962316274642944
Time taken for candidate 6221 is 2.6670167446136475
Time taken for candidate 6222 is 2.603323221206665
Time taken for candidate 6223 is 5.626894235610962
Time taken for candidate 6224 is 0.9410107135772705
