candidates_folder ../data/WMT18Data/system-outputs/newstest2018/ru-en/
REFERENCES_FILE ../data/WMT18Data/references/newstest2018-ruen-ref.en
MODEL bert
METHOD wms 


Running against the candidates from: ../data/WMT18Data/system-outputs/newstest2018/ru-en/newstest2018.Alibaba.5720.ru-en
Score: 0.02031060696748319
Done in 1349.3609018325806
=========================
Running against the candidates from: ../data/WMT18Data/system-outputs/newstest2018/ru-en/newstest2018.JHU.5675.ru-en
Error for:                                                  
Score: 0.012985693972832058
Done in 1272.3335301876068
=========================
Running against the candidates from: ../data/WMT18Data/system-outputs/newstest2018/ru-en/newstest2018.afrl-ruen-syscomb.5440.ru-en
Score: 0.011459695219451251
Done in 1265.365310907364
=========================
Running against the candidates from: ../data/WMT18Data/system-outputs/newstest2018/ru-en/newstest2018.online-A.0.ru-en
Error for: 
Score: 0.014002887063735404
Done in 1268.076417207718
=========================
Running against the candidates from: ../data/WMT18Data/system-outputs/newstest2018/ru-en/newstest2018.online-B.0.ru-en
