Reading dataset from ../data/CNN_DailyMail.tsv
Loaded model 64.55133366584778
emb: dict_keys([1, 2, 3, 4, 5, 6, 7, 8, 9, 10, 11, 12, 13, 14, 15, 16, 17, 18, 19, 20, 21, 22, 23, 24, 25, 26, 27, 28, 29, 30, 31, 32, 33, 34, 35, 36, 37, 38, 39, 40, 41, 42, 43, 44, 45, 46, 47, 48, 49, 50, 51, 52, 53, 54, 55, 56, 57, 58, 59, 60, 61, 62, 63, 64])
nbow: {'reference': ('reference', [61, 62, 63, 64], array([0.33333334, 0.23333333, 0.23333333, 0.2       ], dtype=float32)), 'hypothesis': ('hypothesis', [28, 29, 30], array([0.2962963, 0.2962963, 0.4074074], dtype=float32))}
Dist: [('hypothesis', 8.453720092773438)]
Time taken for candidate 0 is 38.828662633895874
emb: dict_keys([1, 2, 3, 4, 5, 6, 7, 8, 9, 10, 11, 12, 13, 14, 15, 16, 17, 18, 19, 20, 21, 22, 23, 24, 25, 26, 27, 28, 29, 30, 31, 32, 33, 34, 35, 36, 37, 38, 39, 40, 41, 42, 43, 44, 45, 46, 47, 48, 49, 50, 51, 52, 53, 54, 55, 56])
nbow: {'reference': ('reference', [54, 55, 56], array([0.30769232, 0.30769232, 0.3846154 ], dtype=float32)), 'hypothesis': ('hypothesis', [27], array([1.], dtype=float32))}
Dist: [('hypothesis', 7.485976219177246)]
Time taken for candidate 1 is 1.8449013233184814
emb: dict_keys([1, 2, 3, 4, 5, 6, 7, 8, 9, 10, 11, 12, 13, 14, 15, 16, 17, 18, 19, 20, 21, 22, 23, 24, 25, 26, 27, 28, 29, 30, 31, 32, 33, 34, 35, 36, 37, 38, 39, 40, 41, 42, 43, 44, 45, 46, 47, 48, 49, 50, 51, 52, 53, 54, 55, 56, 57, 58, 59, 60, 61, 62, 63, 64, 65, 66, 67, 68, 69, 70, 71, 72, 73])
nbow: {'reference': ('reference', [71, 72, 73], array([0.42307693, 0.1923077 , 0.3846154 ], dtype=float32)), 'hypothesis': ('hypothesis', [41, 42, 43, 44], array([0.225, 0.1  , 0.325, 0.35 ], dtype=float32))}
Dist: [('hypothesis', 8.342756271362305)]
Time taken for candidate 2 is 5.969306468963623
emb: dict_keys([1, 2, 3, 4, 5, 6, 7, 8, 9, 10, 11, 12, 13, 14, 15, 16, 17, 18, 19, 20, 21, 22, 23, 24, 25, 26, 27, 28, 29, 30, 31, 32, 33, 34, 35, 36, 37, 38, 39, 40, 41, 42, 43, 44, 45, 46, 47, 48, 49, 50, 51, 52])
nbow: {'reference': ('reference', [50, 51, 52], array([0.3181818 , 0.27272728, 0.4090909 ], dtype=float32)), 'hypothesis': ('hypothesis', [25, 26, 27], array([0.25      , 0.33333334, 0.41666666], dtype=float32))}
Dist: [('hypothesis', 6.744290351867676)]
Time taken for candidate 3 is 14.787304639816284
emb: dict_keys([1, 2, 3, 4, 5, 6, 7, 8, 9, 10, 11, 12, 13, 14, 15, 16, 17, 18, 19, 20, 21, 22, 23, 24, 25, 26, 27, 28, 29, 30, 31, 32, 33, 34, 35, 36, 37, 38, 39, 40, 41, 42, 43, 44, 45, 46, 47, 48, 49, 50, 51, 52, 53, 54, 55, 56, 57, 58, 59, 60, 61, 62, 63, 64, 65, 66, 67, 68, 69, 70, 71, 72, 73, 74, 75, 76, 77, 78, 79, 80, 81, 82])
nbow: {'reference': ('reference', [80, 81, 82], array([0.32142857, 0.35714287, 0.32142857], dtype=float32)), 'hypothesis': ('hypothesis', [47, 48, 49, 50, 51], array([0.17391305, 0.32608697, 0.17391305, 0.04347826, 0.2826087 ],
      dtype=float32))}
Dist: [('hypothesis', 8.620269775390625)]
Time taken for candidate 4 is 20.50701332092285
emb: dict_keys([1, 2, 3, 4, 5, 6, 7, 8, 9, 10, 11, 12, 13, 14, 15, 16, 17, 18, 19, 20, 21, 22, 23, 24, 25, 26, 27, 28, 29, 30, 31, 32, 33, 34, 35, 36, 37, 38, 39, 40, 41, 42, 43, 44, 45, 46, 47])
nbow: {'reference': ('reference', [45, 46, 47], array([0.27272728, 0.36363637, 0.36363637], dtype=float32)), 'hypothesis': ('hypothesis', [20, 21, 22], array([0.42105263, 0.2631579 , 0.31578946], dtype=float32))}
Dist: [('hypothesis', 8.12663745880127)]
Time taken for candidate 5 is 9.127480506896973
emb: dict_keys([1, 2, 3, 4, 5, 6, 7, 8, 9, 10, 11, 12, 13, 14, 15, 16, 17, 18, 19, 20, 21, 22, 23, 24, 25, 26, 27, 28, 29, 30, 31, 32, 33, 34, 35, 36, 37, 38, 39, 40, 41, 42, 43, 44, 45, 46, 47, 48, 49, 50, 51, 52, 53, 54, 55, 56, 57, 58, 59, 60, 61, 62, 63, 64, 65, 66, 67])
nbow: {'reference': ('reference', [65, 66, 67], array([0.4       , 0.36666667, 0.23333333], dtype=float32)), 'hypothesis': ('hypothesis', [33, 34], array([0.65625, 0.34375], dtype=float32))}
Dist: [('hypothesis', 6.6721272468566895)]
Time taken for candidate 6 is 26.209521532058716
emb: dict_keys([1, 2, 3, 4, 5, 6, 7, 8, 9, 10, 11, 12, 13, 14, 15, 16, 17, 18, 19, 20, 21, 22, 23, 24, 25, 26, 27, 28, 29, 30, 31, 32, 33, 34, 35, 36, 37, 38, 39, 40, 41, 42, 43, 44, 45, 46, 47, 48, 49, 50, 51, 52, 53, 54, 55, 56, 57, 58, 59, 60, 61, 62, 63, 64, 65, 66, 67, 68, 69])
nbow: {'reference': ('reference', [66, 67, 68, 69], array([0.27027026, 0.2972973 , 0.21621622, 0.21621622], dtype=float32)), 'hypothesis': ('hypothesis', [26, 27, 28], array([0.44, 0.24, 0.32], dtype=float32))}
Dist: [('hypothesis', 6.83667516708374)]
Time taken for candidate 7 is 29.44889783859253
emb: dict_keys([1, 2, 3, 4, 5, 6, 7, 8, 9, 10, 11, 12, 13, 14, 15, 16, 17, 18, 19, 20, 21, 22, 23, 24, 25, 26, 27, 28, 29, 30, 31, 32, 33, 34, 35, 36, 37, 38, 39, 40, 41, 42, 43, 44, 45, 46, 47, 48, 49, 50, 51, 52, 53, 54, 55, 56, 57, 58, 59, 60, 61, 62, 63, 64, 65, 66, 67, 68, 69, 70, 71, 72, 73, 74, 75, 76, 77, 78, 79, 80, 81, 82, 83, 84, 85, 86, 87, 88, 89, 90, 91, 92, 93, 94, 95, 96, 97, 98, 99, 100, 101, 102, 103, 104, 105, 106, 107, 108, 109, 110, 111, 112, 113, 114, 115, 116, 117, 118, 119, 120])
nbow: {'reference': ('reference', [117, 118, 119, 120], array([0.33333334, 0.16666667, 0.29166666, 0.20833333], dtype=float32)), 'hypothesis': ('hypothesis', [64, 65, 66, 67, 68], array([0.34920636, 0.15873016, 0.1904762 , 0.11111111, 0.1904762 ],
      dtype=float32))}
Dist: [('hypothesis', 7.023053169250488)]
Time taken for candidate 8 is 31.033002853393555
emb: dict_keys([1, 2, 3, 4, 5, 6, 7, 8, 9, 10, 11, 12, 13, 14, 15, 16, 17, 18, 19, 20, 21, 22, 23, 24, 25, 26, 27, 28, 29, 30, 31, 32, 33, 34, 35, 36, 37, 38, 39, 40, 41, 42, 43, 44, 45, 46, 47, 48, 49, 50, 51, 52, 53, 54, 55, 56, 57, 58, 59, 60, 61, 62, 63, 64, 65, 66, 67, 68, 69, 70, 71, 72, 73, 74, 75, 76, 77, 78, 79, 80, 81, 82, 83, 84, 85, 86, 87, 88, 89, 90, 91, 92, 93, 94, 95])
nbow: {'reference': ('reference', [90, 91, 92, 93, 94, 95], array([0.12727273, 0.14545454, 0.16363636, 0.18181819, 0.18181819,
       0.2       ], dtype=float32)), 'hypothesis': ('hypothesis', [32, 33, 34], array([0.3548387 , 0.32258064, 0.32258064], dtype=float32))}
Dist: [('hypothesis', 7.572995185852051)]
Time taken for candidate 9 is 7.827562570571899
emb: dict_keys([1, 2, 3, 4, 5, 6, 7, 8, 9, 10, 11, 12, 13, 14, 15, 16, 17, 18, 19, 20, 21, 22, 23, 24, 25, 26, 27, 28, 29, 30, 31, 32, 33, 34, 35, 36, 37, 38, 39, 40, 41, 42, 43, 44, 45, 46, 47, 48, 49, 50, 51, 52, 53, 54, 55, 56, 57, 58, 59, 60, 61, 62, 63, 64, 65, 66, 67, 68, 69, 70, 71, 72, 73, 74, 75, 76, 77, 78, 79, 80, 81, 82, 83, 84, 85, 86, 87, 88, 89, 90, 91, 92])
nbow: {'reference': ('reference', [88, 89, 90, 91, 92], array([0.3015873 , 0.25396827, 0.20634921, 0.15873016, 0.07936508],
      dtype=float32)), 'hypothesis': ('hypothesis', [22, 23, 24], array([0.3809524 , 0.42857143, 0.1904762 ], dtype=float32))}
Dist: [('hypothesis', 8.731789588928223)]
Time taken for candidate 10 is 35.05292797088623
emb: dict_keys([1, 2, 3, 4, 5, 6, 7, 8, 9, 10, 11, 12, 13, 14, 15, 16, 17, 18, 19, 20, 21, 22, 23, 24, 25, 26, 27, 28, 29, 30, 31, 32, 33, 34, 35, 36, 37, 38, 39, 40, 41, 42, 43, 44, 45, 46, 47, 48, 49, 50, 51, 52, 53, 54, 55, 56, 57, 58, 59, 60, 61, 62, 63, 64, 65, 66, 67, 68, 69, 70, 71, 72, 73, 74, 75, 76, 77, 78, 79, 80, 81, 82, 83, 84, 85, 86, 87, 88, 89, 90, 91, 92, 93, 94])
nbow: {'reference': ('reference', [90, 91, 92, 93, 94], array([0.2       , 0.15555556, 0.24444444, 0.17777778, 0.22222222],
      dtype=float32)), 'hypothesis': ('hypothesis', [41, 42, 43, 44], array([0.2  , 0.275, 0.25 , 0.275], dtype=float32))}
Dist: [('hypothesis', 7.405117034912109)]
Time taken for candidate 11 is 24.881938219070435
emb: dict_keys([1, 2, 3, 4, 5, 6, 7, 8, 9, 10, 11, 12, 13, 14, 15, 16, 17, 18, 19, 20, 21, 22, 23, 24, 25, 26, 27, 28, 29, 30, 31, 32, 33, 34, 35, 36, 37, 38, 39, 40, 41, 42, 43, 44, 45, 46, 47, 48, 49, 50, 51, 52, 53, 54, 55, 56, 57, 58, 59, 60, 61, 62, 63, 64, 65, 66, 67, 68, 69, 70, 71, 72, 73, 74, 75, 76, 77, 78, 79, 80, 81, 82, 83, 84, 85, 86])
nbow: {'reference': ('reference', [83, 84, 85, 86], array([0.27027026, 0.21621622, 0.3243243 , 0.1891892 ], dtype=float32)), 'hypothesis': ('hypothesis', [43, 44, 45], array([0.23809524, 0.3809524 , 0.3809524 ], dtype=float32))}
Dist: [('hypothesis', 6.8419928550720215)]
Time taken for candidate 12 is 30.699503898620605
emb: dict_keys([1, 2, 3, 4, 5, 6, 7, 8, 9, 10, 11, 12, 13, 14, 15, 16, 17, 18, 19, 20, 21, 22, 23, 24, 25, 26, 27, 28, 29, 30, 31, 32, 33, 34, 35, 36, 37, 38, 39, 40, 41, 42, 43, 44, 45, 46, 47, 48, 49, 50, 51, 52, 53, 54, 55, 56, 57, 58, 59, 60, 61, 62, 63, 64, 65, 66, 67, 68, 69, 70, 71, 72, 73, 74, 75, 76, 77, 78, 79])
nbow: {'reference': ('reference', [76, 77, 78, 79], array([0.27586207, 0.2413793 , 0.20689656, 0.27586207], dtype=float32)), 'hypothesis': ('hypothesis', [43, 44, 45, 46], array([0.3809524 , 0.1904762 , 0.2857143 , 0.14285715], dtype=float32))}
Dist: [('hypothesis', 8.60976505279541)]
Time taken for candidate 13 is 24.806889295578003
emb: dict_keys([1, 2, 3, 4, 5, 6, 7, 8, 9, 10, 11, 12, 13, 14, 15, 16, 17, 18, 19, 20, 21, 22, 23, 24, 25, 26, 27, 28, 29, 30, 31, 32, 33, 34, 35, 36, 37, 38, 39, 40, 41, 42, 43, 44, 45, 46, 47, 48, 49, 50, 51, 52, 53, 54, 55, 56, 57, 58, 59, 60, 61, 62, 63, 64, 65, 66, 67, 68, 69, 70, 71, 72, 73, 74, 75, 76, 77, 78, 79, 80, 81, 82, 83, 84, 85, 86, 87, 88, 89, 90, 91])
nbow: {'reference': ('reference', [86, 87, 88, 89, 90, 91], array([0.2173913 , 0.19565217, 0.17391305, 0.13043478, 0.10869565,
       0.17391305], dtype=float32)), 'hypothesis': ('hypothesis', [36, 37, 38, 39], array([0.37142858, 0.11428571, 0.31428573, 0.2       ], dtype=float32))}
Dist: [('hypothesis', 9.675483703613281)]
Time taken for candidate 14 is 63.395097494125366
emb: dict_keys([1, 2, 3, 4, 5, 6, 7, 8, 9, 10, 11, 12, 13, 14, 15, 16, 17, 18, 19, 20, 21, 22, 23, 24, 25, 26, 27, 28, 29, 30, 31, 32, 33, 34, 35, 36, 37, 38, 39, 40, 41, 42, 43, 44, 45, 46, 47, 48, 49, 50, 51, 52, 53, 54, 55, 56, 57, 58, 59, 60, 61, 62, 63, 64, 65, 66, 67, 68, 69, 70, 71, 72, 73, 74, 75, 76, 77, 78, 79])
nbow: {'reference': ('reference', [75, 76, 77, 78, 79], array([0.25      , 0.21428572, 0.07142857, 0.25      , 0.21428572],
      dtype=float32)), 'hypothesis': ('hypothesis', [43, 44, 45, 46], array([0.33333334, 0.23809524, 0.21428572, 0.21428572], dtype=float32))}
Dist: [('hypothesis', 9.058061599731445)]
Time taken for candidate 15 is 51.88886308670044
emb: dict_keys([1, 2, 3, 4, 5, 6, 7, 8, 9, 10, 11, 12, 13, 14, 15, 16, 17, 18, 19, 20, 21, 22, 23, 24, 25, 26, 27, 28, 29, 30, 31, 32, 33, 34, 35, 36, 37, 38, 39, 40, 41, 42, 43, 44, 45, 46, 47, 48, 49, 50, 51, 52, 53, 54, 55, 56, 57, 58, 59, 60, 61, 62, 63, 64, 65, 66, 67, 68, 69, 70, 71, 72, 73, 74, 75, 76, 77, 78])
nbow: {'reference': ('reference', [76, 77, 78], array([0.2962963, 0.2962963, 0.4074074], dtype=float32)), 'hypothesis': ('hypothesis', [44, 45, 46, 47, 48], array([0.23255815, 0.13953489, 0.25581396, 0.02325581, 0.3488372 ],
      dtype=float32))}
Dist: [('hypothesis', 7.911571979522705)]
Time taken for candidate 16 is 36.32940745353699
emb: dict_keys([1, 2, 3, 4, 5, 6, 7, 8, 9, 10, 11, 12, 13, 14, 15, 16, 17, 18, 19, 20, 21, 22, 23, 24, 25, 26, 27, 28, 29, 30, 31, 32, 33, 34, 35, 36, 37, 38, 39, 40, 41, 42, 43, 44, 45, 46, 47, 48, 49, 50, 51, 52, 53, 54, 55, 56, 57, 58, 59, 60, 61])
nbow: {'reference': ('reference', [59, 60, 61], array([0.36, 0.36, 0.28], dtype=float32)), 'hypothesis': ('hypothesis', [30, 31, 32, 33], array([0.4827586 , 0.20689656, 0.10344828, 0.20689656], dtype=float32))}
Dist: [('hypothesis', 8.57835578918457)]
Time taken for candidate 17 is 70.06271553039551
emb: dict_keys([1, 2, 3, 4, 5, 6, 7, 8, 9, 10, 11, 12, 13, 14, 15, 16, 17, 18, 19, 20, 21, 22, 23, 24, 25, 26, 27, 28, 29, 30, 31, 32, 33, 34, 35, 36, 37, 38, 39, 40, 41, 42, 43, 44, 45, 46, 47, 48, 49, 50, 51, 52, 53, 54, 55, 56, 57, 58, 59])
nbow: {'reference': ('reference', [56, 57, 58, 59], array([0.14285715, 0.2857143 , 0.32142857, 0.25      ], dtype=float32)), 'hypothesis': ('hypothesis', [25, 26, 27], array([0.33333334, 0.45833334, 0.20833333], dtype=float32))}
Dist: [('hypothesis', 8.971244812011719)]
Time taken for candidate 18 is 76.76515698432922
emb: dict_keys([1, 2, 3, 4, 5, 6, 7, 8, 9, 10, 11, 12, 13, 14, 15, 16, 17, 18, 19, 20, 21, 22, 23, 24, 25, 26, 27, 28, 29, 30, 31, 32, 33, 34, 35, 36, 37, 38, 39, 40, 41, 42, 43, 44, 45, 46, 47, 48, 49, 50, 51, 52, 53, 54, 55, 56, 57, 58, 59, 60, 61, 62, 63, 64, 65, 66, 67, 68, 69, 70, 71, 72, 73, 74, 75, 76])
nbow: {'reference': ('reference', [72, 73, 74, 75, 76], array([0.2580645 , 0.22580644, 0.09677419, 0.22580644, 0.19354838],
      dtype=float32)), 'hypothesis': ('hypothesis', [36, 37, 38, 39, 40], array([0.22857143, 0.05714286, 0.2       , 0.25714287, 0.25714287],
      dtype=float32))}
Dist: [('hypothesis', 9.318892478942871)]
Time taken for candidate 19 is 65.28124237060547
emb: dict_keys([1, 2, 3, 4, 5, 6, 7, 8, 9, 10, 11, 12, 13, 14, 15, 16, 17, 18, 19, 20, 21, 22, 23, 24, 25, 26, 27, 28, 29, 30, 31, 32, 33, 34, 35, 36, 37, 38, 39, 40, 41, 42, 43, 44, 45, 46, 47, 48, 49, 50, 51, 52, 53, 54, 55, 56, 57, 58])
nbow: {'reference': ('reference', [55, 56, 57, 58], array([0.2962963 , 0.22222222, 0.22222222, 0.25925925], dtype=float32)), 'hypothesis': ('hypothesis', [25, 26, 27], array([0.33333334, 0.41666666, 0.25      ], dtype=float32))}
Dist: [('hypothesis', 8.622841835021973)]
Time taken for candidate 20 is 24.499022722244263
emb: dict_keys([1, 2, 3, 4, 5, 6, 7, 8, 9, 10, 11, 12, 13, 14, 15, 16, 17, 18, 19, 20, 21, 22, 23, 24, 25, 26, 27, 28, 29, 30, 31, 32, 33, 34, 35, 36, 37, 38, 39, 40, 41, 42, 43, 44, 45, 46, 47, 48, 49, 50, 51, 52])
nbow: {'reference': ('reference', [50, 51, 52], array([0.35, 0.25, 0.4 ], dtype=float32)), 'hypothesis': ('hypothesis', [27, 28, 29], array([0.34615386, 0.3846154 , 0.26923078], dtype=float32))}
Dist: [('hypothesis', 9.029706954956055)]
Time taken for candidate 21 is 19.080313205718994
emb: dict_keys([1, 2, 3, 4, 5, 6, 7, 8, 9, 10, 11, 12, 13, 14, 15, 16, 17, 18, 19, 20, 21, 22, 23, 24, 25, 26, 27, 28, 29, 30, 31, 32, 33, 34, 35, 36, 37, 38, 39, 40, 41, 42, 43, 44, 45, 46, 47])
nbow: {'reference': ('reference', [45, 46, 47], array([0.42105263, 0.36842105, 0.21052632], dtype=float32)), 'hypothesis': ('hypothesis', [22, 23, 24, 25], array([0.33333334, 0.14285715, 0.23809524, 0.2857143 ], dtype=float32))}
Dist: [('hypothesis', 9.378228187561035)]
Time taken for candidate 22 is 5.155441045761108
emb: dict_keys([1, 2, 3, 4, 5, 6, 7, 8, 9, 10, 11, 12, 13, 14, 15, 16, 17, 18, 19, 20, 21, 22, 23, 24, 25, 26, 27, 28, 29, 30, 31, 32, 33, 34, 35, 36, 37, 38, 39, 40, 41, 42, 43, 44, 45, 46, 47, 48, 49, 50, 51, 52, 53, 54, 55, 56, 57, 58, 59, 60, 61, 62, 63, 64, 65, 66, 67, 68, 69, 70, 71, 72, 73, 74, 75, 76, 77, 78, 79, 80, 81, 82, 83, 84, 85, 86, 87, 88, 89, 90, 91, 92, 93, 94, 95, 96, 97, 98, 99, 100, 101, 102, 103, 104, 105, 106, 107, 108, 109, 110, 111, 112, 113, 114, 115, 116, 117])
nbow: {'reference': ('reference', [113, 114, 115, 116, 117], array([0.25      , 0.1875    , 0.14583333, 0.25      , 0.16666667],
      dtype=float32)), 'hypothesis': ('hypothesis', [59, 60, 61, 62, 63, 64], array([0.18965517, 0.36206895, 0.13793103, 0.12068965, 0.13793103,
       0.05172414], dtype=float32))}
Dist: [('hypothesis', 8.69900131225586)]
Time taken for candidate 23 is 16.684617519378662
emb: dict_keys([1, 2, 3, 4, 5, 6, 7, 8, 9, 10, 11, 12, 13, 14, 15, 16, 17, 18, 19, 20, 21, 22, 23, 24, 25, 26, 27, 28, 29, 30, 31, 32, 33, 34, 35, 36, 37, 38, 39, 40, 41, 42, 43, 44, 45, 46, 47, 48, 49, 50, 51, 52, 53, 54, 55, 56, 57, 58, 59, 60, 61, 62, 63, 64, 65, 66, 67, 68, 69, 70, 71, 72, 73, 74, 75, 76, 77, 78, 79, 80, 81, 82, 83, 84, 85, 86, 87, 88, 89, 90, 91, 92, 93, 94, 95, 96, 97, 98, 99, 100])
nbow: {'reference': ('reference', [97, 98, 99, 100], array([0.43589744, 0.17948718, 0.17948718, 0.20512821], dtype=float32)), 'hypothesis': ('hypothesis', [53, 54, 55, 56, 57], array([0.26923078, 0.1923077 , 0.28846154, 0.09615385, 0.15384616],
      dtype=float32))}
Dist: [('hypothesis', 6.365334510803223)]
Time taken for candidate 24 is 18.873315572738647
emb: dict_keys([1, 2, 3, 4, 5, 6, 7, 8, 9, 10, 11, 12, 13, 14, 15, 16, 17, 18, 19, 20, 21, 22, 23, 24, 25, 26, 27, 28, 29, 30, 31, 32, 33, 34, 35, 36, 37, 38, 39, 40, 41, 42, 43, 44, 45, 46, 47, 48, 49, 50, 51, 52, 53, 54, 55, 56, 57, 58, 59, 60, 61, 62, 63, 64, 65, 66, 67, 68, 69, 70, 71, 72, 73, 74, 75, 76, 77, 78, 79, 80, 81])
nbow: {'reference': ('reference', [77, 78, 79, 80, 81], array([0.2857143 , 0.1904762 , 0.16666667, 0.21428572, 0.14285715],
      dtype=float32)), 'hypothesis': ('hypothesis', [32, 33, 34], array([0.6451613 , 0.19354838, 0.16129032], dtype=float32))}
Dist: [('hypothesis', 8.828468322753906)]
Time taken for candidate 25 is 21.014496088027954
emb: dict_keys([1, 2, 3, 4, 5, 6, 7, 8, 9, 10, 11, 12, 13, 14, 15, 16, 17, 18, 19, 20, 21, 22, 23, 24, 25, 26, 27, 28, 29, 30, 31, 32, 33, 34, 35, 36, 37, 38, 39, 40, 41, 42, 43, 44, 45, 46, 47, 48, 49, 50, 51, 52, 53, 54, 55, 56, 57, 58, 59, 60, 61, 62, 63, 64, 65, 66, 67, 68, 69, 70, 71, 72, 73, 74, 75, 76, 77, 78])
nbow: {'reference': ('reference', [76, 77, 78], array([0.26530612, 0.36734694, 0.36734694], dtype=float32)), 'hypothesis': ('hypothesis', [24, 25, 26], array([0.3043478, 0.3478261, 0.3478261], dtype=float32))}
Dist: [('hypothesis', 8.051752090454102)]
Time taken for candidate 26 is 33.54786992073059
emb: dict_keys([1, 2, 3, 4, 5, 6, 7, 8, 9, 10, 11, 12, 13, 14, 15, 16, 17, 18, 19, 20, 21, 22, 23, 24, 25, 26, 27, 28, 29, 30, 31, 32, 33, 34, 35, 36, 37, 38, 39, 40, 41, 42, 43, 44, 45, 46, 47, 48, 49, 50, 51, 52, 53, 54, 55, 56, 57, 58, 59, 60, 61, 62, 63, 64, 65, 66, 67, 68, 69, 70, 71, 72, 73, 74, 75, 76, 77, 78, 79, 80, 81, 82, 83, 84, 85, 86, 87, 88, 89, 90, 91, 92, 93, 94, 95, 96, 97, 98, 99, 100, 101, 102])
nbow: {'reference': ('reference', [98, 99, 100, 101, 102], array([0.2       , 0.25714287, 0.2       , 0.14285715, 0.2       ],
      dtype=float32)), 'hypothesis': ('hypothesis', [59, 60, 61, 62], array([0.20689656, 0.13793103, 0.37931034, 0.27586207], dtype=float32))}
Dist: [('hypothesis', 8.220534324645996)]
Time taken for candidate 27 is 7.518755912780762
emb: dict_keys([1, 2, 3, 4, 5, 6, 7, 8, 9, 10, 11, 12, 13, 14, 15, 16, 17, 18, 19, 20, 21, 22, 23, 24, 25, 26, 27, 28, 29, 30, 31, 32, 33, 34, 35, 36, 37, 38, 39, 40, 41, 42, 43, 44, 45, 46, 47, 48, 49, 50, 51, 52, 53, 54, 55, 56, 57, 58, 59, 60, 61, 62, 63, 64, 65, 66, 67, 68, 69, 70, 71, 72, 73, 74, 75, 76, 77, 78, 79, 80, 81, 82, 83, 84, 85])
nbow: {'reference': ('reference', [82, 83, 84, 85], array([0.09090909, 0.27272728, 0.29545453, 0.3409091 ], dtype=float32)), 'hypothesis': ('hypothesis', [34, 35, 36, 37], array([0.03030303, 0.3939394 , 0.3030303 , 0.27272728], dtype=float32))}
Dist: [('hypothesis', 8.817580223083496)]
Time taken for candidate 28 is 9.700376272201538
emb: dict_keys([1, 2, 3, 4, 5, 6, 7, 8, 9, 10, 11, 12, 13, 14, 15, 16, 17, 18, 19, 20, 21, 22, 23, 24, 25, 26, 27, 28, 29, 30, 31, 32, 33, 34, 35, 36, 37, 38, 39, 40, 41, 42, 43, 44, 45, 46, 47, 48, 49, 50, 51, 52, 53, 54, 55, 56, 57, 58])
nbow: {'reference': ('reference', [55, 56, 57, 58], array([0.26666668, 0.23333333, 0.26666668, 0.23333333], dtype=float32)), 'hypothesis': ('hypothesis', [23, 24], array([0.54545456, 0.45454547], dtype=float32))}
Dist: [('hypothesis', 8.2969388961792)]
Time taken for candidate 29 is 10.497148752212524
emb: dict_keys([1, 2, 3, 4, 5, 6, 7, 8, 9, 10, 11, 12, 13, 14, 15, 16, 17, 18, 19, 20, 21, 22, 23, 24, 25, 26, 27, 28, 29, 30, 31, 32, 33, 34, 35, 36, 37, 38, 39, 40, 41, 42, 43, 44, 45, 46, 47, 48, 49, 50, 51, 52, 53, 54, 55, 56, 57, 58, 59, 60, 61, 62, 63, 64, 65, 66, 67, 68, 69, 70, 71, 72, 73, 74, 75, 76, 77, 78, 79, 80, 81, 82, 83, 84, 85, 86, 87, 88])
nbow: {'reference': ('reference', [84, 85, 86, 87, 88], array([0.22916667, 0.1875    , 0.1875    , 0.22916667, 0.16666667],
      dtype=float32)), 'hypothesis': ('hypothesis', [33, 34, 35], array([0.46875, 0.3125 , 0.21875], dtype=float32))}
Dist: [('hypothesis', 8.07825756072998)]
Time taken for candidate 30 is 13.587856769561768
emb: dict_keys([1, 2, 3, 4, 5, 6, 7, 8, 9, 10, 11, 12, 13, 14, 15, 16, 17, 18, 19, 20, 21, 22, 23, 24, 25, 26, 27, 28, 29, 30, 31, 32, 33, 34, 35, 36, 37, 38, 39, 40, 41, 42, 43, 44, 45, 46, 47, 48, 49, 50, 51, 52, 53, 54, 55, 56, 57, 58, 59, 60, 61, 62, 63, 64])
nbow: {'reference': ('reference', [61, 62, 63, 64], array([0.2962963 , 0.22222222, 0.22222222, 0.25925925], dtype=float32)), 'hypothesis': ('hypothesis', [30, 31, 32, 33], array([0.20689656, 0.2413793 , 0.41379312, 0.13793103], dtype=float32))}
Dist: [('hypothesis', 8.431344985961914)]
Time taken for candidate 31 is 10.20974588394165
emb: dict_keys([1, 2, 3, 4, 5, 6, 7, 8, 9, 10, 11, 12, 13, 14, 15, 16, 17, 18, 19, 20, 21, 22, 23, 24, 25, 26, 27, 28, 29, 30, 31, 32, 33, 34, 35, 36, 37, 38, 39, 40, 41, 42, 43, 44, 45, 46, 47, 48, 49, 50, 51, 52, 53, 54, 55, 56, 57, 58, 59, 60, 61, 62, 63, 64, 65, 66, 67, 68, 69, 70, 71, 72, 73, 74])
nbow: {'reference': ('reference', [72, 73, 74], array([0.24324325, 0.3783784 , 0.3783784 ], dtype=float32)), 'hypothesis': ('hypothesis', [33, 34], array([0.5625, 0.4375], dtype=float32))}
Dist: [('hypothesis', 7.03815221786499)]
Time taken for candidate 32 is 15.6654953956604
emb: dict_keys([1, 2, 3, 4, 5, 6, 7, 8, 9, 10, 11, 12, 13, 14, 15, 16, 17, 18, 19, 20, 21, 22, 23, 24, 25, 26, 27, 28, 29, 30, 31, 32, 33, 34, 35, 36, 37, 38, 39, 40, 41, 42])
nbow: {'reference': ('reference', [41, 42], array([0.44444445, 0.5555556 ], dtype=float32)), 'hypothesis': ('hypothesis', [20, 21, 22], array([0.36842105, 0.31578946, 0.31578946], dtype=float32))}
Dist: [('hypothesis', 10.4572172164917)]
Time taken for candidate 33 is 10.772336721420288
emb: dict_keys([1, 2, 3, 4, 5, 6, 7, 8, 9, 10, 11, 12, 13, 14, 15, 16, 17, 18, 19, 20, 21, 22, 23, 24, 25, 26, 27, 28, 29, 30, 31, 32, 33, 34, 35, 36, 37, 38, 39, 40, 41, 42, 43, 44, 45, 46, 47, 48, 49, 50, 51, 52, 53, 54, 55, 56, 57, 58, 59, 60, 61, 62, 63, 64, 65])
nbow: {'reference': ('reference', [63, 64, 65], array([0.29166666, 0.33333334, 0.375     ], dtype=float32)), 'hypothesis': ('hypothesis', [35, 36, 37, 38], array([0.23529412, 0.3529412 , 0.1764706 , 0.23529412], dtype=float32))}
Dist: [('hypothesis', 8.28378963470459)]
Time taken for candidate 34 is 23.28161072731018
emb: dict_keys([1, 2, 3, 4, 5, 6, 7, 8, 9, 10, 11, 12, 13, 14, 15, 16, 17, 18, 19, 20, 21, 22, 23, 24, 25, 26, 27, 28, 29, 30, 31, 32, 33, 34, 35, 36, 37, 38, 39, 40, 41, 42, 43, 44, 45, 46, 47, 48, 49, 50, 51, 52, 53, 54, 55, 56, 57, 58, 59, 60, 61, 62, 63, 64, 65, 66, 67, 68])
nbow: {'reference': ('reference', [64, 65, 66, 67, 68], array([0.17948718, 0.17948718, 0.23076923, 0.17948718, 0.23076923],
      dtype=float32)), 'hypothesis': ('hypothesis', [22, 23, 24], array([0.2857143 , 0.33333334, 0.3809524 ], dtype=float32))}
Dist: [('hypothesis', 8.693879127502441)]
Time taken for candidate 35 is 21.390979290008545
emb: dict_keys([1, 2, 3, 4, 5, 6, 7, 8, 9, 10, 11, 12, 13, 14, 15, 16, 17, 18, 19, 20, 21, 22, 23, 24, 25, 26, 27, 28, 29, 30, 31, 32, 33, 34, 35, 36, 37, 38, 39, 40, 41, 42, 43, 44, 45, 46, 47, 48, 49, 50, 51, 52, 53, 54, 55, 56])
nbow: {'reference': ('reference', [55, 56], array([0.6111111, 0.3888889], dtype=float32)), 'hypothesis': ('hypothesis', [35, 36], array([0.61764705, 0.38235295], dtype=float32))}
Dist: [('hypothesis', 6.918834209442139)]
Time taken for candidate 36 is 3.72400164604187
emb: dict_keys([1, 2, 3, 4, 5, 6, 7, 8, 9, 10, 11, 12, 13, 14, 15, 16, 17, 18, 19, 20, 21, 22, 23, 24, 25, 26, 27, 28, 29, 30, 31, 32, 33, 34, 35, 36, 37, 38, 39, 40, 41, 42, 43, 44, 45, 46, 47, 48, 49, 50, 51, 52, 53, 54, 55, 56, 57, 58, 59, 60, 61, 62, 63, 64, 65, 66, 67, 68, 69, 70, 71, 72, 73, 74, 75, 76, 77, 78, 79, 80, 81, 82, 83, 84, 85, 86, 87, 88, 89, 90, 91, 92, 93, 94, 95, 96, 97, 98, 99, 100, 101, 102, 103, 104, 105, 106, 107, 108, 109, 110, 111, 112, 113, 114, 115, 116, 117, 118])
nbow: {'reference': ('reference', [112, 113, 114, 115, 116, 117, 118], array([0.15384616, 0.12307692, 0.12307692, 0.15384616, 0.13846155,
       0.13846155, 0.16923077], dtype=float32)), 'hypothesis': ('hypothesis', [40, 41, 42, 43, 44, 45, 46], array([0.15384616, 0.1025641 , 0.07692308, 0.20512821, 0.25641027,
       0.07692308, 0.12820514], dtype=float32))}
Dist: [('hypothesis', 9.841527938842773)]
Time taken for candidate 37 is 13.649226427078247
emb: dict_keys([1, 2, 3, 4, 5, 6, 7, 8, 9, 10, 11, 12, 13, 14, 15, 16, 17, 18, 19, 20, 21, 22, 23, 24, 25, 26, 27, 28, 29, 30, 31, 32, 33, 34, 35, 36, 37, 38, 39, 40, 41, 42, 43, 44, 45, 46, 47, 48, 49, 50, 51, 52, 53, 54, 55, 56, 57, 58, 59, 60, 61, 62, 63, 64, 65, 66, 67, 68, 69, 70, 71, 72, 73, 74, 75, 76])
nbow: {'reference': ('reference', [73, 74, 75, 76], array([0.31428573, 0.2       , 0.2857143 , 0.2       ], dtype=float32)), 'hypothesis': ('hypothesis', [35, 36, 37], array([0.29411766, 0.20588236, 0.5       ], dtype=float32))}
Dist: [('hypothesis', 8.076567649841309)]
Time taken for candidate 38 is 6.648785352706909
emb: dict_keys([1, 2, 3, 4, 5, 6, 7, 8, 9, 10, 11, 12, 13, 14, 15, 16, 17, 18, 19, 20, 21, 22, 23, 24, 25, 26, 27, 28, 29, 30, 31, 32, 33, 34, 35, 36, 37, 38, 39, 40, 41, 42, 43, 44, 45, 46, 47, 48, 49, 50, 51, 52, 53, 54, 55, 56, 57, 58, 59, 60, 61, 62, 63, 64, 65, 66, 67])
nbow: {'reference': ('reference', [64, 65, 66, 67], array([0.31428573, 0.2       , 0.2857143 , 0.2       ], dtype=float32)), 'hypothesis': ('hypothesis', [26, 27, 28], array([0.28, 0.28, 0.44], dtype=float32))}
Dist: [('hypothesis', 9.781346321105957)]
Time taken for candidate 39 is 11.258714437484741
emb: dict_keys([1, 2, 3, 4, 5, 6, 7, 8, 9, 10, 11, 12, 13, 14, 15, 16, 17, 18, 19, 20, 21, 22, 23, 24, 25, 26, 27, 28, 29, 30, 31, 32, 33, 34, 35, 36, 37, 38, 39, 40, 41, 42, 43, 44, 45, 46, 47, 48, 49, 50, 51, 52, 53, 54, 55, 56, 57, 58, 59, 60, 61, 62, 63, 64, 65, 66, 67, 68, 69, 70, 71, 72, 73, 74, 75, 76, 77])
nbow: {'reference': ('reference', [74, 75, 76, 77], array([0.31034482, 0.20689656, 0.2413793 , 0.2413793 ], dtype=float32)), 'hypothesis': ('hypothesis', [42, 43, 44], array([0.41463414, 0.2195122 , 0.36585367], dtype=float32))}
Dist: [('hypothesis', 8.883214950561523)]
Time taken for candidate 40 is 11.391353130340576
emb: dict_keys([1, 2, 3, 4, 5, 6, 7, 8, 9, 10, 11, 12, 13, 14, 15, 16, 17, 18, 19, 20, 21, 22, 23, 24, 25, 26, 27, 28, 29, 30, 31, 32, 33, 34, 35, 36, 37, 38, 39, 40, 41, 42, 43, 44, 45, 46, 47, 48, 49, 50, 51, 52, 53, 54, 55, 56, 57, 58, 59, 60, 61, 62, 63, 64, 65, 66, 67, 68, 69, 70, 71, 72, 73, 74, 75, 76, 77, 78, 79, 80, 81, 82, 83, 84, 85, 86, 87, 88, 89, 90])
nbow: {'reference': ('reference', [87, 88, 89, 90], array([0.2  , 0.2  , 0.225, 0.375], dtype=float32)), 'hypothesis': ('hypothesis', [43, 44, 45, 46], array([0.23809524, 0.11904762, 0.35714287, 0.2857143 ], dtype=float32))}
Dist: [('hypothesis', 7.463806629180908)]
Time taken for candidate 41 is 24.903323888778687
emb: dict_keys([1, 2, 3, 4, 5, 6, 7, 8, 9, 10, 11, 12, 13, 14, 15, 16, 17, 18, 19, 20, 21, 22, 23, 24, 25, 26, 27, 28, 29, 30, 31, 32, 33, 34, 35, 36, 37, 38, 39, 40, 41, 42, 43, 44, 45, 46, 47, 48, 49, 50, 51, 52, 53, 54, 55, 56, 57, 58, 59, 60, 61, 62, 63, 64, 65, 66, 67, 68, 69, 70, 71, 72, 73, 74, 75, 76, 77, 78, 79, 80])
nbow: {'reference': ('reference', [77, 78, 79, 80], array([0.15789473, 0.28947368, 0.23684211, 0.31578946], dtype=float32)), 'hypothesis': ('hypothesis', [37, 38], array([0.41666666, 0.5833333 ], dtype=float32))}
Dist: [('hypothesis', 7.192286014556885)]
Time taken for candidate 42 is 23.932236671447754
emb: dict_keys([1, 2, 3, 4, 5, 6, 7, 8, 9, 10, 11, 12, 13, 14, 15, 16, 17, 18, 19, 20, 21, 22, 23, 24, 25, 26, 27, 28, 29, 30, 31, 32, 33, 34, 35, 36, 37, 38, 39, 40, 41, 42, 43, 44, 45, 46, 47, 48, 49, 50, 51, 52, 53, 54, 55, 56, 57, 58, 59, 60, 61, 62, 63, 64, 65, 66, 67, 68, 69, 70, 71, 72, 73, 74, 75, 76, 77, 78, 79, 80, 81])
nbow: {'reference': ('reference', [77, 78, 79, 80, 81], array([0.25641027, 0.15384616, 0.23076923, 0.17948718, 0.17948718],
      dtype=float32)), 'hypothesis': ('hypothesis', [36, 37], array([0.4857143 , 0.51428574], dtype=float32))}
Dist: [('hypothesis', 8.370408058166504)]
Time taken for candidate 43 is 23.309777975082397
emb: dict_keys([1, 2, 3, 4, 5, 6, 7, 8, 9, 10, 11, 12, 13, 14, 15, 16, 17, 18, 19, 20, 21, 22, 23, 24, 25, 26, 27, 28, 29, 30, 31, 32, 33, 34, 35, 36, 37, 38, 39, 40, 41, 42, 43, 44, 45, 46, 47, 48, 49, 50, 51, 52, 53, 54, 55, 56, 57, 58, 59, 60, 61, 62, 63, 64, 65, 66, 67, 68, 69, 70, 71, 72, 73, 74, 75, 76, 77, 78, 79, 80, 81, 82, 83, 84, 85, 86])
nbow: {'reference': ('reference', [82, 83, 84, 85, 86], array([0.27027026, 0.21621622, 0.16216215, 0.16216215, 0.1891892 ],
      dtype=float32)), 'hypothesis': ('hypothesis', [43, 44], array([0.54761904, 0.45238096], dtype=float32))}
Dist: [('hypothesis', 8.150272369384766)]
Time taken for candidate 44 is 8.570881605148315
emb: dict_keys([1, 2, 3, 4, 5, 6, 7, 8, 9, 10, 11, 12, 13, 14, 15, 16, 17, 18, 19, 20, 21, 22, 23, 24, 25, 26, 27, 28, 29, 30, 31, 32, 33, 34, 35, 36, 37, 38, 39, 40, 41, 42, 43, 44, 45, 46, 47, 48, 49, 50, 51, 52, 53, 54, 55, 56, 57, 58, 59, 60, 61, 62, 63, 64, 65, 66, 67, 68, 69, 70, 71, 72, 73, 74, 75, 76, 77])
nbow: {'reference': ('reference', [74, 75, 76, 77], array([0.21875, 0.21875, 0.3125 , 0.25   ], dtype=float32)), 'hypothesis': ('hypothesis', [39, 40, 41], array([0.23684211, 0.42105263, 0.34210527], dtype=float32))}
Dist: [('hypothesis', 6.924503803253174)]
Time taken for candidate 45 is 10.23441743850708
emb: dict_keys([1, 2, 3, 4, 5, 6, 7, 8, 9, 10, 11, 12, 13, 14, 15, 16, 17, 18, 19, 20, 21, 22, 23, 24, 25, 26, 27, 28, 29, 30, 31, 32, 33, 34, 35, 36, 37, 38, 39, 40, 41, 42, 43, 44, 45, 46, 47, 48, 49, 50, 51, 52, 53, 54, 55, 56, 57, 58, 59, 60, 61, 62, 63, 64, 65, 66, 67, 68, 69, 70, 71, 72, 73, 74])
nbow: {'reference': ('reference', [71, 72, 73, 74], array([0.23333333, 0.2       , 0.33333334, 0.23333333], dtype=float32)), 'hypothesis': ('hypothesis', [38, 39, 40], array([0.35135135, 0.35135135, 0.2972973 ], dtype=float32))}
Dist: [('hypothesis', 7.9920830726623535)]
Time taken for candidate 46 is 7.880250692367554
emb: dict_keys([1, 2, 3, 4, 5, 6, 7, 8, 9, 10, 11, 12, 13, 14, 15, 16, 17, 18, 19, 20, 21, 22, 23, 24, 25, 26, 27, 28, 29, 30, 31, 32, 33, 34, 35, 36, 37, 38, 39, 40, 41, 42, 43, 44, 45, 46, 47, 48, 49, 50, 51, 52, 53, 54, 55, 56, 57, 58, 59, 60, 61, 62, 63, 64, 65, 66, 67, 68, 69, 70, 71, 72, 73, 74, 75, 76, 77, 78, 79, 80, 81, 82, 83, 84, 85, 86, 87, 88, 89, 90, 91, 92, 93, 94, 95, 96])
nbow: {'reference': ('reference', [93, 94, 95, 96], array([0.2972973 , 0.27027026, 0.24324325, 0.1891892 ], dtype=float32)), 'hypothesis': ('hypothesis', [49, 50, 51, 52, 53, 54, 55], array([0.35416666, 0.125     , 0.02083333, 0.14583333, 0.02083333,
       0.16666667, 0.16666667], dtype=float32))}
Dist: [('hypothesis', 9.298637390136719)]
Time taken for candidate 47 is 6.541112422943115
emb: dict_keys([1, 2, 3, 4, 5, 6, 7, 8, 9, 10, 11, 12, 13, 14, 15, 16, 17, 18, 19, 20, 21, 22, 23, 24, 25, 26, 27, 28, 29, 30, 31, 32, 33, 34, 35, 36, 37, 38, 39, 40, 41, 42, 43, 44, 45, 46, 47, 48, 49, 50, 51, 52, 53, 54, 55, 56, 57, 58, 59, 60, 61, 62, 63, 64, 65, 66, 67, 68, 69, 70, 71, 72, 73, 74, 75, 76, 77, 78, 79, 80, 81, 82, 83, 84])
nbow: {'reference': ('reference', [82, 83, 84], array([0.325, 0.375, 0.3  ], dtype=float32)), 'hypothesis': ('hypothesis', [39, 40, 41], array([0.23684211, 0.47368422, 0.28947368], dtype=float32))}
Dist: [('hypothesis', 8.353116989135742)]
Time taken for candidate 48 is 19.10506296157837
emb: dict_keys([1, 2, 3, 4, 5, 6, 7, 8, 9, 10, 11, 12, 13, 14, 15, 16, 17, 18, 19, 20, 21, 22, 23, 24, 25, 26, 27, 28, 29, 30, 31, 32, 33, 34, 35, 36, 37, 38, 39, 40, 41, 42, 43, 44, 45, 46, 47, 48, 49, 50, 51])
nbow: {'reference': ('reference', [49, 50, 51], array([0.3846154 , 0.34615386, 0.26923078], dtype=float32)), 'hypothesis': ('hypothesis', [21, 22], array([0.5, 0.5], dtype=float32))}
Dist: [('hypothesis', 7.386313438415527)]
Time taken for candidate 49 is 24.9954993724823
