Loaded model 13.54897928237915
Done preprocessing references
Time taken for candidate 4918 is 121.21629619598389
Time taken for candidate 4919 is 77.92047715187073
Time taken for candidate 4920 is 104.4777717590332
Time taken for candidate 4922 is 81.2660653591156
Time taken for candidate 4923 is 57.06762504577637
Time taken for candidate 4925 is 149.78935623168945
Time taken for candidate 4926 is 119.95335602760315
Time taken for candidate 4927 is 79.51998662948608
Time taken for candidate 4929 is 100.70764231681824
Time taken for candidate 4930 is 107.77428197860718
Time taken for candidate 4931 is 86.35418057441711
Time taken for candidate 4932 is 126.19810891151428
Time taken for candidate 4933 is 149.93649530410767
Time taken for candidate 4934 is 153.79315543174744
Time taken for candidate 4935 is 169.99989819526672
Time taken for candidate 4937 is 194.66917276382446
Time taken for candidate 4938 is 101.34573483467102
Time taken for candidate 4939 is 122.72056555747986
Time taken for candidate 4940 is 170.0455322265625
Time taken for candidate 4941 is 130.21482014656067
Time taken for candidate 4942 is 103.77131462097168
Time taken for candidate 4943 is 127.52787733078003
Time taken for candidate 4945 is 81.12103533744812
Time taken for candidate 4947 is 78.02993178367615
Time taken for candidate 4949 is 145.1945779323578
Time taken for candidate 4950 is 100.33816814422607
Time taken for candidate 4951 is 144.5941984653473
Time taken for candidate 4952 is 167.22815442085266
Time taken for candidate 4953 is 78.31494402885437
Time taken for candidate 4954 is 54.68696880340576
Time taken for candidate 4955 is 81.08544921875
Time taken for candidate 4957 is 142.49196577072144
Time taken for candidate 4958 is 81.13056230545044
Time taken for candidate 4959 is 56.602341413497925
Time taken for candidate 4960 is 123.10564970970154
Time taken for candidate 4962 is 78.96659779548645
Time taken for candidate 4963 is 80.89522194862366
Time taken for candidate 4964 is 80.70615792274475
Time taken for candidate 4965 is 102.79006052017212
Time taken for candidate 4966 is 102.7196877002716
Time taken for candidate 4967 is 81.16405582427979
Time taken for candidate 4968 is 58.046916246414185
Time taken for candidate 4969 is 107.64188623428345
Time taken for candidate 4970 is 122.59702181816101
Time taken for candidate 4971 is 56.013773918151855
Time taken for candidate 4972 is 83.80453062057495
Time taken for candidate 4973 is 57.188212633132935
Time taken for candidate 4975 is 123.74287176132202
Time taken for candidate 4976 is 81.21261954307556
Time taken for candidate 4977 is 102.35115504264832
Time taken for candidate 4978 is 79.05621314048767
Time taken for candidate 4981 is 126.48694396018982
Time taken for candidate 4982 is 169.65438795089722
Time taken for candidate 4983 is 100.49397301673889
Time taken for candidate 4984 is 146.3623561859131
Time taken for candidate 4985 is 119.66379904747009
Time taken for candidate 4986 is 103.61295890808105
Time taken for candidate 4987 is 82.71301341056824
Time taken for candidate 4988 is 83.4817533493042
Time taken for candidate 4989 is 123.95506429672241
Time taken for candidate 4990 is 80.49101567268372
Time taken for candidate 4991 is 98.36803936958313
Time taken for candidate 4992 is 125.52515316009521
Time taken for candidate 4993 is 102.17341113090515
Time taken for candidate 4994 is 101.35604929924011
Time taken for candidate 4995 is 80.3828272819519
Time taken for candidate 4997 is 81.37951755523682
Time taken for candidate 5001 is 103.87116408348083
Time taken for candidate 5003 is 79.95888805389404
Time taken for candidate 5004 is 127.30008625984192
Time taken for candidate 5006 is 124.80339479446411
Time taken for candidate 5007 is 124.83812642097473
Time taken for candidate 5008 is 102.00020670890808
Time taken for candidate 5009 is 143.3392412662506
Time taken for candidate 5010 is 103.02846145629883
Time taken for candidate 5011 is 55.14155435562134
Time taken for candidate 5012 is 54.469740867614746
Time taken for candidate 5013 is 122.51059293746948
Time taken for candidate 5014 is 77.89490866661072
Time taken for candidate 5017 is 102.72140216827393
Time taken for candidate 5018 is 83.35136604309082
Time taken for candidate 5019 is 102.7039566040039
Time taken for candidate 5020 is 103.74441957473755
Time taken for candidate 5021 is 97.20510244369507
Time taken for candidate 5022 is 102.27587270736694
Time taken for candidate 5023 is 126.78813624382019
Time taken for candidate 5024 is 120.50956654548645
Time taken for candidate 5025 is 99.60311698913574
Time taken for candidate 5026 is 108.23638033866882
Time taken for candidate 5028 is 104.62748122215271
Time taken for candidate 5029 is 121.43259644508362
Time taken for candidate 5030 is 97.20762348175049
Time taken for candidate 5031 is 101.84906721115112
Time taken for candidate 5033 is 57.463982820510864
Time taken for candidate 5034 is 57.581833362579346
Time taken for candidate 5036 is 57.006118059158325
Time taken for candidate 5037 is 101.70824480056763
Time taken for candidate 5038 is 55.17883038520813
Time taken for candidate 5039 is 83.26250886917114
Time taken for candidate 5040 is 192.13217759132385
Time taken for candidate 5041 is 80.31019330024719
Time taken for candidate 5042 is 148.36242032051086
Time taken for candidate 5043 is 52.894673109054565
Time taken for candidate 5046 is 77.04965496063232
Time taken for candidate 5047 is 100.6969313621521
Time taken for candidate 5048 is 144.41652536392212
Time taken for candidate 5050 is 125.27791976928711
Time taken for candidate 5051 is 129.07085061073303
Time taken for candidate 5053 is 79.82009196281433
Time taken for candidate 5054 is 121.65867137908936
Time taken for candidate 5056 is 123.48714828491211
Time taken for candidate 5058 is 106.26355648040771
Time taken for candidate 5059 is 55.60210371017456
Time taken for candidate 5060 is 54.10808062553406
Time taken for candidate 5061 is 99.67154955863953
Time taken for candidate 5062 is 99.25358414649963
Time taken for candidate 5063 is 103.83478045463562
Time taken for candidate 5064 is 191.61051607131958
Time taken for candidate 5065 is 170.72292160987854
Time taken for candidate 5066 is 81.97321057319641
Time taken for candidate 5067 is 105.49776840209961
Time taken for candidate 5068 is 101.36613631248474
Time taken for candidate 5069 is 100.09121799468994
Time taken for candidate 5071 is 77.88735270500183
Time taken for candidate 5073 is 78.88768792152405
Time taken for candidate 5074 is 80.79500675201416
Time taken for candidate 5075 is 81.34088373184204
Time taken for candidate 5076 is 81.08645462989807
Time taken for candidate 5079 is 102.59421992301941
Time taken for candidate 5083 is 123.73969841003418
Time taken for candidate 5084 is 123.19218611717224
Time taken for candidate 5085 is 99.47713875770569
Time taken for candidate 5086 is 79.66533350944519
Time taken for candidate 5087 is 119.46215963363647
Time taken for candidate 5089 is 80.16468048095703
Time taken for candidate 5090 is 102.57069396972656
Time taken for candidate 5091 is 151.38644409179688
Time taken for candidate 5092 is 56.64949584007263
Time taken for candidate 5094 is 79.23372626304626
Time taken for candidate 5095 is 126.90228581428528
Time taken for candidate 5096 is 69.99052548408508
Time taken for candidate 5098 is 87.14047360420227
Time taken for candidate 5099 is 103.33874201774597
Time taken for candidate 5100 is 70.54354000091553
Time taken for candidate 5101 is 88.15797424316406
Time taken for candidate 5102 is 121.44325995445251
Time taken for candidate 5104 is 104.1801290512085
Time taken for candidate 5105 is 103.26700067520142
Time taken for candidate 5106 is 70.87990069389343
Time taken for candidate 5107 is 121.5393214225769
Time taken for candidate 5108 is 86.67478895187378
Time taken for candidate 5109 is 103.52894163131714
Time taken for candidate 5110 is 153.95199394226074
Time taken for candidate 5112 is 87.94105911254883
Time taken for candidate 5114 is 139.38656091690063
Time taken for candidate 5115 is 87.55447292327881
Time taken for candidate 5116 is 88.01315712928772
Time taken for candidate 5117 is 87.77640843391418
Time taken for candidate 5118 is 70.69150853157043
Time taken for candidate 5119 is 51.38840126991272
Time taken for candidate 5120 is 88.24348282814026
Time taken for candidate 5121 is 87.69656705856323
Time taken for candidate 5122 is 103.98472809791565
Time taken for candidate 5123 is 70.42389106750488
Time taken for candidate 5124 is 104.37432265281677
Time taken for candidate 5125 is 70.7368597984314
Time taken for candidate 5126 is 70.58734774589539
Time taken for candidate 5127 is 150.61662817001343
Time taken for candidate 5128 is 70.22734332084656
Time taken for candidate 5129 is 70.46158695220947
Fatal Python error: deallocating None

Current thread 0x00007f3242299740 (most recent call first):
  File "/home/eshwarsr/anaconda3/lib/python3.7/site-packages/mxnet/base.py", line 330 in c_str_array
  File "/home/eshwarsr/anaconda3/lib/python3.7/site-packages/mxnet/_ctypes/ndarray.py", line 91 in _imperative_invoke
  File "<string>", line 25 in _copyto
  File "/home/eshwarsr/anaconda3/lib/python3.7/site-packages/mxnet/ndarray/ndarray.py", line 2074 in copyto
  File "/home/eshwarsr/anaconda3/lib/python3.7/site-packages/mxnet/ndarray/ndarray.py", line 2032 in astype
  File "/home/eshwarsr/anaconda3/lib/python3.7/site-packages/gluonnlp/model/bert.py", line 69 in hybrid_forward
  File "/home/eshwarsr/anaconda3/lib/python3.7/site-packages/mxnet/gluon/block.py", line 917 in forward
  File "/home/eshwarsr/anaconda3/lib/python3.7/site-packages/mxnet/gluon/block.py", line 540 in __call__
  File "/home/eshwarsr/anaconda3/lib/python3.7/site-packages/gluonnlp/model/transformer.py", line 262 in hybrid_forward
  File "/home/eshwarsr/anaconda3/lib/python3.7/site-packages/mxnet/gluon/block.py", line 917 in forward
  File "/home/eshwarsr/anaconda3/lib/python3.7/site-packages/mxnet/gluon/block.py", line 540 in __call__
  File "/home/eshwarsr/anaconda3/lib/python3.7/site-packages/gluonnlp/model/transformer.py", line 500 in hybrid_forward
  File "/home/eshwarsr/anaconda3/lib/python3.7/site-packages/mxnet/gluon/block.py", line 917 in forward
  File "/home/eshwarsr/anaconda3/lib/python3.7/site-packages/gluonnlp/model/transformer.py", line 448 in forward
  File "/home/eshwarsr/anaconda3/lib/python3.7/site-packages/mxnet/gluon/block.py", line 540 in __call__
  File "/home/eshwarsr/anaconda3/lib/python3.7/site-packages/gluonnlp/model/seq2seq_encoder_decoder.py", line 151 in __call__
  File "/home/eshwarsr/anaconda3/lib/python3.7/site-packages/gluonnlp/model/transformer.py", line 404 in __call__
  File "/home/eshwarsr/anaconda3/lib/python3.7/site-packages/gluonnlp/model/bert.py", line 450 in _encode_sequence
  File "/home/eshwarsr/anaconda3/lib/python3.7/site-packages/gluonnlp/model/bert.py", line 415 in forward
  File "/home/eshwarsr/anaconda3/lib/python3.7/site-packages/mxnet/gluon/block.py", line 540 in __call__
  File "/home/eshwarsr/anaconda3/lib/python3.7/site-packages/bert_embedding/bert.py", line 136 in embedding
  File "/home/eshwarsr/anaconda3/lib/python3.7/site-packages/bert_embedding/bert.py", line 110 in __call__
  File "/home/eshwarsr/IISc-ML-Project/3_SMS/emd_metrics.py", line 85 in get_embeddings_ids_weights
  File "driver.py", line 23 in calculate_similarity
  File "driver.py", line 92 in <module>
