Loaded model 14.988377094268799
Done preprocessing references
Time taken for candidate 4918 is 137.69517993927002
Time taken for candidate 4919 is 79.61525988578796
Time taken for candidate 4920 is 96.41877365112305
Time taken for candidate 4922 is 77.47795677185059
Time taken for candidate 4923 is 57.74798226356506
Time taken for candidate 4925 is 139.73783040046692
Time taken for candidate 4926 is 116.48462057113647
Time taken for candidate 4927 is 81.18736100196838
Time taken for candidate 4929 is 101.7894389629364
Time taken for candidate 4930 is 104.09851670265198
Time taken for candidate 4931 is 81.90378260612488
Time taken for candidate 4932 is 113.97371435165405
Time taken for candidate 4933 is 144.33656692504883
Time taken for candidate 4934 is 145.93623399734497
Time taken for candidate 4935 is 168.30999660491943
Time taken for candidate 4937 is 184.163316488266
Time taken for candidate 4938 is 100.94941329956055
Time taken for candidate 4939 is 121.34054970741272
Time taken for candidate 4940 is 163.83557772636414
Time taken for candidate 4941 is 119.31952714920044
Time taken for candidate 4942 is 101.37853503227234
Time taken for candidate 4943 is 126.54593539237976
Time taken for candidate 4945 is 77.11617994308472
Time taken for candidate 4947 is 75.57881212234497
Time taken for candidate 4949 is 136.65432333946228
Time taken for candidate 4950 is 104.73077273368835
Time taken for candidate 4951 is 139.32634687423706
Time taken for candidate 4952 is 163.45310926437378
Time taken for candidate 4953 is 81.23086500167847
Time taken for candidate 4954 is 55.52553176879883
Time taken for candidate 4955 is 79.81739401817322
Time taken for candidate 4957 is 142.59343838691711
Time taken for candidate 4958 is 78.54535031318665
Time taken for candidate 4959 is 55.67657971382141
Time taken for candidate 4960 is 123.79138541221619
Time taken for candidate 4962 is 77.74511981010437
Time taken for candidate 4963 is 81.95903873443604
Time taken for candidate 4964 is 81.34149479866028
Time taken for candidate 4965 is 101.67882251739502
Time taken for candidate 4966 is 99.63110399246216
Time taken for candidate 4967 is 82.11443781852722
Time taken for candidate 4968 is 55.18849301338196
Time taken for candidate 4969 is 97.81735253334045
Time taken for candidate 4970 is 118.9147458076477
Time taken for candidate 4971 is 56.952688455581665
Time taken for candidate 4972 is 79.74016237258911
Time taken for candidate 4973 is 56.03755474090576
Time taken for candidate 4975 is 121.64557909965515
Time taken for candidate 4976 is 78.90935397148132
Time taken for candidate 4977 is 103.70139932632446
Time taken for candidate 4978 is 81.0717875957489
Time taken for candidate 4981 is 121.76774001121521
Time taken for candidate 4982 is 154.5849940776825
Time taken for candidate 4983 is 98.89423203468323
Time taken for candidate 4984 is 142.61550068855286
Time taken for candidate 4985 is 121.74151635169983
Time taken for candidate 4986 is 103.2050108909607
Time taken for candidate 4987 is 79.2674663066864
Time taken for candidate 4988 is 77.55287623405457
Time taken for candidate 4989 is 116.82057547569275
Time taken for candidate 4990 is 80.12053537368774
Time taken for candidate 4991 is 102.15849351882935
Time taken for candidate 4992 is 117.55344891548157
Time taken for candidate 4993 is 100.33877944946289
Time taken for candidate 4994 is 97.66754341125488
Time taken for candidate 4995 is 80.92207527160645
Time taken for candidate 4997 is 82.83841276168823
Time taken for candidate 5001 is 102.66401886940002
Time taken for candidate 5003 is 83.4728753566742
Time taken for candidate 5004 is 125.8500554561615
Time taken for candidate 5006 is 122.76072764396667
Time taken for candidate 5007 is 121.91361498832703
Time taken for candidate 5008 is 95.86699366569519
Time taken for candidate 5009 is 133.45174312591553
Time taken for candidate 5010 is 98.11323857307434
Time taken for candidate 5011 is 54.9920334815979
Time taken for candidate 5012 is 56.946547746658325
Time taken for candidate 5013 is 123.04279279708862
Time taken for candidate 5014 is 83.6185142993927
Time taken for candidate 5017 is 102.74464201927185
Time taken for candidate 5018 is 82.29946541786194
Time taken for candidate 5019 is 102.79252052307129
Time taken for candidate 5020 is 100.08309864997864
Time taken for candidate 5021 is 100.32518267631531
Time taken for candidate 5022 is 101.31706118583679
Time taken for candidate 5023 is 120.08075594902039
Time taken for candidate 5024 is 120.59205293655396
Time taken for candidate 5025 is 101.85624027252197
Time taken for candidate 5026 is 109.85033106803894
Time taken for candidate 5028 is 98.66645765304565
Time taken for candidate 5029 is 120.5090320110321
Time taken for candidate 5030 is 103.00592756271362
Time taken for candidate 5031 is 107.17412686347961
Time taken for candidate 5033 is 61.71225452423096
Time taken for candidate 5034 is 59.666022062301636
Time taken for candidate 5036 is 57.05694365501404
Time taken for candidate 5037 is 102.28344774246216
Time taken for candidate 5038 is 56.00470590591431
Time taken for candidate 5039 is 80.56945943832397
Time taken for candidate 5040 is 190.21917724609375
Time taken for candidate 5041 is 83.21970343589783
Time taken for candidate 5042 is 144.23261713981628
Time taken for candidate 5043 is 54.505287647247314
Time taken for candidate 5046 is 80.5660297870636
Time taken for candidate 5047 is 108.25237584114075
Time taken for candidate 5048 is 162.06881856918335
Time taken for candidate 5050 is 122.77098226547241
Time taken for candidate 5051 is 126.77368378639221
Time taken for candidate 5053 is 82.0316174030304
Time taken for candidate 5054 is 121.81226754188538
Time taken for candidate 5056 is 128.4858739376068
Time taken for candidate 5058 is 104.32226395606995
Time taken for candidate 5059 is 59.042675733566284
Time taken for candidate 5060 is 56.10127830505371
Time taken for candidate 5061 is 103.76281023025513
Time taken for candidate 5062 is 102.88157725334167
Time taken for candidate 5063 is 102.25548505783081
Time taken for candidate 5064 is 189.26735424995422
Time taken for candidate 5065 is 168.86511039733887
Time taken for candidate 5066 is 85.90339422225952
Time taken for candidate 5067 is 103.24363946914673
Time taken for candidate 5068 is 102.27947115898132
Time taken for candidate 5069 is 103.97000765800476
Time taken for candidate 5071 is 81.0839352607727
Time taken for candidate 5073 is 81.71252250671387
Time taken for candidate 5074 is 79.02589893341064
Time taken for candidate 5075 is 81.17767143249512
Time taken for candidate 5076 is 83.63007473945618
Time taken for candidate 5079 is 101.91649627685547
Time taken for candidate 5083 is 130.40019369125366
Time taken for candidate 5084 is 121.43567252159119
Time taken for candidate 5085 is 106.40539860725403
Time taken for candidate 5086 is 83.63960242271423
Time taken for candidate 5087 is 129.57144474983215
Time taken for candidate 5089 is 83.01924896240234
Time taken for candidate 5090 is 103.27397656440735
Time taken for candidate 5091 is 147.31592917442322
Time taken for candidate 5092 is 56.72761392593384
Time taken for candidate 5094 is 82.82202529907227
Time taken for candidate 5095 is 126.44041776657104
Time taken for candidate 5096 is 81.14585590362549
Time taken for candidate 5098 is 102.44086575508118
Time taken for candidate 5099 is 124.18189096450806
Time taken for candidate 5100 is 80.34296321868896
Time taken for candidate 5101 is 103.27543902397156
Time taken for candidate 5102 is 144.8193621635437
Time taken for candidate 5104 is 126.63032269477844
Time taken for candidate 5105 is 126.61631274223328
Time taken for candidate 5106 is 82.5104124546051
Time taken for candidate 5107 is 145.81009125709534
Time taken for candidate 5108 is 97.42282462120056
Time taken for candidate 5109 is 101.46437382698059
Time taken for candidate 5110 is 152.00017642974854
Time taken for candidate 5112 is 85.84616422653198
Time taken for candidate 5114 is 135.65160393714905
Time taken for candidate 5115 is 84.50075387954712
Time taken for candidate 5116 is 85.38899326324463
Time taken for candidate 5117 is 85.46718430519104
Time taken for candidate 5118 is 69.07491540908813
Time taken for candidate 5119 is 49.74913549423218
Time taken for candidate 5120 is 85.64845204353333
Time taken for candidate 5121 is 85.61703968048096
Time taken for candidate 5122 is 101.10322165489197
Time taken for candidate 5123 is 68.49402213096619
Time taken for candidate 5124 is 101.6003942489624
Time taken for candidate 5125 is 68.53744292259216
Time taken for candidate 5126 is 69.56646251678467
Time taken for candidate 5127 is 148.18495416641235
Time taken for candidate 5128 is 66.96227097511292
Time taken for candidate 5129 is 67.87291145324707
Fatal Python error: deallocating None

Current thread 0x00007f8187af8740 (most recent call first):
  File "/home/eshwarsr/anaconda3/lib/python3.7/site-packages/mxnet/base.py", line 330 in c_str_array
  File "/home/eshwarsr/anaconda3/lib/python3.7/site-packages/mxnet/_ctypes/ndarray.py", line 91 in _imperative_invoke
  File "<string>", line 25 in _copyto
  File "/home/eshwarsr/anaconda3/lib/python3.7/site-packages/mxnet/ndarray/ndarray.py", line 2074 in copyto
  File "/home/eshwarsr/anaconda3/lib/python3.7/site-packages/mxnet/ndarray/ndarray.py", line 2032 in astype
  File "/home/eshwarsr/anaconda3/lib/python3.7/site-packages/gluonnlp/model/bert.py", line 69 in hybrid_forward
  File "/home/eshwarsr/anaconda3/lib/python3.7/site-packages/mxnet/gluon/block.py", line 917 in forward
  File "/home/eshwarsr/anaconda3/lib/python3.7/site-packages/mxnet/gluon/block.py", line 540 in __call__
  File "/home/eshwarsr/anaconda3/lib/python3.7/site-packages/gluonnlp/model/transformer.py", line 262 in hybrid_forward
  File "/home/eshwarsr/anaconda3/lib/python3.7/site-packages/mxnet/gluon/block.py", line 917 in forward
  File "/home/eshwarsr/anaconda3/lib/python3.7/site-packages/mxnet/gluon/block.py", line 540 in __call__
  File "/home/eshwarsr/anaconda3/lib/python3.7/site-packages/gluonnlp/model/transformer.py", line 500 in hybrid_forward
  File "/home/eshwarsr/anaconda3/lib/python3.7/site-packages/mxnet/gluon/block.py", line 917 in forward
  File "/home/eshwarsr/anaconda3/lib/python3.7/site-packages/gluonnlp/model/transformer.py", line 448 in forward
  File "/home/eshwarsr/anaconda3/lib/python3.7/site-packages/mxnet/gluon/block.py", line 540 in __call__
  File "/home/eshwarsr/anaconda3/lib/python3.7/site-packages/gluonnlp/model/seq2seq_encoder_decoder.py", line 151 in __call__
  File "/home/eshwarsr/anaconda3/lib/python3.7/site-packages/gluonnlp/model/transformer.py", line 404 in __call__
  File "/home/eshwarsr/anaconda3/lib/python3.7/site-packages/gluonnlp/model/bert.py", line 450 in _encode_sequence
  File "/home/eshwarsr/anaconda3/lib/python3.7/site-packages/gluonnlp/model/bert.py", line 415 in forward
  File "/home/eshwarsr/anaconda3/lib/python3.7/site-packages/mxnet/gluon/block.py", line 540 in __call__
  File "/home/eshwarsr/anaconda3/lib/python3.7/site-packages/bert_embedding/bert.py", line 136 in embedding
  File "/home/eshwarsr/anaconda3/lib/python3.7/site-packages/bert_embedding/bert.py", line 110 in __call__
  File "/home/eshwarsr/IISc-ML-Project/3_SMS/emd_metrics.py", line 85 in get_embeddings_ids_weights
  File "driver.py", line 23 in calculate_similarity
  File "driver.py", line 92 in <module>
