candidates_folder ../data/WMT18Data/system-outputs/newstest2018/fi-en/
REFERENCES_FILE ../data/WMT18Data/references/newstest2018-fien-ref.en
MODEL glove
METHOD wms 


Running against the candidates from: ../data/WMT18Data/system-outputs/newstest2018/fi-en/newstest2018.CUNI-Kocmi.5619.fi-en
Score: 0.11432673187580207
Done in 144.43277192115784
=========================
Running against the candidates from: ../data/WMT18Data/system-outputs/newstest2018/fi-en/newstest2018.HY-NMT-fi-en.5569.fi-en
Score: 0.12432679007175705
Done in 135.92030906677246
=========================
Running against the candidates from: ../data/WMT18Data/system-outputs/newstest2018/fi-en/newstest2018.JUCBNMT.5559.fi-en
Score: 0.05802583965150499
Done in 141.92354488372803
=========================
Running against the candidates from: ../data/WMT18Data/system-outputs/newstest2018/fi-en/newstest2018.NICT.5515.fi-en
Score: 0.1294995987665035
Done in 138.70735716819763
=========================
Running against the candidates from: ../data/WMT18Data/system-outputs/newstest2018/fi-en/newstest2018.online-A.0.fi-en
Score: 0.10676779318761574
Done in 138.82865190505981
=========================
Running against the candidates from: ../data/WMT18Data/system-outputs/newstest2018/fi-en/newstest2018.online-B.0.fi-en
Score: 0.11460770366900885
Done in 137.9393665790558
=========================
Running against the candidates from: ../data/WMT18Data/system-outputs/newstest2018/fi-en/newstest2018.online-G.0.fi-en
Score: 0.09344185125530777
Done in 139.6574239730835
=========================
Running against the candidates from: ../data/WMT18Data/system-outputs/newstest2018/fi-en/newstest2018.talp-upc.5423.fi-en
Score: 0.11125786679943542
Done in 138.7536928653717
=========================
Running against the candidates from: ../data/WMT18Data/system-outputs/newstest2018/fi-en/newstest2018.uedin.5631.fi-en
Score: 0.12012773494738352
Done in 138.977463722229
=========================
Fatal Python error: deallocating None

Current thread 0x00007f3cc07ba740 (most recent call first):
