Loaded model 15.214179992675781
Done preprocessing references
Time taken for candidate 4918 is 106.76641416549683
Time taken for candidate 4919 is 70.74138617515564
Time taken for candidate 4920 is 89.18494653701782
Time taken for candidate 4921 is 72.19250845909119
Time taken for candidate 4922 is 71.31541657447815
Time taken for candidate 4923 is 50.95904183387756
Time taken for candidate 4924 is 144.3484983444214
Time taken for candidate 4925 is 126.02711772918701
Time taken for candidate 4926 is 104.03617763519287
Time taken for candidate 4927 is 72.1857008934021
Time taken for candidate 4928 is 89.80060744285583
Time taken for candidate 4929 is 89.48751163482666
Time taken for candidate 4930 is 90.95460557937622
Time taken for candidate 4931 is 74.35188937187195
Time taken for candidate 4932 is 109.20940613746643
Time taken for candidate 4933 is 124.89432549476624
Time taken for candidate 4934 is 123.03558611869812
Time taken for candidate 4935 is 178.1055817604065
Time taken for candidate 4936 is 117.03543496131897
Time taken for candidate 4937 is 240.10433864593506
Time taken for candidate 4938 is 142.1884548664093
Time taken for candidate 4939 is 172.30473470687866
Time taken for candidate 4940 is 253.9119713306427
Time taken for candidate 4941 is 170.93055248260498
Time taken for candidate 4942 is 149.21185064315796
Time taken for candidate 4943 is 157.42794799804688
Time taken for candidate 4944 is 125.56504654884338
Time taken for candidate 4945 is 122.7483286857605
Time taken for candidate 4946 is 122.72626233100891
Time taken for candidate 4947 is 123.61575865745544
Time taken for candidate 4948 is 122.8707172870636
Time taken for candidate 4949 is 204.0303454399109
Time taken for candidate 4950 is 151.50877237319946
Time taken for candidate 4951 is 192.8476881980896
Time taken for candidate 4952 is 227.76035118103027
Time taken for candidate 4953 is 121.89876341819763
Time taken for candidate 4954 is 96.22149395942688
Time taken for candidate 4955 is 123.36332583427429
Time taken for candidate 4956 is 156.9967017173767
Time taken for candidate 4957 is 204.53845024108887
Time taken for candidate 4958 is 124.99759888648987
Time taken for candidate 4959 is 99.92916774749756
Time taken for candidate 4960 is 178.55503106117249
Time taken for candidate 4961 is 204.4571943283081
Time taken for candidate 4962 is 127.00380492210388
Time taken for candidate 4963 is 128.09279346466064
Time taken for candidate 4964 is 122.88520646095276
Time taken for candidate 4965 is 149.36918997764587
Time taken for candidate 4966 is 145.98967289924622
Time taken for candidate 4967 is 120.29207181930542
Time taken for candidate 4968 is 95.13884091377258
Time taken for candidate 4969 is 149.21885180473328
Time taken for candidate 4970 is 171.9406156539917
Time taken for candidate 4971 is 95.24786376953125
Time taken for candidate 4972 is 123.19874548912048
Time taken for candidate 4973 is 96.11629843711853
Time taken for candidate 4974 is 174.14809560775757
Time taken for candidate 4975 is 171.75117540359497
Time taken for candidate 4976 is 122.46427154541016
Time taken for candidate 4977 is 148.56180834770203
Time taken for candidate 4978 is 123.49572491645813
Time taken for candidate 4979 is 148.08177733421326
Time taken for candidate 4980 is 147.64131879806519
Time taken for candidate 4981 is 168.67590761184692
Time taken for candidate 4982 is 222.60991501808167
Time taken for candidate 4983 is 148.96993112564087
Time taken for candidate 4984 is 201.11470794677734
Time taken for candidate 4985 is 173.76932191848755
Time taken for candidate 4986 is 152.7853946685791
Time taken for candidate 4987 is 124.49822998046875
Time taken for candidate 4988 is 124.04947137832642
Time taken for candidate 4989 is 561.2356235980988
Time taken for candidate 4990 is 125.92949938774109
Time taken for candidate 4991 is 151.94205927848816
Time taken for candidate 4992 is 174.82556700706482
Time taken for candidate 4993 is 151.65736198425293
Time taken for candidate 4994 is 148.34665989875793
Time taken for candidate 4995 is 126.6968126296997
Time taken for candidate 4996 is 127.71226525306702
Time taken for candidate 4997 is 124.64978408813477
Time taken for candidate 4998 is 196.59510731697083
Time taken for candidate 4999 is 176.56948280334473
Time taken for candidate 5000 is 168.8074550628662
Time taken for candidate 5001 is 152.76274800300598
Time taken for candidate 5002 is 148.798583984375
Time taken for candidate 5003 is 100.48791217803955
Time taken for candidate 5004 is 95.72493648529053
Time taken for candidate 5005 is 103.7165949344635
Time taken for candidate 5006 is 103.59306287765503
Time taken for candidate 5007 is 103.20939016342163
Time taken for candidate 5008 is 86.37115383148193
Time taken for candidate 5009 is 120.79101610183716
Time taken for candidate 5010 is 86.9107084274292
Time taken for candidate 5011 is 50.48548936843872
Time taken for candidate 5012 is 49.46107769012451
Time taken for candidate 5013 is 102.05581402778625
Time taken for candidate 5014 is 70.47516345977783
Time taken for candidate 5015 is 87.97545742988586
Time taken for candidate 5016 is 137.73590898513794
Time taken for candidate 5017 is 86.0596935749054
Done with similarity
Created Dataframe
Finished writing file
Fatal Python error: deallocating None

Current thread 0x00007fbff059d740 (most recent call first):
