candidates_folder ../data/WMT18Data/system-outputs/newstest2018/cs-en/
REFERENCES_FILE ../data/WMT18Data/references/newstest2018-csen-ref.en
MODEL bert
METHOD sms 


Running against the candidates from: ../data/WMT18Data/system-outputs/newstest2018/cs-en/newstest2018.CUNI-Transformer.5560.cs-en
Score: 0.056616763061847236
Done in 1169.3815579414368
=========================
Running against the candidates from: ../data/WMT18Data/system-outputs/newstest2018/cs-en/newstest2018.online-A.0.cs-en
Score: 0.033817326311738116
Done in 1499.2975869178772
=========================
Running against the candidates from: ../data/WMT18Data/system-outputs/newstest2018/cs-en/newstest2018.online-B.0.cs-en
Score: 0.0520865373682817
Done in 1293.9528880119324
=========================
Running against the candidates from: ../data/WMT18Data/system-outputs/newstest2018/cs-en/newstest2018.online-G.0.cs-en
Score: 0.021158907097235283
Done in 1195.1984581947327
=========================
Running against the candidates from: ../data/WMT18Data/system-outputs/newstest2018/cs-en/newstest2018.uedin.5561.cs-en
Score: 0.04708526612043465
Done in 1209.098515033722
=========================
