candidates_folder ../data/WMT18Data/system-outputs/newstest2018/cs-en/
REFERENCES_FILE ../data/WMT18Data/references/newstest2018-csen-ref.en
MODEL glove
METHOD wms 


Running against the candidates from: ../data/WMT18Data/system-outputs/newstest2018/cs-en/newstest2018.CUNI-Transformer.5560.cs-en
Score: 0.20259677807449394
Done in 102.2743010520935
=========================
Running against the candidates from: ../data/WMT18Data/system-outputs/newstest2018/cs-en/newstest2018.online-A.0.cs-en
Score: 0.16398336943989794
Done in 98.90344405174255
=========================
Running against the candidates from: ../data/WMT18Data/system-outputs/newstest2018/cs-en/newstest2018.online-B.0.cs-en
Score: 0.20426957217663927
Done in 101.38975620269775
=========================
Running against the candidates from: ../data/WMT18Data/system-outputs/newstest2018/cs-en/newstest2018.online-G.0.cs-en
Score: 0.1486837861667725
Done in 145.302325963974
=========================
Running against the candidates from: ../data/WMT18Data/system-outputs/newstest2018/cs-en/newstest2018.uedin.5561.cs-en
Score: 0.18868993771477238
Done in 143.30140113830566
=========================
