Loaded model 19.47597646713257
Done preprocessing references
Time taken for candidate 4918 is 100.06308364868164
Time taken for candidate 4919 is 69.40308380126953
Time taken for candidate 4920 is 83.45543146133423
Time taken for candidate 4921 is 68.88010144233704
Time taken for candidate 4922 is 68.45343685150146
Time taken for candidate 4923 is 49.52919340133667
Time taken for candidate 4924 is 133.21174550056458
Time taken for candidate 4925 is 117.04092359542847
Time taken for candidate 4926 is 99.43843913078308
Time taken for candidate 4927 is 69.08597254753113
Time taken for candidate 4928 is 84.21261501312256
Time taken for candidate 4929 is 84.75564932823181
Time taken for candidate 4930 is 86.4044897556305
Time taken for candidate 4931 is 69.18840956687927
Time taken for candidate 4932 is 101.36181688308716
Time taken for candidate 4933 is 118.01975059509277
Time taken for candidate 4934 is 118.47060108184814
Time taken for candidate 4935 is 138.13736844062805
Time taken for candidate 4936 is 81.84349083900452
Time taken for candidate 4937 is 187.01628947257996
Time taken for candidate 4938 is 101.31557989120483
Time taken for candidate 4939 is 120.5347990989685
Time taken for candidate 4940 is 169.39331007003784
Time taken for candidate 4941 is 125.82524132728577
Time taken for candidate 4942 is 102.16804432868958
Time taken for candidate 4943 is 122.87037444114685
Time taken for candidate 4944 is 76.65609002113342
Time taken for candidate 4945 is 77.14727330207825
Time taken for candidate 4946 is 78.03669953346252
Time taken for candidate 4947 is 77.84262776374817
Time taken for candidate 4948 is 82.78603410720825
Time taken for candidate 4949 is 147.32959389686584
Time taken for candidate 4950 is 104.36747789382935
Time taken for candidate 4951 is 144.60483837127686
Time taken for candidate 4952 is 169.38395142555237
Time taken for candidate 4953 is 79.10324835777283
Time taken for candidate 4954 is 53.91474914550781
Time taken for candidate 4955 is 80.03367638587952
Time taken for candidate 4956 is 105.87826442718506
Time taken for candidate 4957 is 143.90202116966248
Time taken for candidate 4958 is 78.09728026390076
Time taken for candidate 4959 is 56.38680338859558
Time taken for candidate 4960 is 123.65083408355713
Time taken for candidate 4961 is 146.03924036026
Time taken for candidate 4962 is 79.481276512146
Time taken for candidate 4963 is 80.83549952507019
Time taken for candidate 4964 is 82.88264322280884
Time taken for candidate 4965 is 101.74001812934875
Time taken for candidate 4966 is 102.96036148071289
Time taken for candidate 4967 is 81.94823861122131
Time taken for candidate 4968 is 53.719990968704224
Time taken for candidate 4969 is 97.02978277206421
Time taken for candidate 4970 is 124.42692589759827
Time taken for candidate 4971 is 56.47635364532471
Time taken for candidate 4972 is 78.8168113231659
Time taken for candidate 4973 is 53.067455768585205
Time taken for candidate 4974 is 124.62252807617188
Time taken for candidate 4975 is 124.09351086616516
Time taken for candidate 4976 is 78.46849608421326
Time taken for candidate 4977 is 98.63836741447449
Time taken for candidate 4978 is 78.7586317062378
Time taken for candidate 4979 is 103.25836896896362
Time taken for candidate 4980 is 98.43465852737427
Time taken for candidate 4981 is 124.28703451156616
Time taken for candidate 4982 is 167.4737536907196
Time taken for candidate 4983 is 100.04051470756531
Time taken for candidate 4984 is 147.8915410041809
Time taken for candidate 4985 is 119.0086042881012
Time taken for candidate 4986 is 101.56738805770874
Time taken for candidate 4987 is 78.20613145828247
Time taken for candidate 4988 is 78.01317143440247
Time taken for candidate 4989 is 122.80442881584167
Time taken for candidate 4990 is 83.73692989349365
Time taken for candidate 4991 is 104.85247993469238
Time taken for candidate 4992 is 120.26938676834106
Time taken for candidate 4993 is 106.43134236335754
Time taken for candidate 4994 is 103.9744040966034
Time taken for candidate 4995 is 79.5785779953003
Time taken for candidate 4996 is 79.78303575515747
Time taken for candidate 4997 is 80.13270092010498
Time taken for candidate 4998 is 145.22719144821167
Time taken for candidate 4999 is 127.70732879638672
Time taken for candidate 5000 is 124.57081079483032
Time taken for candidate 5001 is 99.89635348320007
Time taken for candidate 5002 is 101.86943078041077
Time taken for candidate 5003 is 82.72754907608032
Time taken for candidate 5004 is 124.88000798225403
Time taken for candidate 5005 is 124.01199412345886
Time taken for candidate 5006 is 122.81209778785706
Time taken for candidate 5007 is 119.80345869064331
Time taken for candidate 5008 is 101.38338923454285
Time taken for candidate 5009 is 147.28023862838745
Time taken for candidate 5010 is 104.26062035560608
Time taken for candidate 5011 is 55.60060167312622
Time taken for candidate 5012 is 55.73340678215027
Time taken for candidate 5013 is 121.74462080001831
Time taken for candidate 5014 is 77.63456058502197
Time taken for candidate 5015 is 96.61896443367004
Time taken for candidate 5016 is 167.04971480369568
Time taken for candidate 5017 is 104.27861332893372
Done with similarity
Created Dataframe
Finished writing file
Fatal Python error: deallocating None

Current thread 0x00007f389c1cd740 (most recent call first):
