2020-05-31 14:24:34.816498: W tensorflow/stream_executor/platform/default/dso_loader.cc:55] Could not load dynamic library 'libnvinfer.so.6'; dlerror: libnvinfer.so.6: cannot open shared object file: No such file or directory
2020-05-31 14:24:34.816562: W tensorflow/stream_executor/platform/default/dso_loader.cc:55] Could not load dynamic library 'libnvinfer_plugin.so.6'; dlerror: libnvinfer_plugin.so.6: cannot open shared object file: No such file or directory
2020-05-31 14:24:34.816569: W tensorflow/compiler/tf2tensorrt/utils/py_utils.cc:30] Cannot dlopen some TensorRT libraries. If you would like to use Nvidia GPU with TensorRT, please make sure the missing libraries mentioned above are installed properly.
Number of candidates: 1450
Loaded model 23.07754921913147
Number of references: 441
Done preprocessing references 98.55251789093018
Time taken for candidate 4918 is 1.1038267612457275
Time taken for candidate 4919 is 0.8894236087799072
Time taken for candidate 4920 is 0.7795488834381104
Time taken for candidate 4922 is 0.4562098979949951
Time taken for candidate 4923 is 0.33457374572753906
Time taken for candidate 4925 is 1.093543529510498
Time taken for candidate 4926 is 0.8114030361175537
Time taken for candidate 4927 is 0.7021560668945312
Time taken for candidate 4929 is 0.988602876663208
Time taken for candidate 4930 is 1.196890115737915
Time taken for candidate 4931 is 0.976233720779419
Time taken for candidate 4932 is 0.8138320446014404
Time taken for candidate 4933 is 1.0082898139953613
Time taken for candidate 4934 is 0.9434230327606201
Time taken for candidate 4935 is 1.3452863693237305
Time taken for candidate 4937 is 1.1419425010681152
Time taken for candidate 4938 is 0.9285385608673096
Time taken for candidate 4939 is 0.8363149166107178
Time taken for candidate 4940 is 1.0314030647277832
Time taken for candidate 4941 is 0.9596543312072754
Time taken for candidate 4942 is 1.0157229900360107
Time taken for candidate 4943 is 1.0106449127197266
Time taken for candidate 4945 is 0.7266044616699219
Time taken for candidate 4947 is 0.7019712924957275
Time taken for candidate 4949 is 0.8789722919464111
Time taken for candidate 4950 is 0.8277757167816162
Time taken for candidate 4951 is 0.9405937194824219
Time taken for candidate 4952 is 0.9226119518280029
Time taken for candidate 4953 is 0.6793398857116699
Time taken for candidate 4954 is 0.43889713287353516
Time taken for candidate 4955 is 0.7195522785186768
Time taken for candidate 4957 is 0.9270830154418945
Time taken for candidate 4958 is 0.6276004314422607
Time taken for candidate 4959 is 0.5651352405548096
Time taken for candidate 4960 is 0.9047145843505859
Time taken for candidate 4962 is 0.6427676677703857
Time taken for candidate 4963 is 0.6311347484588623
Time taken for candidate 4964 is 0.7855989933013916
Time taken for candidate 4965 is 0.8599543571472168
Time taken for candidate 4966 is 0.76210618019104
Time taken for candidate 4967 is 0.8940210342407227
Time taken for candidate 4968 is 0.5237777233123779
Time taken for candidate 4969 is 0.7910516262054443
Time taken for candidate 4970 is 0.9181714057922363
Time taken for candidate 4971 is 0.5323920249938965
Time taken for candidate 4972 is 0.6775813102722168
Time taken for candidate 4973 is 0.42345094680786133
Time taken for candidate 4975 is 1.0424787998199463
Time taken for candidate 4976 is 0.8288943767547607
Time taken for candidate 4977 is 0.714853048324585
Time taken for candidate 4978 is 0.550950288772583
Time taken for candidate 4981 is 0.9985358715057373
Time taken for candidate 4982 is 1.1176490783691406
Time taken for candidate 4983 is 0.8931007385253906
Time taken for candidate 4984 is 1.0404043197631836
Time taken for candidate 4985 is 0.8095643520355225
Time taken for candidate 4986 is 0.6837770938873291
Time taken for candidate 4987 is 0.5287039279937744
Time taken for candidate 4988 is 0.7780253887176514
Time taken for candidate 4989 is 0.9361917972564697
Time taken for candidate 4990 is 0.8181314468383789
Time taken for candidate 4991 is 0.863776445388794
Time taken for candidate 4992 is 0.6345272064208984
Time taken for candidate 4993 is 0.815133810043335
Time taken for candidate 4994 is 0.8261189460754395
Time taken for candidate 4995 is 0.8714601993560791
Time taken for candidate 4997 is 0.6567957401275635
Time taken for candidate 5001 is 0.8656721115112305
Time taken for candidate 5003 is 0.6628866195678711
Time taken for candidate 5004 is 0.9364991188049316
Time taken for candidate 5006 is 1.0255444049835205
Time taken for candidate 5007 is 0.8339550495147705
Time taken for candidate 5008 is 0.8467638492584229
Time taken for candidate 5009 is 0.834507942199707
Time taken for candidate 5010 is 0.9391746520996094
Time taken for candidate 5011 is 0.5237195491790771
Time taken for candidate 5012 is 0.5739262104034424
Time taken for candidate 5013 is 0.7808055877685547
Time taken for candidate 5014 is 0.724027156829834
Time taken for candidate 5017 is 0.5990371704101562
Time taken for candidate 5018 is 0.6609175205230713
Time taken for candidate 5019 is 0.9607977867126465
Time taken for candidate 5020 is 0.7441599369049072
Time taken for candidate 5021 is 0.6127371788024902
Time taken for candidate 5022 is 0.8815371990203857
Time taken for candidate 5023 is 0.8809826374053955
Time taken for candidate 5024 is 0.9734055995941162
Time taken for candidate 5025 is 0.754427433013916
Time taken for candidate 5026 is 0.9475855827331543
Time taken for candidate 5028 is 0.8451707363128662
Time taken for candidate 5029 is 0.9250879287719727
Time taken for candidate 5030 is 1.0019762516021729
Time taken for candidate 5031 is 0.8751580715179443
Time taken for candidate 5033 is 0.5196108818054199
Time taken for candidate 5034 is 0.42446279525756836
Time taken for candidate 5036 is 0.3775770664215088
Time taken for candidate 5037 is 0.8637583255767822
Time taken for candidate 5038 is 0.3460693359375
Time taken for candidate 5039 is 0.8543276786804199
Time taken for candidate 5040 is 1.4008243083953857
Time taken for candidate 5041 is 0.7275667190551758
Time taken for candidate 5042 is 0.8141283988952637
Time taken for candidate 5043 is 0.25627779960632324
Time taken for candidate 5046 is 0.751727819442749
Time taken for candidate 5047 is 1.0931675434112549
Time taken for candidate 5048 is 1.0362727642059326
Time taken for candidate 5050 is 0.9933121204376221
Time taken for candidate 5051 is 1.2263751029968262
Time taken for candidate 5053 is 0.5458345413208008
Time taken for candidate 5054 is 0.6580550670623779
Time taken for candidate 5056 is 1.0011873245239258
Time taken for candidate 5058 is 1.3469676971435547
Time taken for candidate 5059 is 0.5196914672851562
Time taken for candidate 5060 is 0.545881986618042
Time taken for candidate 5061 is 0.7901597023010254
Time taken for candidate 5062 is 0.5969033241271973
Time taken for candidate 5063 is 0.7475645542144775
Time taken for candidate 5064 is 1.4248552322387695
Time taken for candidate 5065 is 1.2059953212738037
Time taken for candidate 5066 is 0.5204815864562988
Time taken for candidate 5067 is 0.7832376956939697
Time taken for candidate 5068 is 0.8804013729095459
Time taken for candidate 5069 is 0.903339147567749
Time taken for candidate 5071 is 0.5449903011322021
Time taken for candidate 5073 is 0.5776245594024658
Time taken for candidate 5074 is 0.7404196262359619
Time taken for candidate 5075 is 0.7641065120697021
Time taken for candidate 5076 is 1.0343470573425293
Time taken for candidate 5079 is 0.7648642063140869
Time taken for candidate 5083 is 0.9161515235900879
Time taken for candidate 5084 is 0.8526792526245117
Time taken for candidate 5085 is 0.7626011371612549
Time taken for candidate 5086 is 0.6440234184265137
Time taken for candidate 5087 is 0.9700305461883545
Time taken for candidate 5089 is 0.7658765316009521
Time taken for candidate 5090 is 0.761399507522583
Time taken for candidate 5091 is 0.9838352203369141
Time taken for candidate 5092 is 0.6406981945037842
Time taken for candidate 5094 is 0.7567517757415771
Time taken for candidate 5095 is 1.115253210067749
Time taken for candidate 5096 is 0.6095340251922607
Time taken for candidate 5098 is 0.8666026592254639
Time taken for candidate 5099 is 0.8323204517364502
Time taken for candidate 5100 is 0.6250147819519043
Time taken for candidate 5101 is 0.8533840179443359
Time taken for candidate 5102 is 1.0296237468719482
Time taken for candidate 5104 is 0.9837915897369385
Time taken for candidate 5105 is 0.8477351665496826
Time taken for candidate 5106 is 0.7498462200164795
Time taken for candidate 5107 is 1.1452300548553467
Time taken for candidate 5108 is 0.7114639282226562
Time taken for candidate 5109 is 0.8981108665466309
Time taken for candidate 5110 is 1.3641812801361084
Time taken for candidate 5112 is 0.8579902648925781
Time taken for candidate 5114 is 1.1772019863128662
Time taken for candidate 5115 is 0.7872095108032227
Time taken for candidate 5116 is 0.8176603317260742
Time taken for candidate 5117 is 0.8328151702880859
Time taken for candidate 5118 is 0.4822409152984619
Time taken for candidate 5119 is 0.5507214069366455
Time taken for candidate 5120 is 0.8208541870117188
Time taken for candidate 5121 is 0.9545433521270752
Time taken for candidate 5122 is 0.795149564743042
Time taken for candidate 5123 is 0.5522844791412354
Time taken for candidate 5124 is 1.169464349746704
Time taken for candidate 5125 is 0.6967475414276123
Time taken for candidate 5126 is 0.6857948303222656
Time taken for candidate 5127 is 0.9657468795776367
Time taken for candidate 5128 is 0.6462862491607666
Time taken for candidate 5129 is 0.5873227119445801
Time taken for candidate 5130 is 0.8180170059204102
Time taken for candidate 5131 is 0.9405772686004639
Time taken for candidate 5132 is 0.7848787307739258
Time taken for candidate 5133 is 1.5087559223175049
Time taken for candidate 5134 is 1.080132246017456
Time taken for candidate 5135 is 1.3435275554656982
Time taken for candidate 5136 is 0.5979502201080322
Time taken for candidate 5137 is 0.7867188453674316
Time taken for candidate 5138 is 0.7604217529296875
Time taken for candidate 5139 is 0.7692036628723145
Time taken for candidate 5143 is 0.8036391735076904
Time taken for candidate 5144 is 0.40792393684387207
Time taken for candidate 5145 is 0.4992241859436035
Time taken for candidate 5146 is 0.904869556427002
Time taken for candidate 5147 is 0.8225343227386475
Time taken for candidate 5148 is 0.9665272235870361
Time taken for candidate 5150 is 0.8097426891326904
Time taken for candidate 5152 is 0.9985418319702148
Time taken for candidate 5153 is 0.6259205341339111
Time taken for candidate 5154 is 0.6184203624725342
Time taken for candidate 5155 is 0.7665629386901855
Time taken for candidate 5157 is 0.8070094585418701
Time taken for candidate 5159 is 1.3746538162231445
Time taken for candidate 5160 is 0.9457077980041504
Time taken for candidate 5162 is 0.7720990180969238
Time taken for candidate 5163 is 1.010894775390625
Time taken for candidate 5164 is 0.6001589298248291
Time taken for candidate 5165 is 0.5604238510131836
Time taken for candidate 5166 is 0.8709738254547119
Time taken for candidate 5167 is 0.8623518943786621
Time taken for candidate 5168 is 1.3832669258117676
Time taken for candidate 5169 is 1.2081398963928223
Time taken for candidate 5170 is 0.944688081741333
Time taken for candidate 5173 is 0.8401579856872559
Time taken for candidate 5176 is 0.7583303451538086
Time taken for candidate 5177 is 0.4209916591644287
Time taken for candidate 5178 is 0.7644834518432617
Time taken for candidate 5179 is 0.8229360580444336
Time taken for candidate 5180 is 1.0176634788513184
Time taken for candidate 5181 is 0.8399496078491211
Time taken for candidate 5182 is 0.9627783298492432
Time taken for candidate 5183 is 0.7439324855804443
Time taken for candidate 5184 is 0.3471522331237793
Time taken for candidate 5185 is 0.986069917678833
Time taken for candidate 5186 is 1.0200092792510986
Time taken for candidate 5188 is 0.6455278396606445
Time taken for candidate 5189 is 0.7460823059082031
Time taken for candidate 5190 is 1.0062015056610107
Time taken for candidate 5191 is 1.0488333702087402
Time taken for candidate 5192 is 0.8446512222290039
Time taken for candidate 5193 is 0.6918346881866455
Time taken for candidate 5194 is 0.7297017574310303
Time taken for candidate 5195 is 1.2149617671966553
Time taken for candidate 5196 is 1.0455517768859863
Time taken for candidate 5197 is 1.067652940750122
Time taken for candidate 5198 is 1.1640625
Time taken for candidate 5199 is 0.8726670742034912
Time taken for candidate 5201 is 1.1176855564117432
Time taken for candidate 5202 is 0.7260136604309082
Time taken for candidate 5203 is 0.971198320388794
Time taken for candidate 5204 is 1.2021558284759521
Time taken for candidate 5205 is 0.762404203414917
Time taken for candidate 5206 is 1.0039756298065186
Time taken for candidate 5208 is 0.5891785621643066
Time taken for candidate 5209 is 0.8345947265625
Time taken for candidate 5210 is 0.8233325481414795
Time taken for candidate 5211 is 0.8307225704193115
Time taken for candidate 5212 is 1.223820686340332
Time taken for candidate 5213 is 0.8352136611938477
Time taken for candidate 5214 is 0.869478702545166
Time taken for candidate 5215 is 0.7911496162414551
Time taken for candidate 5216 is 0.8054442405700684
Time taken for candidate 5218 is 0.7195539474487305
Time taken for candidate 5219 is 0.6174201965332031
Time taken for candidate 5220 is 0.8464229106903076
Time taken for candidate 5221 is 0.8763730525970459
Time taken for candidate 5226 is 1.0694615840911865
Time taken for candidate 5227 is 1.02545166015625
Time taken for candidate 5228 is 0.5928828716278076
Time taken for candidate 5229 is 0.9888808727264404
Time taken for candidate 5230 is 0.9629189968109131
Time taken for candidate 5231 is 0.5155849456787109
Time taken for candidate 5232 is 1.1110384464263916
Time taken for candidate 5233 is 0.8149721622467041
Time taken for candidate 5234 is 0.8968043327331543
Time taken for candidate 5235 is 0.9068608283996582
Time taken for candidate 5236 is 0.4842977523803711
Time taken for candidate 5237 is 1.1197388172149658
Time taken for candidate 5238 is 0.8498256206512451
Time taken for candidate 5239 is 1.0649869441986084
Time taken for candidate 5240 is 0.7452168464660645
Time taken for candidate 5241 is 0.9822947978973389
Time taken for candidate 5243 is 0.7010982036590576
Time taken for candidate 5244 is 0.9457616806030273
Time taken for candidate 5245 is 0.9749529361724854
Time taken for candidate 5247 is 0.44959354400634766
Time taken for candidate 5249 is 0.7298777103424072
Time taken for candidate 5250 is 0.8279285430908203
Time taken for candidate 5251 is 0.7075860500335693
Time taken for candidate 5253 is 0.9778056144714355
Time taken for candidate 5254 is 0.5802550315856934
Time taken for candidate 5255 is 0.612429141998291
Time taken for candidate 5256 is 0.8258993625640869
Time taken for candidate 5257 is 1.0359406471252441
Time taken for candidate 5258 is 0.718273401260376
Time taken for candidate 5259 is 0.37963151931762695
Time taken for candidate 5260 is 1.2273683547973633
Time taken for candidate 5262 is 0.7633035182952881
Time taken for candidate 5263 is 0.7762119770050049
Time taken for candidate 5264 is 1.3176848888397217
Time taken for candidate 5267 is 0.6326992511749268
Time taken for candidate 5268 is 0.9732458591461182
Time taken for candidate 5269 is 0.6863546371459961
Time taken for candidate 5270 is 0.8753230571746826
Time taken for candidate 5271 is 0.5515604019165039
Time taken for candidate 5272 is 0.8873815536499023
Time taken for candidate 5273 is 1.0550711154937744
Time taken for candidate 5274 is 0.8685636520385742
Time taken for candidate 5275 is 1.0149219036102295
Time taken for candidate 5277 is 0.8879890441894531
Time taken for candidate 5278 is 0.8280646800994873
Time taken for candidate 5279 is 0.631605863571167
Time taken for candidate 5280 is 1.0259289741516113
Time taken for candidate 5281 is 0.5717732906341553
Time taken for candidate 5282 is 0.8156704902648926
Time taken for candidate 5283 is 0.892676591873169
Time taken for candidate 5284 is 0.8305149078369141
Time taken for candidate 5285 is 0.7579259872436523
Time taken for candidate 5287 is 0.5950362682342529
Time taken for candidate 5291 is 0.8539187908172607
Time taken for candidate 5292 is 0.9898984432220459
Time taken for candidate 5293 is 1.0377464294433594
Time taken for candidate 5294 is 0.7689106464385986
Time taken for candidate 5298 is 0.8623285293579102
Time taken for candidate 5299 is 0.596306562423706
Time taken for candidate 5301 is 0.9591703414916992
Time taken for candidate 5303 is 0.7909910678863525
Time taken for candidate 5304 is 0.8372712135314941
Time taken for candidate 5306 is 0.8395781517028809
Time taken for candidate 5307 is 0.9707226753234863
Time taken for candidate 5308 is 0.9770472049713135
Time taken for candidate 5309 is 0.9402773380279541
Time taken for candidate 5313 is 0.8000283241271973
Time taken for candidate 5314 is 0.9443213939666748
Time taken for candidate 5315 is 0.8588709831237793
Time taken for candidate 5316 is 0.8285489082336426
Time taken for candidate 5317 is 0.8324687480926514
Time taken for candidate 5318 is 0.8700931072235107
Time taken for candidate 5319 is 0.9222338199615479
Time taken for candidate 5320 is 0.9007303714752197
Time taken for candidate 5321 is 1.0328075885772705
Time taken for candidate 5322 is 0.6408176422119141
Time taken for candidate 5323 is 0.971113920211792
Time taken for candidate 5324 is 0.9828076362609863
Time taken for candidate 5326 is 1.039210557937622
Time taken for candidate 5327 is 1.0691542625427246
Time taken for candidate 5330 is 1.0350492000579834
Time taken for candidate 5331 is 1.0787711143493652
Time taken for candidate 5332 is 0.569683313369751
Time taken for candidate 5334 is 0.8604116439819336
Time taken for candidate 5335 is 1.2076268196105957
Time taken for candidate 5337 is 0.8564701080322266
Time taken for candidate 5338 is 0.758225679397583
Time taken for candidate 5339 is 1.3933990001678467
Time taken for candidate 5340 is 1.3712623119354248
Time taken for candidate 5341 is 1.1258211135864258
Time taken for candidate 5342 is 0.7167892456054688
Time taken for candidate 5343 is 1.1416847705841064
Time taken for candidate 5344 is 0.7506647109985352
Time taken for candidate 5346 is 1.0597493648529053
Time taken for candidate 5347 is 0.8768036365509033
Time taken for candidate 5348 is 1.0326893329620361
Time taken for candidate 5349 is 1.2029087543487549
Time taken for candidate 5352 is 0.9127392768859863
Time taken for candidate 5353 is 0.9317498207092285
Time taken for candidate 5355 is 1.1039505004882812
Time taken for candidate 5357 is 0.5332150459289551
Time taken for candidate 5360 is 1.0687177181243896
Time taken for candidate 5361 is 0.468672513961792
Time taken for candidate 5362 is 0.5906977653503418
Time taken for candidate 5363 is 0.7948291301727295
Time taken for candidate 5364 is 0.8379697799682617
Time taken for candidate 5365 is 0.7917592525482178
Time taken for candidate 5366 is 1.065765619277954
Time taken for candidate 5367 is 1.0023863315582275
Time taken for candidate 5368 is 0.6386535167694092
Time taken for candidate 5369 is 0.7798314094543457
Time taken for candidate 5370 is 0.7204971313476562
Time taken for candidate 5371 is 1.2047407627105713
Time taken for candidate 5372 is 0.8327181339263916
Time taken for candidate 5373 is 0.5018203258514404
Time taken for candidate 5374 is 1.0031652450561523
Time taken for candidate 5376 is 0.9203512668609619
Time taken for candidate 5377 is 0.5435199737548828
Time taken for candidate 5378 is 0.8419723510742188
Time taken for candidate 5379 is 0.7155961990356445
Time taken for candidate 5380 is 0.9448316097259521
Time taken for candidate 5381 is 1.0526196956634521
Time taken for candidate 5383 is 0.910475492477417
Time taken for candidate 5384 is 0.7965567111968994
Time taken for candidate 5386 is 0.8202519416809082
Time taken for candidate 5387 is 0.9067714214324951
Time taken for candidate 5388 is 0.9358024597167969
Time taken for candidate 5390 is 0.8233146667480469
Time taken for candidate 5391 is 0.7860221862792969
Time taken for candidate 5393 is 0.7942612171173096
Time taken for candidate 5396 is 0.8765990734100342
Time taken for candidate 5397 is 0.7874059677124023
Time taken for candidate 5398 is 0.6986985206604004
Time taken for candidate 5400 is 0.8589375019073486
Time taken for candidate 5403 is 0.8011069297790527
Time taken for candidate 5404 is 0.7838685512542725
Time taken for candidate 5405 is 0.9106311798095703
Time taken for candidate 5407 is 0.7831375598907471
Time taken for candidate 5410 is 1.1198856830596924
Time taken for candidate 5411 is 0.8655233383178711
Time taken for candidate 5412 is 0.6091763973236084
Time taken for candidate 5413 is 0.5788962841033936
Time taken for candidate 5414 is 1.2232909202575684
Time taken for candidate 5415 is 1.069213628768921
Time taken for candidate 5416 is 0.7268610000610352
Time taken for candidate 5417 is 0.7479293346405029
Time taken for candidate 5418 is 0.7173104286193848
Time taken for candidate 5419 is 1.1169312000274658
Time taken for candidate 5420 is 0.5520834922790527
Time taken for candidate 5421 is 0.5370509624481201
Time taken for candidate 5422 is 0.9013891220092773
Time taken for candidate 5423 is 1.317065954208374
Time taken for candidate 5424 is 0.8801677227020264
Time taken for candidate 5426 is 0.8088300228118896
Time taken for candidate 5428 is 0.8571746349334717
Time taken for candidate 5429 is 0.972764253616333
Time taken for candidate 5431 is 1.3298840522766113
Time taken for candidate 5433 is 0.7943558692932129
Time taken for candidate 5434 is 0.7628426551818848
Time taken for candidate 5435 is 0.7314374446868896
Time taken for candidate 5437 is 0.7785677909851074
Time taken for candidate 5438 is 0.6644322872161865
Time taken for candidate 5439 is 0.9048316478729248
Time taken for candidate 5442 is 0.48258543014526367
Time taken for candidate 5444 is 0.9340856075286865
Time taken for candidate 5445 is 0.7979683876037598
Time taken for candidate 5446 is 0.9083795547485352
Time taken for candidate 5447 is 0.8855893611907959
Time taken for candidate 5450 is 0.8139162063598633
Time taken for candidate 5452 is 0.6333920955657959
Time taken for candidate 5454 is 0.6850113868713379
Time taken for candidate 5455 is 0.6298985481262207
Time taken for candidate 5456 is 0.9489731788635254
Time taken for candidate 5458 is 1.1631474494934082
Time taken for candidate 5460 is 0.8933472633361816
Time taken for candidate 5461 is 0.6830308437347412
Time taken for candidate 5462 is 0.8941609859466553
Time taken for candidate 5463 is 0.7733383178710938
Time taken for candidate 5464 is 0.5249817371368408
Time taken for candidate 5465 is 0.45097923278808594
Time taken for candidate 5466 is 0.5565555095672607
Time taken for candidate 5469 is 0.27744126319885254
Time taken for candidate 5471 is 0.8026666641235352
Time taken for candidate 5473 is 0.8014166355133057
Time taken for candidate 5474 is 0.6130843162536621
Time taken for candidate 5475 is 0.7228825092315674
Time taken for candidate 5477 is 0.7939236164093018
Time taken for candidate 5478 is 0.30819225311279297
Time taken for candidate 5479 is 0.5257835388183594
Time taken for candidate 5480 is 1.9266750812530518
Time taken for candidate 5481 is 0.9337625503540039
Time taken for candidate 5483 is 0.6285741329193115
Time taken for candidate 5484 is 0.958763837814331
Time taken for candidate 5485 is 0.5434935092926025
Time taken for candidate 5486 is 0.8142445087432861
Time taken for candidate 5487 is 0.927997350692749
Time taken for candidate 5488 is 0.8564655780792236
Time taken for candidate 5489 is 1.028041124343872
Time taken for candidate 5491 is 0.6883699893951416
Time taken for candidate 5492 is 0.745793342590332
Time taken for candidate 5493 is 0.8170261383056641
Time taken for candidate 5494 is 0.849069356918335
Time taken for candidate 5495 is 0.9795284271240234
Time taken for candidate 5496 is 0.8262183666229248
Time taken for candidate 5497 is 0.7266850471496582
Time taken for candidate 5499 is 0.8516943454742432
Time taken for candidate 5501 is 0.6907064914703369
Time taken for candidate 5502 is 0.8908262252807617
Time taken for candidate 5503 is 0.966956377029419
Time taken for candidate 5504 is 0.7055919170379639
Time taken for candidate 5505 is 0.5756244659423828
Time taken for candidate 5506 is 0.7123329639434814
Time taken for candidate 5507 is 0.6833827495574951
Time taken for candidate 5508 is 0.8681550025939941
Time taken for candidate 5509 is 0.8565034866333008
Time taken for candidate 5511 is 0.9322772026062012
Time taken for candidate 5512 is 0.6121156215667725
Time taken for candidate 5513 is 1.0538654327392578
Time taken for candidate 5514 is 0.7644221782684326
Time taken for candidate 5515 is 0.5346832275390625
Time taken for candidate 5516 is 0.8902931213378906
Time taken for candidate 5517 is 0.5652410984039307
Time taken for candidate 5519 is 0.8063795566558838
Time taken for candidate 5520 is 0.8023974895477295
Time taken for candidate 5521 is 0.8020696640014648
Time taken for candidate 5522 is 0.8207354545593262
Time taken for candidate 5523 is 0.8273141384124756
Time taken for candidate 5524 is 0.5983972549438477
Time taken for candidate 5525 is 0.8165357112884521
Time taken for candidate 5526 is 0.5158448219299316
Time taken for candidate 5527 is 0.2996377944946289
Time taken for candidate 5528 is 0.9017469882965088
Time taken for candidate 5529 is 0.6627116203308105
Time taken for candidate 5531 is 1.0367722511291504
Time taken for candidate 5532 is 0.4840085506439209
Time taken for candidate 5533 is 0.6211051940917969
Time taken for candidate 5534 is 0.919032096862793
Time taken for candidate 5536 is 0.7267439365386963
Time taken for candidate 5537 is 0.8474485874176025
Time taken for candidate 5538 is 0.6156606674194336
Time taken for candidate 5539 is 0.6173281669616699
Time taken for candidate 5540 is 1.1343810558319092
Time taken for candidate 5542 is 0.9207384586334229
Time taken for candidate 5546 is 0.7730257511138916
Time taken for candidate 5547 is 0.5017542839050293
Time taken for candidate 5549 is 1.15285325050354
Time taken for candidate 5550 is 0.7273242473602295
Time taken for candidate 5552 is 1.1386728286743164
Time taken for candidate 5553 is 0.8010354042053223
Time taken for candidate 5555 is 0.9375631809234619
Time taken for candidate 5556 is 0.5953855514526367
Time taken for candidate 5557 is 0.861135721206665
Time taken for candidate 5558 is 0.7355060577392578
Time taken for candidate 5559 is 0.6096174716949463
Time taken for candidate 5560 is 1.2230703830718994
Time taken for candidate 5561 is 0.7646496295928955
Time taken for candidate 5562 is 0.8188111782073975
Time taken for candidate 5563 is 0.5107347965240479
Time taken for candidate 5564 is 1.0402204990386963
Time taken for candidate 5566 is 0.7897810935974121
Time taken for candidate 5567 is 0.8333020210266113
Time taken for candidate 5568 is 1.0647251605987549
Time taken for candidate 5571 is 0.6327378749847412
Time taken for candidate 5572 is 0.7797408103942871
Time taken for candidate 5575 is 0.7115058898925781
Time taken for candidate 5578 is 0.547166109085083
Time taken for candidate 5579 is 1.070551872253418
Time taken for candidate 5580 is 0.48583030700683594
Time taken for candidate 5582 is 0.8968260288238525
Time taken for candidate 5584 is 0.6210470199584961
Time taken for candidate 5585 is 0.9220626354217529
Time taken for candidate 5589 is 0.6815993785858154
Time taken for candidate 5590 is 0.9062850475311279
Time taken for candidate 5591 is 0.9238595962524414
Time taken for candidate 5592 is 0.9483904838562012
Time taken for candidate 5593 is 0.9300317764282227
Time taken for candidate 5594 is 0.6665205955505371
Time taken for candidate 5596 is 0.7098901271820068
Time taken for candidate 5597 is 0.9447944164276123
Time taken for candidate 5598 is 0.818368673324585
Time taken for candidate 5599 is 0.9329929351806641
Time taken for candidate 5600 is 1.1545636653900146
Time taken for candidate 5603 is 0.5905458927154541
Time taken for candidate 5604 is 0.7393693923950195
Time taken for candidate 5605 is 0.5799832344055176
Time taken for candidate 5606 is 0.8888993263244629
Time taken for candidate 5607 is 0.8432166576385498
Time taken for candidate 5608 is 0.8837354183197021
Time taken for candidate 5609 is 0.7712113857269287
Time taken for candidate 5610 is 1.0918850898742676
Time taken for candidate 5611 is 0.5733747482299805
Time taken for candidate 5612 is 0.9054243564605713
Time taken for candidate 5613 is 1.1158478260040283
Time taken for candidate 5614 is 0.7033727169036865
Time taken for candidate 5617 is 0.7261688709259033
Time taken for candidate 5620 is 0.7535905838012695
Time taken for candidate 5621 is 0.8559420108795166
Time taken for candidate 5624 is 0.6018524169921875
Time taken for candidate 5625 is 0.8179433345794678
Time taken for candidate 5626 is 0.9099867343902588
Time taken for candidate 5627 is 1.1352367401123047
Time taken for candidate 5628 is 0.6091933250427246
Time taken for candidate 5629 is 0.9584546089172363
Time taken for candidate 5631 is 1.02960205078125
Time taken for candidate 5632 is 1.0358107089996338
Time taken for candidate 5633 is 1.0235071182250977
Time taken for candidate 5634 is 0.6583950519561768
Time taken for candidate 5635 is 1.1508357524871826
Time taken for candidate 5636 is 0.7703988552093506
Time taken for candidate 5637 is 0.6624658107757568
Time taken for candidate 5639 is 1.0859925746917725
Time taken for candidate 5640 is 0.7579436302185059
Time taken for candidate 5641 is 0.776637077331543
Time taken for candidate 5642 is 0.591062068939209
Time taken for candidate 5644 is 0.951714277267456
Time taken for candidate 5646 is 0.47603917121887207
Time taken for candidate 5647 is 0.6072196960449219
Time taken for candidate 5648 is 0.7254724502563477
Time taken for candidate 5649 is 0.5186934471130371
Time taken for candidate 5650 is 0.7904484272003174
Time taken for candidate 5651 is 0.541745662689209
Time taken for candidate 5652 is 0.6293940544128418
Time taken for candidate 5653 is 0.5546042919158936
Time taken for candidate 5654 is 1.081758975982666
Time taken for candidate 5657 is 0.6015496253967285
Time taken for candidate 5658 is 0.46042490005493164
Time taken for candidate 5661 is 1.0767812728881836
Time taken for candidate 5662 is 0.5648026466369629
Time taken for candidate 5663 is 0.5544755458831787
Time taken for candidate 5664 is 1.2046215534210205
Time taken for candidate 5665 is 0.5629167556762695
Time taken for candidate 5666 is 0.919569730758667
Time taken for candidate 5667 is 0.6616799831390381
Time taken for candidate 5668 is 0.825659990310669
Time taken for candidate 5673 is 0.9536831378936768
Time taken for candidate 5674 is 0.7242565155029297
Time taken for candidate 5675 is 0.8052573204040527
Time taken for candidate 5676 is 0.9650783538818359
Time taken for candidate 5677 is 0.8052678108215332
Time taken for candidate 5678 is 0.7703616619110107
Time taken for candidate 5679 is 0.4515864849090576
Time taken for candidate 5680 is 0.5678591728210449
Time taken for candidate 5681 is 0.603532075881958
Time taken for candidate 5682 is 0.6496713161468506
Time taken for candidate 5683 is 0.4901149272918701
Time taken for candidate 5685 is 0.7069852352142334
Time taken for candidate 5686 is 1.2646350860595703
Time taken for candidate 5687 is 0.5996966361999512
Time taken for candidate 5689 is 1.1074621677398682
Time taken for candidate 5690 is 1.0595588684082031
Time taken for candidate 5692 is 0.7862117290496826
Time taken for candidate 5693 is 0.7680988311767578
Time taken for candidate 5695 is 0.7159318923950195
Time taken for candidate 5697 is 0.8225624561309814
Time taken for candidate 5698 is 0.8403637409210205
Time taken for candidate 5699 is 1.115480661392212
Time taken for candidate 5700 is 0.7806186676025391
Time taken for candidate 5701 is 0.8690574169158936
Time taken for candidate 5702 is 0.8160488605499268
Time taken for candidate 5703 is 0.6171419620513916
Time taken for candidate 5704 is 1.0161471366882324
Time taken for candidate 5705 is 0.9493865966796875
Time taken for candidate 5707 is 0.9201259613037109
Time taken for candidate 5709 is 0.7879393100738525
Time taken for candidate 5710 is 0.853222131729126
Time taken for candidate 5711 is 0.7079033851623535
Time taken for candidate 5712 is 0.8769683837890625
Time taken for candidate 5713 is 1.0507612228393555
Time taken for candidate 5714 is 0.8775234222412109
Time taken for candidate 5715 is 0.8477139472961426
Time taken for candidate 5716 is 0.8452029228210449
Time taken for candidate 5717 is 0.6784508228302002
Time taken for candidate 5718 is 0.6405653953552246
Time taken for candidate 5721 is 0.892578125
Time taken for candidate 5722 is 0.5088508129119873
Time taken for candidate 5723 is 0.5603063106536865
Time taken for candidate 5724 is 0.8251080513000488
Time taken for candidate 5725 is 1.0370798110961914
Time taken for candidate 5727 is 0.9960012435913086
Time taken for candidate 5728 is 0.7826056480407715
Time taken for candidate 5729 is 0.7677969932556152
Time taken for candidate 5730 is 1.1600635051727295
Time taken for candidate 5735 is 0.962125301361084
Time taken for candidate 5736 is 1.186574935913086
Time taken for candidate 5737 is 0.48730897903442383
Time taken for candidate 5738 is 0.8592057228088379
Time taken for candidate 5739 is 1.1904077529907227
Time taken for candidate 5740 is 0.7674789428710938
Time taken for candidate 5742 is 1.018049716949463
Time taken for candidate 5743 is 0.7597341537475586
Time taken for candidate 5745 is 1.3319728374481201
Time taken for candidate 5746 is 0.8085191249847412
Time taken for candidate 5747 is 0.8087282180786133
Time taken for candidate 5748 is 0.7894060611724854
Time taken for candidate 5749 is 0.8271341323852539
Time taken for candidate 5754 is 0.5372538566589355
Time taken for candidate 5755 is 1.0018458366394043
Time taken for candidate 5756 is 0.7551605701446533
Time taken for candidate 5757 is 0.7926201820373535
Time taken for candidate 5758 is 0.995063066482544
Time taken for candidate 5759 is 0.7484049797058105
Time taken for candidate 5763 is 0.8797674179077148
Time taken for candidate 5764 is 0.7632782459259033
Time taken for candidate 5765 is 0.7541971206665039
Time taken for candidate 5766 is 0.6343026161193848
Time taken for candidate 5767 is 0.8847806453704834
Time taken for candidate 5768 is 0.7429168224334717
Time taken for candidate 5769 is 0.7981104850769043
Time taken for candidate 5770 is 0.9296033382415771
Time taken for candidate 5771 is 0.9359722137451172
Time taken for candidate 5772 is 0.48123860359191895
Time taken for candidate 5773 is 0.8107430934906006
Time taken for candidate 5775 is 0.8100626468658447
Time taken for candidate 5776 is 0.6156470775604248
Time taken for candidate 5777 is 0.6571815013885498
Time taken for candidate 5778 is 0.9299342632293701
Time taken for candidate 5779 is 1.1256911754608154
Time taken for candidate 5780 is 0.822162389755249
Time taken for candidate 5781 is 1.1212079524993896
Time taken for candidate 5782 is 1.0716769695281982
Time taken for candidate 5783 is 0.7093708515167236
Time taken for candidate 5784 is 0.7848770618438721
Time taken for candidate 5786 is 1.1572620868682861
Time taken for candidate 5787 is 0.40480685234069824
Time taken for candidate 5788 is 0.9505507946014404
Time taken for candidate 5789 is 0.8372960090637207
Time taken for candidate 5791 is 0.85434889793396
Time taken for candidate 5792 is 0.9494099617004395
Time taken for candidate 5793 is 0.7188563346862793
Time taken for candidate 5794 is 0.8049881458282471
Time taken for candidate 5795 is 0.5808031558990479
Time taken for candidate 5796 is 0.6509642601013184
Time taken for candidate 5797 is 1.0573654174804688
Time taken for candidate 5798 is 0.9032101631164551
Time taken for candidate 5801 is 0.5728268623352051
Time taken for candidate 5802 is 0.762244462966919
Time taken for candidate 5803 is 0.6132805347442627
Time taken for candidate 5804 is 0.6158428192138672
Time taken for candidate 5805 is 0.7548007965087891
Time taken for candidate 5806 is 1.1730437278747559
Time taken for candidate 5807 is 0.7255256175994873
Time taken for candidate 5808 is 0.901907205581665
Time taken for candidate 5810 is 0.8298056125640869
Time taken for candidate 5811 is 0.5656721591949463
Time taken for candidate 5812 is 0.8403568267822266
Time taken for candidate 5813 is 0.7125236988067627
Time taken for candidate 5816 is 1.0904498100280762
Time taken for candidate 5817 is 0.5637483596801758
Time taken for candidate 5818 is 0.9245848655700684
Time taken for candidate 5820 is 1.2110466957092285
Time taken for candidate 5821 is 0.7801477909088135
Time taken for candidate 5823 is 0.8514890670776367
Time taken for candidate 5824 is 0.3050506114959717
Time taken for candidate 5827 is 0.565406084060669
Time taken for candidate 5828 is 0.9970595836639404
Time taken for candidate 5829 is 1.1656641960144043
Time taken for candidate 5830 is 1.0493528842926025
Time taken for candidate 5831 is 0.8311522006988525
Time taken for candidate 5835 is 1.2997207641601562
Time taken for candidate 5836 is 0.8118321895599365
Time taken for candidate 5837 is 1.1006581783294678
Time taken for candidate 5839 is 0.865668535232544
Time taken for candidate 5841 is 0.8453292846679688
Time taken for candidate 5842 is 0.921701192855835
Time taken for candidate 5843 is 0.8263823986053467
Time taken for candidate 5845 is 0.7995131015777588
Time taken for candidate 5846 is 0.6137659549713135
Time taken for candidate 5847 is 0.8160135746002197
Time taken for candidate 5848 is 1.1464667320251465
Time taken for candidate 5851 is 0.7841033935546875
Time taken for candidate 5857 is 0.8786506652832031
Time taken for candidate 5858 is 0.947960376739502
Time taken for candidate 5859 is 0.9405081272125244
Time taken for candidate 5860 is 0.7903468608856201
Time taken for candidate 5861 is 0.8798508644104004
Time taken for candidate 5862 is 0.7385847568511963
Time taken for candidate 5863 is 0.9375636577606201
Time taken for candidate 5864 is 0.8740599155426025
Time taken for candidate 5866 is 0.5815746784210205
Time taken for candidate 5867 is 0.8255288600921631
Time taken for candidate 5869 is 1.0179450511932373
Time taken for candidate 5872 is 0.8973832130432129
Time taken for candidate 5873 is 0.9493076801300049
Time taken for candidate 5874 is 0.8347351551055908
Time taken for candidate 5879 is 0.6062803268432617
Time taken for candidate 5880 is 1.1090092658996582
Time taken for candidate 5882 is 0.8252665996551514
Time taken for candidate 5884 is 1.0188794136047363
Time taken for candidate 5885 is 0.769542932510376
Time taken for candidate 5887 is 0.4848148822784424
Time taken for candidate 5888 is 0.8918185234069824
Time taken for candidate 5890 is 0.7700695991516113
Time taken for candidate 5891 is 1.090228796005249
Time taken for candidate 5892 is 0.6999685764312744
Time taken for candidate 5894 is 0.5904431343078613
Time taken for candidate 5895 is 0.7439155578613281
Time taken for candidate 5896 is 1.3594529628753662
Time taken for candidate 5897 is 0.7844898700714111
Time taken for candidate 5899 is 1.1633360385894775
Time taken for candidate 5900 is 0.7657163143157959
Time taken for candidate 5901 is 0.7059171199798584
Time taken for candidate 5902 is 0.9405858516693115
Time taken for candidate 5903 is 0.9546794891357422
Time taken for candidate 5907 is 0.7716975212097168
Time taken for candidate 5908 is 0.7945146560668945
Time taken for candidate 5909 is 0.8211114406585693
Time taken for candidate 5910 is 1.2427122592926025
Time taken for candidate 5911 is 0.9251101016998291
Time taken for candidate 5912 is 0.5536153316497803
Time taken for candidate 5913 is 0.8696932792663574
Time taken for candidate 5915 is 0.5812067985534668
Time taken for candidate 5916 is 0.6132726669311523
Time taken for candidate 5918 is 0.7416801452636719
Time taken for candidate 5919 is 1.004138708114624
Time taken for candidate 5920 is 0.6063077449798584
Time taken for candidate 5923 is 0.6639349460601807
Time taken for candidate 5924 is 0.7901692390441895
Time taken for candidate 5925 is 0.77492356300354
Time taken for candidate 5926 is 0.9330277442932129
Time taken for candidate 5929 is 0.9562244415283203
Time taken for candidate 5930 is 0.7018861770629883
Time taken for candidate 5933 is 0.4230170249938965
Time taken for candidate 5936 is 0.9325835704803467
Time taken for candidate 5937 is 0.8788514137268066
Time taken for candidate 5938 is 1.0881288051605225
Time taken for candidate 5939 is 0.8401904106140137
Time taken for candidate 5940 is 0.6053173542022705
Time taken for candidate 5941 is 0.9156348705291748
Time taken for candidate 5942 is 0.8791327476501465
Time taken for candidate 5943 is 0.7931873798370361
Time taken for candidate 5944 is 0.8452436923980713
Time taken for candidate 5945 is 0.6355278491973877
Time taken for candidate 5946 is 0.482074499130249
Time taken for candidate 5949 is 0.6933796405792236
Time taken for candidate 5950 is 1.3406262397766113
Time taken for candidate 5951 is 0.536872386932373
Time taken for candidate 5953 is 0.5520050525665283
Time taken for candidate 5954 is 0.8674967288970947
Time taken for candidate 5955 is 0.7016355991363525
Time taken for candidate 5957 is 0.594691276550293
Time taken for candidate 5958 is 0.9057583808898926
Time taken for candidate 5959 is 0.9005355834960938
Time taken for candidate 5961 is 0.9365136623382568
Time taken for candidate 5962 is 0.9870893955230713
Time taken for candidate 5963 is 0.5917763710021973
Time taken for candidate 5964 is 0.4318521022796631
Time taken for candidate 5965 is 0.5562477111816406
Time taken for candidate 5966 is 0.6831750869750977
Time taken for candidate 5969 is 0.746013879776001
Time taken for candidate 5970 is 0.8644735813140869
Time taken for candidate 5972 is 0.6302289962768555
Time taken for candidate 5973 is 0.6115705966949463
Time taken for candidate 5975 is 1.5080029964447021
Time taken for candidate 5976 is 0.6644535064697266
Time taken for candidate 5977 is 0.8924953937530518
Time taken for candidate 5978 is 0.47153759002685547
Time taken for candidate 5979 is 0.6716101169586182
Time taken for candidate 5982 is 0.4232311248779297
Time taken for candidate 5983 is 0.5636844635009766
Time taken for candidate 5985 is 0.7243847846984863
Time taken for candidate 5986 is 0.9220387935638428
Time taken for candidate 5988 is 0.8191337585449219
Time taken for candidate 5989 is 0.6764547824859619
Time taken for candidate 5991 is 0.6019551753997803
Time taken for candidate 5992 is 0.8956434726715088
Time taken for candidate 5993 is 1.1449689865112305
Time taken for candidate 5994 is 0.8169171810150146
Time taken for candidate 5995 is 0.5110576152801514
Time taken for candidate 5996 is 0.7415986061096191
Time taken for candidate 5998 is 0.7694849967956543
Time taken for candidate 5999 is 0.807905912399292
Time taken for candidate 6000 is 0.8375499248504639
Time taken for candidate 6001 is 1.0120103359222412
Time taken for candidate 6004 is 1.008080244064331
Time taken for candidate 6005 is 0.817218542098999
Time taken for candidate 6007 is 0.5186383724212646
Time taken for candidate 6008 is 0.8645062446594238
Time taken for candidate 6011 is 0.8128447532653809
Time taken for candidate 6012 is 0.9195215702056885
Time taken for candidate 6013 is 0.9047374725341797
Time taken for candidate 6015 is 0.5284230709075928
Time taken for candidate 6017 is 0.7373414039611816
Time taken for candidate 6019 is 1.0919311046600342
Time taken for candidate 6021 is 0.6392064094543457
Time taken for candidate 6022 is 1.1202895641326904
Time taken for candidate 6023 is 0.6604199409484863
Time taken for candidate 6024 is 0.6127095222473145
Time taken for candidate 6025 is 0.5186700820922852
Time taken for candidate 6026 is 1.0156896114349365
Time taken for candidate 6027 is 0.7641847133636475
Time taken for candidate 6028 is 1.280696153640747
Time taken for candidate 6029 is 0.8012800216674805
Time taken for candidate 6031 is 0.7324726581573486
Time taken for candidate 6032 is 1.0652012825012207
Time taken for candidate 6034 is 0.7950892448425293
Time taken for candidate 6035 is 0.8204255104064941
Time taken for candidate 6036 is 1.0255160331726074
Time taken for candidate 6037 is 0.6233837604522705
Time taken for candidate 6038 is 0.6080338954925537
Time taken for candidate 6039 is 0.8097264766693115
Time taken for candidate 6040 is 0.8044145107269287
Time taken for candidate 6041 is 0.9368507862091064
Time taken for candidate 6042 is 0.7452740669250488
Time taken for candidate 6043 is 0.7364978790283203
Time taken for candidate 6044 is 0.7339282035827637
Time taken for candidate 6046 is 0.5840370655059814
Time taken for candidate 6047 is 0.6413664817810059
Time taken for candidate 6048 is 0.4560532569885254
Time taken for candidate 6049 is 0.7791037559509277
Time taken for candidate 6051 is 0.7357313632965088
Time taken for candidate 6053 is 0.4575314521789551
Time taken for candidate 6054 is 0.6951508522033691
Time taken for candidate 6055 is 0.29230427742004395
Time taken for candidate 6056 is 0.5195508003234863
Time taken for candidate 6057 is 0.7682015895843506
Time taken for candidate 6059 is 0.7456836700439453
Time taken for candidate 6060 is 0.946101188659668
Time taken for candidate 6061 is 0.9998481273651123
Time taken for candidate 6062 is 0.5300021171569824
Time taken for candidate 6063 is 0.7217423915863037
Time taken for candidate 6064 is 0.6805000305175781
Time taken for candidate 6065 is 0.9406430721282959
Time taken for candidate 6066 is 0.7320737838745117
Time taken for candidate 6067 is 0.867497444152832
Time taken for candidate 6068 is 0.759246826171875
Time taken for candidate 6069 is 0.9709980487823486
Time taken for candidate 6071 is 0.6130127906799316
Time taken for candidate 6072 is 0.8750076293945312
Time taken for candidate 6073 is 0.7795279026031494
Time taken for candidate 6074 is 0.716749906539917
Time taken for candidate 6076 is 0.7507741451263428
Time taken for candidate 6078 is 0.513289213180542
Time taken for candidate 6079 is 0.980440616607666
Time taken for candidate 6080 is 0.8780272006988525
Time taken for candidate 6083 is 0.45784568786621094
Time taken for candidate 6085 is 0.9301047325134277
Time taken for candidate 6086 is 1.0687527656555176
Time taken for candidate 6089 is 0.8780186176300049
Time taken for candidate 6090 is 0.8539779186248779
Time taken for candidate 6092 is 0.7005031108856201
Time taken for candidate 6093 is 0.9295334815979004
Time taken for candidate 6095 is 0.9485385417938232
Time taken for candidate 6096 is 0.7378664016723633
Time taken for candidate 6097 is 0.6607327461242676
Time taken for candidate 6098 is 0.5838086605072021
Time taken for candidate 6100 is 0.6330254077911377
Time taken for candidate 6101 is 0.6762170791625977
Time taken for candidate 6102 is 0.9829413890838623
Time taken for candidate 6103 is 0.862778902053833
Time taken for candidate 6104 is 0.8872365951538086
Time taken for candidate 6106 is 0.7758121490478516
Time taken for candidate 6108 is 0.4991328716278076
Time taken for candidate 6109 is 0.5185461044311523
Time taken for candidate 6110 is 0.40610337257385254
Time taken for candidate 6111 is 0.8332948684692383
Time taken for candidate 6112 is 0.8028368949890137
Time taken for candidate 6113 is 0.9756793975830078
Time taken for candidate 6114 is 1.283656358718872
Time taken for candidate 6115 is 0.694265604019165
Time taken for candidate 6116 is 0.8475902080535889
Time taken for candidate 6117 is 0.9082818031311035
Time taken for candidate 6118 is 1.0872721672058105
Time taken for candidate 6119 is 0.6028380393981934
Time taken for candidate 6120 is 0.7567291259765625
Time taken for candidate 6122 is 0.5156011581420898
Time taken for candidate 6123 is 0.6114811897277832
Time taken for candidate 6124 is 0.8287739753723145
Time taken for candidate 6125 is 1.005143404006958
Time taken for candidate 6126 is 1.0725486278533936
Time taken for candidate 6127 is 0.6970446109771729
Time taken for candidate 6128 is 1.1145923137664795
Time taken for candidate 6129 is 0.9446988105773926
Time taken for candidate 6131 is 0.9508495330810547
Time taken for candidate 6132 is 1.5232157707214355
Time taken for candidate 6133 is 0.7310864925384521
Time taken for candidate 6134 is 1.0515966415405273
Time taken for candidate 6136 is 0.9808752536773682
Time taken for candidate 6137 is 0.6858875751495361
Time taken for candidate 6138 is 0.4664649963378906
Time taken for candidate 6139 is 0.5265986919403076
Time taken for candidate 6140 is 0.7854118347167969
Time taken for candidate 6141 is 0.6437623500823975
Time taken for candidate 6143 is 0.8543977737426758
Time taken for candidate 6144 is 1.3432323932647705
Time taken for candidate 6145 is 0.3753972053527832
Time taken for candidate 6148 is 0.7415115833282471
Time taken for candidate 6149 is 0.6473133563995361
Time taken for candidate 6150 is 0.7884976863861084
Time taken for candidate 6151 is 0.9120664596557617
Time taken for candidate 6154 is 0.8298752307891846
Time taken for candidate 6155 is 0.9415395259857178
Time taken for candidate 6156 is 0.8494586944580078
Time taken for candidate 6157 is 0.8652637004852295
Time taken for candidate 6158 is 0.8580472469329834
Time taken for candidate 6161 is 1.0206446647644043
Time taken for candidate 6163 is 0.7052690982818604
Time taken for candidate 6164 is 0.558236837387085
Time taken for candidate 6165 is 0.6654553413391113
Time taken for candidate 6166 is 0.9311366081237793
Time taken for candidate 6168 is 0.8177566528320312
Time taken for candidate 6169 is 0.4387662410736084
Time taken for candidate 6170 is 0.8928847312927246
Time taken for candidate 6171 is 0.8633849620819092
Time taken for candidate 6174 is 0.9043941497802734
Time taken for candidate 6178 is 0.7622041702270508
Time taken for candidate 6181 is 0.5549824237823486
Time taken for candidate 6182 is 0.7899062633514404
Time taken for candidate 6183 is 0.8741357326507568
Time taken for candidate 6184 is 0.7851927280426025
Time taken for candidate 6185 is 0.8763597011566162
Time taken for candidate 6186 is 0.6936872005462646
Time taken for candidate 6187 is 0.8157944679260254
Time taken for candidate 6188 is 0.472400426864624
Time taken for candidate 6189 is 1.1169519424438477
Time taken for candidate 6190 is 0.4845771789550781
Time taken for candidate 6191 is 0.439563512802124
Time taken for candidate 6192 is 0.7490510940551758
Time taken for candidate 6193 is 0.6616630554199219
Time taken for candidate 6194 is 1.0110185146331787
Time taken for candidate 6195 is 0.6963436603546143
Time taken for candidate 6196 is 1.0736331939697266
Time taken for candidate 6197 is 0.6712081432342529
Time taken for candidate 6198 is 0.8425424098968506
Time taken for candidate 6199 is 0.7885890007019043
Time taken for candidate 6200 is 0.9442996978759766
Time taken for candidate 6201 is 0.7530519962310791
Time taken for candidate 6202 is 0.9394989013671875
Time taken for candidate 6203 is 0.8440265655517578
Time taken for candidate 6204 is 0.6338200569152832
Time taken for candidate 6205 is 1.067004919052124
Time taken for candidate 6206 is 0.7787084579467773
Time taken for candidate 6208 is 0.44593214988708496
Time taken for candidate 6209 is 0.8029146194458008
Time taken for candidate 6210 is 1.0754330158233643
Time taken for candidate 6213 is 1.227827787399292
Time taken for candidate 6215 is 0.7606635093688965
Time taken for candidate 6216 is 1.0390801429748535
Time taken for candidate 6217 is 0.5249595642089844
Time taken for candidate 6219 is 0.8755223751068115
Time taken for candidate 6220 is 1.0350139141082764
Time taken for candidate 6222 is 1.0160582065582275
Time taken for candidate 6223 is 0.9700889587402344
Time taken for candidate 6224 is 0.700131893157959
Time taken for candidate 6225 is 1.144794225692749
Time taken for candidate 6226 is 0.9745666980743408
Time taken for candidate 6227 is 0.6063218116760254
Time taken for candidate 6228 is 0.6318042278289795
Time taken for candidate 6229 is 0.9751651287078857
Time taken for candidate 6230 is 0.8081011772155762
Time taken for candidate 6231 is 1.1339643001556396
Time taken for candidate 6232 is 0.7077538967132568
Time taken for candidate 6235 is 0.8595306873321533
Time taken for candidate 6236 is 1.0648961067199707
Time taken for candidate 6237 is 0.7248814105987549
Time taken for candidate 6238 is 1.0108742713928223
Time taken for candidate 6239 is 0.892937183380127
Time taken for candidate 6243 is 0.8954563140869141
Time taken for candidate 6244 is 0.7256813049316406
Time taken for candidate 6245 is 0.9356088638305664
Time taken for candidate 6247 is 0.9202697277069092
Time taken for candidate 6248 is 1.04209566116333
Time taken for candidate 6249 is 0.8274555206298828
Time taken for candidate 6250 is 0.7458221912384033
Time taken for candidate 6251 is 0.6322052478790283
Time taken for candidate 6252 is 0.8552334308624268
Time taken for candidate 6253 is 0.8799943923950195
Time taken for candidate 6254 is 1.0834689140319824
Time taken for candidate 6255 is 0.8811454772949219
Time taken for candidate 6256 is 0.5637800693511963
Time taken for candidate 6257 is 0.7369747161865234
Time taken for candidate 6258 is 0.7308139801025391
Time taken for candidate 6260 is 0.6891050338745117
Time taken for candidate 6265 is 0.9574697017669678
Time taken for candidate 6266 is 1.205061435699463
Time taken for candidate 6268 is 0.7354578971862793
Time taken for candidate 6269 is 0.5409529209136963
Time taken for candidate 6271 is 0.9081172943115234
Time taken for candidate 6272 is 0.7611727714538574
Time taken for candidate 6273 is 0.7312602996826172
Time taken for candidate 6274 is 0.7761943340301514
Time taken for candidate 6275 is 0.5041804313659668
Time taken for candidate 6276 is 0.947772741317749
Time taken for candidate 6278 is 0.7952747344970703
Time taken for candidate 6279 is 1.139481782913208
Time taken for candidate 6280 is 0.8778777122497559
Time taken for candidate 6281 is 0.5901474952697754
Time taken for candidate 6282 is 0.9338321685791016
Time taken for candidate 6283 is 0.7344682216644287
Time taken for candidate 6284 is 0.7410702705383301
Time taken for candidate 6286 is 0.4406118392944336
Time taken for candidate 6288 is 0.9456331729888916
Time taken for candidate 6289 is 0.8788609504699707
Time taken for candidate 6290 is 0.8249075412750244
Time taken for candidate 6291 is 1.0821998119354248
Time taken for candidate 6293 is 0.9357273578643799
Time taken for candidate 6294 is 0.4753735065460205
Time taken for candidate 6295 is 0.8924868106842041
Time taken for candidate 6296 is 0.8520486354827881
Time taken for candidate 6297 is 0.5540146827697754
Time taken for candidate 6298 is 0.9314560890197754
Time taken for candidate 6299 is 0.8562335968017578
Time taken for candidate 6300 is 0.4369320869445801
Time taken for candidate 6302 is 0.9008743762969971
Time taken for candidate 6303 is 0.5293493270874023
Time taken for candidate 6304 is 0.9514245986938477
Time taken for candidate 6305 is 0.6415045261383057
Time taken for candidate 6306 is 0.703101634979248
Time taken for candidate 6307 is 0.5938234329223633
Time taken for candidate 6308 is 0.7320713996887207
Time taken for candidate 6309 is 0.6612019538879395
Time taken for candidate 6310 is 0.8207798004150391
Time taken for candidate 6311 is 1.0723545551300049
Time taken for candidate 6313 is 0.8201682567596436
Time taken for candidate 6314 is 0.865433931350708
Time taken for candidate 6318 is 0.8382549285888672
Time taken for candidate 6319 is 0.5206506252288818
Time taken for candidate 6321 is 0.8836371898651123
Time taken for candidate 6322 is 0.5398926734924316
Time taken for candidate 6323 is 0.9410693645477295
Time taken for candidate 6324 is 0.905609130859375
Time taken for candidate 6325 is 0.7397875785827637
Time taken for candidate 6326 is 0.6145925521850586
Time taken for candidate 6327 is 0.5632889270782471
Time taken for candidate 6328 is 0.8484616279602051
Time taken for candidate 6329 is 0.6007640361785889
Time taken for candidate 6330 is 0.5491471290588379
Time taken for candidate 6331 is 0.90205979347229
Time taken for candidate 6332 is 0.8763978481292725
Time taken for candidate 6333 is 1.1963858604431152
Time taken for candidate 6334 is 0.5896356105804443
Time taken for candidate 6335 is 1.0677053928375244
Time taken for candidate 6336 is 0.8187439441680908
Time taken for candidate 6337 is 0.8766851425170898
Time taken for candidate 6338 is 1.2570626735687256
Time taken for candidate 6340 is 0.8949987888336182
Time taken for candidate 6341 is 0.8681075572967529
Time taken for candidate 6342 is 0.8245177268981934
Time taken for candidate 6343 is 0.7730579376220703
Time taken for candidate 6344 is 0.8191907405853271
Time taken for candidate 6346 is 0.5335044860839844
Time taken for candidate 6347 is 0.431882381439209
Time taken for candidate 6349 is 0.7484121322631836
Time taken for candidate 6350 is 1.026362419128418
Time taken for candidate 6351 is 0.9526495933532715
Time taken for candidate 6353 is 0.9825034141540527
Time taken for candidate 6354 is 1.0851075649261475
Time taken for candidate 6355 is 0.861194372177124
Time taken for candidate 6356 is 0.919959545135498
Time taken for candidate 6357 is 0.993485689163208
Time taken for candidate 6358 is 0.6240291595458984
Time taken for candidate 6359 is 0.5418651103973389
Time taken for candidate 6360 is 0.7803964614868164
Time taken for candidate 6361 is 1.1530437469482422
Time taken for candidate 6362 is 0.8134744167327881
Time taken for candidate 6364 is 0.9023025035858154
Time taken for candidate 6365 is 0.7495360374450684
Time taken for candidate 6366 is 0.8465838432312012
Time taken for candidate 6367 is 1.0571510791778564
Time taken for candidate 6368 is 1.0457408428192139
Time taken for candidate 6369 is 1.2782912254333496
Time taken for candidate 6371 is 0.3024563789367676
Time taken for candidate 6372 is 0.8575701713562012
Time taken for candidate 6373 is 1.3176097869873047
Time taken for candidate 6374 is 0.6736953258514404
Time taken for candidate 6375 is 0.2939279079437256
Time taken for candidate 6376 is 0.9143965244293213
Time taken for candidate 6377 is 0.49698758125305176
Time taken for candidate 6378 is 0.7442591190338135
Time taken for candidate 6379 is 0.9399192333221436
Time taken for candidate 6380 is 0.5400722026824951
Time taken for candidate 6381 is 0.8369557857513428
Time taken for candidate 6382 is 0.8518393039703369
Time taken for candidate 6383 is 1.215514898300171
Time taken for candidate 6384 is 0.8851871490478516
Time taken for candidate 6386 is 0.8294103145599365
Time taken for candidate 6387 is 0.5647790431976318
Time taken for candidate 6388 is 0.931171178817749
Time taken for candidate 6389 is 0.7131423950195312
Time taken for candidate 6391 is 0.9477901458740234
Time taken for candidate 6392 is 1.1771066188812256
Time taken for candidate 6393 is 0.7037534713745117
Time taken for candidate 6395 is 0.8110916614532471
Time taken for candidate 6396 is 0.8201680183410645
Time taken for candidate 6398 is 0.6127760410308838
Time taken for candidate 6399 is 0.9008269309997559
Time taken for candidate 6401 is 0.7561492919921875
Time taken for candidate 6404 is 0.8026132583618164
Time taken for candidate 6406 is 1.4894933700561523
Time taken for candidate 6407 is 0.8634614944458008
Time taken for candidate 6408 is 1.1594746112823486
Time taken for candidate 6409 is 0.5054366588592529
Time taken for candidate 6410 is 1.0417659282684326
Time taken for candidate 6411 is 0.8456916809082031
Time taken for candidate 6413 is 0.8201940059661865
Time taken for candidate 6414 is 0.39061832427978516
Time taken for candidate 6415 is 0.8593335151672363
Time taken for candidate 6416 is 0.7632927894592285
Time taken for candidate 6417 is 0.6663885116577148
Time taken for candidate 6418 is 0.9104242324829102
Time taken for candidate 6419 is 0.8590753078460693
Time taken for candidate 6421 is 0.6121320724487305
Time taken for candidate 6422 is 0.8283419609069824
Time taken for candidate 6424 is 0.6086359024047852
Time taken for candidate 6426 is 0.7662160396575928
Time taken for candidate 6427 is 0.8056025505065918
Time taken for candidate 6428 is 1.017622709274292
Time taken for candidate 6429 is 0.6993601322174072
Time taken for candidate 6430 is 1.1416304111480713
Time taken for candidate 6432 is 0.8093128204345703
Time taken for candidate 6433 is 0.7453694343566895
Time taken for candidate 6434 is 1.125744342803955
Time taken for candidate 6437 is 0.8008372783660889
Time taken for candidate 6438 is 1.0984764099121094
Time taken for candidate 6439 is 0.8719658851623535
Time taken for candidate 6440 is 0.9590284824371338
Time taken for candidate 6441 is 0.7653834819793701
Time taken for candidate 6442 is 0.8482944965362549
Time taken for candidate 6443 is 0.8475415706634521
Time taken for candidate 6444 is 0.6947686672210693
Time taken for candidate 6445 is 1.0371713638305664
Time taken for candidate 6446 is 1.1487195491790771
Time taken for candidate 6448 is 1.013479471206665
Time taken for candidate 6452 is 0.9638891220092773
Time taken for candidate 6453 is 0.6705598831176758
Time taken for candidate 6454 is 0.895803689956665
Time taken for candidate 6455 is 0.45798707008361816
Time taken for candidate 6458 is 0.9453301429748535
Time taken for candidate 6459 is 0.8495664596557617
Time taken for candidate 6461 is 1.0572009086608887
Time taken for candidate 6462 is 1.0560345649719238
Time taken for candidate 6463 is 1.1284584999084473
Time taken for candidate 6464 is 0.5633668899536133
Time taken for candidate 6465 is 0.6732535362243652
Time taken for candidate 6466 is 1.0589606761932373
Time taken for candidate 6467 is 0.7942328453063965
Time taken for candidate 6468 is 0.7946109771728516
Time taken for candidate 6469 is 0.9600939750671387
Time taken for candidate 6470 is 0.8163602352142334
Time taken for candidate 6471 is 1.0296518802642822
Time taken for candidate 6472 is 0.656395435333252
Time taken for candidate 6473 is 0.4904205799102783
Time taken for candidate 6475 is 1.0667955875396729
Time taken for candidate 6477 is 1.0162534713745117
Time taken for candidate 6478 is 0.7638177871704102
Time taken for candidate 6479 is 0.5495772361755371
Time taken for candidate 6480 is 0.9030392169952393
Time taken for candidate 6482 is 1.0406928062438965
Time taken for candidate 6483 is 0.5266509056091309
Time taken for candidate 6484 is 0.6071078777313232
Time taken for candidate 6486 is 0.8172049522399902
Time taken for candidate 6487 is 0.7420878410339355
Time taken for candidate 6489 is 0.7959318161010742
Time taken for candidate 6490 is 0.7102859020233154
Time taken for candidate 6491 is 0.9993412494659424
Time taken for candidate 6492 is 0.8217110633850098
Time taken for candidate 6493 is 0.7696928977966309
Time taken for candidate 6494 is 0.8888201713562012
Time taken for candidate 6495 is 0.750690221786499
Time taken for candidate 6497 is 0.5660049915313721
Time taken for candidate 6499 is 0.9956316947937012
Time taken for candidate 6501 is 0.7488889694213867
Time taken for candidate 6502 is 0.8025510311126709
Time taken for candidate 6503 is 0.798011064529419
Time taken for candidate 6505 is 0.8727004528045654
Time taken for candidate 6506 is 0.9299571514129639
Time taken for candidate 6508 is 0.7888045310974121
Time taken for candidate 6510 is 0.7177073955535889
Time taken for candidate 6511 is 0.9721536636352539
Time taken for candidate 6512 is 0.6140758991241455
Time taken for candidate 6513 is 0.8908812999725342
Time taken for candidate 6514 is 0.782508373260498
Time taken for candidate 6515 is 0.7989242076873779
Time taken for candidate 6516 is 0.9723846912384033
Time taken for candidate 6517 is 0.49346375465393066
Time taken for candidate 6519 is 0.9062259197235107
Time taken for candidate 6520 is 0.9048657417297363
Time taken for candidate 6521 is 0.7598731517791748
Time taken for candidate 6522 is 1.2506053447723389
Time taken for candidate 6523 is 0.5814666748046875
Time taken for candidate 6524 is 0.6555659770965576
Time taken for candidate 6525 is 0.5295119285583496
Time taken for candidate 6529 is 0.7648391723632812
Time taken for candidate 6531 is 0.9899435043334961
Time taken for candidate 6532 is 0.8708407878875732
Time taken for candidate 6533 is 0.6884689331054688
Time taken for candidate 6535 is 1.258662223815918
Time taken for candidate 6537 is 1.0360372066497803
Time taken for candidate 6538 is 0.8389482498168945
Time taken for candidate 6539 is 0.8250701427459717
Time taken for candidate 6540 is 0.9799103736877441
Time taken for candidate 6542 is 0.5975155830383301
Time taken for candidate 6543 is 0.9512734413146973
Time taken for candidate 6544 is 0.693359375
Time taken for candidate 6545 is 0.5840644836425781
Time taken for candidate 6546 is 0.770404577255249
Time taken for candidate 6547 is 0.7251284122467041
Time taken for candidate 6548 is 0.9572124481201172
Time taken for candidate 6549 is 0.8005499839782715
Time taken for candidate 6550 is 0.5356085300445557
Time taken for candidate 6551 is 0.31635141372680664
Time taken for candidate 6552 is 0.7195580005645752
Time taken for candidate 6553 is 0.7416105270385742
Time taken for candidate 6555 is 0.6329488754272461
Time taken for candidate 6556 is 0.6896357536315918
Time taken for candidate 6558 is 0.7682127952575684
Time taken for candidate 6559 is 0.9598898887634277
Time taken for candidate 6560 is 0.44259190559387207
Time taken for candidate 6562 is 0.6209745407104492
Time taken for candidate 6563 is 0.8300380706787109
Time taken for candidate 6564 is 0.767432451248169
Time taken for candidate 6565 is 1.3457274436950684
Time taken for candidate 6567 is 0.6585705280303955
Time taken for candidate 6568 is 1.214003324508667
Time taken for candidate 6570 is 0.8500733375549316
Time taken for candidate 6571 is 0.8653113842010498
Time taken for candidate 6572 is 0.7165875434875488
Time taken for candidate 6573 is 0.7740111351013184
Time taken for candidate 6574 is 0.9721882343292236
Time taken for candidate 6575 is 0.879157543182373
Time taken for candidate 6579 is 0.616765022277832
Time taken for candidate 6580 is 0.5797197818756104
Time taken for candidate 6582 is 0.7971134185791016
Time taken for candidate 6583 is 1.1196181774139404
Time taken for candidate 6584 is 0.8784687519073486
Time taken for candidate 6585 is 0.5775628089904785
Time taken for candidate 6586 is 0.5511958599090576
Time taken for candidate 6587 is 0.7631511688232422
Time taken for candidate 6588 is 0.6556441783905029
Time taken for candidate 6589 is 1.02378511428833
Time taken for candidate 6590 is 0.7857213020324707
Time taken for candidate 6591 is 0.7332990169525146
Time taken for candidate 6592 is 0.46195197105407715
Time taken for candidate 6593 is 0.8578891754150391
Time taken for candidate 6594 is 1.0052659511566162
Time taken for candidate 6595 is 1.000868320465088
Time taken for candidate 6596 is 0.7712564468383789
Time taken for candidate 6599 is 1.372931957244873
Time taken for candidate 6600 is 0.883796215057373
Time taken for candidate 6601 is 0.525435209274292
Time taken for candidate 6602 is 0.5726640224456787
Time taken for candidate 6603 is 0.9345188140869141
Time taken for candidate 6604 is 1.087972640991211
Time taken for candidate 6605 is 1.2104244232177734
Time taken for candidate 6606 is 0.908022403717041
Time taken for candidate 6607 is 0.6787056922912598
Time taken for candidate 6608 is 1.1940271854400635
Time taken for candidate 6609 is 0.6255428791046143
Time taken for candidate 6610 is 1.0904159545898438
Time taken for candidate 6612 is 0.822340726852417
Time taken for candidate 6613 is 0.9707188606262207
Time taken for candidate 6614 is 0.8477141857147217
Time taken for candidate 6616 is 0.9940962791442871
Time taken for candidate 6617 is 0.804553747177124
Time taken for candidate 6618 is 1.0443387031555176
Time taken for candidate 6619 is 1.2351741790771484
Time taken for candidate 6620 is 0.7692716121673584
Time taken for candidate 6621 is 0.3339574337005615
Time taken for candidate 6622 is 0.7653520107269287
Time taken for candidate 6623 is 0.8100643157958984
Time taken for candidate 6624 is 0.7923314571380615
Time taken for candidate 6625 is 0.8775603771209717
Time taken for candidate 6626 is 0.7568142414093018
Time taken for candidate 6627 is 0.5461900234222412
Time taken for candidate 6628 is 0.610846757888794
Time taken for candidate 6630 is 0.8406763076782227
Time taken for candidate 6631 is 1.1001322269439697
Time taken for candidate 6632 is 0.8262889385223389
Time taken for candidate 6634 is 0.614546537399292
Time taken for candidate 6635 is 0.8769071102142334
Time taken for candidate 6636 is 1.253117322921753
Time taken for candidate 6637 is 0.6868634223937988
Time taken for candidate 6638 is 0.3817105293273926
Time taken for candidate 6639 is 1.1999313831329346
Time taken for candidate 6640 is 0.9626953601837158
Time taken for candidate 6642 is 0.7137153148651123
Time taken for candidate 6643 is 0.611163854598999
Time taken for candidate 6645 is 1.149763584136963
Time taken for candidate 6646 is 1.2050843238830566
Time taken for candidate 6647 is 0.9496941566467285
Time taken for candidate 6648 is 0.8981485366821289
Time taken for candidate 6650 is 1.2083399295806885
Time taken for candidate 6652 is 0.7872128486633301
Time taken for candidate 6653 is 0.8874814510345459
Time taken for candidate 6654 is 0.8670971393585205
Time taken for candidate 6655 is 0.63885498046875
Time taken for candidate 6656 is 0.5114436149597168
Time taken for candidate 6658 is 0.8127093315124512
Time taken for candidate 6659 is 1.1898987293243408
Time taken for candidate 6660 is 0.6776893138885498
Time taken for candidate 6661 is 0.6816115379333496
Time taken for candidate 6662 is 0.8142950534820557
Time taken for candidate 6663 is 0.7856185436248779
Time taken for candidate 6664 is 0.7005822658538818
Time taken for candidate 6665 is 1.1459825038909912
Time taken for candidate 6666 is 0.853886604309082
Time taken for candidate 6667 is 0.9878964424133301
Time taken for candidate 6668 is 0.5445666313171387
Time taken for candidate 6670 is 0.9361035823822021
Time taken for candidate 6671 is 0.7093918323516846
Time taken for candidate 6672 is 0.8788411617279053
Time taken for candidate 6673 is 0.6505129337310791
Time taken for candidate 6675 is 0.9367060661315918
Time taken for candidate 6676 is 0.7045552730560303
Time taken for candidate 6678 is 0.8555715084075928
Time taken for candidate 6679 is 0.47169041633605957
Time taken for candidate 6681 is 0.7879252433776855
Time taken for candidate 6682 is 0.6062321662902832
Time taken for candidate 6683 is 0.6538097858428955
Time taken for candidate 6685 is 0.796699047088623
Time taken for candidate 6686 is 0.7336461544036865
Time taken for candidate 6687 is 0.9508352279663086
Time taken for candidate 6688 is 0.7737405300140381
Time taken for candidate 6690 is 0.9441061019897461
Time taken for candidate 6691 is 1.0393075942993164
Time taken for candidate 6692 is 0.8052525520324707
Time taken for candidate 6693 is 0.7843153476715088
Time taken for candidate 6694 is 0.7934122085571289
Time taken for candidate 6696 is 0.8983066082000732
Time taken for candidate 6698 is 0.6371893882751465
Time taken for candidate 6700 is 0.9580378532409668
Time taken for candidate 6701 is 0.805290699005127
Time taken for candidate 6702 is 0.790860652923584
Time taken for candidate 6703 is 1.4141230583190918
Time taken for candidate 6704 is 0.8469944000244141
Time taken for candidate 6705 is 0.9255976676940918
Time taken for candidate 6706 is 0.6549422740936279
Time taken for candidate 6707 is 0.6718006134033203
Time taken for candidate 6708 is 0.5453917980194092
Time taken for candidate 6709 is 0.9566900730133057
Time taken for candidate 6710 is 0.8764915466308594
Time taken for candidate 6713 is 1.0011959075927734
Time taken for candidate 6714 is 0.8081653118133545
Time taken for candidate 6715 is 0.5999987125396729
Time taken for candidate 6719 is 0.9671251773834229
Time taken for candidate 6720 is 0.823573112487793
Time taken for candidate 6723 is 0.6307568550109863
Time taken for candidate 6724 is 0.7945621013641357
Time taken for candidate 6725 is 0.7301120758056641
Time taken for candidate 6726 is 0.8509960174560547
Time taken for candidate 6727 is 1.2759876251220703
Time taken for candidate 6730 is 0.5911674499511719
Time taken for candidate 6731 is 0.9631030559539795
Time taken for candidate 6735 is 0.9651024341583252
Time taken for candidate 6736 is 0.5174331665039062
Time taken for candidate 6737 is 0.6148426532745361
Time taken for candidate 6738 is 1.1499462127685547
Time taken for candidate 6739 is 0.8592796325683594
Time taken for candidate 6740 is 0.8753464221954346
Time taken for candidate 6741 is 0.5937509536743164
Time taken for candidate 6742 is 0.9943478107452393
Time taken for candidate 6743 is 1.153763771057129
Time taken for candidate 6744 is 0.8008666038513184
Time taken for candidate 6745 is 0.7881340980529785
Time taken for candidate 6746 is 0.7175347805023193
Time taken for candidate 6747 is 0.6725821495056152
Time taken for candidate 6748 is 0.6690521240234375
Time taken for candidate 6749 is 1.0353353023529053
Time taken for candidate 6750 is 0.8592820167541504
Time taken for candidate 6751 is 0.9601659774780273
Time taken for candidate 6753 is 1.1856112480163574
Time taken for candidate 6754 is 0.6288299560546875
Time taken for candidate 6756 is 0.9785547256469727
Time taken for candidate 6757 is 0.6150906085968018
Time taken for candidate 6758 is 0.6200933456420898
Time taken for candidate 6759 is 0.7464230060577393
Time taken for candidate 6760 is 1.2490110397338867
Time taken for candidate 6762 is 0.7107090950012207
Time taken for candidate 6763 is 0.9804477691650391
Time taken for candidate 6764 is 0.790888786315918
Time taken for candidate 6765 is 1.3986093997955322
Time taken for candidate 6767 is 0.8133556842803955
Time taken for candidate 6768 is 0.8278036117553711
Time taken for candidate 6770 is 1.03102445602417
Time taken for candidate 6771 is 0.9569032192230225
Time taken for candidate 6772 is 0.9938223361968994
Time taken for candidate 6773 is 0.9486033916473389
Time taken for candidate 6775 is 1.0449907779693604
Time taken for candidate 6777 is 0.9106979370117188
Time taken for candidate 6778 is 0.7697238922119141
Time taken for candidate 6779 is 1.0124776363372803
Time taken for candidate 6780 is 1.0660150051116943
Time taken for candidate 6781 is 0.36297607421875
Time taken for candidate 6782 is 0.4585435390472412
Time taken for candidate 6783 is 0.618410587310791
Time taken for candidate 6786 is 0.7616283893585205
Time taken for candidate 6788 is 0.5999350547790527
Time taken for candidate 6789 is 0.761796236038208
Time taken for candidate 6790 is 0.549705982208252
Time taken for candidate 6791 is 1.3287668228149414
Time taken for candidate 6792 is 1.011056661605835
Time taken for candidate 6793 is 0.7048068046569824
Time taken for candidate 6794 is 0.8425402641296387
Time taken for candidate 6795 is 0.43852829933166504
Time taken for candidate 6797 is 1.1280763149261475
Time taken for candidate 6798 is 0.5625274181365967
Time taken for candidate 6799 is 0.8081436157226562
Time taken for candidate 6800 is 1.097665548324585
Time taken for candidate 6801 is 1.1675443649291992
Time taken for candidate 6802 is 0.6967167854309082
Time taken for candidate 6804 is 0.8314883708953857
Time taken for candidate 6805 is 0.31186413764953613
Time taken for candidate 6806 is 0.9649741649627686
Time taken for candidate 6807 is 1.1063003540039062
Time taken for candidate 6808 is 0.5652596950531006
Done with similarity
Created Dataframe
        candidate_id  reference_id    similarity       dist  score
0               4918          5449  1.074152e-06  13.743979      1
1               4918          6172  6.710666e-07  14.214397      1
2               4918          6259  4.693274e-07  14.571965      1
3               4918          5223  4.630989e-07  14.585325      1
4               4918          5917  4.477922e-07  14.618937      1
...              ...           ...           ...        ...    ...
639445          6808          5855  3.649615e-09  19.428644      1
639446          6808          6317  3.104006e-09  19.590572      1
639447          6808          6159  3.071625e-09  19.601059      1
639448          6808          6212  3.043922e-09  19.610119      1
639449          6808          6075  2.682525e-09  19.736507      1

[639450 rows x 5 columns]
Finished writing file
