candidates_folder ../data/WMT18Data/system-outputs/newstest2018/de-en/
REFERENCES_FILE ../data/WMT18Data/references/newstest2018-deen-ref.en
MODEL bert
METHOD sms 


Running against the candidates from: ../data/WMT18Data/system-outputs/newstest2018/de-en/newstest2018.JHU.5706.de-en
Score: 0.08440415890892965
Done in 1339.6922574043274
=========================
Running against the candidates from: ../data/WMT18Data/system-outputs/newstest2018/de-en/newstest2018.LMU-nmt.5756.de-en
Score: 0.07139104313595275
Done in 1174.9115009307861
=========================
Running against the candidates from: ../data/WMT18Data/system-outputs/newstest2018/de-en/newstest2018.LMU-unsup.5650.de-en
Score: 0.00970620912827852
Done in 1173.9573919773102
=========================
Running against the candidates from: ../data/WMT18Data/system-outputs/newstest2018/de-en/newstest2018.MLLP-UPV.5554.de-en
Score: 0.08724204915890241
Done in 1218.306408882141
=========================
Running against the candidates from: ../data/WMT18Data/system-outputs/newstest2018/de-en/newstest2018.NJUNMT-private.5406.de-en
Score: 0.06044375755610229
Done in 1204.1518559455872
=========================
Running against the candidates from: ../data/WMT18Data/system-outputs/newstest2018/de-en/newstest2018.NTT.5666.de-en
Score: 0.09256592475286209
Done in 1137.199739933014
=========================
Running against the candidates from: ../data/WMT18Data/system-outputs/newstest2018/de-en/newstest2018.RWTH-UNSUPER.5482.de-en
Score: 0.014556660550519497
Done in 1171.5823593139648
=========================
Running against the candidates from: ../data/WMT18Data/system-outputs/newstest2018/de-en/newstest2018.RWTH.5636.de-en
Score: 0.10073381603994017
Done in 1072.0307004451752
=========================
Running against the candidates from: ../data/WMT18Data/system-outputs/newstest2018/de-en/newstest2018.UCAM.5690.de-en
Score: 0.09641936727391227
Done in 987.0014271736145
=========================
Running against the candidates from: ../data/WMT18Data/system-outputs/newstest2018/de-en/newstest2018.Ubiqus-NMT.5635.de-en
Score: 0.08308328058331799
Done in 1001.7416090965271
=========================
Running against the candidates from: ../data/WMT18Data/system-outputs/newstest2018/de-en/newstest2018.online-A.0.de-en
Score: 0.06958538928114762
Done in 932.9796359539032
=========================
Running against the candidates from: ../data/WMT18Data/system-outputs/newstest2018/de-en/newstest2018.online-B.0.de-en
Score: 0.08174468152094073
Done in 877.8300025463104
=========================
Running against the candidates from: ../data/WMT18Data/system-outputs/newstest2018/de-en/newstest2018.online-F.0.de-en
Score: 0.017712061854768587
Done in 914.2122828960419
=========================
Running against the candidates from: ../data/WMT18Data/system-outputs/newstest2018/de-en/newstest2018.online-G.0.de-en
Score: 0.04110301423878605
Done in 925.655371427536
=========================
Running against the candidates from: ../data/WMT18Data/system-outputs/newstest2018/de-en/newstest2018.online-Y.0.de-en
Score: 0.06127236632596939
Done in 968.7746498584747
=========================
Running against the candidates from: ../data/WMT18Data/system-outputs/newstest2018/de-en/newstest2018.uedin.5766.de-en
Score: 0.07998075393123372
Done in 913.8997297286987
=========================
Fatal Python error: deallocating None

Current thread 0x00007f55b287f740 (most recent call first):
