candidates_folder ../data/WMT18Data/system-outputs/newstest2018/cs-en/
REFERENCES_FILE ../data/WMT18Data/references/newstest2018-csen-ref.en
MODEL glove
METHOD s+wms 


Running against the candidates from: ../data/WMT18Data/system-outputs/newstest2018/cs-en/newstest2018.CUNI-Transformer.5560.cs-en
Score: 0.2936875753736042
Done in 94.75792932510376
=========================
Running against the candidates from: ../data/WMT18Data/system-outputs/newstest2018/cs-en/newstest2018.online-A.0.cs-en
Score: 0.2522596616395855
Done in 131.97745442390442
=========================
Running against the candidates from: ../data/WMT18Data/system-outputs/newstest2018/cs-en/newstest2018.online-B.0.cs-en
Score: 0.2919138724087094
Done in 131.1303951740265
=========================
Running against the candidates from: ../data/WMT18Data/system-outputs/newstest2018/cs-en/newstest2018.online-G.0.cs-en
Score: 0.2376222218535544
Done in 145.02730226516724
=========================
Running against the candidates from: ../data/WMT18Data/system-outputs/newstest2018/cs-en/newstest2018.uedin.5561.cs-en
Score: 0.2788550125615683
Done in 139.6174919605255
=========================
