Loaded model 33.51928496360779
Done preprocessing references
Time taken for candidate 4918 is 113.2996883392334
Time taken for candidate 4919 is 88.05606698989868
Time taken for candidate 4920 is 74.2712767124176
Time taken for candidate 4922 is 40.49580478668213
Time taken for candidate 4923 is 25.234769821166992
Time taken for candidate 4925 is 118.54144644737244
Time taken for candidate 4926 is 93.80770874023438
Time taken for candidate 4927 is 71.68267607688904
Time taken for candidate 4929 is 104.9477744102478
Time taken for candidate 4930 is 126.98561000823975
Time taken for candidate 4931 is 104.18356823921204
Time taken for candidate 4932 is 73.19470620155334
Time taken for candidate 4933 is 108.57144927978516
Time taken for candidate 4934 is 107.60396718978882
Time taken for candidate 4935 is 147.39945197105408
Time taken for candidate 4937 is 129.8432936668396
Time taken for candidate 4938 is 104.26735162734985
Time taken for candidate 4939 is 85.28337240219116
Time taken for candidate 4940 is 114.74093627929688
Time taken for candidate 4941 is 102.05991291999817
Time taken for candidate 4942 is 115.53124952316284
Time taken for candidate 4943 is 104.33387494087219
Time taken for candidate 4945 is 67.33721899986267
Time taken for candidate 4947 is 67.66445112228394
Time taken for candidate 4949 is 82.96597194671631
Time taken for candidate 4950 is 84.68935704231262
Time taken for candidate 4951 is 104.86865091323853
Time taken for candidate 4952 is 101.50459837913513
Time taken for candidate 4953 is 64.36376070976257
Time taken for candidate 4954 is 37.96722340583801
Time taken for candidate 4955 is 71.10701370239258
Time taken for candidate 4957 is 115.27370953559875
Time taken for candidate 4958 is 73.90535688400269
Time taken for candidate 4959 is 55.23992466926575
Time taken for candidate 4960 is 99.0717601776123
Time taken for candidate 4962 is 63.743427991867065
Time taken for candidate 4963 is 66.10731673240662
Time taken for candidate 4964 is 93.42810583114624
Time taken for candidate 4965 is 100.44074440002441
Time taken for candidate 4966 is 76.98532581329346
Time taken for candidate 4967 is 86.59484910964966
Time taken for candidate 4968 is 41.393861055374146
Time taken for candidate 4969 is 88.76712799072266
Time taken for candidate 4970 is 97.32417631149292
Time taken for candidate 4971 is 44.02224922180176
Time taken for candidate 4972 is 70.42540049552917
Time taken for candidate 4973 is 39.81951665878296
Time taken for candidate 4975 is 114.14942646026611
Time taken for candidate 4976 is 82.5804979801178
Time taken for candidate 4977 is 83.86120867729187
Time taken for candidate 4978 is 51.23128128051758
Time taken for candidate 4981 is 113.16189980506897
Time taken for candidate 4982 is 119.37038516998291
Time taken for candidate 4983 is 94.66108274459839
Time taken for candidate 4984 is 124.81989192962646
Time taken for candidate 4985 is 74.20855236053467
Time taken for candidate 4986 is 76.43764877319336
Time taken for candidate 4987 is 49.703418016433716
Time taken for candidate 4988 is 72.97727298736572
Time taken for candidate 4989 is 98.5954430103302
Time taken for candidate 4990 is 85.21476173400879
Time taken for candidate 4991 is 96.99341630935669
Time taken for candidate 4992 is 67.08566117286682
Time taken for candidate 4993 is 86.61498761177063
Time taken for candidate 4994 is 78.55459427833557
Time taken for candidate 4995 is 94.06654834747314
Time taken for candidate 4997 is 67.6814444065094
Time taken for candidate 5001 is 84.31765460968018
Time taken for candidate 5003 is 67.6945230960846
Time taken for candidate 5004 is 108.12293720245361
Time taken for candidate 5006 is 112.97845363616943
Time taken for candidate 5007 is 88.31603455543518
Time taken for candidate 5008 is 91.77761006355286
Time taken for candidate 5009 is 112.54491639137268
Time taken for candidate 5010 is 84.33705401420593
Time taken for candidate 5011 is 53.00448417663574
Time taken for candidate 5012 is 55.29851531982422
Time taken for candidate 5013 is 77.81935906410217
Time taken for candidate 5014 is 73.73126435279846
Time taken for candidate 5017 is 61.03647184371948
Time taken for candidate 5018 is 63.84713625907898
Time taken for candidate 5019 is 105.26590538024902
Time taken for candidate 5020 is 75.44499015808105
Time taken for candidate 5021 is 68.52214121818542
Time taken for candidate 5022 is 88.23504519462585
Time taken for candidate 5023 is 99.18856883049011
Time taken for candidate 5024 is 103.3493435382843
Time taken for candidate 5025 is 73.56067109107971
Time taken for candidate 5026 is 94.06206488609314
Time taken for candidate 5028 is 86.54532313346863
Time taken for candidate 5029 is 95.49526119232178
Time taken for candidate 5030 is 110.13378858566284
Time taken for candidate 5031 is 99.62734889984131
Time taken for candidate 5033 is 43.78468370437622
Time taken for candidate 5034 is 41.130152225494385
Time taken for candidate 5036 is 37.56443214416504
Time taken for candidate 5037 is 91.51706838607788
Time taken for candidate 5038 is 33.15009617805481
Time taken for candidate 5039 is 89.06709694862366
Time taken for candidate 5040 is 153.03098106384277
Time taken for candidate 5041 is 73.06200575828552
Time taken for candidate 5042 is 97.39648294448853
Time taken for candidate 5043 is 17.970393180847168
Time taken for candidate 5046 is 78.41353440284729
Time taken for candidate 5047 is 113.62767148017883
Time taken for candidate 5048 is 105.27594947814941
Time taken for candidate 5050 is 119.0118408203125
Time taken for candidate 5051 is 132.3482882976532
Time taken for candidate 5053 is 53.98368692398071
Time taken for candidate 5054 is 66.43375992774963
Time taken for candidate 5056 is 104.01068711280823
Time taken for candidate 5058 is 137.09505558013916
Time taken for candidate 5059 is 54.646944522857666
Time taken for candidate 5060 is 52.460275411605835
Time taken for candidate 5061 is 89.0628650188446
Time taken for candidate 5062 is 66.0217616558075
Time taken for candidate 5063 is 79.95837569236755
Time taken for candidate 5064 is 166.5828456878662
Time taken for candidate 5065 is 132.26317143440247
Time taken for candidate 5066 is 55.341360569000244
Time taken for candidate 5067 is 70.48319101333618
Time taken for candidate 5068 is 92.32866382598877
Time taken for candidate 5069 is 94.88336730003357
Time taken for candidate 5071 is 47.15776872634888
Time taken for candidate 5073 is 67.47406268119812
Time taken for candidate 5074 is 76.84840440750122
Time taken for candidate 5075 is 74.76304888725281
Time taken for candidate 5076 is 93.05145621299744
Time taken for candidate 5079 is 80.26875638961792
Time taken for candidate 5083 is 111.19229435920715
Time taken for candidate 5084 is 86.30341672897339
Time taken for candidate 5085 is 68.68575263023376
Time taken for candidate 5086 is 67.82738900184631
Time taken for candidate 5087 is 107.41995024681091
Time taken for candidate 5089 is 73.56509351730347
Time taken for candidate 5090 is 77.8616111278534
Time taken for candidate 5091 is 123.91098427772522
Time taken for candidate 5092 is 53.550718545913696
Time taken for candidate 5094 is 70.13756084442139
Time taken for candidate 5095 is 118.28340888023376
Time taken for candidate 5096 is 57.678285360336304
Time taken for candidate 5098 is 85.02188873291016
Time taken for candidate 5099 is 84.74464654922485
Time taken for candidate 5100 is 61.29050636291504
Time taken for candidate 5101 is 100.15764927864075
Time taken for candidate 5102 is 112.51273584365845
Time taken for candidate 5104 is 101.07104516029358
Time taken for candidate 5105 is 94.10590386390686
Time taken for candidate 5106 is 85.72701382637024
Time taken for candidate 5107 is 142.3330225944519
Time taken for candidate 5108 is 73.97430610656738
Time taken for candidate 5109 is 98.0967812538147
Time taken for candidate 5110 is 158.2231523990631
Time taken for candidate 5112 is 92.14351010322571
Time taken for candidate 5114 is 151.22177648544312
Time taken for candidate 5115 is 82.26981973648071
Time taken for candidate 5116 is 94.61024808883667
Time taken for candidate 5117 is 86.69595050811768
Time taken for candidate 5118 is 44.9144651889801
Time taken for candidate 5119 is 57.91494870185852
Time taken for candidate 5120 is 97.37155795097351
Time taken for candidate 5121 is 97.30173993110657
Time taken for candidate 5122 is 88.25749492645264
Time taken for candidate 5123 is 41.753363609313965
Time taken for candidate 5124 is 128.18548011779785
Time taken for candidate 5125 is 68.5771803855896
Time taken for candidate 5126 is 69.86034917831421
Fatal Python error: deallocating None

Current thread 0x00007fb567fed740 (most recent call first):
  File "/home/eshwarsr/anaconda3/lib/python3.7/site-packages/torch/nn/modules/module.py", line 533 in __call__
  File "/home/eshwarsr/anaconda3/lib/python3.7/site-packages/allennlp/modules/lstm_cell_with_projection.py", line 177 in forward
  File "/home/eshwarsr/anaconda3/lib/python3.7/site-packages/torch/nn/modules/module.py", line 532 in __call__
  File "/home/eshwarsr/anaconda3/lib/python3.7/site-packages/allennlp/modules/elmo_lstm.py", line 220 in _lstm_forward
  File "/home/eshwarsr/anaconda3/lib/python3.7/site-packages/allennlp/modules/encoder_base.py", line 116 in sort_and_run_forward
  File "/home/eshwarsr/anaconda3/lib/python3.7/site-packages/allennlp/modules/elmo_lstm.py", line 123 in forward
  File "/home/eshwarsr/anaconda3/lib/python3.7/site-packages/torch/nn/modules/module.py", line 532 in __call__
  File "/home/eshwarsr/anaconda3/lib/python3.7/site-packages/allennlp/modules/elmo.py", line 610 in forward
  File "/home/eshwarsr/anaconda3/lib/python3.7/site-packages/torch/nn/modules/module.py", line 532 in __call__
  File "/home/eshwarsr/anaconda3/lib/python3.7/site-packages/allennlp/commands/elmo.py", line 197 in batch_to_embeddings
  File "/home/eshwarsr/anaconda3/lib/python3.7/site-packages/allennlp/commands/elmo.py", line 255 in embed_batch
  File "/home/eshwarsr/anaconda3/lib/python3.7/site-packages/allennlp/commands/elmo.py", line 230 in embed_sentence
  File "/home/eshwarsr/IISc-ML-Project/3_SMS/emd_metrics.py", line 73 in get_embeddings_ids_weights
  File "driver.py", line 23 in calculate_similarity
  File "driver.py", line 92 in <module>
