Loaded model 80.47491240501404
Done preprocessing references
Time taken for candidate 4918 is 111.78657650947571
Time taken for candidate 4919 is 85.61477136611938
Time taken for candidate 4920 is 73.19462466239929
Time taken for candidate 4921 is 70.47509384155273
Time taken for candidate 4922 is 41.936513900756836
Time taken for candidate 4923 is 25.168473482131958
Time taken for candidate 4924 is 121.89680910110474
Time taken for candidate 4925 is 116.13481545448303
Time taken for candidate 4926 is 92.2846896648407
Time taken for candidate 4927 is 71.10389757156372
Time taken for candidate 4928 is 90.20367360115051
Time taken for candidate 4929 is 103.40928912162781
Time taken for candidate 4930 is 124.23815894126892
Time taken for candidate 4931 is 102.17641425132751
Time taken for candidate 4932 is 77.21648144721985
Time taken for candidate 4933 is 108.37693214416504
Time taken for candidate 4934 is 106.61305642127991
Time taken for candidate 4935 is 148.02591562271118
Time taken for candidate 4936 is 82.13120651245117
Time taken for candidate 4937 is 129.26375722885132
Time taken for candidate 4938 is 103.79321074485779
Time taken for candidate 4939 is 86.31551241874695
Time taken for candidate 4940 is 116.10413551330566
Time taken for candidate 4941 is 101.1555244922638
Time taken for candidate 4942 is 114.38044619560242
Time taken for candidate 4943 is 103.6778199672699
Time taken for candidate 4944 is 77.66141772270203
Time taken for candidate 4945 is 66.55441665649414
Time taken for candidate 4946 is 64.50201320648193
Time taken for candidate 4947 is 67.0998604297638
Time taken for candidate 4948 is 81.76877903938293
Time taken for candidate 4949 is 81.12964653968811
Time taken for candidate 4950 is 82.89320492744446
Time taken for candidate 4951 is 104.66426372528076
Time taken for candidate 4952 is 100.16106796264648
Time taken for candidate 4953 is 62.6595196723938
Time taken for candidate 4954 is 36.6975736618042
Time taken for candidate 4955 is 67.63609504699707
Time taken for candidate 4956 is 74.95366406440735
Time taken for candidate 4957 is 113.50656533241272
Time taken for candidate 4958 is 71.8433518409729
Time taken for candidate 4959 is 53.257219552993774
Time taken for candidate 4960 is 97.16878962516785
Time taken for candidate 4961 is 125.45313954353333
Time taken for candidate 4962 is 63.843260765075684
Time taken for candidate 4963 is 65.64393496513367
Time taken for candidate 4964 is 90.63560628890991
Time taken for candidate 4965 is 96.65792036056519
Time taken for candidate 4966 is 75.65072751045227
Time taken for candidate 4967 is 84.21164560317993
Time taken for candidate 4968 is 40.99495506286621
Time taken for candidate 4969 is 87.04879856109619
Time taken for candidate 4970 is 95.12629461288452
Time taken for candidate 4971 is 42.763020753860474
Time taken for candidate 4972 is 68.94052696228027
Time taken for candidate 4973 is 38.82224202156067
Time taken for candidate 4974 is 94.97293376922607
Time taken for candidate 4975 is 111.89703559875488
Time taken for candidate 4976 is 80.79404163360596
Time taken for candidate 4977 is 84.30397152900696
Time taken for candidate 4978 is 50.62090444564819
Time taken for candidate 4979 is 74.77546572685242
Time taken for candidate 4980 is 86.31551623344421
Time taken for candidate 4981 is 113.01913952827454
Time taken for candidate 4982 is 118.02276706695557
Time taken for candidate 4983 is 93.89381885528564
Time taken for candidate 4984 is 122.14883637428284
Time taken for candidate 4985 is 73.26711225509644
Time taken for candidate 4986 is 74.89592742919922
Time taken for candidate 4987 is 48.9436719417572
Time taken for candidate 4988 is 72.26013588905334
Time taken for candidate 4989 is 97.6585476398468
Time taken for candidate 4990 is 84.94088006019592
Time taken for candidate 4991 is 96.92473363876343
Time taken for candidate 4992 is 67.15721821784973
Time taken for candidate 4993 is 85.8366174697876
Time taken for candidate 4994 is 78.06437706947327
Time taken for candidate 4995 is 92.96618986129761
Time taken for candidate 4996 is 49.34628248214722
Time taken for candidate 4997 is 67.25796842575073
Time taken for candidate 4998 is 105.00863099098206
Time taken for candidate 4999 is 97.9099555015564
Time taken for candidate 5000 is 69.65383315086365
Time taken for candidate 5001 is 81.68657970428467
Time taken for candidate 5002 is 105.39823913574219
Time taken for candidate 5003 is 67.4390242099762
Time taken for candidate 5004 is 107.78997111320496
Time taken for candidate 5005 is 100.76068329811096
Time taken for candidate 5006 is 113.23316311836243
Time taken for candidate 5007 is 87.93956637382507
Time taken for candidate 5008 is 92.76867079734802
Time taken for candidate 5009 is 113.51279020309448
Time taken for candidate 5010 is 83.47027468681335
Time taken for candidate 5011 is 52.34820055961609
Time taken for candidate 5012 is 55.470906257629395
Time taken for candidate 5013 is 78.88090801239014
Time taken for candidate 5014 is 73.28754591941833
Time taken for candidate 5015 is 91.15359354019165
Time taken for candidate 5016 is 107.85924506187439
Time taken for candidate 5017 is 59.333261489868164
Done with similarity
Created Dataframe
Finished writing file
Fatal Python error: deallocating None

Current thread 0x00007f636c90f740 (most recent call first):
