candidates_folder ../data/WMT18Data/system-outputs/newstest2018/fi-en/
REFERENCES_FILE ../data/WMT18Data/references/newstest2018-fien-ref.en
MODEL bert
METHOD wms 


Running against the candidates from: ../data/WMT18Data/system-outputs/newstest2018/fi-en/newstest2018.CUNI-Kocmi.5619.fi-en
Score: 0.007535752526688104
Done in 1074.2860968112946
=========================
Running against the candidates from: ../data/WMT18Data/system-outputs/newstest2018/fi-en/newstest2018.HY-NMT-fi-en.5569.fi-en
Score: 0.01064756530124665
Done in 932.506885766983
=========================
Running against the candidates from: ../data/WMT18Data/system-outputs/newstest2018/fi-en/newstest2018.JUCBNMT.5559.fi-en
Score: 0.0014986016282983166
Done in 937.0856320858002
=========================
Running against the candidates from: ../data/WMT18Data/system-outputs/newstest2018/fi-en/newstest2018.NICT.5515.fi-en
Score: 0.00897450747121584
Done in 813.6916706562042
=========================
Running against the candidates from: ../data/WMT18Data/system-outputs/newstest2018/fi-en/newstest2018.online-A.0.fi-en
Score: 0.00583947991399554
Done in 782.4045770168304
=========================
Running against the candidates from: ../data/WMT18Data/system-outputs/newstest2018/fi-en/newstest2018.online-B.0.fi-en
Score: 0.007305311682707725
Done in 774.5497813224792
=========================
Running against the candidates from: ../data/WMT18Data/system-outputs/newstest2018/fi-en/newstest2018.online-G.0.fi-en
Score: 0.003955756540958473
Done in 790.1186571121216
=========================
Running against the candidates from: ../data/WMT18Data/system-outputs/newstest2018/fi-en/newstest2018.talp-upc.5423.fi-en
Score: 0.0075657734591766555
Done in 777.843897819519
=========================
Running against the candidates from: ../data/WMT18Data/system-outputs/newstest2018/fi-en/newstest2018.uedin.5631.fi-en
Score: 0.007711111328874617
Done in 756.8734023571014
=========================
Fatal Python error: deallocating None

Current thread 0x00007f7a0266a740 (most recent call first):
