2020-05-31 14:46:52.573637: W tensorflow/stream_executor/platform/default/dso_loader.cc:55] Could not load dynamic library 'libnvinfer.so.6'; dlerror: libnvinfer.so.6: cannot open shared object file: No such file or directory
2020-05-31 14:46:52.573706: W tensorflow/stream_executor/platform/default/dso_loader.cc:55] Could not load dynamic library 'libnvinfer_plugin.so.6'; dlerror: libnvinfer_plugin.so.6: cannot open shared object file: No such file or directory
2020-05-31 14:46:52.573713: W tensorflow/compiler/tf2tensorrt/utils/py_utils.cc:30] Cannot dlopen some TensorRT libraries. If you would like to use Nvidia GPU with TensorRT, please make sure the missing libraries mentioned above are installed properly.
Number of candidates: 1450
Loaded model 21.332993745803833
Number of references: 441
Done preprocessing references 99.0085220336914
Time taken for candidate 4918 is 0.4902224540710449
Time taken for candidate 4919 is 0.4128267765045166
Time taken for candidate 4920 is 0.45686960220336914
Time taken for candidate 4922 is 0.3704981803894043
Time taken for candidate 4923 is 0.2824828624725342
Time taken for candidate 4925 is 0.6369636058807373
Time taken for candidate 4926 is 0.4553565979003906
Time taken for candidate 4927 is 0.3707594871520996
Time taken for candidate 4929 is 0.49439430236816406
Time taken for candidate 4930 is 0.4916403293609619
Time taken for candidate 4931 is 0.4206390380859375
Time taken for candidate 4932 is 0.5443675518035889
Time taken for candidate 4933 is 0.6242692470550537
Time taken for candidate 4934 is 0.5457375049591064
Time taken for candidate 4935 is 0.7310535907745361
Time taken for candidate 4937 is 0.7132868766784668
Time taken for candidate 4938 is 0.47816944122314453
Time taken for candidate 4939 is 0.5439484119415283
Time taken for candidate 4940 is 0.5577163696289062
Time taken for candidate 4941 is 0.5453670024871826
Time taken for candidate 4942 is 0.4814276695251465
Time taken for candidate 4943 is 0.4913153648376465
Time taken for candidate 4945 is 0.38136911392211914
Time taken for candidate 4947 is 0.389171838760376
Time taken for candidate 4949 is 0.6132097244262695
Time taken for candidate 4950 is 0.47272372245788574
Time taken for candidate 4951 is 0.5502912998199463
Time taken for candidate 4952 is 0.5532543659210205
Time taken for candidate 4953 is 0.3707747459411621
Time taken for candidate 4954 is 0.3809518814086914
Time taken for candidate 4955 is 0.3941795825958252
Time taken for candidate 4957 is 0.3920917510986328
Time taken for candidate 4958 is 0.3032674789428711
Time taken for candidate 4959 is 0.29784083366394043
Time taken for candidate 4960 is 0.5520353317260742
Time taken for candidate 4962 is 0.37709593772888184
Time taken for candidate 4963 is 0.37807536125183105
Time taken for candidate 4964 is 0.39382433891296387
Time taken for candidate 4965 is 0.4079246520996094
Time taken for candidate 4966 is 0.3895835876464844
Time taken for candidate 4967 is 0.39827585220336914
Time taken for candidate 4968 is 0.3045971393585205
Time taken for candidate 4969 is 0.36838674545288086
Time taken for candidate 4970 is 0.5480759143829346
Time taken for candidate 4971 is 0.2842421531677246
Time taken for candidate 4972 is 0.37093567848205566
Time taken for candidate 4973 is 0.2756960391998291
Time taken for candidate 4975 is 0.5518016815185547
Time taken for candidate 4976 is 0.35454463958740234
Time taken for candidate 4977 is 0.38247251510620117
Time taken for candidate 4978 is 0.36655282974243164
Time taken for candidate 4981 is 0.5520751476287842
Time taken for candidate 4982 is 0.6269066333770752
Time taken for candidate 4983 is 0.4809844493865967
Time taken for candidate 4984 is 0.5702896118164062
Time taken for candidate 4985 is 0.5378170013427734
Time taken for candidate 4986 is 0.46344709396362305
Time taken for candidate 4987 is 0.3737788200378418
Time taken for candidate 4988 is 0.39489293098449707
Time taken for candidate 4989 is 0.5460476875305176
Time taken for candidate 4990 is 0.4161994457244873
Time taken for candidate 4991 is 0.46326708793640137
Time taken for candidate 4992 is 0.45407533645629883
Time taken for candidate 4993 is 0.4026610851287842
Time taken for candidate 4994 is 0.4568617343902588
Time taken for candidate 4995 is 0.4086935520172119
Time taken for candidate 4997 is 0.3771641254425049
Time taken for candidate 5001 is 0.46883082389831543
Time taken for candidate 5003 is 0.37404608726501465
Time taken for candidate 5004 is 0.48094940185546875
Time taken for candidate 5006 is 0.5573792457580566
Time taken for candidate 5007 is 0.5436732769012451
Time taken for candidate 5008 is 0.48539304733276367
Time taken for candidate 5009 is 0.36348819732666016
Time taken for candidate 5010 is 0.4853386878967285
Time taken for candidate 5011 is 0.2937886714935303
Time taken for candidate 5012 is 0.3032417297363281
Time taken for candidate 5013 is 0.546459436416626
Time taken for candidate 5014 is 0.3850257396697998
Time taken for candidate 5017 is 0.3841428756713867
Time taken for candidate 5018 is 0.3963358402252197
Time taken for candidate 5019 is 0.483471155166626
Time taken for candidate 5020 is 0.4540979862213135
Time taken for candidate 5021 is 0.3675684928894043
Time taken for candidate 5022 is 0.47492337226867676
Time taken for candidate 5023 is 0.46541357040405273
Time taken for candidate 5024 is 0.48570895195007324
Time taken for candidate 5025 is 0.45397281646728516
Time taken for candidate 5026 is 0.45894479751586914
Time taken for candidate 5028 is 0.4673655033111572
Time taken for candidate 5029 is 0.5453433990478516
Time taken for candidate 5030 is 0.4825108051300049
Time taken for candidate 5031 is 0.4897582530975342
Time taken for candidate 5033 is 0.29456496238708496
Time taken for candidate 5034 is 0.2779061794281006
Time taken for candidate 5036 is 0.27820372581481934
Time taken for candidate 5037 is 0.4688899517059326
Time taken for candidate 5038 is 0.27290797233581543
Time taken for candidate 5039 is 0.4085061550140381
Time taken for candidate 5040 is 0.8105118274688721
Time taken for candidate 5041 is 0.37848830223083496
Time taken for candidate 5042 is 0.35933899879455566
Time taken for candidate 5043 is 0.26395702362060547
Time taken for candidate 5046 is 0.3931248188018799
Time taken for candidate 5047 is 0.46196699142456055
Time taken for candidate 5048 is 0.6280221939086914
Time taken for candidate 5050 is 0.5086851119995117
Time taken for candidate 5051 is 0.4962422847747803
Time taken for candidate 5053 is 0.3721446990966797
Time taken for candidate 5054 is 0.5349078178405762
Time taken for candidate 5056 is 0.5570569038391113
Time taken for candidate 5058 is 0.5471019744873047
Time taken for candidate 5059 is 0.3123140335083008
Time taken for candidate 5060 is 0.29947972297668457
Time taken for candidate 5061 is 0.46592068672180176
Time taken for candidate 5062 is 0.37633848190307617
Time taken for candidate 5063 is 0.3984527587890625
Time taken for candidate 5064 is 0.6818311214447021
Time taken for candidate 5065 is 0.6420607566833496
Time taken for candidate 5066 is 0.3752717971801758
Time taken for candidate 5067 is 0.4603767395019531
Time taken for candidate 5068 is 0.4799048900604248
Time taken for candidate 5069 is 0.48467493057250977
Time taken for candidate 5071 is 0.372020959854126
Time taken for candidate 5073 is 0.31091904640197754
Time taken for candidate 5074 is 0.33194684982299805
Time taken for candidate 5075 is 0.33255457878112793
Time taken for candidate 5076 is 0.4502756595611572
Time taken for candidate 5079 is 0.4699275493621826
Time taken for candidate 5083 is 0.4832003116607666
Time taken for candidate 5084 is 0.5439889430999756
Time taken for candidate 5085 is 0.4570767879486084
Time taken for candidate 5086 is 0.3698108196258545
Time taken for candidate 5087 is 0.5437972545623779
Time taken for candidate 5089 is 0.3902618885040283
Time taken for candidate 5090 is 0.392254114151001
Time taken for candidate 5091 is 0.49236512184143066
Time taken for candidate 5092 is 0.2984955310821533
Time taken for candidate 5094 is 0.3981356620788574
Time taken for candidate 5095 is 0.5821800231933594
Time taken for candidate 5096 is 0.3763163089752197
Time taken for candidate 5098 is 0.4641287326812744
Time taken for candidate 5099 is 0.5484921932220459
Time taken for candidate 5100 is 0.3780481815338135
Time taken for candidate 5101 is 0.4049661159515381
Time taken for candidate 5102 is 0.6284863948822021
Time taken for candidate 5104 is 0.5662553310394287
Time taken for candidate 5105 is 0.467731237411499
Time taken for candidate 5106 is 0.33842897415161133
Time taken for candidate 5107 is 0.4750192165374756
Time taken for candidate 5108 is 0.38547754287719727
Time taken for candidate 5109 is 0.42415761947631836
Time taken for candidate 5110 is 0.8091156482696533
Time taken for candidate 5112 is 0.46928882598876953
Time taken for candidate 5114 is 0.6514666080474854
Time taken for candidate 5115 is 0.47454047203063965
Time taken for candidate 5116 is 0.4770677089691162
Time taken for candidate 5117 is 0.4715132713317871
Time taken for candidate 5118 is 0.3005495071411133
Time taken for candidate 5119 is 0.3069729804992676
Time taken for candidate 5120 is 0.48361992835998535
Time taken for candidate 5121 is 0.4331662654876709
Time taken for candidate 5122 is 0.45894384384155273
Time taken for candidate 5123 is 0.37036967277526855
Time taken for candidate 5124 is 0.5739390850067139
Time taken for candidate 5125 is 0.3788115978240967
Time taken for candidate 5126 is 0.3973388671875
Time taken for candidate 5127 is 0.619220495223999
Time taken for candidate 5128 is 0.39034032821655273
Time taken for candidate 5129 is 0.377413272857666
Time taken for candidate 5130 is 0.5406975746154785
Time taken for candidate 5131 is 0.48424673080444336
Time taken for candidate 5132 is 0.4585752487182617
Time taken for candidate 5133 is 0.6187593936920166
Time taken for candidate 5134 is 0.551530122756958
Time taken for candidate 5135 is 0.7279653549194336
Time taken for candidate 5136 is 0.37201714515686035
Time taken for candidate 5137 is 0.46595335006713867
Time taken for candidate 5138 is 0.3922550678253174
Time taken for candidate 5139 is 0.39316749572753906
Time taken for candidate 5143 is 0.4157369136810303
Time taken for candidate 5144 is 0.3648693561553955
Time taken for candidate 5145 is 0.30116748809814453
Time taken for candidate 5146 is 0.5494565963745117
Time taken for candidate 5147 is 0.4638538360595703
Time taken for candidate 5148 is 0.506011962890625
Time taken for candidate 5150 is 0.3910796642303467
Time taken for candidate 5152 is 0.48953938484191895
Time taken for candidate 5153 is 0.37525272369384766
Time taken for candidate 5154 is 0.37713098526000977
Time taken for candidate 5155 is 0.4640340805053711
Time taken for candidate 5157 is 0.4653604030609131
Time taken for candidate 5159 is 0.6588830947875977
Time taken for candidate 5160 is 0.38913750648498535
Time taken for candidate 5162 is 0.3914203643798828
Time taken for candidate 5163 is 0.6323959827423096
Time taken for candidate 5164 is 0.37180399894714355
Time taken for candidate 5165 is 0.3718559741973877
Time taken for candidate 5166 is 0.47586846351623535
Time taken for candidate 5167 is 0.48084330558776855
Time taken for candidate 5168 is 0.583611011505127
Time taken for candidate 5169 is 0.6355962753295898
Time taken for candidate 5170 is 0.5479817390441895
Time taken for candidate 5173 is 0.4543886184692383
Time taken for candidate 5176 is 0.38967180252075195
Time taken for candidate 5177 is 0.29347991943359375
Time taken for candidate 5178 is 0.38773226737976074
Time taken for candidate 5179 is 0.4631986618041992
Time taken for candidate 5180 is 0.4826483726501465
Time taken for candidate 5181 is 0.4554574489593506
Time taken for candidate 5182 is 0.36675333976745605
Time taken for candidate 5183 is 0.3904905319213867
Time taken for candidate 5184 is 0.27648067474365234
Time taken for candidate 5185 is 0.4220731258392334
Time taken for candidate 5186 is 0.48605775833129883
Time taken for candidate 5188 is 0.3701791763305664
Time taken for candidate 5189 is 0.37322115898132324
Time taken for candidate 5190 is 0.433760404586792
Time taken for candidate 5191 is 0.6272211074829102
Time taken for candidate 5192 is 0.41858744621276855
Time taken for candidate 5193 is 0.3839278221130371
Time taken for candidate 5194 is 0.45563507080078125
Time taken for candidate 5195 is 0.7842769622802734
Time taken for candidate 5196 is 0.48868894577026367
Time taken for candidate 5197 is 0.49700188636779785
Time taken for candidate 5198 is 0.5775256156921387
Time taken for candidate 5199 is 0.47924113273620605
Time taken for candidate 5201 is 0.6318919658660889
Time taken for candidate 5202 is 0.44872474670410156
Time taken for candidate 5203 is 0.47657155990600586
Time taken for candidate 5204 is 0.5758423805236816
Time taken for candidate 5205 is 0.4582080841064453
Time taken for candidate 5206 is 0.5514779090881348
Time taken for candidate 5208 is 0.3706541061401367
Time taken for candidate 5209 is 0.4554760456085205
Time taken for candidate 5210 is 0.45926785469055176
Time taken for candidate 5211 is 0.4614369869232178
Time taken for candidate 5212 is 0.645808219909668
Time taken for candidate 5213 is 0.5410740375518799
Time taken for candidate 5214 is 0.4629037380218506
Time taken for candidate 5215 is 0.460390567779541
Time taken for candidate 5216 is 0.4601309299468994
Time taken for candidate 5218 is 0.3712160587310791
Time taken for candidate 5219 is 0.3681330680847168
Time taken for candidate 5220 is 0.4024202823638916
Time taken for candidate 5221 is 0.47307610511779785
Time taken for candidate 5226 is 0.5673456192016602
Time taken for candidate 5227 is 0.556793212890625
Time taken for candidate 5228 is 0.37090563774108887
Time taken for candidate 5229 is 0.5384647846221924
Time taken for candidate 5230 is 0.4824812412261963
Time taken for candidate 5231 is 0.3659086227416992
Time taken for candidate 5232 is 0.5048143863677979
Time taken for candidate 5233 is 0.4161217212677002
Time taken for candidate 5234 is 0.5421710014343262
Time taken for candidate 5235 is 0.4766709804534912
Time taken for candidate 5236 is 0.29578733444213867
Time taken for candidate 5237 is 0.569260835647583
Time taken for candidate 5238 is 0.5310091972351074
Time taken for candidate 5239 is 0.554924726486206
Time taken for candidate 5240 is 0.45755481719970703
Time taken for candidate 5241 is 0.49163198471069336
Time taken for candidate 5243 is 0.3712940216064453
Time taken for candidate 5244 is 0.41114258766174316
Time taken for candidate 5245 is 0.5517852306365967
Time taken for candidate 5247 is 0.2961137294769287
Time taken for candidate 5249 is 0.4531068801879883
Time taken for candidate 5250 is 0.45978665351867676
Time taken for candidate 5251 is 0.35726046562194824
Time taken for candidate 5253 is 0.5479156970977783
Time taken for candidate 5254 is 0.2950594425201416
Time taken for candidate 5255 is 0.38262057304382324
Time taken for candidate 5256 is 0.4594249725341797
Time taken for candidate 5257 is 0.48340749740600586
Time taken for candidate 5258 is 0.33620262145996094
Time taken for candidate 5259 is 0.279268741607666
Time taken for candidate 5260 is 0.5824785232543945
Time taken for candidate 5262 is 0.3849668502807617
Time taken for candidate 5263 is 0.392009973526001
Time taken for candidate 5264 is 0.7886137962341309
Time taken for candidate 5267 is 0.3696274757385254
Time taken for candidate 5268 is 0.5447781085968018
Time taken for candidate 5269 is 0.3344306945800781
Time taken for candidate 5270 is 0.5450196266174316
Time taken for candidate 5271 is 0.30002570152282715
Time taken for candidate 5272 is 0.40988993644714355
Time taken for candidate 5273 is 0.701420783996582
Time taken for candidate 5274 is 0.33777379989624023
Time taken for candidate 5275 is 0.5507373809814453
Time taken for candidate 5277 is 0.49578094482421875
Time taken for candidate 5278 is 0.4599001407623291
Time taken for candidate 5279 is 0.36933016777038574
Time taken for candidate 5280 is 0.6202852725982666
Time taken for candidate 5281 is 0.36925601959228516
Time taken for candidate 5282 is 0.3917837142944336
Time taken for candidate 5283 is 0.5430853366851807
Time taken for candidate 5284 is 0.5405144691467285
Time taken for candidate 5285 is 0.5424566268920898
Time taken for candidate 5287 is 0.36588001251220703
Time taken for candidate 5291 is 0.5429444313049316
Time taken for candidate 5292 is 0.48393893241882324
Time taken for candidate 5293 is 0.629448652267456
Time taken for candidate 5294 is 0.3897833824157715
Time taken for candidate 5298 is 0.5299637317657471
Time taken for candidate 5299 is 0.38506650924682617
Time taken for candidate 5301 is 0.5394570827484131
Time taken for candidate 5303 is 0.39148950576782227
Time taken for candidate 5304 is 0.39701366424560547
Time taken for candidate 5306 is 0.45815587043762207
Time taken for candidate 5307 is 0.47455716133117676
Time taken for candidate 5308 is 0.46272706985473633
Time taken for candidate 5309 is 0.47386693954467773
Time taken for candidate 5313 is 0.39394330978393555
Time taken for candidate 5314 is 0.5411479473114014
Time taken for candidate 5315 is 0.3563346862792969
Time taken for candidate 5316 is 0.4130544662475586
Time taken for candidate 5317 is 0.4147982597351074
Time taken for candidate 5318 is 0.4232773780822754
Time taken for candidate 5319 is 0.4733121395111084
Time taken for candidate 5320 is 0.471327543258667
Time taken for candidate 5321 is 0.4998304843902588
Time taken for candidate 5322 is 0.3825805187225342
Time taken for candidate 5323 is 0.5487868785858154
Time taken for candidate 5324 is 0.547734260559082
Time taken for candidate 5326 is 0.5526309013366699
Time taken for candidate 5327 is 0.6943984031677246
Time taken for candidate 5330 is 0.5543694496154785
Time taken for candidate 5331 is 0.44475579261779785
Time taken for candidate 5332 is 0.37101125717163086
Time taken for candidate 5334 is 0.46384716033935547
Time taken for candidate 5335 is 0.791193962097168
Time taken for candidate 5337 is 0.47231054306030273
Time taken for candidate 5338 is 0.38674378395080566
Time taken for candidate 5339 is 0.6447324752807617
Time taken for candidate 5340 is 0.5283222198486328
Time taken for candidate 5341 is 0.7131567001342773
Time taken for candidate 5342 is 0.37177371978759766
Time taken for candidate 5343 is 0.5735678672790527
Time taken for candidate 5344 is 0.3847939968109131
Time taken for candidate 5346 is 0.6297397613525391
Time taken for candidate 5347 is 0.4661417007446289
Time taken for candidate 5348 is 0.6293034553527832
Time taken for candidate 5349 is 0.6287763118743896
Time taken for candidate 5352 is 0.4835343360900879
Time taken for candidate 5353 is 0.42841243743896484
Time taken for candidate 5355 is 0.5595524311065674
Time taken for candidate 5357 is 0.36553359031677246
Time taken for candidate 5360 is 0.5498976707458496
Time taken for candidate 5361 is 0.3614349365234375
Time taken for candidate 5362 is 0.3710172176361084
Time taken for candidate 5363 is 0.461958646774292
Time taken for candidate 5364 is 0.46568799018859863
Time taken for candidate 5365 is 0.45937657356262207
Time taken for candidate 5366 is 0.6308121681213379
Time taken for candidate 5367 is 0.48412060737609863
Time taken for candidate 5368 is 0.38041257858276367
Time taken for candidate 5369 is 0.38915038108825684
Time taken for candidate 5370 is 0.3742635250091553
Time taken for candidate 5371 is 0.6375820636749268
Time taken for candidate 5372 is 0.3944361209869385
Time taken for candidate 5373 is 0.36636900901794434
Time taken for candidate 5374 is 0.48434877395629883
Time taken for candidate 5376 is 0.5434222221374512
Time taken for candidate 5377 is 0.36532020568847656
Time taken for candidate 5378 is 0.418013334274292
Time taken for candidate 5379 is 0.3720099925994873
Time taken for candidate 5380 is 0.4821126461029053
Time taken for candidate 5381 is 0.3805806636810303
Time taken for candidate 5383 is 0.5347809791564941
Time taken for candidate 5384 is 0.46331357955932617
Time taken for candidate 5386 is 0.45655107498168945
Time taken for candidate 5387 is 0.5423336029052734
Time taken for candidate 5388 is 0.6221871376037598
Time taken for candidate 5390 is 0.4658529758453369
Time taken for candidate 5391 is 0.3948068618774414
Time taken for candidate 5393 is 0.4565725326538086
Time taken for candidate 5396 is 0.421389102935791
Time taken for candidate 5397 is 0.3926835060119629
Time taken for candidate 5398 is 0.36902737617492676
Time taken for candidate 5400 is 0.4720931053161621
Time taken for candidate 5403 is 0.4647653102874756
Time taken for candidate 5404 is 0.45293736457824707
Time taken for candidate 5405 is 0.47675180435180664
Time taken for candidate 5407 is 0.38996410369873047
Time taken for candidate 5410 is 0.6386821269989014
Time taken for candidate 5411 is 0.45935821533203125
Time taken for candidate 5412 is 0.37012720108032227
Time taken for candidate 5413 is 0.36343860626220703
Time taken for candidate 5414 is 0.6368823051452637
Time taken for candidate 5415 is 0.4958043098449707
Time taken for candidate 5416 is 0.3841855525970459
Time taken for candidate 5417 is 0.45552897453308105
Time taken for candidate 5418 is 0.3297545909881592
Time taken for candidate 5419 is 0.4923131465911865
Time taken for candidate 5420 is 0.36912083625793457
Time taken for candidate 5421 is 0.2965846061706543
Time taken for candidate 5422 is 0.39748406410217285
Time taken for candidate 5423 is 0.7285516262054443
Time taken for candidate 5424 is 0.5428540706634521
Time taken for candidate 5426 is 0.4744603633880615
Time taken for candidate 5428 is 0.46479082107543945
Time taken for candidate 5429 is 0.551823616027832
Time taken for candidate 5431 is 0.5585448741912842
Time taken for candidate 5433 is 0.35448575019836426
Time taken for candidate 5434 is 0.4602656364440918
Time taken for candidate 5435 is 0.38567447662353516
Time taken for candidate 5437 is 0.38556408882141113
Time taken for candidate 5438 is 0.3845372200012207
Time taken for candidate 5439 is 0.46172451972961426
Time taken for candidate 5442 is 0.29324936866760254
Time taken for candidate 5444 is 0.4079782962799072
Time taken for candidate 5445 is 0.4621541500091553
Time taken for candidate 5446 is 0.47237396240234375
Time taken for candidate 5447 is 0.4749305248260498
Time taken for candidate 5450 is 0.3969745635986328
Time taken for candidate 5452 is 0.44261980056762695
Time taken for candidate 5454 is 0.37505173683166504
Time taken for candidate 5455 is 0.36850643157958984
Time taken for candidate 5456 is 0.5465638637542725
Time taken for candidate 5458 is 0.5853841304779053
Time taken for candidate 5460 is 0.408336877822876
Time taken for candidate 5461 is 0.30354881286621094
Time taken for candidate 5462 is 0.45976710319519043
Time taken for candidate 5463 is 0.3861720561981201
Time taken for candidate 5464 is 0.3005495071411133
Time taken for candidate 5465 is 0.27808594703674316
Time taken for candidate 5466 is 0.3675727844238281
Time taken for candidate 5469 is 0.2714974880218506
Time taken for candidate 5471 is 0.45987629890441895
Time taken for candidate 5473 is 0.3894515037536621
Time taken for candidate 5474 is 0.3699071407318115
Time taken for candidate 5475 is 0.449399471282959
Time taken for candidate 5477 is 0.41687870025634766
Time taken for candidate 5478 is 0.2757112979888916
Time taken for candidate 5479 is 0.29764270782470703
Time taken for candidate 5480 is 0.8016188144683838
Time taken for candidate 5481 is 0.5521323680877686
Time taken for candidate 5483 is 0.3720240592956543
Time taken for candidate 5484 is 0.47594237327575684
Time taken for candidate 5485 is 0.36719632148742676
Time taken for candidate 5486 is 0.3946802616119385
Time taken for candidate 5487 is 0.5365803241729736
Time taken for candidate 5488 is 0.6148953437805176
Time taken for candidate 5489 is 0.5559871196746826
Time taken for candidate 5491 is 0.38521599769592285
Time taken for candidate 5492 is 0.4559614658355713
Time taken for candidate 5493 is 0.390566349029541
Time taken for candidate 5494 is 0.4548370838165283
Time taken for candidate 5495 is 0.5429580211639404
Time taken for candidate 5496 is 0.436154842376709
Time taken for candidate 5497 is 0.3697342872619629
Time taken for candidate 5499 is 0.45916032791137695
Time taken for candidate 5501 is 0.39307188987731934
Time taken for candidate 5502 is 0.5447432994842529
Time taken for candidate 5503 is 0.42952680587768555
Time taken for candidate 5504 is 0.37099766731262207
Time taken for candidate 5505 is 0.36911606788635254
Time taken for candidate 5506 is 0.37146663665771484
Time taken for candidate 5507 is 0.371082067489624
Time taken for candidate 5508 is 0.4757063388824463
Time taken for candidate 5509 is 0.4585239887237549
Time taken for candidate 5511 is 0.5450303554534912
Time taken for candidate 5512 is 0.3711204528808594
Time taken for candidate 5513 is 0.4717726707458496
Time taken for candidate 5514 is 0.3877408504486084
Time taken for candidate 5515 is 0.36634135246276855
Time taken for candidate 5516 is 0.477095365524292
Time taken for candidate 5517 is 0.29223060607910156
Time taken for candidate 5519 is 0.46065521240234375
Time taken for candidate 5520 is 0.4557054042816162
Time taken for candidate 5521 is 0.4580378532409668
Time taken for candidate 5522 is 0.4576718807220459
Time taken for candidate 5523 is 0.46737170219421387
Time taken for candidate 5524 is 0.3230009078979492
Time taken for candidate 5525 is 0.3539302349090576
Time taken for candidate 5526 is 0.36126136779785156
Time taken for candidate 5527 is 0.2745981216430664
Time taken for candidate 5528 is 0.44660139083862305
Time taken for candidate 5529 is 0.3045358657836914
Time taken for candidate 5531 is 0.5454733371734619
Time taken for candidate 5532 is 0.27886438369750977
Time taken for candidate 5533 is 0.36621975898742676
Time taken for candidate 5534 is 0.41826319694519043
Time taken for candidate 5536 is 0.32538342475891113
Time taken for candidate 5537 is 0.4618349075317383
Time taken for candidate 5538 is 0.3262605667114258
Time taken for candidate 5539 is 0.3708786964416504
Time taken for candidate 5540 is 0.7118256092071533
Time taken for candidate 5542 is 0.550006628036499
Time taken for candidate 5546 is 0.4543266296386719
Time taken for candidate 5547 is 0.3639702796936035
Time taken for candidate 5549 is 0.5550317764282227
Time taken for candidate 5550 is 0.3313560485839844
Time taken for candidate 5552 is 0.6348104476928711
Time taken for candidate 5553 is 0.45903921127319336
Time taken for candidate 5555 is 0.5445981025695801
Time taken for candidate 5556 is 0.2933540344238281
Time taken for candidate 5557 is 0.4104428291320801
Time taken for candidate 5558 is 0.3580787181854248
Time taken for candidate 5559 is 0.3707449436187744
Time taken for candidate 5560 is 0.631932258605957
Time taken for candidate 5561 is 0.4572715759277344
Time taken for candidate 5562 is 0.38562989234924316
Time taken for candidate 5563 is 0.36387085914611816
Time taken for candidate 5564 is 0.49879956245422363
Time taken for candidate 5566 is 0.39287281036376953
Time taken for candidate 5567 is 0.41332030296325684
Time taken for candidate 5568 is 0.6225826740264893
Time taken for candidate 5571 is 0.3674430847167969
Time taken for candidate 5572 is 0.4563405513763428
Time taken for candidate 5575 is 0.3678169250488281
Time taken for candidate 5578 is 0.2915220260620117
Time taken for candidate 5579 is 0.5637350082397461
Time taken for candidate 5580 is 0.29782629013061523
Time taken for candidate 5582 is 0.4735143184661865
Time taken for candidate 5584 is 0.3664727210998535
Time taken for candidate 5585 is 0.5455405712127686
Time taken for candidate 5589 is 0.4519631862640381
Time taken for candidate 5590 is 0.46808958053588867
Time taken for candidate 5591 is 0.47858428955078125
Time taken for candidate 5592 is 0.5492377281188965
Time taken for candidate 5593 is 0.4643557071685791
Time taken for candidate 5594 is 0.3923311233520508
Time taken for candidate 5596 is 0.386110782623291
Time taken for candidate 5597 is 0.47128725051879883
Time taken for candidate 5598 is 0.4597623348236084
Time taken for candidate 5599 is 0.4132566452026367
Time taken for candidate 5600 is 0.6292777061462402
Time taken for candidate 5603 is 0.3705265522003174
Time taken for candidate 5604 is 0.38788533210754395
Time taken for candidate 5605 is 0.36397266387939453
Time taken for candidate 5606 is 0.4831879138946533
Time taken for candidate 5607 is 0.3575584888458252
Time taken for candidate 5608 is 0.4591221809387207
Time taken for candidate 5609 is 0.4606757164001465
Time taken for candidate 5610 is 0.5538816452026367
Time taken for candidate 5611 is 0.36930274963378906
Time taken for candidate 5612 is 0.544414758682251
Time taken for candidate 5613 is 0.49229979515075684
Time taken for candidate 5614 is 0.387160062789917
Time taken for candidate 5617 is 0.38533926010131836
Time taken for candidate 5620 is 0.38146471977233887
Time taken for candidate 5621 is 0.543940544128418
Time taken for candidate 5624 is 0.37414121627807617
Time taken for candidate 5625 is 0.46221923828125
Time taken for candidate 5626 is 0.472059965133667
Time taken for candidate 5627 is 0.6360161304473877
Time taken for candidate 5628 is 0.36585569381713867
Time taken for candidate 5629 is 0.4693593978881836
Time taken for candidate 5631 is 0.5658755302429199
Time taken for candidate 5632 is 0.5449144840240479
Time taken for candidate 5633 is 0.6341524124145508
Time taken for candidate 5634 is 0.4479053020477295
Time taken for candidate 5635 is 0.5594339370727539
Time taken for candidate 5636 is 0.4097001552581787
Time taken for candidate 5637 is 0.37456583976745605
Time taken for candidate 5639 is 0.5553452968597412
Time taken for candidate 5640 is 0.4582343101501465
Time taken for candidate 5641 is 0.4574131965637207
Time taken for candidate 5642 is 0.31822776794433594
Time taken for candidate 5644 is 0.43325042724609375
Time taken for candidate 5646 is 0.3653991222381592
Time taken for candidate 5647 is 0.3694005012512207
Time taken for candidate 5648 is 0.38320279121398926
Time taken for candidate 5649 is 0.3669259548187256
Time taken for candidate 5650 is 0.46680593490600586
Time taken for candidate 5651 is 0.29521942138671875
Time taken for candidate 5652 is 0.36910057067871094
Time taken for candidate 5653 is 0.36800336837768555
Time taken for candidate 5654 is 0.7027528285980225
Time taken for candidate 5657 is 0.44877171516418457
Time taken for candidate 5658 is 0.29297327995300293
Time taken for candidate 5661 is 0.6292750835418701
Time taken for candidate 5662 is 0.2986409664154053
Time taken for candidate 5663 is 0.36126208305358887
Time taken for candidate 5664 is 0.7131998538970947
Time taken for candidate 5665 is 0.37107229232788086
Time taken for candidate 5666 is 0.5439069271087646
Time taken for candidate 5667 is 0.3670623302459717
Time taken for candidate 5668 is 0.40877318382263184
Time taken for candidate 5673 is 0.47635841369628906
Time taken for candidate 5674 is 0.3715200424194336
Time taken for candidate 5675 is 0.45925474166870117
Time taken for candidate 5676 is 0.38054800033569336
Time taken for candidate 5677 is 0.45572376251220703
Time taken for candidate 5678 is 0.455521821975708
Time taken for candidate 5679 is 0.29656004905700684
Time taken for candidate 5680 is 0.3666722774505615
Time taken for candidate 5681 is 0.3722500801086426
Time taken for candidate 5682 is 0.44980502128601074
Time taken for candidate 5683 is 0.3663642406463623
Time taken for candidate 5685 is 0.3386833667755127
Time taken for candidate 5686 is 0.7093281745910645
Time taken for candidate 5687 is 0.44689154624938965
Time taken for candidate 5689 is 0.6278903484344482
Time taken for candidate 5690 is 0.6257421970367432
Time taken for candidate 5692 is 0.4547574520111084
Time taken for candidate 5693 is 0.4108619689941406
Time taken for candidate 5695 is 0.457120418548584
Time taken for candidate 5697 is 0.4733307361602783
Time taken for candidate 5698 is 0.3854656219482422
Time taken for candidate 5699 is 0.49143075942993164
Time taken for candidate 5700 is 0.3907196521759033
Time taken for candidate 5701 is 0.45966601371765137
Time taken for candidate 5702 is 0.4606482982635498
Time taken for candidate 5703 is 0.3709297180175781
Time taken for candidate 5704 is 0.48343396186828613
Time taken for candidate 5705 is 0.6216821670532227
Time taken for candidate 5707 is 0.5496690273284912
Time taken for candidate 5709 is 0.3897240161895752
Time taken for candidate 5710 is 0.5337903499603271
Time taken for candidate 5711 is 0.37163496017456055
Time taken for candidate 5712 is 0.46387434005737305
Time taken for candidate 5713 is 0.5517289638519287
Time taken for candidate 5714 is 0.5401723384857178
Time taken for candidate 5715 is 0.5339596271514893
Time taken for candidate 5716 is 0.4588301181793213
Time taken for candidate 5717 is 0.45648908615112305
Time taken for candidate 5718 is 0.3683183193206787
Time taken for candidate 5721 is 0.4095168113708496
Time taken for candidate 5722 is 0.29021143913269043
Time taken for candidate 5723 is 0.3001852035522461
Time taken for candidate 5724 is 0.4708068370819092
Time taken for candidate 5725 is 0.7021667957305908
Time taken for candidate 5727 is 0.5527501106262207
Time taken for candidate 5728 is 0.3890836238861084
Time taken for candidate 5729 is 0.45390987396240234
Time taken for candidate 5730 is 0.5706355571746826
Time taken for candidate 5735 is 0.46698856353759766
Time taken for candidate 5736 is 0.48503708839416504
Time taken for candidate 5737 is 0.36629152297973633
Time taken for candidate 5738 is 0.46332836151123047
Time taken for candidate 5739 is 0.7775638103485107
Time taken for candidate 5740 is 0.3917555809020996
Time taken for candidate 5742 is 0.4774322509765625
Time taken for candidate 5743 is 0.37659525871276855
Time taken for candidate 5745 is 0.5966536998748779
Time taken for candidate 5746 is 0.4605722427368164
Time taken for candidate 5747 is 0.3898789882659912
Time taken for candidate 5748 is 0.3907206058502197
Time taken for candidate 5749 is 0.4579613208770752
Time taken for candidate 5754 is 0.369020938873291
Time taken for candidate 5755 is 0.6234321594238281
Time taken for candidate 5756 is 0.3359334468841553
Time taken for candidate 5757 is 0.4564220905303955
Time taken for candidate 5758 is 0.4967160224914551
Time taken for candidate 5759 is 0.37132835388183594
Time taken for candidate 5763 is 0.4627375602722168
Time taken for candidate 5764 is 0.5284054279327393
Time taken for candidate 5765 is 0.45632410049438477
Time taken for candidate 5766 is 0.37072014808654785
Time taken for candidate 5767 is 0.4009287357330322
Time taken for candidate 5768 is 0.4579477310180664
Time taken for candidate 5769 is 0.3877899646759033
Time taken for candidate 5770 is 0.36730480194091797
Time taken for candidate 5771 is 0.6238844394683838
Time taken for candidate 5772 is 0.27706384658813477
Time taken for candidate 5773 is 0.39580774307250977
Time taken for candidate 5775 is 0.4531104564666748
Time taken for candidate 5776 is 0.4500110149383545
Time taken for candidate 5777 is 0.3811054229736328
Time taken for candidate 5778 is 0.4731762409210205
Time taken for candidate 5779 is 0.6999132633209229
Time taken for candidate 5780 is 0.4643404483795166
Time taken for candidate 5781 is 0.4842386245727539
Time taken for candidate 5782 is 0.5502448081970215
Time taken for candidate 5783 is 0.38579821586608887
Time taken for candidate 5784 is 0.46086573600769043
Time taken for candidate 5786 is 0.5558152198791504
Time taken for candidate 5787 is 0.2778751850128174
Time taken for candidate 5788 is 0.4298131465911865
Time taken for candidate 5789 is 0.39569926261901855
Time taken for candidate 5791 is 0.4579482078552246
Time taken for candidate 5792 is 0.5057880878448486
Time taken for candidate 5793 is 0.3758211135864258
Time taken for candidate 5794 is 0.3929140567779541
Time taken for candidate 5795 is 0.300997257232666
Time taken for candidate 5796 is 0.3711841106414795
Time taken for candidate 5797 is 0.6216328144073486
Time taken for candidate 5798 is 0.5440454483032227
Time taken for candidate 5801 is 0.3020477294921875
Time taken for candidate 5802 is 0.4497406482696533
Time taken for candidate 5803 is 0.3704376220703125
Time taken for candidate 5804 is 0.38059091567993164
Time taken for candidate 5805 is 0.38944029808044434
Time taken for candidate 5806 is 0.5531890392303467
Time taken for candidate 5807 is 0.45467209815979004
Time taken for candidate 5808 is 0.5447070598602295
Time taken for candidate 5810 is 0.359935998916626
Time taken for candidate 5811 is 0.36614537239074707
Time taken for candidate 5812 is 0.5324029922485352
Time taken for candidate 5813 is 0.45512866973876953
Time taken for candidate 5816 is 0.5542960166931152
Time taken for candidate 5817 is 0.3038215637207031
Time taken for candidate 5818 is 0.5460691452026367
Time taken for candidate 5820 is 0.6366641521453857
Time taken for candidate 5821 is 0.5294771194458008
Time taken for candidate 5823 is 0.46204614639282227
Time taken for candidate 5824 is 0.2726922035217285
Time taken for candidate 5827 is 0.30118370056152344
Time taken for candidate 5828 is 0.5533702373504639
Time taken for candidate 5829 is 0.5551037788391113
Time taken for candidate 5830 is 0.6276259422302246
Time taken for candidate 5831 is 0.4586360454559326
Time taken for candidate 5835 is 0.6350741386413574
Time taken for candidate 5836 is 0.4675290584564209
Time taken for candidate 5837 is 0.48571038246154785
Time taken for candidate 5839 is 0.5432693958282471
Time taken for candidate 5841 is 0.4571690559387207
Time taken for candidate 5842 is 0.5417001247406006
Time taken for candidate 5843 is 0.456296443939209
Time taken for candidate 5845 is 0.4585452079772949
Time taken for candidate 5846 is 0.3698296546936035
Time taken for candidate 5847 is 0.45948314666748047
Time taken for candidate 5848 is 0.5708398818969727
Time taken for candidate 5851 is 0.5372936725616455
Time taken for candidate 5857 is 0.47160792350769043
Time taken for candidate 5858 is 0.5449886322021484
Time taken for candidate 5859 is 0.5473048686981201
Time taken for candidate 5860 is 0.3891787528991699
Time taken for candidate 5861 is 0.4616847038269043
Time taken for candidate 5862 is 0.3858788013458252
Time taken for candidate 5863 is 0.4759387969970703
Time taken for candidate 5864 is 0.47958970069885254
Time taken for candidate 5866 is 0.3682379722595215
Time taken for candidate 5867 is 0.3956589698791504
Time taken for candidate 5869 is 0.5444033145904541
Time taken for candidate 5872 is 0.5414388179779053
Time taken for candidate 5873 is 0.6223883628845215
Time taken for candidate 5874 is 0.39632558822631836
Time taken for candidate 5879 is 0.3685295581817627
Time taken for candidate 5880 is 0.6337029933929443
Time taken for candidate 5882 is 0.5377371311187744
Time taken for candidate 5884 is 0.46607446670532227
Time taken for candidate 5885 is 0.3991973400115967
Time taken for candidate 5887 is 0.28990745544433594
Time taken for candidate 5888 is 0.5441603660583496
Time taken for candidate 5890 is 0.44966912269592285
Time taken for candidate 5891 is 0.5556240081787109
Time taken for candidate 5892 is 0.4591710567474365
Time taken for candidate 5894 is 0.36774611473083496
Time taken for candidate 5895 is 0.39327311515808105
Time taken for candidate 5896 is 0.7393150329589844
Time taken for candidate 5897 is 0.3764455318450928
Time taken for candidate 5899 is 0.5325577259063721
Time taken for candidate 5900 is 0.39240241050720215
Time taken for candidate 5901 is 0.3283524513244629
Time taken for candidate 5902 is 0.5505261421203613
Time taken for candidate 5903 is 0.6286993026733398
Time taken for candidate 5907 is 0.386458158493042
Time taken for candidate 5908 is 0.4583439826965332
Time taken for candidate 5909 is 0.361100435256958
Time taken for candidate 5910 is 0.7102036476135254
Time taken for candidate 5911 is 0.45992279052734375
Time taken for candidate 5912 is 0.3679683208465576
Time taken for candidate 5913 is 0.5383787155151367
Time taken for candidate 5915 is 0.36336636543273926
Time taken for candidate 5916 is 0.32492637634277344
Time taken for candidate 5918 is 0.4557499885559082
Time taken for candidate 5919 is 0.507972002029419
Time taken for candidate 5920 is 0.29831886291503906
Time taken for candidate 5923 is 0.3896777629852295
Time taken for candidate 5924 is 0.47169923782348633
Time taken for candidate 5925 is 0.3886585235595703
Time taken for candidate 5926 is 0.48011112213134766
Time taken for candidate 5929 is 0.480989933013916
Time taken for candidate 5930 is 0.4504263401031494
Time taken for candidate 5933 is 0.2779428958892822
Time taken for candidate 5936 is 0.463655948638916
Time taken for candidate 5937 is 0.4617440700531006
Time taken for candidate 5938 is 0.7770841121673584
Time taken for candidate 5939 is 0.45966291427612305
Time taken for candidate 5940 is 0.37053799629211426
Time taken for candidate 5941 is 0.5465130805969238
Time taken for candidate 5942 is 0.4774594306945801
Time taken for candidate 5943 is 0.4622189998626709
Time taken for candidate 5944 is 0.47285985946655273
Time taken for candidate 5945 is 0.4528019428253174
Time taken for candidate 5946 is 0.2943589687347412
Time taken for candidate 5949 is 0.4576144218444824
Time taken for candidate 5950 is 0.5917131900787354
Time taken for candidate 5951 is 0.3702371120452881
Time taken for candidate 5953 is 0.36543726921081543
Time taken for candidate 5954 is 0.4642758369445801
Time taken for candidate 5955 is 0.4572639465332031
Time taken for candidate 5957 is 0.3687891960144043
Time taken for candidate 5958 is 0.5432820320129395
Time taken for candidate 5959 is 0.47968339920043945
Time taken for candidate 5961 is 0.414639949798584
Time taken for candidate 5962 is 0.5486962795257568
Time taken for candidate 5963 is 0.36974573135375977
Time taken for candidate 5964 is 0.27657651901245117
Time taken for candidate 5965 is 0.37093567848205566
Time taken for candidate 5966 is 0.32431578636169434
Time taken for candidate 5969 is 0.33179569244384766
Time taken for candidate 5970 is 0.46390843391418457
Time taken for candidate 5972 is 0.4522972106933594
Time taken for candidate 5973 is 0.3814718723297119
Time taken for candidate 5975 is 0.7389912605285645
Time taken for candidate 5976 is 0.3869149684906006
Time taken for candidate 5977 is 0.5400662422180176
Time taken for candidate 5978 is 0.31884026527404785
Time taken for candidate 5979 is 0.3675537109375
Time taken for candidate 5982 is 0.3573570251464844
Time taken for candidate 5983 is 0.3668801784515381
Time taken for candidate 5985 is 0.3717057704925537
Time taken for candidate 5986 is 0.5449202060699463
Time taken for candidate 5988 is 0.47320032119750977
Time taken for candidate 5989 is 0.37160253524780273
Time taken for candidate 5991 is 0.36896729469299316
Time taken for candidate 5992 is 0.41650843620300293
Time taken for candidate 5993 is 0.5545682907104492
Time taken for candidate 5994 is 0.47131848335266113
Time taken for candidate 5995 is 0.3674740791320801
Time taken for candidate 5996 is 0.3791956901550293
Time taken for candidate 5998 is 0.5279791355133057
Time taken for candidate 5999 is 0.3830416202545166
Time taken for candidate 6000 is 0.35561490058898926
Time taken for candidate 6001 is 0.5550220012664795
Time taken for candidate 6004 is 0.6854910850524902
Time taken for candidate 6005 is 0.4599604606628418
Time taken for candidate 6007 is 0.36708664894104004
Time taken for candidate 6008 is 0.4591028690338135
Time taken for candidate 6011 is 0.5383470058441162
Time taken for candidate 6012 is 0.5411055088043213
Time taken for candidate 6013 is 0.5410506725311279
Time taken for candidate 6015 is 0.29178881645202637
Time taken for candidate 6017 is 0.333331823348999
Time taken for candidate 6019 is 0.6368682384490967
Time taken for candidate 6021 is 0.30434560775756836
Time taken for candidate 6022 is 0.6302108764648438
Time taken for candidate 6023 is 0.36818885803222656
Time taken for candidate 6024 is 0.369596004486084
Time taken for candidate 6025 is 0.3663597106933594
Time taken for candidate 6026 is 0.5842492580413818
Time taken for candidate 6027 is 0.4576914310455322
Time taken for candidate 6028 is 0.5741047859191895
Time taken for candidate 6029 is 0.39044690132141113
Time taken for candidate 6031 is 0.3851339817047119
Time taken for candidate 6032 is 0.423004150390625
Time taken for candidate 6034 is 0.38562655448913574
Time taken for candidate 6035 is 0.3911552429199219
Time taken for candidate 6036 is 0.550361156463623
Time taken for candidate 6037 is 0.37221789360046387
Time taken for candidate 6038 is 0.32538461685180664
Time taken for candidate 6039 is 0.41801023483276367
Time taken for candidate 6040 is 0.4575951099395752
Time taken for candidate 6041 is 0.4756443500518799
Time taken for candidate 6042 is 0.46146678924560547
Time taken for candidate 6043 is 0.5378878116607666
Time taken for candidate 6044 is 0.37237000465393066
Time taken for candidate 6046 is 0.30297112464904785
Time taken for candidate 6047 is 0.3843410015106201
Time taken for candidate 6048 is 0.2929961681365967
Time taken for candidate 6049 is 0.39228391647338867
Time taken for candidate 6051 is 0.3839988708496094
Time taken for candidate 6053 is 0.2928483486175537
Time taken for candidate 6054 is 0.3711714744567871
Time taken for candidate 6055 is 0.2723402976989746
Time taken for candidate 6056 is 0.3542501926422119
Time taken for candidate 6057 is 0.4628896713256836
Time taken for candidate 6059 is 0.45322251319885254
Time taken for candidate 6060 is 0.5546448230743408
Time taken for candidate 6061 is 0.5467438697814941
Time taken for candidate 6062 is 0.36747002601623535
Time taken for candidate 6063 is 0.37964701652526855
Time taken for candidate 6064 is 0.3846139907836914
Time taken for candidate 6065 is 0.5392942428588867
Time taken for candidate 6066 is 0.462782621383667
Time taken for candidate 6067 is 0.4125802516937256
Time taken for candidate 6068 is 0.3915557861328125
Time taken for candidate 6069 is 0.48300814628601074
Time taken for candidate 6071 is 0.36612510681152344
Time taken for candidate 6072 is 0.4624192714691162
Time taken for candidate 6073 is 0.41374731063842773
Time taken for candidate 6074 is 0.4641280174255371
Time taken for candidate 6076 is 0.5418670177459717
Time taken for candidate 6078 is 0.3646273612976074
Time taken for candidate 6079 is 0.565222978591919
Time taken for candidate 6080 is 0.5399961471557617
Time taken for candidate 6083 is 0.29457783699035645
Time taken for candidate 6085 is 0.476665735244751
Time taken for candidate 6086 is 0.5789670944213867
Time taken for candidate 6089 is 0.36154699325561523
Time taken for candidate 6090 is 0.5434603691101074
Time taken for candidate 6092 is 0.3694796562194824
Time taken for candidate 6093 is 0.46523118019104004
Time taken for candidate 6095 is 0.6229212284088135
Time taken for candidate 6096 is 0.39071154594421387
Time taken for candidate 6097 is 0.3716719150543213
Time taken for candidate 6098 is 0.29593801498413086
Time taken for candidate 6100 is 0.3710622787475586
Time taken for candidate 6101 is 0.3039848804473877
Time taken for candidate 6102 is 0.4696338176727295
Time taken for candidate 6103 is 0.455493688583374
Time taken for candidate 6104 is 0.46436572074890137
Time taken for candidate 6106 is 0.33556604385375977
Time taken for candidate 6108 is 0.279325008392334
Time taken for candidate 6109 is 0.3654670715332031
Time taken for candidate 6110 is 0.2906920909881592
Time taken for candidate 6111 is 0.41612958908081055
Time taken for candidate 6112 is 0.47248411178588867
Time taken for candidate 6113 is 0.5468804836273193
Time taken for candidate 6114 is 0.5913817882537842
Time taken for candidate 6115 is 0.4519641399383545
Time taken for candidate 6116 is 0.40407824516296387
Time taken for candidate 6117 is 0.5443518161773682
Time taken for candidate 6118 is 0.4938621520996094
Time taken for candidate 6119 is 0.3008995056152344
Time taken for candidate 6120 is 0.4558444023132324
Time taken for candidate 6122 is 0.44243359565734863
Time taken for candidate 6123 is 0.44663143157958984
Time taken for candidate 6124 is 0.540102481842041
Time taken for candidate 6125 is 0.6264839172363281
Time taken for candidate 6126 is 0.5482296943664551
Time taken for candidate 6127 is 0.38693690299987793
Time taken for candidate 6128 is 0.6263296604156494
Time taken for candidate 6129 is 0.42453503608703613
Time taken for candidate 6131 is 0.4651820659637451
Time taken for candidate 6132 is 0.9640743732452393
Time taken for candidate 6133 is 0.40584802627563477
Time taken for candidate 6134 is 0.5599713325500488
Time taken for candidate 6136 is 0.48900270462036133
Time taken for candidate 6137 is 0.4487171173095703
Time taken for candidate 6138 is 0.29297852516174316
Time taken for candidate 6139 is 0.43944263458251953
Time taken for candidate 6140 is 0.45713138580322266
Time taken for candidate 6141 is 0.3048672676086426
Time taken for candidate 6143 is 0.3696267604827881
Time taken for candidate 6144 is 0.6550405025482178
Time taken for candidate 6145 is 0.2795083522796631
Time taken for candidate 6148 is 0.39496469497680664
Time taken for candidate 6149 is 0.36894965171813965
Time taken for candidate 6150 is 0.3363471031188965
Time taken for candidate 6151 is 0.47602343559265137
Time taken for candidate 6154 is 0.3965775966644287
Time taken for candidate 6155 is 0.4665076732635498
Time taken for candidate 6156 is 0.47360897064208984
Time taken for candidate 6157 is 0.4771878719329834
Time taken for candidate 6158 is 0.45772862434387207
Time taken for candidate 6161 is 0.693500280380249
Time taken for candidate 6163 is 0.4639241695404053
Time taken for candidate 6164 is 0.36865663528442383
Time taken for candidate 6165 is 0.333723783493042
Time taken for candidate 6166 is 0.4778265953063965
Time taken for candidate 6168 is 0.39399266242980957
Time taken for candidate 6169 is 0.35771656036376953
Time taken for candidate 6170 is 0.4633300304412842
Time taken for candidate 6171 is 0.46645426750183105
Time taken for candidate 6174 is 0.47295188903808594
Time taken for candidate 6178 is 0.45540595054626465
Time taken for candidate 6181 is 0.3630704879760742
Time taken for candidate 6182 is 0.41043591499328613
Time taken for candidate 6183 is 0.46205902099609375
Time taken for candidate 6184 is 0.3858146667480469
Time taken for candidate 6185 is 0.47324085235595703
Time taken for candidate 6186 is 0.38324832916259766
Time taken for candidate 6187 is 0.394458532333374
Time taken for candidate 6188 is 0.2914407253265381
Time taken for candidate 6189 is 0.631049394607544
Time taken for candidate 6190 is 0.44600415229797363
Time taken for candidate 6191 is 0.36728930473327637
Time taken for candidate 6192 is 0.4576692581176758
Time taken for candidate 6193 is 0.37343621253967285
Time taken for candidate 6194 is 0.5612952709197998
Time taken for candidate 6195 is 0.32758331298828125
Time taken for candidate 6196 is 0.48679184913635254
Time taken for candidate 6197 is 0.37107038497924805
Time taken for candidate 6198 is 0.6026318073272705
Time taken for candidate 6199 is 0.4702143669128418
Time taken for candidate 6200 is 0.3800837993621826
Time taken for candidate 6201 is 0.3832554817199707
Time taken for candidate 6202 is 0.5407850742340088
Time taken for candidate 6203 is 0.39514970779418945
Time taken for candidate 6204 is 0.45639729499816895
Time taken for candidate 6205 is 0.5573043823242188
Time taken for candidate 6206 is 0.5333342552185059
Time taken for candidate 6208 is 0.2776949405670166
Time taken for candidate 6209 is 0.3893618583679199
Time taken for candidate 6210 is 0.6207318305969238
Time taken for candidate 6213 is 0.585134744644165
Time taken for candidate 6215 is 0.38166236877441406
Time taken for candidate 6216 is 0.5536298751831055
Time taken for candidate 6217 is 0.29402589797973633
Time taken for candidate 6219 is 0.46010303497314453
Time taken for candidate 6220 is 0.6992809772491455
Time taken for candidate 6222 is 0.5716080665588379
Time taken for candidate 6223 is 0.5405516624450684
Time taken for candidate 6224 is 0.45595598220825195
Time taken for candidate 6225 is 0.5619783401489258
Time taken for candidate 6226 is 0.4833259582519531
Time taken for candidate 6227 is 0.45177292823791504
Time taken for candidate 6228 is 0.4496581554412842
Time taken for candidate 6229 is 0.4833216667175293
Time taken for candidate 6230 is 0.3944227695465088
Time taken for candidate 6231 is 0.6293578147888184
Time taken for candidate 6232 is 0.3840782642364502
Time taken for candidate 6235 is 0.4749183654785156
Time taken for candidate 6236 is 0.5585427284240723
Time taken for candidate 6237 is 0.3827197551727295
Time taken for candidate 6238 is 0.5522639751434326
Time taken for candidate 6239 is 0.4845566749572754
Time taken for candidate 6243 is 0.4599897861480713
Time taken for candidate 6244 is 0.3855476379394531
Time taken for candidate 6245 is 0.5443446636199951
Time taken for candidate 6247 is 0.5402259826660156
Time taken for candidate 6248 is 0.5109255313873291
Time taken for candidate 6249 is 0.4731869697570801
Time taken for candidate 6250 is 0.4513266086578369
Time taken for candidate 6251 is 0.38277459144592285
Time taken for candidate 6252 is 0.4735686779022217
Time taken for candidate 6253 is 0.4751434326171875
Time taken for candidate 6254 is 0.6316909790039062
Time taken for candidate 6255 is 0.46367883682250977
Time taken for candidate 6256 is 0.367098331451416
Time taken for candidate 6257 is 0.3698422908782959
Time taken for candidate 6258 is 0.3843870162963867
Time taken for candidate 6260 is 0.45156145095825195
Time taken for candidate 6265 is 0.5436859130859375
Time taken for candidate 6266 is 0.633843183517456
Time taken for candidate 6268 is 0.3860743045806885
Time taken for candidate 6269 is 0.36924004554748535
Time taken for candidate 6271 is 0.46549272537231445
Time taken for candidate 6272 is 0.4576117992401123
Time taken for candidate 6273 is 0.45598721504211426
Time taken for candidate 6274 is 0.3966038227081299
Time taken for candidate 6275 is 0.36355018615722656
Time taken for candidate 6276 is 0.48325228691101074
Time taken for candidate 6278 is 0.3580796718597412
Time taken for candidate 6279 is 0.6246616840362549
Time taken for candidate 6280 is 0.45975184440612793
Time taken for candidate 6281 is 0.30312252044677734
Time taken for candidate 6282 is 0.5387229919433594
Time taken for candidate 6283 is 0.3825976848602295
Time taken for candidate 6284 is 0.39052748680114746
Time taken for candidate 6286 is 0.2771327495574951
Time taken for candidate 6288 is 0.4783756732940674
Time taken for candidate 6289 is 0.4615039825439453
Time taken for candidate 6290 is 0.6124835014343262
Time taken for candidate 6291 is 0.6315877437591553
Time taken for candidate 6293 is 0.545966625213623
Time taken for candidate 6294 is 0.36870384216308594
Time taken for candidate 6295 is 0.47318553924560547
Time taken for candidate 6296 is 0.46223926544189453
Time taken for candidate 6297 is 0.3675692081451416
Time taken for candidate 6298 is 0.4764409065246582
Time taken for candidate 6299 is 0.5387692451477051
Time taken for candidate 6300 is 0.36087989807128906
Time taken for candidate 6302 is 0.39382171630859375
Time taken for candidate 6303 is 0.36674070358276367
Time taken for candidate 6304 is 0.5450189113616943
Time taken for candidate 6305 is 0.38027215003967285
Time taken for candidate 6306 is 0.3719511032104492
Time taken for candidate 6307 is 0.368499755859375
Time taken for candidate 6308 is 0.38463640213012695
Time taken for candidate 6309 is 0.37224769592285156
Time taken for candidate 6310 is 0.5342354774475098
Time taken for candidate 6311 is 0.5708041191101074
Time taken for candidate 6313 is 0.39243388175964355
Time taken for candidate 6314 is 0.4573531150817871
Time taken for candidate 6318 is 0.45883774757385254
Time taken for candidate 6319 is 0.3694946765899658
Time taken for candidate 6321 is 0.4628162384033203
Time taken for candidate 6322 is 0.29968953132629395
Time taken for candidate 6323 is 0.5510871410369873
Time taken for candidate 6324 is 0.47647857666015625
Time taken for candidate 6325 is 0.5361471176147461
Time taken for candidate 6326 is 0.38171863555908203
Time taken for candidate 6327 is 0.3729074001312256
Time taken for candidate 6328 is 0.4155611991882324
Time taken for candidate 6329 is 0.3712449073791504
Time taken for candidate 6330 is 0.3679850101470947
Time taken for candidate 6331 is 0.41422581672668457
Time taken for candidate 6332 is 0.538602352142334
Time taken for candidate 6333 is 0.5205855369567871
Time taken for candidate 6334 is 0.3689405918121338
Time taken for candidate 6335 is 0.6283130645751953
Time taken for candidate 6336 is 0.4585847854614258
Time taken for candidate 6337 is 0.5466859340667725
Time taken for candidate 6338 is 0.7983098030090332
Time taken for candidate 6340 is 0.5457074642181396
Time taken for candidate 6341 is 0.47504162788391113
Time taken for candidate 6342 is 0.39680957794189453
Time taken for candidate 6343 is 0.4546334743499756
Time taken for candidate 6344 is 0.5997178554534912
Time taken for candidate 6346 is 0.3664724826812744
Time taken for candidate 6347 is 0.28026700019836426
Time taken for candidate 6349 is 0.45499324798583984
Time taken for candidate 6350 is 0.6250114440917969
Time taken for candidate 6351 is 0.5404839515686035
Time taken for candidate 6353 is 0.3843080997467041
Time taken for candidate 6354 is 0.6389267444610596
Time taken for candidate 6355 is 0.4054718017578125
Time taken for candidate 6356 is 0.544395923614502
Time taken for candidate 6357 is 0.5520436763763428
Time taken for candidate 6358 is 0.4514627456665039
Time taken for candidate 6359 is 0.3681368827819824
Time taken for candidate 6360 is 0.45705413818359375
Time taken for candidate 6361 is 0.5652594566345215
Time taken for candidate 6362 is 0.4666116237640381
Time taken for candidate 6364 is 0.5449795722961426
Time taken for candidate 6365 is 0.39506101608276367
Time taken for candidate 6366 is 0.46437549591064453
Time taken for candidate 6367 is 0.5576784610748291
Time taken for candidate 6368 is 0.5595078468322754
Time taken for candidate 6369 is 0.5866384506225586
Time taken for candidate 6371 is 0.27213525772094727
Time taken for candidate 6372 is 0.46298980712890625
Time taken for candidate 6373 is 0.6449618339538574
Time taken for candidate 6374 is 0.39019060134887695
Time taken for candidate 6375 is 0.27542924880981445
Time taken for candidate 6376 is 0.6262798309326172
Time taken for candidate 6377 is 0.2933778762817383
Time taken for candidate 6378 is 0.3848581314086914
Time taken for candidate 6379 is 0.5459411144256592
Time taken for candidate 6380 is 0.3678267002105713
Time taken for candidate 6381 is 0.4574270248413086
Time taken for candidate 6382 is 0.5384666919708252
Time taken for candidate 6383 is 0.6484255790710449
Time taken for candidate 6384 is 0.5462024211883545
Time taken for candidate 6386 is 0.47260069847106934
Time taken for candidate 6387 is 0.3642079830169678
Time taken for candidate 6388 is 0.465435266494751
Time taken for candidate 6389 is 0.38892245292663574
Time taken for candidate 6391 is 0.46979475021362305
Time taken for candidate 6392 is 0.6339435577392578
Time taken for candidate 6393 is 0.45398664474487305
Time taken for candidate 6395 is 0.3617980480194092
Time taken for candidate 6396 is 0.3872864246368408
Time taken for candidate 6398 is 0.37235331535339355
Time taken for candidate 6399 is 0.42389845848083496
Time taken for candidate 6401 is 0.45960259437561035
Time taken for candidate 6404 is 0.460695743560791
Time taken for candidate 6406 is 0.7243833541870117
Time taken for candidate 6407 is 0.48116612434387207
Time taken for candidate 6408 is 0.5543968677520752
Time taken for candidate 6409 is 0.3660619258880615
Time taken for candidate 6410 is 0.6264317035675049
Time taken for candidate 6411 is 0.46312761306762695
Time taken for candidate 6413 is 0.5387310981750488
Time taken for candidate 6414 is 0.2778468132019043
Time taken for candidate 6415 is 0.4621312618255615
Time taken for candidate 6416 is 0.4557046890258789
Time taken for candidate 6417 is 0.4504845142364502
Time taken for candidate 6418 is 0.414700984954834
Time taken for candidate 6419 is 0.5380139350891113
Time taken for candidate 6421 is 0.36678194999694824
Time taken for candidate 6422 is 0.4175848960876465
Time taken for candidate 6424 is 0.3677804470062256
Time taken for candidate 6426 is 0.45343995094299316
Time taken for candidate 6427 is 0.4619572162628174
Time taken for candidate 6428 is 0.6196906566619873
Time taken for candidate 6429 is 0.3865363597869873
Time taken for candidate 6430 is 0.7188720703125
Time taken for candidate 6432 is 0.47857022285461426
Time taken for candidate 6433 is 0.45683836936950684
Time taken for candidate 6434 is 0.6379241943359375
Time taken for candidate 6437 is 0.4748663902282715
Time taken for candidate 6438 is 0.6317379474639893
Time taken for candidate 6439 is 0.4760289192199707
Time taken for candidate 6440 is 0.5455968379974365
Time taken for candidate 6441 is 0.37147974967956543
Time taken for candidate 6442 is 0.3645510673522949
Time taken for candidate 6443 is 0.4751589298248291
Time taken for candidate 6444 is 0.37241506576538086
Time taken for candidate 6445 is 0.6291413307189941
Time taken for candidate 6446 is 0.7030389308929443
Time taken for candidate 6448 is 0.551114559173584
Time taken for candidate 6452 is 0.539682149887085
Time taken for candidate 6453 is 0.3984701633453369
Time taken for candidate 6454 is 0.4823594093322754
Time taken for candidate 6455 is 0.2916245460510254
Time taken for candidate 6458 is 0.6192677021026611
Time taken for candidate 6459 is 0.5303163528442383
Time taken for candidate 6461 is 0.4705619812011719
Time taken for candidate 6462 is 0.4704258441925049
Time taken for candidate 6463 is 0.6279678344726562
Time taken for candidate 6464 is 0.36913514137268066
Time taken for candidate 6465 is 0.38544797897338867
Time taken for candidate 6466 is 0.5151369571685791
Time taken for candidate 6467 is 0.3841102123260498
Time taken for candidate 6468 is 0.3961215019226074
Time taken for candidate 6469 is 0.48082637786865234
Time taken for candidate 6470 is 0.4585082530975342
Time taken for candidate 6471 is 0.4578585624694824
Time taken for candidate 6472 is 0.37056589126586914
Time taken for candidate 6473 is 0.292248010635376
Time taken for candidate 6475 is 0.5543248653411865
Time taken for candidate 6477 is 0.5517575740814209
Time taken for candidate 6478 is 0.39212703704833984
Time taken for candidate 6479 is 0.29043126106262207
Time taken for candidate 6480 is 0.47800135612487793
Time taken for candidate 6482 is 0.6206004619598389
Time taken for candidate 6483 is 0.3628849983215332
Time taken for candidate 6484 is 0.3701157569885254
Time taken for candidate 6486 is 0.39618849754333496
Time taken for candidate 6487 is 0.38768935203552246
Time taken for candidate 6489 is 0.3885977268218994
Time taken for candidate 6490 is 0.4551875591278076
Time taken for candidate 6491 is 0.4830954074859619
Time taken for candidate 6492 is 0.39766883850097656
Time taken for candidate 6493 is 0.44848155975341797
Time taken for candidate 6494 is 0.4766197204589844
Time taken for candidate 6495 is 0.3356449604034424
Time taken for candidate 6497 is 0.3691434860229492
Time taken for candidate 6499 is 0.560462236404419
Time taken for candidate 6501 is 0.373837947845459
Time taken for candidate 6502 is 0.4569385051727295
Time taken for candidate 6503 is 0.45925283432006836
Time taken for candidate 6505 is 0.4087831974029541
Time taken for candidate 6506 is 0.42880868911743164
Time taken for candidate 6508 is 0.45699167251586914
Time taken for candidate 6510 is 0.37202906608581543
Time taken for candidate 6511 is 0.4765920639038086
Time taken for candidate 6512 is 0.3025844097137451
Time taken for candidate 6513 is 0.49072790145874023
Time taken for candidate 6514 is 0.3904001712799072
Time taken for candidate 6515 is 0.3913149833679199
Time taken for candidate 6516 is 0.6212875843048096
Time taken for candidate 6517 is 0.36954712867736816
Time taken for candidate 6519 is 0.5368387699127197
Time taken for candidate 6520 is 0.5454046726226807
Time taken for candidate 6521 is 0.45555853843688965
Time taken for candidate 6522 is 0.5704183578491211
Time taken for candidate 6523 is 0.3648977279663086
Time taken for candidate 6524 is 0.44961977005004883
Time taken for candidate 6525 is 0.36902952194213867
Time taken for candidate 6529 is 0.45838141441345215
Time taken for candidate 6531 is 0.5415835380554199
Time taken for candidate 6532 is 0.5336546897888184
Time taken for candidate 6533 is 0.44879603385925293
Time taken for candidate 6535 is 0.6508629322052002
Time taken for candidate 6537 is 0.5679404735565186
Time taken for candidate 6538 is 0.4600374698638916
Time taken for candidate 6539 is 0.5375735759735107
Time taken for candidate 6540 is 0.4681527614593506
Time taken for candidate 6542 is 0.36864328384399414
Time taken for candidate 6543 is 0.5572075843811035
Time taken for candidate 6544 is 0.4551105499267578
Time taken for candidate 6545 is 0.3713114261627197
Time taken for candidate 6546 is 0.45464158058166504
Time taken for candidate 6547 is 0.45084691047668457
Time taken for candidate 6548 is 0.5462319850921631
Time taken for candidate 6549 is 0.39109349250793457
Time taken for candidate 6550 is 0.29958271980285645
Time taken for candidate 6551 is 0.27891063690185547
Time taken for candidate 6552 is 0.3881716728210449
Time taken for candidate 6553 is 0.45939087867736816
Time taken for candidate 6555 is 0.3837110996246338
Time taken for candidate 6556 is 0.3286926746368408
Time taken for candidate 6558 is 0.4088459014892578
Time taken for candidate 6559 is 0.5589609146118164
Time taken for candidate 6560 is 0.2948789596557617
Time taken for candidate 6562 is 0.371380090713501
Time taken for candidate 6563 is 0.46208715438842773
Time taken for candidate 6564 is 0.4148290157318115
Time taken for candidate 6565 is 0.7284109592437744
Time taken for candidate 6567 is 0.44604015350341797
Time taken for candidate 6568 is 0.6318717002868652
Time taken for candidate 6570 is 0.4617924690246582
Time taken for candidate 6571 is 0.47955965995788574
Time taken for candidate 6572 is 0.3824424743652344
Time taken for candidate 6573 is 0.3902733325958252
Time taken for candidate 6574 is 0.4782576560974121
Time taken for candidate 6575 is 0.536496639251709
Time taken for candidate 6579 is 0.29968762397766113
Time taken for candidate 6580 is 0.37086033821105957
Time taken for candidate 6582 is 0.4585297107696533
Time taken for candidate 6583 is 0.6396698951721191
Time taken for candidate 6584 is 0.395963191986084
Time taken for candidate 6585 is 0.29668354988098145
Time taken for candidate 6586 is 0.29236578941345215
Time taken for candidate 6587 is 0.4566335678100586
Time taken for candidate 6588 is 0.44658684730529785
Time taken for candidate 6589 is 0.5498807430267334
Time taken for candidate 6590 is 0.3779895305633545
Time taken for candidate 6591 is 0.3901667594909668
Time taken for candidate 6592 is 0.2810540199279785
Time taken for candidate 6593 is 0.3994424343109131
Time taken for candidate 6594 is 0.5502481460571289
Time taken for candidate 6595 is 0.47886013984680176
Time taken for candidate 6596 is 0.3838832378387451
Time taken for candidate 6599 is 0.6501290798187256
Time taken for candidate 6600 is 0.5431756973266602
Time taken for candidate 6601 is 0.3679172992706299
Time taken for candidate 6602 is 0.3687901496887207
Time taken for candidate 6603 is 0.46447038650512695
Time taken for candidate 6604 is 0.6293303966522217
Time taken for candidate 6605 is 0.5193333625793457
Time taken for candidate 6606 is 0.3612403869628906
Time taken for candidate 6607 is 0.37154245376586914
Time taken for candidate 6608 is 0.648047685623169
Time taken for candidate 6609 is 0.36859130859375
Time taken for candidate 6610 is 0.5680942535400391
Time taken for candidate 6612 is 0.4801483154296875
Time taken for candidate 6613 is 0.47939634323120117
Time taken for candidate 6614 is 0.46131014823913574
Time taken for candidate 6616 is 0.5486061573028564
Time taken for candidate 6617 is 0.3876645565032959
Time taken for candidate 6618 is 0.5505447387695312
Time taken for candidate 6619 is 0.5317873954772949
Time taken for candidate 6620 is 0.4083902835845947
Time taken for candidate 6621 is 0.27570605278015137
Time taken for candidate 6622 is 0.455517053604126
Time taken for candidate 6623 is 0.3849916458129883
Time taken for candidate 6624 is 0.3951451778411865
Time taken for candidate 6625 is 0.3688032627105713
Time taken for candidate 6626 is 0.38982391357421875
Time taken for candidate 6627 is 0.29496312141418457
Time taken for candidate 6628 is 0.4478118419647217
Time taken for candidate 6630 is 0.36085081100463867
Time taken for candidate 6631 is 0.588446855545044
Time taken for candidate 6632 is 0.4588797092437744
Time taken for candidate 6634 is 0.2970852851867676
Time taken for candidate 6635 is 0.47312211990356445
Time taken for candidate 6636 is 0.5792810916900635
Time taken for candidate 6637 is 0.3683149814605713
Time taken for candidate 6638 is 0.2774064540863037
Time taken for candidate 6639 is 0.653451681137085
Time taken for candidate 6640 is 0.48168110847473145
Time taken for candidate 6642 is 0.3740346431732178
Time taken for candidate 6643 is 0.3820216655731201
Time taken for candidate 6645 is 0.5394630432128906
Time taken for candidate 6646 is 0.7857415676116943
Time taken for candidate 6647 is 0.557342529296875
Time taken for candidate 6648 is 0.5363037586212158
Time taken for candidate 6650 is 0.6277258396148682
Time taken for candidate 6652 is 0.46039414405822754
Time taken for candidate 6653 is 0.5444133281707764
Time taken for candidate 6654 is 0.45920515060424805
Time taken for candidate 6655 is 0.32576656341552734
Time taken for candidate 6656 is 0.3020298480987549
Time taken for candidate 6658 is 0.40982627868652344
Time taken for candidate 6659 is 0.6393225193023682
Time taken for candidate 6660 is 0.3760986328125
Time taken for candidate 6661 is 0.45027756690979004
Time taken for candidate 6662 is 0.45434141159057617
Time taken for candidate 6663 is 0.38956642150878906
Time taken for candidate 6664 is 0.3017845153808594
Time taken for candidate 6665 is 0.5744004249572754
Time taken for candidate 6666 is 0.5374453067779541
Time taken for candidate 6667 is 0.5521461963653564
Time taken for candidate 6668 is 0.3025088310241699
Time taken for candidate 6670 is 0.46277809143066406
Time taken for candidate 6671 is 0.37132906913757324
Time taken for candidate 6672 is 0.5554237365722656
Time taken for candidate 6673 is 0.5282495021820068
Time taken for candidate 6675 is 0.422344446182251
Time taken for candidate 6676 is 0.3289825916290283
Time taken for candidate 6678 is 0.46932077407836914
Time taken for candidate 6679 is 0.2814173698425293
Time taken for candidate 6681 is 0.5314862728118896
Time taken for candidate 6682 is 0.30320262908935547
Time taken for candidate 6683 is 0.3667716979980469
Time taken for candidate 6685 is 0.46291089057922363
Time taken for candidate 6686 is 0.38607263565063477
Time taken for candidate 6687 is 0.5494158267974854
Time taken for candidate 6688 is 0.45549607276916504
Time taken for candidate 6690 is 0.3772416114807129
Time taken for candidate 6691 is 0.5129063129425049
Time taken for candidate 6692 is 0.46106719970703125
Time taken for candidate 6693 is 0.3878450393676758
Time taken for candidate 6694 is 0.46274757385253906
Time taken for candidate 6696 is 0.48112988471984863
Time taken for candidate 6698 is 0.3695375919342041
Time taken for candidate 6700 is 0.47855377197265625
Time taken for candidate 6701 is 0.46010398864746094
Time taken for candidate 6702 is 0.3897264003753662
Time taken for candidate 6703 is 0.7332158088684082
Time taken for candidate 6704 is 0.4790072441101074
Time taken for candidate 6705 is 0.547858476638794
Time taken for candidate 6706 is 0.4521636962890625
Time taken for candidate 6707 is 0.3719041347503662
Time taken for candidate 6708 is 0.36735105514526367
Time taken for candidate 6709 is 0.48119497299194336
Time taken for candidate 6710 is 0.48145556449890137
Time taken for candidate 6713 is 0.6188766956329346
Time taken for candidate 6714 is 0.4581310749053955
Time taken for candidate 6715 is 0.32437849044799805
Time taken for candidate 6719 is 0.6286959648132324
Time taken for candidate 6720 is 0.3953361511230469
Time taken for candidate 6723 is 0.3925917148590088
Time taken for candidate 6724 is 0.4162590503692627
Time taken for candidate 6725 is 0.3850226402282715
Time taken for candidate 6726 is 0.4740264415740967
Time taken for candidate 6727 is 0.7140693664550781
Time taken for candidate 6730 is 0.3013448715209961
Time taken for candidate 6731 is 0.5428502559661865
Time taken for candidate 6735 is 0.48348569869995117
Time taken for candidate 6736 is 0.29697561264038086
Time taken for candidate 6737 is 0.32141542434692383
Time taken for candidate 6738 is 0.5126926898956299
Time taken for candidate 6739 is 0.46295714378356934
Time taken for candidate 6740 is 0.3870096206665039
Time taken for candidate 6741 is 0.36952638626098633
Time taken for candidate 6742 is 0.5519239902496338
Time taken for candidate 6743 is 0.5659427642822266
Time taken for candidate 6744 is 0.4557509422302246
Time taken for candidate 6745 is 0.45879340171813965
Time taken for candidate 6746 is 0.3835275173187256
Time taken for candidate 6747 is 0.4571034908294678
Time taken for candidate 6748 is 0.3995389938354492
Time taken for candidate 6749 is 0.630133867263794
Time taken for candidate 6750 is 0.459043025970459
Time taken for candidate 6751 is 0.6130533218383789
Time taken for candidate 6753 is 0.5766324996948242
Time taken for candidate 6754 is 0.37326765060424805
Time taken for candidate 6756 is 0.46941399574279785
Time taken for candidate 6757 is 0.3728060722351074
Time taken for candidate 6758 is 0.4473090171813965
Time taken for candidate 6759 is 0.46059513092041016
Time taken for candidate 6760 is 0.5813074111938477
Time taken for candidate 6762 is 0.3309900760650635
Time taken for candidate 6763 is 0.4474050998687744
Time taken for candidate 6764 is 0.461040735244751
Time taken for candidate 6765 is 0.8173930644989014
Time taken for candidate 6767 is 0.4643425941467285
Time taken for candidate 6768 is 0.40791773796081543
Time taken for candidate 6770 is 0.5527470111846924
Time taken for candidate 6771 is 0.47852206230163574
Time taken for candidate 6772 is 0.46507978439331055
Time taken for candidate 6773 is 0.5448963642120361
Time taken for candidate 6775 is 0.5497877597808838
Time taken for candidate 6777 is 0.4796454906463623
Time taken for candidate 6778 is 0.3825058937072754
Time taken for candidate 6779 is 0.549189567565918
Time taken for candidate 6780 is 0.6244301795959473
Time taken for candidate 6781 is 0.27791261672973633
Time taken for candidate 6782 is 0.2921876907348633
Time taken for candidate 6783 is 0.3256251811981201
Time taken for candidate 6786 is 0.39249610900878906
Time taken for candidate 6788 is 0.3710455894470215
Time taken for candidate 6789 is 0.39224720001220703
Time taken for candidate 6790 is 0.36736130714416504
Time taken for candidate 6791 is 0.652702808380127
Time taken for candidate 6792 is 0.4803462028503418
Time taken for candidate 6793 is 0.5311920642852783
Time taken for candidate 6794 is 0.36159706115722656
Time taken for candidate 6795 is 0.2771763801574707
Time taken for candidate 6797 is 0.6372318267822266
Time taken for candidate 6798 is 0.37105870246887207
Time taken for candidate 6799 is 0.4624485969543457
Time taken for candidate 6800 is 0.57106614112854
Time taken for candidate 6801 is 0.39037322998046875
Time taken for candidate 6802 is 0.45910072326660156
Time taken for candidate 6804 is 0.4709470272064209
Time taken for candidate 6805 is 0.2772362232208252
Time taken for candidate 6806 is 0.5457124710083008
Time taken for candidate 6807 is 0.5590653419494629
Time taken for candidate 6808 is 0.37799072265625
Done with similarity
Created Dataframe
        candidate_id  reference_id  similarity       dist  score
0               4918          5708    0.003249   5.729330      1
1               4918          4936    0.003152   5.759573      1
2               4918          6082    0.002650   5.933211      1
3               4918          6425    0.002633   5.939548      1
4               4918          5856    0.002580   5.959855      1
...              ...           ...         ...        ...    ...
639445          6808          5914    0.000085   9.374356      1
639446          6808          6561    0.000056   9.798910      1
639447          6808          5630    0.000055   9.810161      1
639448          6808          5427    0.000043  10.045365      1
639449          6808          6241    0.000027  10.531453      1

[639450 rows x 5 columns]
Finished writing file
