2020-05-30 23:42:18.859311: W tensorflow/stream_executor/platform/default/dso_loader.cc:55] Could not load dynamic library 'libnvinfer.so.6'; dlerror: libnvinfer.so.6: cannot open shared object file: No such file or directory
2020-05-30 23:42:18.859376: W tensorflow/stream_executor/platform/default/dso_loader.cc:55] Could not load dynamic library 'libnvinfer_plugin.so.6'; dlerror: libnvinfer_plugin.so.6: cannot open shared object file: No such file or directory
2020-05-30 23:42:18.859383: W tensorflow/compiler/tf2tensorrt/utils/py_utils.cc:30] Cannot dlopen some TensorRT libraries. If you would like to use Nvidia GPU with TensorRT, please make sure the missing libraries mentioned above are installed properly.
Number of candidates: 1726
Loaded model 22.596626043319702
Number of references: 1
Done preprocessing references 0.9564638137817383
Time taken for candidate 5978 is 0.22536277770996094
Time taken for candidate 5979 is 0.8992257118225098
Time taken for candidate 5980 is 0.575944185256958
Time taken for candidate 5981 is 0.3179953098297119
Time taken for candidate 5982 is 0.38947367668151855
Time taken for candidate 5983 is 0.29337000846862793
Time taken for candidate 5984 is 0.27115726470947266
Time taken for candidate 5985 is 0.5563352108001709
Time taken for candidate 5986 is 0.44293737411499023
Time taken for candidate 5987 is 0.6383423805236816
Time taken for candidate 5988 is 0.625002384185791
Time taken for candidate 5989 is 0.43619656562805176
Time taken for candidate 5990 is 0.5423853397369385
Time taken for candidate 5991 is 0.358062744140625
Time taken for candidate 5992 is 0.1995711326599121
Time taken for candidate 5993 is 0.5247738361358643
Time taken for candidate 5994 is 0.4310417175292969
Time taken for candidate 5995 is 0.6091773509979248
Time taken for candidate 5996 is 0.38123321533203125
Time taken for candidate 5997 is 0.4874265193939209
Time taken for candidate 5998 is 0.17575430870056152
Time taken for candidate 5999 is 0.10284709930419922
Time taken for candidate 6000 is 0.536686897277832
Time taken for candidate 6001 is 0.2289736270904541
Time taken for candidate 6002 is 0.44964599609375
Time taken for candidate 6003 is 0.7090637683868408
Time taken for candidate 6004 is 0.10944724082946777
Time taken for candidate 6005 is 0.8731858730316162
Time taken for candidate 6006 is 0.41937255859375
Time taken for candidate 6007 is 0.5748486518859863
Time taken for candidate 6008 is 0.6709995269775391
Time taken for candidate 6010 is 0.37311506271362305
Time taken for candidate 6011 is 0.0977940559387207
Time taken for candidate 6012 is 0.3801095485687256
Time taken for candidate 6013 is 0.16853547096252441
Time taken for candidate 6014 is 0.5644385814666748
Time taken for candidate 6015 is 0.5215005874633789
Time taken for candidate 6016 is 0.812593936920166
Time taken for candidate 6017 is 0.4023878574371338
Time taken for candidate 6018 is 0.30847644805908203
Time taken for candidate 6019 is 0.29698896408081055
Time taken for candidate 6020 is 0.480907678604126
Time taken for candidate 6021 is 0.4043605327606201
Time taken for candidate 6022 is 0.5035841464996338
Time taken for candidate 6023 is 0.5444104671478271
Time taken for candidate 6024 is 0.2917487621307373
Time taken for candidate 6025 is 0.17418313026428223
Time taken for candidate 6026 is 0.8637304306030273
Time taken for candidate 6027 is 0.7503464221954346
Time taken for candidate 6028 is 0.4393036365509033
Time taken for candidate 6029 is 0.49515366554260254
Time taken for candidate 6030 is 0.8034236431121826
Time taken for candidate 6031 is 0.6519041061401367
Time taken for candidate 6032 is 0.4576377868652344
Time taken for candidate 6033 is 0.7136557102203369
Time taken for candidate 6034 is 0.5570535659790039
Time taken for candidate 6035 is 0.381455659866333
Time taken for candidate 6036 is 0.5879909992218018
Time taken for candidate 6037 is 0.3632969856262207
Time taken for candidate 6038 is 0.5058939456939697
Time taken for candidate 6039 is 0.5607616901397705
Time taken for candidate 6040 is 0.31715846061706543
Time taken for candidate 6041 is 0.22363018989562988
Time taken for candidate 6042 is 0.45332813262939453
Time taken for candidate 6043 is 0.3453097343444824
Time taken for candidate 6044 is 0.1401052474975586
Time taken for candidate 6045 is 0.4403657913208008
Time taken for candidate 6046 is 0.45361757278442383
Time taken for candidate 6047 is 0.4089076519012451
Time taken for candidate 6048 is 0.7991039752960205
Time taken for candidate 6049 is 0.2266387939453125
Time taken for candidate 6050 is 1.3480463027954102
Time taken for candidate 6051 is 0.7954361438751221
Time taken for candidate 6052 is 0.3136112689971924
Time taken for candidate 6053 is 0.23798847198486328
Time taken for candidate 6054 is 0.2508060932159424
Time taken for candidate 6055 is 0.5765180587768555
Time taken for candidate 6056 is 0.5018975734710693
Time taken for candidate 6057 is 0.5582447052001953
Time taken for candidate 6058 is 0.5832481384277344
Time taken for candidate 6059 is 0.19446897506713867
Time taken for candidate 6060 is 0.17881321907043457
Time taken for candidate 6061 is 0.723233699798584
Time taken for candidate 6062 is 0.37089037895202637
Time taken for candidate 6063 is 0.494901180267334
Time taken for candidate 6064 is 0.31276988983154297
Time taken for candidate 6065 is 0.5184612274169922
Time taken for candidate 6066 is 0.2976820468902588
Time taken for candidate 6067 is 0.34422755241394043
Time taken for candidate 6068 is 0.35625767707824707
Time taken for candidate 6069 is 0.5367763042449951
Time taken for candidate 6070 is 0.3194620609283447
Time taken for candidate 6071 is 0.4899275302886963
Time taken for candidate 6072 is 0.48381590843200684
Time taken for candidate 6073 is 0.7854175567626953
Time taken for candidate 6074 is 0.40965747833251953
Time taken for candidate 6075 is 0.8435378074645996
Time taken for candidate 6076 is 0.9533450603485107
Time taken for candidate 6077 is 0.3667275905609131
Time taken for candidate 6078 is 0.35303664207458496
Time taken for candidate 6079 is 0.4660813808441162
Time taken for candidate 6080 is 0.5228838920593262
Time taken for candidate 6081 is 0.2728135585784912
Time taken for candidate 6082 is 0.2934877872467041
Time taken for candidate 6083 is 0.15257501602172852
Time taken for candidate 6084 is 0.4079592227935791
Time taken for candidate 6085 is 0.6555142402648926
Time taken for candidate 6086 is 0.32036447525024414
Time taken for candidate 6087 is 0.4120521545410156
Time taken for candidate 6088 is 0.9707627296447754
Time taken for candidate 6089 is 0.5641841888427734
Time taken for candidate 6090 is 0.31951141357421875
Time taken for candidate 6091 is 0.5484089851379395
Time taken for candidate 6092 is 0.21747684478759766
Time taken for candidate 6093 is 0.2068955898284912
Time taken for candidate 6094 is 0.613595724105835
Time taken for candidate 6095 is 0.8477597236633301
Time taken for candidate 6096 is 0.5722825527191162
Time taken for candidate 6097 is 0.11279058456420898
Time taken for candidate 6098 is 0.5375087261199951
Time taken for candidate 6099 is 0.2056126594543457
Time taken for candidate 6100 is 0.5922665596008301
Time taken for candidate 6101 is 0.5603330135345459
Time taken for candidate 6102 is 0.5345709323883057
Time taken for candidate 6103 is 0.6600632667541504
Time taken for candidate 6104 is 0.1559610366821289
Time taken for candidate 6105 is 1.1565334796905518
Time taken for candidate 6106 is 0.5213019847869873
Time taken for candidate 6107 is 0.6063196659088135
Time taken for candidate 6108 is 0.29564547538757324
Time taken for candidate 6109 is 0.34720683097839355
Time taken for candidate 6110 is 0.552098274230957
Time taken for candidate 6111 is 0.4340372085571289
Time taken for candidate 6112 is 0.3424844741821289
Time taken for candidate 6113 is 0.5907094478607178
Time taken for candidate 6114 is 0.20516109466552734
Time taken for candidate 6115 is 0.21808624267578125
Time taken for candidate 6116 is 0.600672721862793
Time taken for candidate 6117 is 0.7249729633331299
Time taken for candidate 6118 is 0.44261741638183594
Time taken for candidate 6119 is 0.3148460388183594
Time taken for candidate 6120 is 0.6046583652496338
Time taken for candidate 6121 is 0.5811293125152588
Time taken for candidate 6122 is 0.4026148319244385
Time taken for candidate 6123 is 0.7689080238342285
Time taken for candidate 6124 is 0.5995020866394043
Time taken for candidate 6125 is 0.2898590564727783
Time taken for candidate 6126 is 0.36936378479003906
Time taken for candidate 6127 is 0.7751147747039795
Time taken for candidate 6128 is 0.4570014476776123
Time taken for candidate 6129 is 0.47440028190612793
Time taken for candidate 6130 is 0.3426501750946045
Time taken for candidate 6131 is 0.2951207160949707
Time taken for candidate 6132 is 0.6194283962249756
Time taken for candidate 6133 is 0.22226548194885254
Time taken for candidate 6134 is 0.7490489482879639
Time taken for candidate 6135 is 0.38910627365112305
Time taken for candidate 6136 is 0.3525218963623047
Time taken for candidate 6137 is 0.41715383529663086
Time taken for candidate 6138 is 0.47087836265563965
Time taken for candidate 6139 is 0.5067777633666992
Time taken for candidate 6140 is 0.570274829864502
Time taken for candidate 6141 is 0.42632389068603516
Time taken for candidate 6142 is 0.4910271167755127
Time taken for candidate 6143 is 0.6602094173431396
Time taken for candidate 6144 is 0.6148378849029541
Time taken for candidate 6145 is 0.6167547702789307
Time taken for candidate 6146 is 0.6820847988128662
Time taken for candidate 6147 is 0.32059288024902344
Time taken for candidate 6148 is 0.4016118049621582
Time taken for candidate 6149 is 0.5128333568572998
Time taken for candidate 6150 is 0.44937610626220703
Time taken for candidate 6151 is 0.46791696548461914
Time taken for candidate 6152 is 0.45652341842651367
Time taken for candidate 6153 is 0.4145231246948242
Time taken for candidate 6154 is 0.08350563049316406
Time taken for candidate 6155 is 0.43451547622680664
Time taken for candidate 6156 is 0.4249300956726074
Time taken for candidate 6157 is 0.8006696701049805
Time taken for candidate 6158 is 0.8477709293365479
Time taken for candidate 6159 is 0.5217664241790771
Time taken for candidate 6160 is 0.4521629810333252
Time taken for candidate 6161 is 0.4406287670135498
Time taken for candidate 6162 is 1.0031437873840332
Time taken for candidate 6163 is 0.33655261993408203
Time taken for candidate 6164 is 0.44357800483703613
Time taken for candidate 6165 is 0.5718138217926025
Time taken for candidate 6166 is 0.15023493766784668
Time taken for candidate 6167 is 0.13068366050720215
Time taken for candidate 6168 is 0.3882431983947754
Time taken for candidate 6169 is 0.7689781188964844
Time taken for candidate 6170 is 0.683434247970581
Time taken for candidate 6171 is 0.6283473968505859
Time taken for candidate 6172 is 0.473905086517334
Time taken for candidate 6173 is 0.2761247158050537
Time taken for candidate 6174 is 0.359119176864624
Time taken for candidate 6175 is 0.26824498176574707
Time taken for candidate 6176 is 0.43344688415527344
Time taken for candidate 6177 is 0.5885007381439209
Time taken for candidate 6178 is 0.4334540367126465
Time taken for candidate 6179 is 0.14304065704345703
Time taken for candidate 6180 is 1.1405577659606934
Time taken for candidate 6181 is 0.4795386791229248
Time taken for candidate 6182 is 0.7018997669219971
Time taken for candidate 6183 is 0.6478514671325684
Time taken for candidate 6184 is 0.3549191951751709
Time taken for candidate 6185 is 0.48529911041259766
Time taken for candidate 6186 is 0.34728121757507324
Time taken for candidate 6187 is 0.21599388122558594
Time taken for candidate 6188 is 0.1400914192199707
Time taken for candidate 6189 is 0.3505730628967285
Time taken for candidate 6190 is 0.9860556125640869
Time taken for candidate 6191 is 0.484710693359375
Time taken for candidate 6192 is 0.5859968662261963
Time taken for candidate 6193 is 0.5285830497741699
Time taken for candidate 6194 is 0.9721188545227051
Time taken for candidate 6195 is 0.6831486225128174
Time taken for candidate 6196 is 0.29127049446105957
Time taken for candidate 6197 is 0.6432199478149414
Time taken for candidate 6198 is 0.7226197719573975
Time taken for candidate 6199 is 0.3902719020843506
Time taken for candidate 6200 is 0.8992605209350586
Time taken for candidate 6201 is 0.21506738662719727
Time taken for candidate 6202 is 0.15464305877685547
Time taken for candidate 6203 is 1.0086522102355957
Time taken for candidate 6204 is 0.7519783973693848
Time taken for candidate 6205 is 0.16938233375549316
Time taken for candidate 6206 is 0.35025930404663086
Time taken for candidate 6207 is 0.14474797248840332
Time taken for candidate 6208 is 0.6082477569580078
Time taken for candidate 6209 is 0.42862367630004883
Time taken for candidate 6210 is 0.4380943775177002
Time taken for candidate 6211 is 0.3022940158843994
Time taken for candidate 6212 is 0.4684302806854248
Time taken for candidate 6213 is 0.2328171730041504
Time taken for candidate 6214 is 0.3079335689544678
Time taken for candidate 6215 is 0.28385329246520996
Time taken for candidate 6216 is 0.5485062599182129
Time taken for candidate 6217 is 0.21646785736083984
Time taken for candidate 6218 is 0.5061032772064209
Time taken for candidate 6219 is 0.523789644241333
Time taken for candidate 6220 is 0.8897995948791504
Time taken for candidate 6221 is 0.4125547409057617
Time taken for candidate 6222 is 0.4264860153198242
Time taken for candidate 6223 is 0.7342514991760254
Time taken for candidate 6224 is 0.17749762535095215
Time taken for candidate 6225 is 0.6603662967681885
Time taken for candidate 6226 is 0.4320993423461914
Time taken for candidate 6227 is 0.24686574935913086
Time taken for candidate 6228 is 0.779118537902832
Time taken for candidate 6229 is 0.10894322395324707
Time taken for candidate 6230 is 0.15602517127990723
Time taken for candidate 6231 is 0.42525815963745117
Time taken for candidate 6232 is 0.3844616413116455
Time taken for candidate 6233 is 0.08332037925720215
Time taken for candidate 6234 is 0.26463770866394043
Time taken for candidate 6235 is 0.15231561660766602
Time taken for candidate 6236 is 0.559659481048584
Time taken for candidate 6237 is 0.6365892887115479
Time taken for candidate 6238 is 0.2605102062225342
Time taken for candidate 6239 is 0.5825092792510986
Time taken for candidate 6240 is 0.6419894695281982
Time taken for candidate 6241 is 0.22194385528564453
Time taken for candidate 6242 is 0.08298611640930176
Time taken for candidate 6243 is 0.6394555568695068
Time taken for candidate 6244 is 0.4813249111175537
Time taken for candidate 6245 is 0.8212065696716309
Time taken for candidate 6246 is 0.5968210697174072
Time taken for candidate 6247 is 0.5296266078948975
Time taken for candidate 6248 is 0.2478950023651123
Time taken for candidate 6249 is 0.9327743053436279
Time taken for candidate 6250 is 1.0910568237304688
Time taken for candidate 6251 is 0.2456681728363037
Time taken for candidate 6252 is 0.28655290603637695
Time taken for candidate 6253 is 0.5563855171203613
Time taken for candidate 6254 is 0.7360143661499023
Time taken for candidate 6255 is 0.17010998725891113
Time taken for candidate 6256 is 0.2731599807739258
Time taken for candidate 6257 is 0.14505743980407715
Time taken for candidate 6258 is 0.15367603302001953
Time taken for candidate 6259 is 0.40215611457824707
Time taken for candidate 6260 is 0.431896448135376
Time taken for candidate 6261 is 0.33886218070983887
Time taken for candidate 6262 is 0.7756209373474121
Time taken for candidate 6263 is 0.7215800285339355
Time taken for candidate 6264 is 1.2618610858917236
Time taken for candidate 6265 is 0.4645884037017822
Time taken for candidate 6266 is 0.268359899520874
Time taken for candidate 6267 is 0.9304425716400146
Time taken for candidate 6268 is 0.6116399765014648
Time taken for candidate 6269 is 0.19439220428466797
Time taken for candidate 6270 is 0.765789270401001
Time taken for candidate 6271 is 0.39371442794799805
Time taken for candidate 6272 is 0.6183595657348633
Time taken for candidate 6273 is 0.3983955383300781
Time taken for candidate 6274 is 0.46678781509399414
Time taken for candidate 6275 is 0.10362005233764648
Time taken for candidate 6276 is 0.6714739799499512
Time taken for candidate 6277 is 0.14940261840820312
Time taken for candidate 6278 is 0.29697179794311523
Time taken for candidate 6279 is 0.55804443359375
Time taken for candidate 6280 is 0.36278724670410156
Time taken for candidate 6281 is 0.8201935291290283
Time taken for candidate 6282 is 0.9135124683380127
Time taken for candidate 6283 is 0.18793988227844238
Time taken for candidate 6284 is 0.6879537105560303
Time taken for candidate 6285 is 0.4706268310546875
Time taken for candidate 6286 is 0.648118257522583
Time taken for candidate 6287 is 0.7238445281982422
Time taken for candidate 6288 is 0.33909010887145996
Time taken for candidate 6289 is 0.31028008460998535
Time taken for candidate 6290 is 0.24078941345214844
Time taken for candidate 6291 is 0.44155216217041016
Time taken for candidate 6292 is 0.7577321529388428
Time taken for candidate 6293 is 0.5409612655639648
Time taken for candidate 6294 is 0.7506484985351562
Time taken for candidate 6295 is 0.3348531723022461
Time taken for candidate 6296 is 0.2214961051940918
Time taken for candidate 6297 is 0.41653943061828613
Time taken for candidate 6298 is 0.2856178283691406
Time taken for candidate 6299 is 0.5586464405059814
Time taken for candidate 6300 is 0.5656042098999023
Time taken for candidate 6301 is 0.9301965236663818
Time taken for candidate 6302 is 0.3576791286468506
Time taken for candidate 6303 is 0.22013640403747559
Time taken for candidate 6304 is 0.3378734588623047
Time taken for candidate 6305 is 0.4173128604888916
Time taken for candidate 6306 is 0.19013285636901855
Time taken for candidate 6307 is 0.5264019966125488
Time taken for candidate 6308 is 0.7130107879638672
Time taken for candidate 6309 is 0.33150768280029297
Time taken for candidate 6310 is 0.4952387809753418
Time taken for candidate 6311 is 0.3678562641143799
Time taken for candidate 6312 is 0.5720460414886475
Time taken for candidate 6313 is 0.67386794090271
Time taken for candidate 6314 is 0.22097015380859375
Time taken for candidate 6315 is 0.29436802864074707
Time taken for candidate 6316 is 0.42212939262390137
Time taken for candidate 6317 is 0.8629312515258789
Time taken for candidate 6318 is 0.29102396965026855
Time taken for candidate 6319 is 0.608790397644043
Time taken for candidate 6320 is 0.27538156509399414
Time taken for candidate 6321 is 0.3480842113494873
Time taken for candidate 6322 is 0.42459535598754883
Time taken for candidate 6323 is 0.30707788467407227
Time taken for candidate 6324 is 0.20032215118408203
Time taken for candidate 6325 is 0.32122015953063965
Time taken for candidate 6326 is 0.10996270179748535
Time taken for candidate 6327 is 0.5657041072845459
Time taken for candidate 6328 is 0.5033853054046631
Time taken for candidate 6329 is 0.386183500289917
Time taken for candidate 6330 is 0.7096598148345947
Time taken for candidate 6331 is 0.5814449787139893
Time taken for candidate 6332 is 0.14565753936767578
Time taken for candidate 6333 is 0.5740044116973877
Time taken for candidate 6334 is 0.450700044631958
Time taken for candidate 6335 is 0.3215658664703369
Time taken for candidate 6336 is 0.6883800029754639
Time taken for candidate 6337 is 0.3966643810272217
Time taken for candidate 6338 is 0.7655925750732422
Time taken for candidate 6339 is 0.3927645683288574
Time taken for candidate 6340 is 0.671675443649292
Time taken for candidate 6341 is 0.531912088394165
Time taken for candidate 6342 is 0.2815539836883545
Time taken for candidate 6343 is 0.6550352573394775
Time taken for candidate 6344 is 0.41354799270629883
Time taken for candidate 6345 is 0.384946346282959
Time taken for candidate 6346 is 0.42436695098876953
Time taken for candidate 6347 is 0.3267245292663574
Time taken for candidate 6348 is 0.30942511558532715
Time taken for candidate 6349 is 0.5929574966430664
Time taken for candidate 6350 is 0.6843433380126953
Time taken for candidate 6351 is 0.4115941524505615
Time taken for candidate 6352 is 0.619295597076416
Time taken for candidate 6353 is 0.7112331390380859
Time taken for candidate 6354 is 0.23959898948669434
Time taken for candidate 6355 is 0.3776214122772217
Time taken for candidate 6356 is 0.30078840255737305
Time taken for candidate 6357 is 0.14929699897766113
Time taken for candidate 6358 is 0.2815399169921875
Time taken for candidate 6359 is 0.14948344230651855
Time taken for candidate 6360 is 0.4498281478881836
Time taken for candidate 6361 is 0.4986298084259033
Time taken for candidate 6362 is 0.38945984840393066
Time taken for candidate 6363 is 0.8108348846435547
Time taken for candidate 6364 is 0.500952959060669
Time taken for candidate 6365 is 0.29488277435302734
Time taken for candidate 6366 is 1.249746561050415
Time taken for candidate 6367 is 0.3747832775115967
Time taken for candidate 6368 is 0.2976338863372803
Time taken for candidate 6369 is 0.33985185623168945
Time taken for candidate 6370 is 0.15044498443603516
Time taken for candidate 6371 is 0.8256351947784424
Time taken for candidate 6372 is 0.2328033447265625
Time taken for candidate 6373 is 0.3430955410003662
Time taken for candidate 6374 is 0.49575328826904297
Time taken for candidate 6375 is 0.30472302436828613
Time taken for candidate 6376 is 0.4973258972167969
Time taken for candidate 6377 is 0.811837911605835
Time taken for candidate 6378 is 0.7363450527191162
Time taken for candidate 6379 is 0.5629584789276123
Time taken for candidate 6380 is 0.3128621578216553
Time taken for candidate 6381 is 0.8188409805297852
Time taken for candidate 6382 is 0.27072882652282715
Time taken for candidate 6383 is 0.42935895919799805
Time taken for candidate 6384 is 0.7246716022491455
Time taken for candidate 6385 is 0.5414631366729736
Time taken for candidate 6386 is 0.8372037410736084
Time taken for candidate 6387 is 0.592764139175415
Time taken for candidate 6388 is 0.6438982486724854
Time taken for candidate 6389 is 0.5240716934204102
Time taken for candidate 6390 is 0.4770674705505371
Time taken for candidate 6391 is 0.23529553413391113
Time taken for candidate 6392 is 0.6663100719451904
Time taken for candidate 6393 is 0.2916133403778076
Time taken for candidate 6394 is 0.07924580574035645
Time taken for candidate 6395 is 0.32396721839904785
Time taken for candidate 6396 is 0.740633487701416
Time taken for candidate 6397 is 0.4564805030822754
Time taken for candidate 6398 is 0.5037045478820801
Time taken for candidate 6399 is 0.2872154712677002
Time taken for candidate 6400 is 0.3278849124908447
Time taken for candidate 6401 is 0.2908775806427002
Time taken for candidate 6402 is 0.4629323482513428
Time taken for candidate 6403 is 0.09017300605773926
Time taken for candidate 6404 is 0.38948583602905273
Time taken for candidate 6405 is 0.4291818141937256
Time taken for candidate 6406 is 0.6994123458862305
Time taken for candidate 6407 is 0.30884575843811035
Time taken for candidate 6408 is 0.9767711162567139
Time taken for candidate 6409 is 0.3533165454864502
Time taken for candidate 6410 is 0.7916295528411865
Time taken for candidate 6411 is 0.20077157020568848
Time taken for candidate 6412 is 0.5119085311889648
Time taken for candidate 6413 is 0.2923862934112549
Time taken for candidate 6414 is 0.4756603240966797
Time taken for candidate 6415 is 0.40317440032958984
Time taken for candidate 6416 is 0.2074296474456787
Time taken for candidate 6417 is 0.7449202537536621
Time taken for candidate 6418 is 0.6740219593048096
Time taken for candidate 6419 is 0.7048602104187012
Time taken for candidate 6420 is 0.28093981742858887
Time taken for candidate 6421 is 0.14004278182983398
Time taken for candidate 6422 is 0.08315849304199219
Time taken for candidate 6423 is 0.39920759201049805
Time taken for candidate 6424 is 0.5789592266082764
Time taken for candidate 6425 is 0.29729652404785156
Time taken for candidate 6426 is 0.4964585304260254
Time taken for candidate 6427 is 0.3670811653137207
Time taken for candidate 6428 is 0.20500993728637695
Time taken for candidate 6429 is 0.4808919429779053
Time taken for candidate 6430 is 0.2998664379119873
Time taken for candidate 6431 is 0.39890551567077637
Time taken for candidate 6432 is 1.1795356273651123
Time taken for candidate 6433 is 0.5633785724639893
Time taken for candidate 6434 is 0.3954792022705078
Time taken for candidate 6435 is 0.19329071044921875
Time taken for candidate 6436 is 0.36011266708374023
Time taken for candidate 6437 is 0.23109197616577148
Time taken for candidate 6438 is 0.2674400806427002
Time taken for candidate 6439 is 0.36508631706237793
Time taken for candidate 6440 is 0.3503603935241699
Time taken for candidate 6441 is 0.588935375213623
Time taken for candidate 6442 is 0.281902551651001
Time taken for candidate 6443 is 0.49002814292907715
Time taken for candidate 6444 is 0.6299593448638916
Time taken for candidate 6445 is 0.5457501411437988
Time taken for candidate 6446 is 0.6307408809661865
Time taken for candidate 6447 is 0.5379998683929443
Time taken for candidate 6448 is 0.4279510974884033
Time taken for candidate 6449 is 0.07873320579528809
Time taken for candidate 6450 is 0.390758752822876
Time taken for candidate 6451 is 0.22823548316955566
Time taken for candidate 6452 is 0.2854633331298828
Time taken for candidate 6453 is 0.33501720428466797
Time taken for candidate 6454 is 0.15085649490356445
Time taken for candidate 6455 is 0.7382354736328125
Time taken for candidate 6456 is 0.2095499038696289
Time taken for candidate 6457 is 0.46683216094970703
Time taken for candidate 6458 is 0.40653038024902344
Time taken for candidate 6459 is 0.2947087287902832
Time taken for candidate 6460 is 0.889862060546875
Time taken for candidate 6461 is 0.34851527214050293
Time taken for candidate 6462 is 0.2954566478729248
Time taken for candidate 6463 is 0.5667333602905273
Time taken for candidate 6464 is 0.34853482246398926
Time taken for candidate 6465 is 0.3538961410522461
Time taken for candidate 6466 is 0.46744227409362793
Time taken for candidate 6467 is 0.33208203315734863
Time taken for candidate 6468 is 0.34182310104370117
Time taken for candidate 6469 is 0.26806163787841797
Time taken for candidate 6470 is 0.3921627998352051
Time taken for candidate 6471 is 0.3057873249053955
Time taken for candidate 6472 is 0.7251598834991455
Time taken for candidate 6473 is 0.28802990913391113
Time taken for candidate 6474 is 0.8768634796142578
Time taken for candidate 6475 is 0.33334994316101074
Time taken for candidate 6476 is 0.8853323459625244
Time taken for candidate 6477 is 0.3198893070220947
Time taken for candidate 6478 is 0.7970409393310547
Time taken for candidate 6479 is 0.1042332649230957
Time taken for candidate 6480 is 0.6944801807403564
Time taken for candidate 6481 is 0.2075340747833252
Time taken for candidate 6482 is 0.11025214195251465
Time taken for candidate 6483 is 0.9864063262939453
Time taken for candidate 6484 is 0.7019846439361572
Time taken for candidate 6485 is 0.9269108772277832
Time taken for candidate 6486 is 0.31458187103271484
Time taken for candidate 6487 is 0.5212306976318359
Time taken for candidate 6488 is 0.2547438144683838
Time taken for candidate 6489 is 0.3483245372772217
Time taken for candidate 6490 is 0.21575260162353516
Time taken for candidate 6491 is 0.6196162700653076
Time taken for candidate 6492 is 0.4210398197174072
Time taken for candidate 6493 is 0.44658803939819336
Time taken for candidate 6494 is 0.20773649215698242
Time taken for candidate 6495 is 0.3832376003265381
Time taken for candidate 6496 is 0.3325982093811035
Time taken for candidate 6497 is 0.3578765392303467
Time taken for candidate 6498 is 0.3637564182281494
Time taken for candidate 6499 is 0.23007845878601074
Time taken for candidate 6500 is 0.30497193336486816
Time taken for candidate 6501 is 0.2859220504760742
Time taken for candidate 6502 is 0.6037812232971191
Time taken for candidate 6503 is 0.24882793426513672
Time taken for candidate 6504 is 0.49610209465026855
Time taken for candidate 6505 is 0.6354458332061768
Time taken for candidate 6506 is 0.2749044895172119
Time taken for candidate 6507 is 0.6476490497589111
Time taken for candidate 6508 is 0.3982112407684326
Time taken for candidate 6509 is 0.24705266952514648
Time taken for candidate 6510 is 0.29592370986938477
Time taken for candidate 6511 is 0.5423374176025391
Time taken for candidate 6512 is 1.0137460231781006
Time taken for candidate 6513 is 0.3023555278778076
Time taken for candidate 6514 is 0.3432273864746094
Time taken for candidate 6515 is 0.47042155265808105
Time taken for candidate 6516 is 0.7395339012145996
Time taken for candidate 6517 is 0.38720273971557617
Time taken for candidate 6518 is 0.2829606533050537
Time taken for candidate 6519 is 0.8054137229919434
Time taken for candidate 6520 is 0.5845341682434082
Time taken for candidate 6521 is 0.36490416526794434
Time taken for candidate 6522 is 0.33399128913879395
Time taken for candidate 6523 is 0.48172521591186523
Time taken for candidate 6524 is 0.3663604259490967
Time taken for candidate 6525 is 0.3495357036590576
Time taken for candidate 6526 is 0.27579450607299805
Time taken for candidate 6527 is 0.4293820858001709
Time taken for candidate 6528 is 0.28958582878112793
Time taken for candidate 6529 is 0.5987801551818848
Time taken for candidate 6530 is 1.455148458480835
Time taken for candidate 6531 is 0.19526886940002441
Time taken for candidate 6532 is 0.7374930381774902
Time taken for candidate 6533 is 0.31545114517211914
Time taken for candidate 6534 is 0.2505474090576172
Time taken for candidate 6535 is 0.7985949516296387
Time taken for candidate 6536 is 0.8663969039916992
Time taken for candidate 6537 is 0.28137660026550293
Time taken for candidate 6538 is 0.29440832138061523
Time taken for candidate 6539 is 0.10334038734436035
Time taken for candidate 6540 is 0.2811863422393799
Time taken for candidate 6541 is 0.47106051445007324
Time taken for candidate 6542 is 0.551337480545044
Time taken for candidate 6543 is 0.6082732677459717
Time taken for candidate 6544 is 0.5727119445800781
Time taken for candidate 6545 is 0.219482421875
Time taken for candidate 6546 is 0.22098207473754883
Time taken for candidate 6547 is 0.21673822402954102
Time taken for candidate 6548 is 0.22416472434997559
Time taken for candidate 6549 is 0.9565300941467285
Time taken for candidate 6550 is 0.15236282348632812
Time taken for candidate 6551 is 0.43035197257995605
Time taken for candidate 6552 is 0.2273731231689453
Time taken for candidate 6553 is 0.6091172695159912
Time taken for candidate 6554 is 0.5608367919921875
Time taken for candidate 6555 is 0.33525681495666504
Time taken for candidate 6556 is 0.2957899570465088
Time taken for candidate 6557 is 0.4320502281188965
Time taken for candidate 6558 is 0.23085761070251465
Time taken for candidate 6559 is 0.29184389114379883
Time taken for candidate 6560 is 0.3108057975769043
Time taken for candidate 6561 is 0.6074199676513672
Time taken for candidate 6562 is 0.33979272842407227
Time taken for candidate 6563 is 0.808891773223877
Time taken for candidate 6564 is 0.7914495468139648
Time taken for candidate 6565 is 0.5420169830322266
Time taken for candidate 6566 is 0.7478182315826416
Time taken for candidate 6567 is 0.42213869094848633
Time taken for candidate 6568 is 0.2255406379699707
Time taken for candidate 6569 is 0.3150944709777832
Time taken for candidate 6570 is 0.55303955078125
Time taken for candidate 6571 is 0.7430975437164307
Time taken for candidate 6572 is 0.5677752494812012
Time taken for candidate 6573 is 0.2370455265045166
Time taken for candidate 6575 is 0.8038265705108643
Time taken for candidate 6576 is 0.438601016998291
Time taken for candidate 6577 is 0.30141377449035645
Time taken for candidate 6578 is 0.4987506866455078
Time taken for candidate 6579 is 0.45458102226257324
Time taken for candidate 6580 is 0.5155172348022461
Time taken for candidate 6581 is 0.24371552467346191
Time taken for candidate 6582 is 0.5071163177490234
Time taken for candidate 6583 is 0.4012892246246338
Time taken for candidate 6584 is 0.5338482856750488
Time taken for candidate 6585 is 0.15410494804382324
Time taken for candidate 6586 is 0.901813268661499
Time taken for candidate 6587 is 0.3853566646575928
Time taken for candidate 6588 is 0.15738773345947266
Time taken for candidate 6589 is 0.491335391998291
Time taken for candidate 6590 is 0.3562507629394531
Time taken for candidate 6591 is 0.5028979778289795
Time taken for candidate 6592 is 0.4381852149963379
Time taken for candidate 6593 is 0.2897207736968994
Time taken for candidate 6594 is 0.2960679531097412
Time taken for candidate 6595 is 0.2588319778442383
Time taken for candidate 6596 is 0.48105430603027344
Time taken for candidate 6597 is 0.5384893417358398
Time taken for candidate 6598 is 0.14875221252441406
Time taken for candidate 6599 is 0.5224342346191406
Time taken for candidate 6600 is 0.5232086181640625
Time taken for candidate 6601 is 0.5053436756134033
Time taken for candidate 6602 is 0.24098777770996094
Time taken for candidate 6603 is 0.28735852241516113
Time taken for candidate 6604 is 0.1585690975189209
Time taken for candidate 6605 is 0.20832252502441406
Time taken for candidate 6606 is 0.35516977310180664
Time taken for candidate 6607 is 0.3141899108886719
Time taken for candidate 6608 is 0.3503904342651367
Time taken for candidate 6609 is 0.3910102844238281
Time taken for candidate 6610 is 0.22037386894226074
Time taken for candidate 6611 is 0.3410162925720215
Time taken for candidate 6612 is 0.21169090270996094
Time taken for candidate 6613 is 0.2821199893951416
Time taken for candidate 6614 is 0.10190200805664062
Time taken for candidate 6615 is 0.43898677825927734
Time taken for candidate 6616 is 0.10004639625549316
Time taken for candidate 6617 is 0.43559694290161133
Time taken for candidate 6618 is 0.40881991386413574
Time taken for candidate 6619 is 0.8220689296722412
Time taken for candidate 6620 is 0.23465847969055176
Time taken for candidate 6621 is 0.18659257888793945
Time taken for candidate 6622 is 0.2855651378631592
Time taken for candidate 6623 is 0.7119917869567871
Time taken for candidate 6624 is 0.3804328441619873
Time taken for candidate 6625 is 0.35963869094848633
Time taken for candidate 6626 is 0.26996374130249023
Time taken for candidate 6627 is 0.4491841793060303
Time taken for candidate 6628 is 0.21571564674377441
Time taken for candidate 6629 is 0.3496978282928467
Time taken for candidate 6630 is 0.21590900421142578
Time taken for candidate 6631 is 0.44919562339782715
Time taken for candidate 6632 is 0.47826337814331055
Time taken for candidate 6633 is 0.7934844493865967
Time taken for candidate 6634 is 0.3456869125366211
Time taken for candidate 6635 is 0.4170041084289551
Time taken for candidate 6636 is 0.5302169322967529
Time taken for candidate 6637 is 0.6233940124511719
Time taken for candidate 6638 is 0.38529181480407715
Time taken for candidate 6639 is 0.39037227630615234
Time taken for candidate 6640 is 0.346325159072876
Time taken for candidate 6641 is 0.2900545597076416
Time taken for candidate 6642 is 0.36413002014160156
Time taken for candidate 6643 is 0.5735135078430176
Time taken for candidate 6644 is 0.36692285537719727
Time taken for candidate 6645 is 0.6624174118041992
Time taken for candidate 6646 is 0.7610547542572021
Time taken for candidate 6647 is 0.1607201099395752
Time taken for candidate 6648 is 0.4691131114959717
Time taken for candidate 6649 is 0.15224862098693848
Time taken for candidate 6650 is 0.3647339344024658
Time taken for candidate 6651 is 0.6605086326599121
Time taken for candidate 6652 is 0.681882381439209
Time taken for candidate 6653 is 0.47585415840148926
Time taken for candidate 6654 is 0.6365416049957275
Time taken for candidate 6655 is 0.72763991355896
Time taken for candidate 6656 is 0.35195231437683105
Time taken for candidate 6657 is 0.5641279220581055
Time taken for candidate 6658 is 0.5383553504943848
Time taken for candidate 6659 is 0.4474821090698242
Time taken for candidate 6660 is 0.7213232517242432
Time taken for candidate 6661 is 0.6560490131378174
Time taken for candidate 6662 is 0.4050285816192627
Time taken for candidate 6663 is 0.4160196781158447
Time taken for candidate 6664 is 0.4357600212097168
Time taken for candidate 6665 is 0.3980405330657959
Time taken for candidate 6666 is 0.46646642684936523
Time taken for candidate 6667 is 0.4078056812286377
Time taken for candidate 6668 is 0.33579540252685547
Time taken for candidate 6669 is 0.4626150131225586
Time taken for candidate 6670 is 0.15122509002685547
Time taken for candidate 6671 is 0.1710352897644043
Time taken for candidate 6672 is 0.908318281173706
Time taken for candidate 6673 is 0.3309135437011719
Time taken for candidate 6674 is 0.2792484760284424
Time taken for candidate 6675 is 0.4132096767425537
Time taken for candidate 6676 is 0.3587169647216797
Time taken for candidate 6677 is 0.6052210330963135
Time taken for candidate 6678 is 0.6283636093139648
Time taken for candidate 6679 is 0.6009800434112549
Time taken for candidate 6680 is 0.7576727867126465
Time taken for candidate 6681 is 0.5330379009246826
Time taken for candidate 6682 is 0.6010570526123047
Time taken for candidate 6683 is 0.8014733791351318
Time taken for candidate 6684 is 0.30827879905700684
Time taken for candidate 6685 is 0.272890567779541
Time taken for candidate 6686 is 0.3564167022705078
Time taken for candidate 6687 is 0.3886387348175049
Time taken for candidate 6688 is 0.170731782913208
Time taken for candidate 6689 is 0.21611809730529785
Time taken for candidate 6690 is 0.26571059226989746
Time taken for candidate 6691 is 0.303210973739624
Time taken for candidate 6692 is 0.5149660110473633
Time taken for candidate 6693 is 0.5286734104156494
Time taken for candidate 6694 is 0.5190961360931396
Time taken for candidate 6695 is 0.18689560890197754
Time taken for candidate 6696 is 0.6898245811462402
Time taken for candidate 6697 is 0.41690516471862793
Time taken for candidate 6698 is 0.31625962257385254
Time taken for candidate 6699 is 0.44947218894958496
Time taken for candidate 6700 is 0.38375258445739746
Time taken for candidate 6701 is 0.7046234607696533
Time taken for candidate 6702 is 0.08936786651611328
Time taken for candidate 6703 is 0.3502779006958008
Time taken for candidate 6704 is 0.5387094020843506
Time taken for candidate 6705 is 1.0434341430664062
Time taken for candidate 6706 is 0.5478622913360596
Time taken for candidate 6707 is 0.4793071746826172
Time taken for candidate 6708 is 0.2035374641418457
Time taken for candidate 6709 is 0.5244848728179932
Time taken for candidate 6710 is 0.14109396934509277
Time taken for candidate 6711 is 0.4791841506958008
Time taken for candidate 6712 is 0.7453317642211914
Time taken for candidate 6713 is 0.28282880783081055
Time taken for candidate 6714 is 0.36900758743286133
Time taken for candidate 6715 is 0.13172125816345215
Time taken for candidate 6716 is 0.8300373554229736
Time taken for candidate 6717 is 0.6453697681427002
Time taken for candidate 6718 is 0.3756732940673828
Time taken for candidate 6719 is 0.21645021438598633
Time taken for candidate 6720 is 0.21786236763000488
Time taken for candidate 6721 is 0.5376021862030029
Time taken for candidate 6722 is 0.23094630241394043
Time taken for candidate 6723 is 0.3590996265411377
Time taken for candidate 6724 is 0.3368980884552002
Time taken for candidate 6725 is 0.2810788154602051
Time taken for candidate 6726 is 0.5698955059051514
Time taken for candidate 6727 is 0.49774622917175293
Time taken for candidate 6728 is 0.45542335510253906
Time taken for candidate 6729 is 0.20151305198669434
Time taken for candidate 6730 is 0.39869141578674316
Time taken for candidate 6731 is 0.08831024169921875
Time taken for candidate 6732 is 0.5739402770996094
Time taken for candidate 6733 is 0.8286054134368896
Time taken for candidate 6734 is 0.25818538665771484
Time taken for candidate 6735 is 0.8158445358276367
Time taken for candidate 6736 is 0.38088178634643555
Time taken for candidate 6737 is 0.300426721572876
Time taken for candidate 6738 is 0.36888813972473145
Time taken for candidate 6739 is 0.6967504024505615
Time taken for candidate 6740 is 0.7477512359619141
Time taken for candidate 6741 is 0.7789111137390137
Time taken for candidate 6742 is 0.4366142749786377
Time taken for candidate 6743 is 0.3526630401611328
Time taken for candidate 6744 is 0.8850100040435791
Time taken for candidate 6745 is 0.3992946147918701
Time taken for candidate 6746 is 0.1549854278564453
Time taken for candidate 6747 is 0.35684776306152344
Time taken for candidate 6748 is 0.6496357917785645
Time taken for candidate 6749 is 0.38233351707458496
Time taken for candidate 6750 is 0.11162900924682617
Time taken for candidate 6751 is 0.6482541561126709
Time taken for candidate 6752 is 0.5713949203491211
Time taken for candidate 6753 is 0.34462928771972656
Time taken for candidate 6754 is 0.17523956298828125
Time taken for candidate 6755 is 0.5506038665771484
Time taken for candidate 6756 is 0.3658757209777832
Time taken for candidate 6757 is 0.6229546070098877
Time taken for candidate 6758 is 0.5266401767730713
Time taken for candidate 6759 is 0.17418837547302246
Time taken for candidate 6760 is 0.7496731281280518
Time taken for candidate 6761 is 0.2692379951477051
Time taken for candidate 6762 is 0.7255141735076904
Time taken for candidate 6763 is 0.6090946197509766
Time taken for candidate 6764 is 0.4622533321380615
Time taken for candidate 6765 is 0.5107321739196777
Time taken for candidate 6766 is 0.2053213119506836
Time taken for candidate 6767 is 0.5156269073486328
Time taken for candidate 6768 is 0.2201859951019287
Time taken for candidate 6769 is 0.4019768238067627
Time taken for candidate 6770 is 0.7196605205535889
Time taken for candidate 6771 is 0.5007054805755615
Time taken for candidate 6772 is 0.6056203842163086
Time taken for candidate 6773 is 0.3637826442718506
Time taken for candidate 6774 is 0.27851223945617676
Time taken for candidate 6775 is 0.49245738983154297
Time taken for candidate 6776 is 0.2906172275543213
Time taken for candidate 6777 is 0.3018832206726074
Time taken for candidate 6778 is 0.37107396125793457
Time taken for candidate 6779 is 0.9092581272125244
Time taken for candidate 6780 is 0.7154557704925537
Time taken for candidate 6781 is 0.8313934803009033
Time taken for candidate 6782 is 0.18353986740112305
Time taken for candidate 6783 is 0.48908519744873047
Time taken for candidate 6784 is 0.2289879322052002
Time taken for candidate 6785 is 0.14378690719604492
Time taken for candidate 6786 is 0.6798579692840576
Time taken for candidate 6787 is 0.42845630645751953
Time taken for candidate 6788 is 0.30001258850097656
Time taken for candidate 6789 is 0.4777798652648926
Time taken for candidate 6790 is 0.3641200065612793
Time taken for candidate 6791 is 0.6626417636871338
Time taken for candidate 6792 is 0.40557408332824707
Time taken for candidate 6793 is 0.15926480293273926
Time taken for candidate 6794 is 0.2691459655761719
Time taken for candidate 6795 is 0.24044537544250488
Time taken for candidate 6796 is 0.15716814994812012
Time taken for candidate 6797 is 0.2887709140777588
Time taken for candidate 6798 is 0.6259801387786865
Time taken for candidate 6799 is 0.3413398265838623
Time taken for candidate 6800 is 0.6558382511138916
Time taken for candidate 6801 is 0.2189927101135254
Time taken for candidate 6802 is 0.48145151138305664
Time taken for candidate 6803 is 0.3966042995452881
Time taken for candidate 6804 is 0.5451078414916992
Time taken for candidate 6805 is 0.7533719539642334
Time taken for candidate 6806 is 0.4129667282104492
Time taken for candidate 6807 is 0.2642984390258789
Time taken for candidate 6808 is 0.5793361663818359
Time taken for candidate 6809 is 0.6164560317993164
Time taken for candidate 6810 is 0.5105001926422119
Time taken for candidate 6811 is 0.831653356552124
Time taken for candidate 6812 is 0.21208763122558594
Time taken for candidate 6813 is 0.31954431533813477
Time taken for candidate 6814 is 0.31980109214782715
Time taken for candidate 6815 is 0.6921992301940918
Time taken for candidate 6816 is 0.6450881958007812
Time taken for candidate 6817 is 0.29764723777770996
Time taken for candidate 6818 is 0.4985494613647461
Time taken for candidate 6819 is 0.3951284885406494
Time taken for candidate 6820 is 0.29448485374450684
Time taken for candidate 6821 is 0.1546781063079834
Time taken for candidate 6822 is 0.8765838146209717
Time taken for candidate 6823 is 0.2902405261993408
Time taken for candidate 6824 is 0.17212867736816406
Time taken for candidate 6825 is 0.5101468563079834
Time taken for candidate 6826 is 0.4082770347595215
Time taken for candidate 6827 is 0.39484500885009766
Time taken for candidate 6828 is 0.29529547691345215
Time taken for candidate 6829 is 0.30130743980407715
Time taken for candidate 6830 is 0.45370984077453613
Time taken for candidate 6831 is 0.7586672306060791
Time taken for candidate 6832 is 0.3760700225830078
Time taken for candidate 6833 is 0.46781349182128906
Time taken for candidate 6834 is 0.28883838653564453
Time taken for candidate 6835 is 0.27205634117126465
Time taken for candidate 6836 is 0.4601140022277832
Time taken for candidate 6837 is 0.492706298828125
Time taken for candidate 6838 is 0.7707948684692383
Time taken for candidate 6839 is 0.27905964851379395
Time taken for candidate 6840 is 0.5372481346130371
Time taken for candidate 6841 is 0.17551326751708984
Time taken for candidate 6842 is 0.4066803455352783
Time taken for candidate 6843 is 0.4865386486053467
Time taken for candidate 6844 is 0.437208890914917
Time taken for candidate 6845 is 0.7191855907440186
Time taken for candidate 6846 is 0.41922926902770996
Time taken for candidate 6847 is 0.4423954486846924
Time taken for candidate 6848 is 0.3921546936035156
Time taken for candidate 6849 is 0.7582893371582031
Time taken for candidate 6850 is 0.419297456741333
Time taken for candidate 6851 is 0.5716772079467773
Time taken for candidate 6852 is 0.7050116062164307
Time taken for candidate 6853 is 0.7663147449493408
Time taken for candidate 6854 is 0.6819958686828613
Time taken for candidate 6855 is 0.3060286045074463
Time taken for candidate 6856 is 0.4073507785797119
Time taken for candidate 6857 is 0.4944009780883789
Time taken for candidate 6858 is 0.4086947441101074
Time taken for candidate 6859 is 0.27298498153686523
Time taken for candidate 6860 is 0.6710515022277832
Time taken for candidate 6861 is 0.3437161445617676
Time taken for candidate 6862 is 0.17790603637695312
Time taken for candidate 6863 is 0.9457125663757324
Time taken for candidate 6864 is 0.08592104911804199
Time taken for candidate 6865 is 0.2815399169921875
Time taken for candidate 6866 is 0.44814395904541016
Time taken for candidate 6867 is 0.36691880226135254
Time taken for candidate 6868 is 0.6435880661010742
Time taken for candidate 6869 is 0.5471272468566895
Time taken for candidate 6870 is 0.5500907897949219
Time taken for candidate 6871 is 0.6158125400543213
Time taken for candidate 6872 is 0.7471890449523926
Time taken for candidate 6873 is 0.5287976264953613
Time taken for candidate 6874 is 0.4145627021789551
Time taken for candidate 6875 is 0.24572014808654785
Time taken for candidate 6876 is 0.3912348747253418
Time taken for candidate 6877 is 0.7131807804107666
Time taken for candidate 6878 is 0.3659639358520508
Time taken for candidate 6879 is 0.516169548034668
Time taken for candidate 6880 is 0.6043477058410645
Time taken for candidate 6881 is 0.49879956245422363
Time taken for candidate 6882 is 0.4070777893066406
Time taken for candidate 6883 is 0.3056354522705078
Time taken for candidate 6884 is 0.33609676361083984
Time taken for candidate 6885 is 0.15740013122558594
Time taken for candidate 6886 is 0.6692559719085693
Time taken for candidate 6887 is 0.1638047695159912
Time taken for candidate 6888 is 0.6558055877685547
Time taken for candidate 6889 is 0.5169243812561035
Time taken for candidate 6890 is 0.24862384796142578
Time taken for candidate 6891 is 0.4138834476470947
Time taken for candidate 6892 is 0.3053548336029053
Time taken for candidate 6893 is 0.30911993980407715
Time taken for candidate 6894 is 0.524653434753418
Time taken for candidate 6895 is 0.5615899562835693
Time taken for candidate 6896 is 0.4180152416229248
Time taken for candidate 6897 is 0.5866014957427979
Time taken for candidate 6898 is 0.8715369701385498
Time taken for candidate 6899 is 0.5594079494476318
Time taken for candidate 6900 is 0.3697793483734131
Time taken for candidate 6901 is 0.3853163719177246
Time taken for candidate 6902 is 0.24532413482666016
Time taken for candidate 6903 is 0.7138729095458984
Time taken for candidate 6904 is 0.8018789291381836
Time taken for candidate 6905 is 0.32234883308410645
Time taken for candidate 6907 is 0.11089515686035156
Time taken for candidate 6908 is 0.6165540218353271
Time taken for candidate 6909 is 0.21339893341064453
Time taken for candidate 6910 is 0.5009057521820068
Time taken for candidate 6911 is 0.4806649684906006
Time taken for candidate 6912 is 0.5180840492248535
Time taken for candidate 6913 is 0.5740652084350586
Time taken for candidate 6914 is 0.23144292831420898
Time taken for candidate 6915 is 0.6707305908203125
Time taken for candidate 6916 is 0.22423744201660156
Time taken for candidate 6917 is 0.4257991313934326
Time taken for candidate 6918 is 0.4162003993988037
Time taken for candidate 6919 is 0.359391450881958
Time taken for candidate 6920 is 0.770880937576294
Time taken for candidate 6921 is 0.686469554901123
Time taken for candidate 6922 is 0.344707727432251
Time taken for candidate 6923 is 0.47208333015441895
Time taken for candidate 6924 is 0.7563588619232178
Time taken for candidate 6925 is 0.28965306282043457
Time taken for candidate 6926 is 0.8028502464294434
Time taken for candidate 6927 is 0.414717435836792
Time taken for candidate 6928 is 0.23597168922424316
Time taken for candidate 6929 is 0.4215524196624756
Time taken for candidate 6930 is 0.8790252208709717
Time taken for candidate 6931 is 0.7845468521118164
Time taken for candidate 6932 is 0.476177453994751
Time taken for candidate 6933 is 0.8334369659423828
Time taken for candidate 6934 is 0.3033468723297119
Time taken for candidate 6935 is 0.31917309761047363
Time taken for candidate 6936 is 0.3570065498352051
Time taken for candidate 6937 is 0.5213024616241455
Time taken for candidate 6938 is 0.500499963760376
Time taken for candidate 6939 is 0.4382741451263428
Time taken for candidate 6940 is 0.40639686584472656
Time taken for candidate 6941 is 0.48041534423828125
Time taken for candidate 6942 is 0.4590754508972168
Time taken for candidate 6943 is 0.42844343185424805
Time taken for candidate 6944 is 0.553422212600708
Time taken for candidate 6945 is 0.5764319896697998
Time taken for candidate 6946 is 0.5986926555633545
Time taken for candidate 6947 is 0.23737359046936035
Time taken for candidate 6948 is 0.08610296249389648
Time taken for candidate 6949 is 0.6446166038513184
Time taken for candidate 6950 is 0.3729891777038574
Time taken for candidate 6951 is 0.14348745346069336
Time taken for candidate 6952 is 0.30271387100219727
Time taken for candidate 6953 is 0.28464770317077637
Time taken for candidate 6954 is 0.0781090259552002
Time taken for candidate 6955 is 0.27793216705322266
Time taken for candidate 6956 is 0.19948792457580566
Time taken for candidate 6957 is 0.6404430866241455
Time taken for candidate 6958 is 0.6291937828063965
Time taken for candidate 6959 is 0.8142993450164795
Time taken for candidate 6960 is 0.6326336860656738
Time taken for candidate 6961 is 0.6984424591064453
Time taken for candidate 6962 is 0.15857982635498047
Time taken for candidate 6963 is 0.5416209697723389
Time taken for candidate 6964 is 0.49109697341918945
Time taken for candidate 6965 is 0.6703388690948486
Time taken for candidate 6966 is 0.2756035327911377
Time taken for candidate 6967 is 0.8765006065368652
Time taken for candidate 6968 is 0.7271566390991211
Time taken for candidate 6969 is 0.8103492259979248
Time taken for candidate 6970 is 0.5364675521850586
Time taken for candidate 6971 is 0.4678034782409668
Time taken for candidate 6972 is 0.5198187828063965
Time taken for candidate 6973 is 0.2849853038787842
Time taken for candidate 6974 is 0.5929923057556152
Time taken for candidate 6975 is 0.3630385398864746
Time taken for candidate 6976 is 0.19500017166137695
Time taken for candidate 6977 is 0.21300506591796875
Time taken for candidate 6978 is 0.10462093353271484
Time taken for candidate 6979 is 0.7405328750610352
Time taken for candidate 6980 is 0.2600893974304199
Time taken for candidate 6981 is 0.5368392467498779
Time taken for candidate 6982 is 0.6008892059326172
Time taken for candidate 6983 is 0.14592766761779785
Time taken for candidate 6984 is 0.8065814971923828
Time taken for candidate 6985 is 0.3088243007659912
Time taken for candidate 6986 is 0.4545896053314209
Time taken for candidate 6987 is 0.08393406867980957
Time taken for candidate 6988 is 0.5674476623535156
Time taken for candidate 6989 is 0.6120655536651611
Time taken for candidate 6990 is 0.24642467498779297
Time taken for candidate 6991 is 0.4545433521270752
Time taken for candidate 6992 is 0.34030723571777344
Time taken for candidate 6993 is 0.33855366706848145
Time taken for candidate 6994 is 0.2618997097015381
Time taken for candidate 6995 is 0.42014598846435547
Time taken for candidate 6996 is 0.5049440860748291
Time taken for candidate 6997 is 0.37529563903808594
Time taken for candidate 6998 is 0.10582423210144043
Time taken for candidate 6999 is 0.2339310646057129
Time taken for candidate 7000 is 0.5135776996612549
Time taken for candidate 7001 is 0.47011232376098633
Time taken for candidate 7002 is 0.4678003787994385
Time taken for candidate 7003 is 0.8336138725280762
Time taken for candidate 7004 is 0.5373368263244629
Time taken for candidate 7005 is 0.15133309364318848
Time taken for candidate 7006 is 0.2376558780670166
Time taken for candidate 7007 is 0.6701300144195557
Time taken for candidate 7008 is 0.6284334659576416
Time taken for candidate 7009 is 0.28135061264038086
Time taken for candidate 7010 is 0.323955774307251
Time taken for candidate 7011 is 0.34162163734436035
Time taken for candidate 7012 is 0.2758364677429199
Time taken for candidate 7013 is 0.31665658950805664
Time taken for candidate 7014 is 0.49115872383117676
Time taken for candidate 7015 is 0.30319643020629883
Time taken for candidate 7016 is 0.2303760051727295
Time taken for candidate 7017 is 0.6606383323669434
Time taken for candidate 7018 is 0.5028281211853027
Time taken for candidate 7019 is 0.4192931652069092
Time taken for candidate 7020 is 0.6988332271575928
Time taken for candidate 7021 is 0.2513096332550049
Time taken for candidate 7022 is 0.5776278972625732
Time taken for candidate 7023 is 0.40056347846984863
Time taken for candidate 7024 is 0.08248686790466309
Time taken for candidate 7025 is 0.32860565185546875
Time taken for candidate 7026 is 0.5395195484161377
Time taken for candidate 7027 is 0.8786826133728027
Time taken for candidate 7028 is 0.5347797870635986
Time taken for candidate 7029 is 0.6241025924682617
Time taken for candidate 7030 is 0.4131765365600586
Time taken for candidate 7031 is 0.413175106048584
Time taken for candidate 7032 is 0.47075748443603516
Time taken for candidate 7033 is 0.6536855697631836
Time taken for candidate 7034 is 0.6345009803771973
Time taken for candidate 7035 is 0.43135857582092285
Time taken for candidate 7036 is 1.0061752796173096
Time taken for candidate 7037 is 0.19531035423278809
Time taken for candidate 7038 is 0.2721598148345947
Time taken for candidate 7039 is 0.29888319969177246
Time taken for candidate 7040 is 0.809614896774292
Time taken for candidate 7041 is 0.7967689037322998
Time taken for candidate 7042 is 0.27347302436828613
Time taken for candidate 7043 is 0.6370053291320801
Time taken for candidate 7044 is 0.22037053108215332
Time taken for candidate 7045 is 0.27688145637512207
Time taken for candidate 7046 is 0.1377549171447754
Time taken for candidate 7047 is 0.5224337577819824
Time taken for candidate 7048 is 0.20972800254821777
Time taken for candidate 7049 is 0.5674264430999756
Time taken for candidate 7050 is 0.6851611137390137
Time taken for candidate 7051 is 0.2250537872314453
Time taken for candidate 7052 is 0.41617727279663086
Time taken for candidate 7053 is 0.8458914756774902
Time taken for candidate 7054 is 0.6422584056854248
Time taken for candidate 7055 is 0.4160189628601074
Time taken for candidate 7056 is 0.5146839618682861
Time taken for candidate 7057 is 0.6916706562042236
Time taken for candidate 7058 is 0.26609349250793457
Time taken for candidate 7059 is 0.6743829250335693
Time taken for candidate 7060 is 0.3005087375640869
Time taken for candidate 7061 is 0.359250545501709
Time taken for candidate 7062 is 0.40909457206726074
Time taken for candidate 7063 is 0.6017036437988281
Time taken for candidate 7064 is 0.32414817810058594
Time taken for candidate 7065 is 0.5560722351074219
Time taken for candidate 7066 is 0.4754526615142822
Time taken for candidate 7067 is 0.21794915199279785
Time taken for candidate 7068 is 0.4775393009185791
Time taken for candidate 7069 is 0.7660071849822998
Time taken for candidate 7070 is 0.35558199882507324
Time taken for candidate 7071 is 0.34050846099853516
Time taken for candidate 7072 is 0.3902771472930908
Time taken for candidate 7073 is 0.5665884017944336
Time taken for candidate 7074 is 0.29853105545043945
Time taken for candidate 7075 is 0.6724333763122559
Time taken for candidate 7076 is 0.6328945159912109
Time taken for candidate 7077 is 0.14473938941955566
Time taken for candidate 7078 is 0.3059086799621582
Time taken for candidate 7079 is 0.5753943920135498
Time taken for candidate 7080 is 0.6985633373260498
Time taken for candidate 7081 is 0.24474763870239258
Time taken for candidate 7082 is 0.7309122085571289
Time taken for candidate 7083 is 0.4525268077850342
Time taken for candidate 7084 is 0.2453598976135254
Time taken for candidate 7085 is 0.34028148651123047
Time taken for candidate 7086 is 0.3475456237792969
Time taken for candidate 7087 is 0.3551328182220459
Time taken for candidate 7088 is 0.6231427192687988
Time taken for candidate 7089 is 0.7833445072174072
Time taken for candidate 7090 is 0.17435336112976074
Time taken for candidate 7091 is 0.15259981155395508
Time taken for candidate 7092 is 0.16901230812072754
Time taken for candidate 7093 is 0.3739142417907715
Time taken for candidate 7094 is 0.3549690246582031
Time taken for candidate 7095 is 0.42151331901550293
Time taken for candidate 7096 is 0.6448578834533691
Time taken for candidate 7097 is 0.2327892780303955
Time taken for candidate 7098 is 0.14905428886413574
Time taken for candidate 7099 is 0.8689277172088623
Time taken for candidate 7100 is 0.2786123752593994
Time taken for candidate 7101 is 0.29055142402648926
Time taken for candidate 7102 is 0.3243117332458496
Time taken for candidate 7103 is 0.6564385890960693
Time taken for candidate 7104 is 0.26520633697509766
Time taken for candidate 7105 is 0.26956701278686523
Time taken for candidate 7106 is 0.4433112144470215
Time taken for candidate 7107 is 0.6932680606842041
Time taken for candidate 7108 is 0.2805161476135254
Time taken for candidate 7109 is 0.6442444324493408
Time taken for candidate 7110 is 0.41251564025878906
Time taken for candidate 7111 is 0.677269697189331
Time taken for candidate 7112 is 0.08126020431518555
Time taken for candidate 7113 is 0.4411289691925049
Time taken for candidate 7114 is 0.2192220687866211
Time taken for candidate 7115 is 0.626110315322876
Time taken for candidate 7116 is 0.7057886123657227
Time taken for candidate 7117 is 0.29178452491760254
Time taken for candidate 7118 is 0.22748923301696777
Time taken for candidate 7119 is 0.08475327491760254
Time taken for candidate 7120 is 0.34907984733581543
Time taken for candidate 7121 is 0.34092116355895996
Time taken for candidate 7122 is 0.38292860984802246
Time taken for candidate 7123 is 0.13946080207824707
Time taken for candidate 7124 is 0.7007575035095215
Time taken for candidate 7125 is 0.9738318920135498
Time taken for candidate 7126 is 0.5628750324249268
Time taken for candidate 7127 is 0.4250774383544922
Time taken for candidate 7128 is 0.6283059120178223
Time taken for candidate 7129 is 0.9159269332885742
Time taken for candidate 7130 is 0.4595983028411865
Time taken for candidate 7131 is 0.6608140468597412
Time taken for candidate 7132 is 0.17818474769592285
Time taken for candidate 7133 is 0.34271788597106934
Time taken for candidate 7134 is 0.3207070827484131
Time taken for candidate 7135 is 0.263746976852417
Time taken for candidate 7136 is 0.6476473808288574
Time taken for candidate 7137 is 0.30803585052490234
Time taken for candidate 7138 is 0.29180455207824707
Time taken for candidate 7139 is 0.9206101894378662
Time taken for candidate 7140 is 0.4840812683105469
Time taken for candidate 7141 is 0.23306059837341309
Time taken for candidate 7142 is 0.42693185806274414
Time taken for candidate 7143 is 0.2148127555847168
Time taken for candidate 7144 is 0.6680471897125244
Time taken for candidate 7145 is 0.1368722915649414
Time taken for candidate 7146 is 0.5333755016326904
Time taken for candidate 7147 is 0.8512454032897949
Time taken for candidate 7148 is 0.4835166931152344
Time taken for candidate 7149 is 0.5373561382293701
Time taken for candidate 7150 is 0.26712918281555176
Time taken for candidate 7151 is 0.9975602626800537
Time taken for candidate 7152 is 0.493361234664917
Time taken for candidate 7153 is 1.091895341873169
Time taken for candidate 7154 is 0.6033821105957031
Time taken for candidate 7155 is 0.5876452922821045
Time taken for candidate 7156 is 0.2745516300201416
Time taken for candidate 7157 is 0.3622853755950928
Time taken for candidate 7158 is 0.30888986587524414
Time taken for candidate 7159 is 0.5855505466461182
Time taken for candidate 7160 is 0.5874717235565186
Time taken for candidate 7161 is 0.08693957328796387
Time taken for candidate 7162 is 0.483076810836792
Time taken for candidate 7163 is 0.3797142505645752
Time taken for candidate 7164 is 0.5646877288818359
Time taken for candidate 7165 is 0.5934326648712158
Time taken for candidate 7166 is 0.39719414710998535
Time taken for candidate 7167 is 0.7642858028411865
Time taken for candidate 7168 is 0.41411256790161133
Time taken for candidate 7169 is 0.5662417411804199
Time taken for candidate 7170 is 0.41661667823791504
Time taken for candidate 7171 is 0.46031928062438965
Time taken for candidate 7172 is 0.30922484397888184
Time taken for candidate 7173 is 0.513390064239502
Time taken for candidate 7174 is 0.7580573558807373
Time taken for candidate 7175 is 0.30965518951416016
Time taken for candidate 7176 is 0.2792091369628906
Time taken for candidate 7177 is 0.5226578712463379
Time taken for candidate 7178 is 0.34147167205810547
Time taken for candidate 7179 is 0.4642188549041748
Time taken for candidate 7180 is 0.2322087287902832
Time taken for candidate 7181 is 0.9372026920318604
Time taken for candidate 7182 is 0.5584621429443359
Time taken for candidate 7183 is 0.9637837409973145
Time taken for candidate 7184 is 0.7855575084686279
Time taken for candidate 7185 is 0.7802779674530029
Time taken for candidate 7186 is 0.7998809814453125
Time taken for candidate 7187 is 0.6075069904327393
Time taken for candidate 7188 is 0.600722074508667
Time taken for candidate 7189 is 0.178375244140625
Time taken for candidate 7190 is 0.732501745223999
Time taken for candidate 7191 is 0.25258660316467285
Time taken for candidate 7192 is 0.21503925323486328
Time taken for candidate 7193 is 0.36774420738220215
Time taken for candidate 7194 is 0.20622968673706055
Time taken for candidate 7195 is 0.15851163864135742
Time taken for candidate 7196 is 0.4315755367279053
Time taken for candidate 7197 is 0.9058713912963867
Time taken for candidate 7198 is 0.36217498779296875
Time taken for candidate 7199 is 0.27558469772338867
Time taken for candidate 7200 is 0.4900970458984375
Time taken for candidate 7201 is 0.2762274742126465
Time taken for candidate 7202 is 0.7114579677581787
Time taken for candidate 7203 is 0.20680642127990723
Time taken for candidate 7204 is 0.6282734870910645
Time taken for candidate 7205 is 0.39505910873413086
Time taken for candidate 7206 is 0.508028507232666
Time taken for candidate 7207 is 0.4207417964935303
Time taken for candidate 7208 is 0.17909812927246094
Time taken for candidate 7209 is 0.607215404510498
Time taken for candidate 7210 is 0.42941808700561523
Time taken for candidate 7211 is 0.3469817638397217
Time taken for candidate 7212 is 1.087235450744629
Time taken for candidate 7213 is 0.3990006446838379
Time taken for candidate 7214 is 0.34264373779296875
Time taken for candidate 7215 is 0.7848713397979736
Time taken for candidate 7216 is 0.5826220512390137
Time taken for candidate 7217 is 0.632972002029419
Time taken for candidate 7218 is 0.6254565715789795
Time taken for candidate 7219 is 0.3723106384277344
Time taken for candidate 7220 is 0.1662735939025879
Time taken for candidate 7221 is 0.2375631332397461
Time taken for candidate 7222 is 0.43615102767944336
Time taken for candidate 7223 is 0.07762598991394043
Time taken for candidate 7224 is 0.5470504760742188
Time taken for candidate 7225 is 0.31142520904541016
Time taken for candidate 7226 is 0.4396669864654541
Time taken for candidate 7227 is 0.24754595756530762
Time taken for candidate 7228 is 0.43264245986938477
Time taken for candidate 7229 is 0.9140100479125977
Time taken for candidate 7230 is 0.3455929756164551
Time taken for candidate 7231 is 0.9436542987823486
Time taken for candidate 7232 is 0.14712119102478027
Time taken for candidate 7233 is 0.2770683765411377
Time taken for candidate 7234 is 0.3047797679901123
Time taken for candidate 7235 is 0.3431429862976074
Time taken for candidate 7236 is 0.1539928913116455
Time taken for candidate 7237 is 0.4246697425842285
Time taken for candidate 7238 is 0.3961646556854248
Time taken for candidate 7239 is 0.39463186264038086
Time taken for candidate 7240 is 0.5745489597320557
Time taken for candidate 7241 is 0.4230959415435791
Time taken for candidate 7242 is 0.5070428848266602
Time taken for candidate 7243 is 0.653388500213623
Time taken for candidate 7244 is 0.8226776123046875
Time taken for candidate 7245 is 0.3843059539794922
Time taken for candidate 7246 is 0.8159406185150146
Time taken for candidate 7247 is 0.3967573642730713
Time taken for candidate 7248 is 1.093815803527832
Time taken for candidate 7249 is 0.4550902843475342
Time taken for candidate 7250 is 0.4042797088623047
Time taken for candidate 7251 is 0.20896148681640625
Time taken for candidate 7253 is 0.48796772956848145
Time taken for candidate 7254 is 0.08336710929870605
Time taken for candidate 7255 is 0.48488473892211914
Time taken for candidate 7256 is 0.8902072906494141
Time taken for candidate 7257 is 0.25138092041015625
Time taken for candidate 7258 is 0.3492438793182373
Time taken for candidate 7259 is 0.38965725898742676
Time taken for candidate 7260 is 0.29253435134887695
Time taken for candidate 7261 is 0.5062546730041504
Time taken for candidate 7262 is 0.0821237564086914
Time taken for candidate 7263 is 0.4921247959136963
Time taken for candidate 7264 is 0.37312889099121094
Time taken for candidate 7265 is 0.6065933704376221
Time taken for candidate 7266 is 0.459705114364624
Time taken for candidate 7267 is 0.22270727157592773
Time taken for candidate 7268 is 0.2755131721496582
Time taken for candidate 7269 is 0.35962629318237305
Time taken for candidate 7270 is 0.2244889736175537
Time taken for candidate 7271 is 0.8642606735229492
Time taken for candidate 7272 is 0.681727409362793
Time taken for candidate 7273 is 0.3320891857147217
Time taken for candidate 7274 is 0.22212433815002441
Time taken for candidate 7275 is 0.5003018379211426
Time taken for candidate 7276 is 0.8346700668334961
Time taken for candidate 7277 is 0.30857300758361816
Time taken for candidate 7278 is 0.8158817291259766
Time taken for candidate 7279 is 0.27911972999572754
Time taken for candidate 7280 is 0.5259308815002441
Time taken for candidate 7281 is 0.3047349452972412
Time taken for candidate 7282 is 0.14461135864257812
Time taken for candidate 7283 is 0.21618175506591797
Time taken for candidate 7284 is 0.6822566986083984
Time taken for candidate 7285 is 0.5451257228851318
Time taken for candidate 7286 is 0.27558207511901855
Time taken for candidate 7287 is 0.6158533096313477
Time taken for candidate 7288 is 0.23195743560791016
Time taken for candidate 7289 is 0.42960691452026367
Time taken for candidate 7290 is 0.42285776138305664
Time taken for candidate 7291 is 0.6214520931243896
Time taken for candidate 7292 is 0.5733077526092529
Time taken for candidate 7293 is 0.22927236557006836
Time taken for candidate 7294 is 0.485490083694458
Time taken for candidate 7295 is 0.5243580341339111
Time taken for candidate 7296 is 0.4663255214691162
Time taken for candidate 7297 is 0.31170082092285156
Time taken for candidate 7298 is 0.4117755889892578
Time taken for candidate 7299 is 0.2816190719604492
Time taken for candidate 7300 is 0.5992136001586914
Time taken for candidate 7301 is 0.6629798412322998
Time taken for candidate 7302 is 0.3085181713104248
Time taken for candidate 7303 is 0.4093513488769531
Time taken for candidate 7304 is 0.15882182121276855
Time taken for candidate 7305 is 0.2511575222015381
Time taken for candidate 7306 is 0.3519577980041504
Time taken for candidate 7307 is 0.8306727409362793
Time taken for candidate 7308 is 0.3428938388824463
Time taken for candidate 7309 is 0.7851288318634033
Time taken for candidate 7310 is 0.3800086975097656
Time taken for candidate 7311 is 0.28859567642211914
Time taken for candidate 7312 is 0.22680044174194336
Time taken for candidate 7313 is 0.6474616527557373
Time taken for candidate 7314 is 0.5798594951629639
Time taken for candidate 7315 is 1.1496546268463135
Time taken for candidate 7316 is 0.6980123519897461
Time taken for candidate 7317 is 0.47074389457702637
Time taken for candidate 7318 is 0.5137181282043457
Time taken for candidate 7319 is 0.6133737564086914
Time taken for candidate 7320 is 0.46291089057922363
Time taken for candidate 7321 is 0.6009032726287842
Time taken for candidate 7322 is 0.14534235000610352
Time taken for candidate 7323 is 0.23526978492736816
Time taken for candidate 7324 is 0.23818302154541016
Time taken for candidate 7325 is 0.2246098518371582
Time taken for candidate 7326 is 0.3807411193847656
Time taken for candidate 7327 is 0.5291857719421387
Time taken for candidate 7328 is 0.30644702911376953
Time taken for candidate 7329 is 0.1520392894744873
Time taken for candidate 7330 is 0.4012119770050049
Time taken for candidate 7331 is 0.24272990226745605
Time taken for candidate 7332 is 0.3893618583679199
Time taken for candidate 7333 is 0.4290435314178467
Time taken for candidate 7334 is 0.7183644771575928
Time taken for candidate 7335 is 0.8526864051818848
Time taken for candidate 7336 is 0.5810742378234863
Time taken for candidate 7337 is 0.2617971897125244
Time taken for candidate 7338 is 0.2638509273529053
Time taken for candidate 7339 is 0.5207746028900146
Time taken for candidate 7340 is 0.40671825408935547
Time taken for candidate 7341 is 0.3969156742095947
Time taken for candidate 7342 is 0.0850992202758789
Time taken for candidate 7343 is 0.21901655197143555
Time taken for candidate 7344 is 0.8664464950561523
Time taken for candidate 7345 is 0.23032903671264648
Time taken for candidate 7346 is 0.36808061599731445
Time taken for candidate 7347 is 0.2940804958343506
Time taken for candidate 7348 is 0.14224982261657715
Time taken for candidate 7349 is 0.2534503936767578
Time taken for candidate 7350 is 0.24273371696472168
Time taken for candidate 7351 is 0.49161481857299805
Time taken for candidate 7352 is 0.4724924564361572
Time taken for candidate 7353 is 0.588547945022583
Time taken for candidate 7354 is 0.45333075523376465
Time taken for candidate 7355 is 0.9617388248443604
Time taken for candidate 7356 is 0.39313292503356934
Time taken for candidate 7357 is 0.22395038604736328
Time taken for candidate 7358 is 0.22481369972229004
Time taken for candidate 7359 is 0.10541844367980957
Time taken for candidate 7360 is 0.6276848316192627
Time taken for candidate 7361 is 0.5370070934295654
Time taken for candidate 7362 is 0.6169946193695068
Time taken for candidate 7363 is 0.29848790168762207
Time taken for candidate 7364 is 0.6625881195068359
Time taken for candidate 7365 is 0.3760678768157959
Time taken for candidate 7366 is 0.6227765083312988
Time taken for candidate 7367 is 0.2960076332092285
Time taken for candidate 7368 is 0.29618406295776367
Time taken for candidate 7369 is 0.3726990222930908
Time taken for candidate 7370 is 0.5118355751037598
Time taken for candidate 7371 is 0.6996095180511475
Time taken for candidate 7372 is 0.7614591121673584
Time taken for candidate 7373 is 0.8687393665313721
Time taken for candidate 7374 is 0.37073707580566406
Time taken for candidate 7375 is 0.5271999835968018
Time taken for candidate 7376 is 0.3470265865325928
Time taken for candidate 7377 is 0.6365530490875244
Time taken for candidate 7378 is 0.571296215057373
Time taken for candidate 7379 is 0.35007572174072266
Time taken for candidate 7380 is 0.725562572479248
Time taken for candidate 7381 is 0.8069674968719482
Time taken for candidate 7382 is 0.5821628570556641
Time taken for candidate 7383 is 0.11393952369689941
Time taken for candidate 7384 is 0.543442964553833
Time taken for candidate 7385 is 0.3419790267944336
Time taken for candidate 7386 is 0.28033924102783203
Time taken for candidate 7387 is 0.7037949562072754
Time taken for candidate 7388 is 0.5714559555053711
Time taken for candidate 7389 is 0.802595853805542
Time taken for candidate 7390 is 0.16286206245422363
Time taken for candidate 7391 is 0.4297025203704834
Time taken for candidate 7392 is 0.5405995845794678
Time taken for candidate 7393 is 0.35381317138671875
Time taken for candidate 7394 is 0.35561227798461914
Time taken for candidate 7395 is 0.36551761627197266
Time taken for candidate 7396 is 0.7150018215179443
Time taken for candidate 7397 is 0.3570437431335449
Time taken for candidate 7398 is 0.17859864234924316
Time taken for candidate 7399 is 0.24467229843139648
Time taken for candidate 7400 is 0.24402618408203125
Time taken for candidate 7401 is 0.5823392868041992
Time taken for candidate 7402 is 0.3775613307952881
Time taken for candidate 7403 is 0.524057149887085
Time taken for candidate 7404 is 0.42726945877075195
Time taken for candidate 7405 is 1.0238063335418701
Time taken for candidate 7406 is 0.24141168594360352
Time taken for candidate 7407 is 0.7177112102508545
Time taken for candidate 7408 is 0.8477988243103027
Time taken for candidate 7409 is 0.6782574653625488
Time taken for candidate 7410 is 0.5243821144104004
Time taken for candidate 7411 is 0.25621700286865234
Time taken for candidate 7412 is 0.2900660037994385
Time taken for candidate 7413 is 0.5688581466674805
Time taken for candidate 7414 is 0.22036337852478027
Time taken for candidate 7415 is 1.0051088333129883
Time taken for candidate 7416 is 0.3362596035003662
Time taken for candidate 7417 is 0.9818155765533447
Time taken for candidate 7418 is 0.5856583118438721
Time taken for candidate 7419 is 0.7325522899627686
Time taken for candidate 7420 is 0.44200706481933594
Time taken for candidate 7421 is 0.2758498191833496
Time taken for candidate 7422 is 0.1499345302581787
Time taken for candidate 7423 is 0.27860236167907715
Time taken for candidate 7424 is 0.9669580459594727
Time taken for candidate 7425 is 0.21352863311767578
Time taken for candidate 7426 is 0.2657737731933594
Time taken for candidate 7427 is 0.32786130905151367
Time taken for candidate 7428 is 1.3298416137695312
Time taken for candidate 7429 is 0.7294280529022217
Time taken for candidate 7430 is 0.10428643226623535
Time taken for candidate 7431 is 0.29378485679626465
Time taken for candidate 7432 is 0.156419038772583
Time taken for candidate 7433 is 0.41748619079589844
Time taken for candidate 7434 is 0.2657902240753174
Time taken for candidate 7435 is 0.9016115665435791
Time taken for candidate 7436 is 0.44635581970214844
Time taken for candidate 7437 is 0.7874078750610352
Time taken for candidate 7438 is 0.15423083305358887
Time taken for candidate 7439 is 0.347747802734375
Time taken for candidate 7440 is 0.476534366607666
Time taken for candidate 7441 is 0.1027364730834961
Time taken for candidate 7442 is 0.35456132888793945
Time taken for candidate 7443 is 0.3675408363342285
Time taken for candidate 7444 is 0.8251190185546875
Time taken for candidate 7445 is 0.31411123275756836
Time taken for candidate 7447 is 0.3562300205230713
Time taken for candidate 7448 is 0.6123108863830566
Time taken for candidate 7449 is 0.4327702522277832
Time taken for candidate 7450 is 0.4975271224975586
Time taken for candidate 7451 is 0.1479949951171875
Time taken for candidate 7452 is 0.3242146968841553
Time taken for candidate 7453 is 0.8416574001312256
Time taken for candidate 7454 is 0.5542378425598145
Time taken for candidate 7455 is 0.6912527084350586
Time taken for candidate 7456 is 1.0611529350280762
Time taken for candidate 7457 is 0.1435546875
Time taken for candidate 7458 is 0.394390344619751
Time taken for candidate 7459 is 0.34400272369384766
Time taken for candidate 7460 is 0.16918444633483887
Time taken for candidate 7461 is 0.5431277751922607
Time taken for candidate 7462 is 0.5368607044219971
Time taken for candidate 7463 is 0.24126887321472168
Time taken for candidate 7464 is 0.7284777164459229
Time taken for candidate 7465 is 0.22287583351135254
Time taken for candidate 7466 is 0.15517210960388184
Time taken for candidate 7467 is 0.8384280204772949
Time taken for candidate 7468 is 0.48396968841552734
Time taken for candidate 7469 is 0.5856425762176514
Time taken for candidate 7470 is 0.4300718307495117
Time taken for candidate 7471 is 0.1720271110534668
Time taken for candidate 7472 is 0.48584461212158203
Time taken for candidate 7473 is 0.6146862506866455
Time taken for candidate 7474 is 0.5681512355804443
Time taken for candidate 7475 is 0.8592417240142822
Time taken for candidate 7476 is 0.7039468288421631
Time taken for candidate 7477 is 0.14191126823425293
Time taken for candidate 7478 is 0.8967978954315186
Time taken for candidate 7479 is 0.2367401123046875
Time taken for candidate 7480 is 0.7269737720489502
Time taken for candidate 7481 is 0.3206441402435303
Time taken for candidate 7482 is 0.4284195899963379
Time taken for candidate 7483 is 0.3502535820007324
Time taken for candidate 7484 is 0.4015693664550781
Time taken for candidate 7485 is 0.28751611709594727
Time taken for candidate 7486 is 0.36029529571533203
Time taken for candidate 7487 is 0.5368392467498779
Time taken for candidate 7488 is 0.32639336585998535
Time taken for candidate 7489 is 0.23370814323425293
Time taken for candidate 7490 is 0.4814453125
Time taken for candidate 7491 is 0.8428044319152832
Time taken for candidate 7492 is 0.662123441696167
Time taken for candidate 7493 is 0.8287796974182129
Time taken for candidate 7494 is 0.2651479244232178
Time taken for candidate 7495 is 0.5522847175598145
Time taken for candidate 7496 is 0.21512460708618164
Time taken for candidate 7497 is 0.10140657424926758
Time taken for candidate 7498 is 0.4733254909515381
Time taken for candidate 7499 is 0.17604756355285645
Time taken for candidate 7500 is 0.33951807022094727
Time taken for candidate 7501 is 0.44636082649230957
Time taken for candidate 7502 is 1.0215048789978027
Time taken for candidate 7503 is 0.7738838195800781
Time taken for candidate 7504 is 0.9410057067871094
Time taken for candidate 7505 is 0.8791182041168213
Time taken for candidate 7506 is 0.43045544624328613
Time taken for candidate 7507 is 0.31755948066711426
Time taken for candidate 7508 is 0.2180922031402588
Time taken for candidate 7509 is 0.36778736114501953
Time taken for candidate 7510 is 0.4563713073730469
Time taken for candidate 7511 is 0.28356027603149414
Time taken for candidate 7512 is 0.5225615501403809
Time taken for candidate 7513 is 0.2214503288269043
Time taken for candidate 7514 is 0.6065571308135986
Time taken for candidate 7515 is 0.685218095779419
Time taken for candidate 7516 is 0.6521081924438477
Time taken for candidate 7517 is 0.3195207118988037
Time taken for candidate 7518 is 0.34085583686828613
Time taken for candidate 7519 is 0.552544116973877
Time taken for candidate 7520 is 0.15511369705200195
Time taken for candidate 7521 is 0.5901129245758057
Time taken for candidate 7522 is 0.5367445945739746
Time taken for candidate 7523 is 0.679307222366333
Time taken for candidate 7524 is 0.13998126983642578
Time taken for candidate 7525 is 0.418302059173584
Time taken for candidate 7526 is 0.48523545265197754
Time taken for candidate 7527 is 0.08224153518676758
Time taken for candidate 7528 is 0.5398123264312744
Time taken for candidate 7529 is 0.2945833206176758
Time taken for candidate 7530 is 1.0074946880340576
Time taken for candidate 7531 is 0.4566011428833008
Time taken for candidate 7532 is 0.41704511642456055
Time taken for candidate 7533 is 0.4575316905975342
Time taken for candidate 7534 is 0.74454665184021
Time taken for candidate 7535 is 0.6299684047698975
Time taken for candidate 7536 is 0.2975170612335205
Time taken for candidate 7537 is 0.3800523281097412
Time taken for candidate 7538 is 0.4734809398651123
Time taken for candidate 7539 is 0.7418992519378662
Time taken for candidate 7540 is 0.2989225387573242
Time taken for candidate 7541 is 0.48447275161743164
Time taken for candidate 7542 is 0.6148343086242676
Time taken for candidate 7543 is 0.8819315433502197
Time taken for candidate 7544 is 0.47405505180358887
Time taken for candidate 7545 is 0.5915234088897705
Time taken for candidate 7546 is 0.734288215637207
Time taken for candidate 7547 is 0.6146245002746582
Time taken for candidate 7548 is 0.5225555896759033
Time taken for candidate 7549 is 0.6151392459869385
Time taken for candidate 7550 is 0.2841503620147705
Time taken for candidate 7551 is 0.5281221866607666
Time taken for candidate 7552 is 0.3424351215362549
Time taken for candidate 7553 is 0.5114657878875732
Time taken for candidate 7554 is 1.1706311702728271
Time taken for candidate 7555 is 0.24855780601501465
Time taken for candidate 7556 is 0.3797273635864258
Time taken for candidate 7557 is 0.3023219108581543
Time taken for candidate 7558 is 0.2281811237335205
Time taken for candidate 7559 is 0.1416923999786377
Time taken for candidate 7560 is 0.3836073875427246
Time taken for candidate 7561 is 0.7083461284637451
Time taken for candidate 7562 is 0.32838964462280273
Time taken for candidate 7563 is 0.5818338394165039
Time taken for candidate 7564 is 0.36153244972229004
Time taken for candidate 7565 is 0.2299942970275879
Time taken for candidate 7566 is 0.34158968925476074
Time taken for candidate 7567 is 0.42589473724365234
Time taken for candidate 7568 is 0.47461795806884766
Time taken for candidate 7569 is 0.295670747756958
Time taken for candidate 7570 is 0.5548014640808105
Time taken for candidate 7571 is 0.8254363536834717
Time taken for candidate 7572 is 0.608750581741333
Time taken for candidate 7573 is 0.35270142555236816
Time taken for candidate 7574 is 0.5536477565765381
Time taken for candidate 7575 is 0.33490943908691406
Time taken for candidate 7576 is 0.38029909133911133
Time taken for candidate 7577 is 0.22719192504882812
Time taken for candidate 7578 is 0.6208813190460205
Time taken for candidate 7579 is 0.7121601104736328
Time taken for candidate 7580 is 0.4099140167236328
Time taken for candidate 7581 is 0.21910643577575684
Time taken for candidate 7582 is 0.5481419563293457
Time taken for candidate 7583 is 0.9536828994750977
Time taken for candidate 7584 is 0.52577805519104
Time taken for candidate 7585 is 0.4121401309967041
Time taken for candidate 7586 is 0.3649625778198242
Time taken for candidate 7587 is 0.2839393615722656
Time taken for candidate 7588 is 0.8122398853302002
Time taken for candidate 7589 is 0.29259419441223145
Time taken for candidate 7590 is 0.9710774421691895
Time taken for candidate 7591 is 0.8615555763244629
Time taken for candidate 7592 is 0.38069820404052734
Time taken for candidate 7593 is 0.17783665657043457
Time taken for candidate 7594 is 0.2868382930755615
Time taken for candidate 7595 is 0.4311635494232178
Time taken for candidate 7596 is 0.5586309432983398
Time taken for candidate 7597 is 0.15682220458984375
Time taken for candidate 7598 is 0.381742000579834
Time taken for candidate 7599 is 1.2797167301177979
Time taken for candidate 7600 is 0.4530165195465088
Time taken for candidate 7601 is 0.559337854385376
Time taken for candidate 7602 is 0.49576616287231445
Time taken for candidate 7603 is 0.41458702087402344
Time taken for candidate 7604 is 0.5714759826660156
Time taken for candidate 7605 is 0.5694425106048584
Time taken for candidate 7606 is 0.7412176132202148
Time taken for candidate 7607 is 0.663597583770752
Time taken for candidate 7608 is 0.579474687576294
Time taken for candidate 7609 is 0.5161623954772949
Time taken for candidate 7610 is 0.4254002571105957
Time taken for candidate 7611 is 0.6982731819152832
Time taken for candidate 7612 is 0.34894657135009766
Time taken for candidate 7613 is 0.9028499126434326
Time taken for candidate 7614 is 0.7102952003479004
Time taken for candidate 7615 is 0.38445138931274414
Time taken for candidate 7616 is 0.7100558280944824
Time taken for candidate 7617 is 0.2971608638763428
Time taken for candidate 7618 is 0.3183627128601074
Time taken for candidate 7619 is 0.825873851776123
Time taken for candidate 7620 is 0.34323883056640625
Time taken for candidate 7621 is 0.08770561218261719
Time taken for candidate 7622 is 0.5727646350860596
Time taken for candidate 7623 is 0.9967069625854492
Time taken for candidate 7624 is 1.10579514503479
Time taken for candidate 7625 is 0.6899349689483643
Time taken for candidate 7626 is 0.3694727420806885
Time taken for candidate 7627 is 0.495084285736084
Time taken for candidate 7628 is 0.51576828956604
Time taken for candidate 7629 is 0.20843172073364258
Time taken for candidate 7630 is 0.3920321464538574
Time taken for candidate 7631 is 0.3415052890777588
Time taken for candidate 7632 is 0.44029855728149414
Time taken for candidate 7633 is 0.14762520790100098
Time taken for candidate 7634 is 0.30115604400634766
Time taken for candidate 7635 is 0.5635590553283691
Time taken for candidate 7636 is 0.22097373008728027
Time taken for candidate 7637 is 0.518627405166626
Time taken for candidate 7638 is 0.4515385627746582
Time taken for candidate 7639 is 0.29958510398864746
Time taken for candidate 7640 is 0.36736249923706055
Time taken for candidate 7641 is 0.537592887878418
Time taken for candidate 7642 is 0.8591499328613281
Time taken for candidate 7643 is 0.3728921413421631
Time taken for candidate 7644 is 0.22609615325927734
Time taken for candidate 7645 is 0.3672192096710205
Time taken for candidate 7646 is 0.15529394149780273
Time taken for candidate 7647 is 0.36217188835144043
Time taken for candidate 7648 is 0.21328210830688477
Time taken for candidate 7649 is 0.5659205913543701
Time taken for candidate 7650 is 0.1974780559539795
Time taken for candidate 7651 is 0.2174971103668213
Time taken for candidate 7652 is 0.49451494216918945
Time taken for candidate 7653 is 0.6263518333435059
Time taken for candidate 7654 is 0.6475508213043213
Time taken for candidate 7655 is 0.32888245582580566
Time taken for candidate 7656 is 0.19804859161376953
Time taken for candidate 7657 is 0.7387633323669434
Time taken for candidate 7658 is 0.5066211223602295
Time taken for candidate 7659 is 0.5242383480072021
Time taken for candidate 7660 is 0.4017789363861084
Time taken for candidate 7661 is 0.4981975555419922
Time taken for candidate 7662 is 0.5027809143066406
Time taken for candidate 7663 is 0.7098641395568848
Time taken for candidate 7664 is 0.38930606842041016
Time taken for candidate 7665 is 0.37369537353515625
Time taken for candidate 7666 is 0.6201443672180176
Time taken for candidate 7667 is 0.5086798667907715
Time taken for candidate 7668 is 0.6125786304473877
Time taken for candidate 7669 is 0.7160112857818604
Time taken for candidate 7670 is 0.279224157333374
Time taken for candidate 7671 is 0.08313918113708496
Time taken for candidate 7672 is 0.8389403820037842
Time taken for candidate 7673 is 0.20881891250610352
Time taken for candidate 7674 is 0.6761276721954346
Time taken for candidate 7675 is 0.31998467445373535
Time taken for candidate 7676 is 0.5637350082397461
Time taken for candidate 7677 is 0.8625562191009521
Time taken for candidate 7678 is 0.3518979549407959
Time taken for candidate 7679 is 0.460860013961792
Time taken for candidate 7680 is 0.6401875019073486
Time taken for candidate 7681 is 0.8085644245147705
Time taken for candidate 7682 is 0.376284122467041
Time taken for candidate 7683 is 0.3748955726623535
Time taken for candidate 7684 is 0.6357924938201904
Time taken for candidate 7685 is 0.35329222679138184
Time taken for candidate 7686 is 0.5755641460418701
Time taken for candidate 7687 is 0.5403931140899658
Time taken for candidate 7688 is 0.5670943260192871
Time taken for candidate 7689 is 0.6653764247894287
Time taken for candidate 7690 is 0.4227921962738037
Time taken for candidate 7691 is 0.31845879554748535
Time taken for candidate 7692 is 0.5939745903015137
Time taken for candidate 7693 is 0.8371551036834717
Time taken for candidate 7694 is 0.7843968868255615
Time taken for candidate 7695 is 0.3496439456939697
Time taken for candidate 7696 is 0.6807637214660645
Time taken for candidate 7697 is 0.4450078010559082
Time taken for candidate 7698 is 0.4481029510498047
Time taken for candidate 7699 is 0.3269169330596924
Time taken for candidate 7700 is 0.9321818351745605
Time taken for candidate 7701 is 0.17084574699401855
Time taken for candidate 7702 is 0.5489106178283691
Time taken for candidate 7703 is 0.542431116104126
Time taken for candidate 7704 is 0.4126274585723877
Time taken for candidate 7705 is 0.2394547462463379
Time taken for candidate 7706 is 0.43526649475097656
Time taken for candidate 7707 is 0.5776576995849609
Time taken for candidate 7708 is 0.40636420249938965
Done with similarity
Created Dataframe
      candidate_id  reference_id    similarity       dist  score
0             5978             1  8.242492e-07  14.008793    1.0
1             5979             1  8.858798e-07  13.936685    2.0
2             5980             1  5.058916e-07  14.496943    1.0
3             5981             1  3.011669e-07  15.015601    1.0
4             5982             1  7.281171e-07  14.132804    2.0
...            ...           ...           ...        ...    ...
1721          7704             1  8.469618e-07  13.981610    2.0
1722          7705             1  8.193986e-07  14.014695    1.0
1723          7706             1  1.388643e-06  13.487184    2.0
1724          7707             1  1.712147e-06  13.277762    2.0
1725          7708             1  1.494780e-06  13.413531    3.0

[1726 rows x 5 columns]
Finished writing file
